Total number of variables............................:     1155
                     variables with only lower bounds:      560
                variables with lower and upper bounds:       35
                     variables with only upper bounds:        0
Total number of equality constraints.................:     1120
Total number of inequality constraints...............:      140
        inequality constraints with only lower bounds:        0
   inequality constraints with lower and upper bounds:        0
        inequality constraints with only upper bounds:      140


Number of Iterations....: 473

                                   (scaled)                 (unscaled)
Objective...............:   6.4498313579473376e+01    6.4498313579473376e+01
Dual infeasibility......:   8.3333334134776340e+00    8.3333334134776340e+00
Constraint violation....:   1.1088342454383399e-06    1.1088342454383399e-06
Variable bound violation:   9.9932801573588515e-09    9.9932801573588515e-09
Complementarity.........:   2.6119775090939496e-09    2.6119775090939496e-09
Overall NLP error.......:   8.3333334134776340e+00    8.3333334134776340e+00


Number of objective function evaluations             = 922
Number of objective gradient evaluations             = 211
Number of equality constraint evaluations            = 922
Number of inequality constraint evaluations          = 922
Number of equality constraint Jacobian evaluations   = 484
Number of inequality constraint Jacobian evaluations = 484
Number of Lagrangian Hessian evaluations             = 474
Total seconds in IPOPT (w/o function evaluations)    =      5.762
Total seconds in NLP function evaluations            =      0.983


Timing Statistics:

OverallAlgorithm....................:     17.048 (sys:     11.667 wall:      6.746)
 PrintProblemStatistics.............:      0.000 (sys:      0.000 wall:      0.000)
 InitializeIterates.................:      1.513 (sys:      0.016 wall:      1.529)
 UpdateHessian......................:      0.272 (sys:      0.008 wall:      0.259)
 OutputIteration....................:      0.038 (sys:      0.020 wall:      0.009)
 UpdateBarrierParameter.............:      0.010 (sys:      0.005 wall:      0.005)
 ComputeSearchDirection.............:     11.547 (sys:     10.254 wall:      2.428)
 ComputeAcceptableTrialPoint........:      3.488 (sys:      1.307 wall:      2.421)
 AcceptTrialPoint...................:      0.020 (sys:      0.008 wall:      0.007)
 CheckConvergence...................:      0.141 (sys:      0.042 wall:      0.078)
PDSystemSolverTotal.................:     11.818 (sys:     10.395 wall:      2.556)
 PDSystemSolverSolveOnce............:     11.692 (sys:     10.345 wall:      2.513)
 ComputeResiduals...................:      0.079 (sys:      0.032 wall:      0.025)
 StdAugSystemSolverMultiSolve.......:     13.868 (sys:     11.077 wall:      4.221)
 LinearSystemScaling................:      0.000 (sys:      0.000 wall:      0.000)
 LinearSystemSymbolicFactorization..:      0.003 (sys:      0.000 wall:      0.003)
 LinearSystemFactorization..........:      0.000 (sys:      0.000 wall:      0.000)
 LinearSystemBackSolve..............:      1.968 (sys:      1.356 wall:      0.956)
 LinearSystemStructureConverter.....:      0.000 (sys:      0.000 wall:      0.000)
  LinearSystemStructureConverterInit:      0.000 (sys:      0.000 wall:      0.000)
QualityFunctionSearch...............:      0.000 (sys:      0.000 wall:      0.000)
TryCorrector........................:      0.000 (sys:      0.000 wall:      0.000)
Task1...............................:      0.000 (sys:      0.000 wall:      0.000)
Task2...............................:      0.000 (sys:      0.000 wall:      0.000)
Task3...............................:      0.000 (sys:      0.000 wall:      0.000)
Task4...............................:      0.000 (sys:      0.000 wall:      0.000)
Task5...............................:      0.000 (sys:      0.000 wall:      0.000)
Task6...............................:      0.000 (sys:      0.000 wall:      0.000)
Function Evaluations................:      1.065 (sys:      0.080 wall:      0.983)
 Objective function.................:      0.063 (sys:      0.009 wall:      0.054)
 Objective function gradient........:      0.005 (sys:      0.002 wall:      0.002)
 Equality constraints...............:      0.068 (sys:      0.036 wall:      0.029)
 Inequality constraints.............:      0.624 (sys:      0.010 wall:      0.621)
 Equality constraint Jacobian.......:      0.010 (sys:      0.005 wall:      0.005)
 Inequality constraint Jacobian.....:      0.020 (sys:      0.009 wall:      0.010)
 Lagrangian Hessian.................:      0.275 (sys:      0.010 wall:      0.263)

EXIT: Converged to a point of local infeasibility. Problem may be infeasible.
