Total number of variables............................:    87978
                     variables with only lower bounds:        0
                variables with lower and upper bounds:        0
                     variables with only upper bounds:        0
Total number of equality constraints.................:    79978
Total number of inequality constraints...............:        0
        inequality constraints with only lower bounds:        0
   inequality constraints with lower and upper bounds:        0
        inequality constraints with only upper bounds:        0


Number of Iterations....: 5

                                   (scaled)                 (unscaled)
Objective...............:   5.6875836054909996e+02    5.6875836054909996e+02
Dual infeasibility......:   1.1640745253171285e-10    1.1640745253171285e-10
Constraint violation....:   1.9870878484318233e-09    1.9870878484318233e-09
Variable bound violation:   0.0000000000000000e+00    0.0000000000000000e+00
Complementarity.........:   0.0000000000000000e+00    0.0000000000000000e+00
Overall NLP error.......:   1.9870878484318233e-09    1.9870878484318233e-09


Number of objective function evaluations             = 6
Number of objective gradient evaluations             = 6
Number of equality constraint evaluations            = 6
Number of inequality constraint evaluations          = 0
Number of equality constraint Jacobian evaluations   = 6
Number of inequality constraint Jacobian evaluations = 0
Number of Lagrangian Hessian evaluations             = 5
Total seconds in IPOPT (w/o function evaluations)    =      3.134
Total seconds in NLP function evaluations            =      0.110


Timing Statistics:

OverallAlgorithm....................:     12.191 (sys:     10.554 wall:      3.244)
 PrintProblemStatistics.............:      0.013 (sys:      0.005 wall:      0.001)
 InitializeIterates.................:      0.343 (sys:      0.020 wall:      0.363)
 UpdateHessian......................:      0.342 (sys:      0.296 wall:      0.040)
 OutputIteration....................:      0.007 (sys:      0.003 wall:      0.001)
 UpdateBarrierParameter.............:      0.003 (sys:      0.001 wall:      0.000)
 ComputeSearchDirection.............:     10.713 (sys:      9.500 wall:      2.744)
 ComputeAcceptableTrialPoint........:      0.333 (sys:      0.288 wall:      0.039)
 AcceptTrialPoint...................:      0.002 (sys:      0.003 wall:      0.000)
 CheckConvergence...................:      0.433 (sys:      0.436 wall:      0.055)
PDSystemSolverTotal.................:     10.699 (sys:      9.493 wall:      2.743)
 PDSystemSolverSolveOnce............:     10.192 (sys:      9.047 wall:      2.674)
 ComputeResiduals...................:      0.467 (sys:      0.345 wall:      0.060)
 StdAugSystemSolverMultiSolve.......:     10.502 (sys:      9.050 wall:      3.021)
 LinearSystemScaling................:      0.000 (sys:      0.000 wall:      0.000)
 LinearSystemSymbolicFactorization..:      0.148 (sys:      0.000 wall:      0.148)
 LinearSystemFactorization..........:      0.000 (sys:      0.000 wall:      0.000)
 LinearSystemBackSolve..............:      4.220 (sys:      4.144 wall:      0.719)
 LinearSystemStructureConverter.....:      0.000 (sys:      0.000 wall:      0.000)
  LinearSystemStructureConverterInit:      0.000 (sys:      0.000 wall:      0.000)
QualityFunctionSearch...............:      0.000 (sys:      0.000 wall:      0.000)
TryCorrector........................:      0.000 (sys:      0.000 wall:      0.000)
Task1...............................:      0.000 (sys:      0.000 wall:      0.000)
Task2...............................:      0.000 (sys:      0.000 wall:      0.000)
Task3...............................:      0.000 (sys:      0.000 wall:      0.000)
Task4...............................:      0.000 (sys:      0.000 wall:      0.000)
Task5...............................:      0.000 (sys:      0.000 wall:      0.000)
Task6...............................:      0.000 (sys:      0.000 wall:      0.000)
Function Evaluations................:      0.931 (sys:      0.774 wall:      0.110)
 Objective function.................:      0.015 (sys:      0.018 wall:      0.002)
 Objective function gradient........:      0.008 (sys:      0.020 wall:      0.002)
 Equality constraints...............:      0.275 (sys:      0.219 wall:      0.031)
 Inequality constraints.............:      0.000 (sys:      0.000 wall:      0.000)
 Equality constraint Jacobian.......:      0.293 (sys:      0.222 wall:      0.034)
 Inequality constraint Jacobian.....:      0.000 (sys:      0.000 wall:      0.000)
 Lagrangian Hessian.................:      0.339 (sys:      0.295 wall:      0.040)

EXIT: Optimal Solution Found.
