Total number of variables............................:   351978
                     variables with only lower bounds:        0
                variables with lower and upper bounds:        0
                     variables with only upper bounds:        0
Total number of equality constraints.................:   319978
Total number of inequality constraints...............:        0
        inequality constraints with only lower bounds:        0
   inequality constraints with lower and upper bounds:        0
        inequality constraints with only upper bounds:        0


Number of Iterations....: 5

                                   (scaled)                 (unscaled)
Objective...............:   5.6875705574068832e+02    5.6875705574068832e+02
Dual infeasibility......:   3.7942379541267376e-11    3.7942379541267376e-11
Constraint violation....:   1.8202343035622626e-09    1.8202343035622626e-09
Variable bound violation:   0.0000000000000000e+00    0.0000000000000000e+00
Complementarity.........:   0.0000000000000000e+00    0.0000000000000000e+00
Overall NLP error.......:   1.8202343035622626e-09    1.8202343035622626e-09


Number of objective function evaluations             = 6
Number of objective gradient evaluations             = 6
Number of equality constraint evaluations            = 6
Number of inequality constraint evaluations          = 0
Number of equality constraint Jacobian evaluations   = 6
Number of inequality constraint Jacobian evaluations = 0
Number of Lagrangian Hessian evaluations             = 5
Total seconds in IPOPT (w/o function evaluations)    =     10.831
Total seconds in NLP function evaluations            =      0.460


Timing Statistics:

OverallAlgorithm....................:     22.636 (sys:     15.568 wall:     11.292)
 PrintProblemStatistics.............:      0.038 (sys:      0.010 wall:      0.004)
 InitializeIterates.................:      1.539 (sys:      0.176 wall:      1.715)
 UpdateHessian......................:      1.251 (sys:      1.384 wall:      0.165)
 OutputIteration....................:      0.006 (sys:      0.004 wall:      0.001)
 UpdateBarrierParameter.............:      0.003 (sys:      0.002 wall:      0.000)
 ComputeSearchDirection.............:     16.823 (sys:     11.092 wall:      9.028)
 ComputeAcceptableTrialPoint........:      1.306 (sys:      1.186 wall:      0.160)
 AcceptTrialPoint...................:      0.004 (sys:      0.002 wall:      0.000)
 CheckConvergence...................:      1.661 (sys:      1.711 wall:      0.217)
PDSystemSolverTotal.................:     16.801 (sys:     11.039 wall:      9.023)
 PDSystemSolverSolveOnce............:     15.160 (sys:      9.520 wall:      8.788)
 ComputeResiduals...................:      1.406 (sys:      1.212 wall:      0.200)
 StdAugSystemSolverMultiSolve.......:     16.555 (sys:      9.647 wall:     10.427)
 LinearSystemScaling................:      0.000 (sys:      0.000 wall:      0.000)
 LinearSystemSymbolicFactorization..:      0.792 (sys:      0.040 wall:      0.832)
 LinearSystemFactorization..........:      0.000 (sys:      0.000 wall:      0.000)
 LinearSystemBackSolve..............:      6.116 (sys:      4.840 wall:      1.973)
 LinearSystemStructureConverter.....:      0.000 (sys:      0.000 wall:      0.000)
  LinearSystemStructureConverterInit:      0.000 (sys:      0.000 wall:      0.000)
QualityFunctionSearch...............:      0.000 (sys:      0.000 wall:      0.000)
TryCorrector........................:      0.000 (sys:      0.000 wall:      0.000)
Task1...............................:      0.000 (sys:      0.000 wall:      0.000)
Task2...............................:      0.000 (sys:      0.000 wall:      0.000)
Task3...............................:      0.000 (sys:      0.000 wall:      0.000)
Task4...............................:      0.000 (sys:      0.000 wall:      0.000)
Task5...............................:      0.000 (sys:      0.000 wall:      0.000)
Task6...............................:      0.000 (sys:      0.000 wall:      0.000)
Function Evaluations................:      3.427 (sys:      3.569 wall:      0.460)
 Objective function.................:      0.063 (sys:      0.044 wall:      0.007)
 Objective function gradient........:      0.047 (sys:      0.060 wall:      0.008)
 Equality constraints...............:      1.113 (sys:      0.996 wall:      0.135)
 Inequality constraints.............:      0.000 (sys:      0.000 wall:      0.000)
 Equality constraint Jacobian.......:      0.956 (sys:      1.086 wall:      0.146)
 Inequality constraint Jacobian.....:      0.000 (sys:      0.000 wall:      0.000)
 Lagrangian Hessian.................:      1.248 (sys:      1.383 wall:      0.165)

EXIT: Optimal Solution Found.
