This is MadNLP version v0.8.3, running with cuDSS v0.1.0

Number of nonzeros in constraint Jacobian............:   171883
Number of nonzeros in Lagrangian Hessian.............:   155922

Total number of variables............................:    43978
                     variables with only lower bounds:        0
                variables with lower and upper bounds:        0
                     variables with only upper bounds:        0
Total number of equality constraints.................:    39978
Total number of inequality constraints...............:        0
        inequality constraints with only lower bounds:        0
   inequality constraints with lower and upper bounds:        0
        inequality constraints with only upper bounds:        0

iter    objective    inf_pr   inf_du lg(mu)  ||d||  lg(rg) alpha_du alpha_pr  ls
   0  2.3000001e+02 9.80e+00 1.20e-01  -1.0 0.00e+00    -  0.00e+00 0.00e+00   0
   1  2.2854865e+02 9.76e+00 1.49e+01  -1.0 1.03e+01    -  1.00e+00 4.00e-03h  1
   2  6.4407073e+02 1.04e+01 1.03e+01  -1.0 1.02e+01    -  1.00e+00 1.00e+00h  1
   3  6.3484987e+02 1.02e+01 9.62e+00  -1.0 9.23e+00   2.0 1.92e-02 1.92e-02h  1
   4  5.9901545e+02 9.43e+00 9.54e+02  -1.0 8.95e+00   1.5 2.83e-01 7.94e-02h  1
   5  3.7371371e+02 7.00e+00 2.09e+02  -1.0 7.34e+00   1.0 7.82e-01 7.71e-01h  1
   6  4.0644005e+02 5.47e+00 1.66e+02  -1.0 5.36e+00   1.5 2.27e-01 2.20e-01h  1
   7  4.1802802e+02 5.04e+00 1.86e+02  -1.0 4.95e+00   1.0 2.92e-01 8.06e-02h  1
   8  4.2754284e+02 4.69e+00 1.71e+02  -1.0 4.25e+00   1.4 5.32e-02 6.93e-02h  1
   9  4.6971584e+02 3.35e+00 2.18e+02  -1.0 4.16e+00   0.9 3.98e-01 2.91e-01h  1
iter    objective    inf_pr   inf_du lg(mu)  ||d||  lg(rg) alpha_du alpha_pr  ls
  10  5.0027651e+02 2.44e+00 2.04e+02  -1.0 2.93e+00   1.4 6.14e-01 2.75e-01h  1
  11  5.6672654e+02 6.78e-01 1.39e+02  -1.0 2.15e+00   0.9 1.00e+00 7.26e-01h  1
  12  5.9380912e+02 8.13e-03 1.75e+00  -1.0 6.12e-01   0.4 1.00e+00 1.00e+00h  1
  13  5.9112975e+02 2.04e-04 3.59e-02  -1.0 6.85e-02  -0.1 1.00e+00 1.00e+00h  1
  14  5.6873660e+02 1.50e-01 8.25e-02  -2.5 1.15e+00    -  1.00e+00 1.00e+00f  1
  15  5.6873188e+02 1.26e-03 5.59e-04  -2.5 1.82e-01    -  1.00e+00 1.00e+00h  1
  16  5.6870874e+02 1.04e-06 5.84e-05  -5.0 4.83e-03    -  9.41e-01 1.00e+00h  1
  17  5.6838182e+02 3.69e-07 2.38e-04  -5.0 3.82e-03    -  6.90e-01 1.00e+00h  1
  18  5.6837038e+02 8.09e-07 1.83e-04  -5.0 4.62e-03    -  9.02e-01 1.00e+00h  1
  19  5.6835507e+02 1.46e-06 4.96e-08  -5.0 6.53e-03    -  1.00e+00 1.00e+00h  1

Number of Iterations....: 19

                                   (scaled)                 (unscaled)
Objective...............:   5.6835506751955995e+02    5.6835506751955995e+02
Dual infeasibility......:   4.9647931134755990e-08    4.9647931134755990e-08
Constraint violation....:   1.4583701657582600e-06    1.4583701657582600e-06
Complementarity.........:   1.1057789151595800e-05    1.1057789151595800e-05
Overall NLP error.......:   1.1057789151595800e-05    1.1057789151595800e-05

Number of objective function evaluations             = 20
Number of objective gradient evaluations             = 20
Number of constraint evaluations                     = 20
Number of constraint Jacobian evaluations            = 20
Number of Lagrangian Hessian evaluations             = 19
Total wall-clock secs in solver (w/o fun. eval./lin. alg.)  =  0.367
Total wall-clock secs in linear solver                      =  0.123
Total wall-clock secs in NLP function evaluations           =  0.031
Total wall-clock secs                                       =  0.521

EXIT: Optimal Solution Found (tol = 1.0e-04).
