This is MadNLP version v0.8.3, running with cuDSS v0.1.0

Number of nonzeros in constraint Jacobian............:    18863
Number of nonzeros in Lagrangian Hessian.............:    26666

Total number of variables............................:     2424
                     variables with only lower bounds:        0
                variables with lower and upper bounds:     2121
                     variables with only upper bounds:        0
Total number of equality constraints.................:     1919
Total number of inequality constraints...............:     2412
        inequality constraints with only lower bounds:      903
   inequality constraints with lower and upper bounds:        0
        inequality constraints with only upper bounds:     1509

iter    objective    inf_pr   inf_du lg(mu)  ||d||  lg(rg) alpha_du alpha_pr  ls
   0  6.3291195e+00 1.12e+00 1.00e+02  -1.0 0.00e+00    -  0.00e+00 0.00e+00   0
   1  8.8102033e+00 1.11e+00 1.00e+02  -1.0 1.69e+00    -  6.21e-03 2.72e-03h  1
   2  2.5906392e+01 1.10e+00 9.85e+01  -1.0 1.88e+00    -  1.35e-02 1.61e-02h  1
   3  6.6634855e+01 1.06e+00 9.51e+01  -1.0 1.71e+00    -  7.64e-02 3.28e-02h  1
   4  7.4894270e+02 7.73e-01 8.83e+01  -1.0 1.78e+00    -  8.63e-02 2.71e-01h  1
   5  1.6232060e+03 5.66e-01 1.69e+02  -1.0 1.26e+00    -  7.33e-01 2.68e-01h  1
   6  4.6977313e+03 1.11e-01 4.05e+01  -1.0 1.03e+00    -  9.41e-01 8.04e-01h  1
   7  4.7569278e+03 1.04e-01 2.12e+02  -1.0 2.58e-01    -  1.00e+00 6.20e-02h  1
   8  5.1913267e+03 5.61e-02 1.38e+02  -1.0 2.51e-01    -  6.42e-01 4.59e-01h  1
   9  5.7401333e+03 8.11e-03 1.71e+00  -1.0 1.60e-01    -  1.00e+00 1.00e+00h  1
iter    objective    inf_pr   inf_du lg(mu)  ||d||  lg(rg) alpha_du alpha_pr  ls
  10  5.7419939e+03 5.23e-05 1.30e-02  -1.0 1.26e-02    -  1.00e+00 1.00e+00h  1
  11  5.7387895e+03 3.13e-04 5.33e+01  -2.5 2.14e-02    -  8.46e-01 9.56e-01h  1
  12  5.7375751e+03 2.55e-05 4.03e-03  -2.5 5.54e-03    -  1.00e+00 1.00e+00h  1
  13  5.7371779e+03 1.45e-06 3.81e+00  -3.8 1.28e-03    -  6.95e-01 1.00e+00h  1
  14  5.7370890e+03 1.12e-06 1.11e+02  -3.8 2.67e-04    -  9.86e-01 2.29e-01h  1
  15  5.7370905e+03 4.41e-10 6.36e-08  -3.8 2.27e-05    -  1.00e+00 1.00e+00h  1
  16  5.7370804e+03 1.71e-09 3.85e+00  -5.0 4.87e-05    -  1.00e+00 9.38e-01h  1
  17  5.7370800e+03 7.99e-12 7.21e-10  -5.0 3.42e-06    -  1.00e+00 1.00e+00h  1

Number of Iterations....: 17

                                   (scaled)                 (unscaled)
Objective...............:   1.0995208635875517e+03    5.7370799620271273e+03
Dual infeasibility......:   7.2138015591409477e-10    3.7640173775285637e-09
Constraint violation....:   7.9942788500098061e-12    7.9942788500098061e-12
Complementarity.........:   1.7435212244976457e-06    9.0973450451838154e-06
Overall NLP error.......:   9.0973450451838154e-06    9.0973450451838154e-06

Number of objective function evaluations             = 18
Number of objective gradient evaluations             = 18
Number of constraint evaluations                     = 18
Number of constraint Jacobian evaluations            = 18
Number of Lagrangian Hessian evaluations             = 17
Total wall-clock secs in solver (w/o fun. eval./lin. alg.)  =  0.092
Total wall-clock secs in linear solver                      =  0.018
Total wall-clock secs in NLP function evaluations           =  0.016
Total wall-clock secs                                       =  0.127

EXIT: Optimal Solution Found (tol = 1.0e-04).
