This is MadNLP version v0.8.3, running with cuDSS v0.1.0

Number of nonzeros in constraint Jacobian............:   687883
Number of nonzeros in Lagrangian Hessian.............:   623922

Total number of variables............................:   175978
                     variables with only lower bounds:        0
                variables with lower and upper bounds:        0
                     variables with only upper bounds:        0
Total number of equality constraints.................:   159978
Total number of inequality constraints...............:        0
        inequality constraints with only lower bounds:        0
   inequality constraints with lower and upper bounds:        0
        inequality constraints with only upper bounds:        0

iter    objective    inf_pr   inf_du lg(mu)  ||d||  lg(rg) alpha_du alpha_pr  ls
   0  2.3000000e+02 9.80e+00 3.00e-02  -1.0 0.00e+00    -  0.00e+00 0.00e+00   0
   1  2.2832158e+02 9.76e+00 6.98e+00  -1.0 1.03e+01    -  1.00e+00 4.00e-03h  1
   2  6.3802260e+02 9.44e+00 2.96e+00  -1.0 1.02e+01    -  1.00e+00 1.00e+00h  1
   3  4.6671164e+02 5.47e+00 6.05e+00  -1.0 6.75e+00   0.0 5.91e-01 5.92e-01h  1
   4  5.1647922e+02 2.89e+00 5.75e+01  -1.0 2.26e+00   0.4 1.00e+00 8.15e-01h  1
   5  5.1368936e+02 2.78e+00 1.66e+02  -1.0 1.97e+01  -0.1 2.60e-01 3.81e-02h  4
   6  5.8811701e+02 6.37e+00 1.18e+02  -1.0 4.06e+00   0.4 9.88e-01 6.45e-01h  1
   7  5.9740224e+02 3.18e+00 1.61e+02  -1.0 1.50e+00   0.8 6.92e-01 1.00e+00h  1
   8  5.9884443e+02 2.51e+00 1.22e+02  -1.0 2.22e+00   1.2 1.79e-01 2.07e-01h  1
   9  6.0414342e+02 9.40e-01 2.45e+01  -1.0 1.85e+00   0.7 1.00e+00 1.00e+00h  1
iter    objective    inf_pr   inf_du lg(mu)  ||d||  lg(rg) alpha_du alpha_pr  ls
  10  6.1445895e+02 1.41e+00 1.87e+01  -1.0 1.01e+00   0.3 1.00e+00 1.00e+00h  1
  11  6.1251808e+02 2.64e-01 3.86e+00  -1.0 1.89e-01   0.7 1.00e+00 1.00e+00h  1
  12  6.1213767e+02 3.36e-03 4.24e-02  -1.0 7.30e-02   0.2 1.00e+00 1.00e+00h  1
  13  6.1024645e+02 4.55e-04 2.10e-02  -2.5 3.78e-02  -0.3 1.00e+00 1.00e+00f  1
  14  5.6846147e+02 2.97e+00 4.75e-02  -3.8 2.25e+00    -  9.83e-01 1.00e+00f  1
  15  5.6680426e+02 2.78e-01 1.69e-03  -3.8 8.40e-01    -  1.00e+00 1.00e+00h  1
  16  5.6765510e+02 2.55e-03 7.31e-05  -3.8 2.71e-01    -  1.00e+00 1.00e+00h  1
  17  5.6768089e+02 2.35e-07 5.56e-09  -3.8 1.74e-03    -  1.00e+00 1.00e+00h  1
  18  5.6731462e+02 1.73e-06 2.97e-04  -5.0 8.12e-03    -  8.82e-01 1.00e+00h  1
  19  5.6721160e+02 1.69e-05 1.44e-07  -5.0 2.83e-02    -  1.00e+00 1.00e+00h  1

Number of Iterations....: 19

                                   (scaled)                 (unscaled)
Objective...............:   5.6721159779012578e+02    5.6721159779012578e+02
Dual infeasibility......:   1.4377931751587657e-07    1.4377931751587657e-07
Constraint violation....:   1.6856137801907244e-05    1.6856137801907244e-05
Complementarity.........:   1.3532790375682929e-05    1.3532790375682929e-05
Overall NLP error.......:   1.6856137801907244e-05    1.6856137801907244e-05

Number of objective function evaluations             = 24
Number of objective gradient evaluations             = 20
Number of constraint evaluations                     = 24
Number of constraint Jacobian evaluations            = 20
Number of Lagrangian Hessian evaluations             = 19
Total wall-clock secs in solver (w/o fun. eval./lin. alg.)  =  1.353
Total wall-clock secs in linear solver                      =  0.319
Total wall-clock secs in NLP function evaluations           =  0.038
Total wall-clock secs                                       =  1.710

EXIT: Optimal Solution Found (tol = 1.0e-04).
