Total number of variables............................:    43978
                     variables with only lower bounds:        0
                variables with lower and upper bounds:        0
                     variables with only upper bounds:        0
Total number of equality constraints.................:    39978
Total number of inequality constraints...............:        0
        inequality constraints with only lower bounds:        0
   inequality constraints with lower and upper bounds:        0
        inequality constraints with only upper bounds:        0


Number of Iterations....: 5

                                   (scaled)                 (unscaled)
Objective...............:   5.6876253708597335e+02    5.6876253708597335e+02
Dual infeasibility......:   1.6259806001617250e-10    1.6259806001617250e-10
Constraint violation....:   1.8323914052764678e-09    1.8323914052764678e-09
Variable bound violation:   0.0000000000000000e+00    0.0000000000000000e+00
Complementarity.........:   0.0000000000000000e+00    0.0000000000000000e+00
Overall NLP error.......:   1.8323914052764678e-09    1.8323914052764678e-09


Number of objective function evaluations             = 6
Number of objective gradient evaluations             = 6
Number of equality constraint evaluations            = 6
Number of inequality constraint evaluations          = 0
Number of equality constraint Jacobian evaluations   = 6
Number of inequality constraint Jacobian evaluations = 0
Number of Lagrangian Hessian evaluations             = 5
Total seconds in IPOPT (w/o function evaluations)    =      1.685
Total seconds in NLP function evaluations            =      0.059


Timing Statistics:

OverallAlgorithm....................:      8.165 (sys:      7.489 wall:      1.743)
 PrintProblemStatistics.............:      0.009 (sys:      0.003 wall:      0.001)
 InitializeIterates.................:      0.142 (sys:      0.028 wall:      0.171)
 UpdateHessian......................:      0.143 (sys:      0.215 wall:      0.023)
 OutputIteration....................:      0.007 (sys:      0.003 wall:      0.001)
 UpdateBarrierParameter.............:      0.003 (sys:      0.001 wall:      0.000)
 ComputeSearchDirection.............:      7.424 (sys:      6.875 wall:      1.497)
 ComputeAcceptableTrialPoint........:      0.148 (sys:      0.171 wall:      0.020)
 AcceptTrialPoint...................:      0.003 (sys:      0.002 wall:      0.000)
 CheckConvergence...................:      0.284 (sys:      0.189 wall:      0.030)
PDSystemSolverTotal.................:      7.415 (sys:      6.870 wall:      1.496)
 PDSystemSolverSolveOnce............:      7.203 (sys:      6.635 wall:      1.464)
 ComputeResiduals...................:      0.177 (sys:      0.193 wall:      0.028)
 StdAugSystemSolverMultiSolve.......:      7.325 (sys:      6.653 wall:      1.626)
 LinearSystemScaling................:      0.000 (sys:      0.000 wall:      0.000)
 LinearSystemSymbolicFactorization..:      0.064 (sys:      0.007 wall:      0.071)
 LinearSystemFactorization..........:      0.000 (sys:      0.000 wall:      0.000)
 LinearSystemBackSolve..............:      1.966 (sys:      1.812 wall:      0.323)
 LinearSystemStructureConverter.....:      0.000 (sys:      0.000 wall:      0.000)
  LinearSystemStructureConverterInit:      0.000 (sys:      0.000 wall:      0.000)
QualityFunctionSearch...............:      0.000 (sys:      0.000 wall:      0.000)
TryCorrector........................:      0.000 (sys:      0.000 wall:      0.000)
Task1...............................:      0.000 (sys:      0.000 wall:      0.000)
Task2...............................:      0.000 (sys:      0.000 wall:      0.000)
Task3...............................:      0.000 (sys:      0.000 wall:      0.000)
Task4...............................:      0.000 (sys:      0.000 wall:      0.000)
Task5...............................:      0.000 (sys:      0.000 wall:      0.000)
Task6...............................:      0.000 (sys:      0.000 wall:      0.000)
Function Evaluations................:      0.422 (sys:      0.488 wall:      0.059)
 Objective function.................:      0.009 (sys:      0.006 wall:      0.001)
 Objective function gradient........:      0.009 (sys:      0.007 wall:      0.001)
 Equality constraints...............:      0.106 (sys:      0.140 wall:      0.016)
 Inequality constraints.............:      0.000 (sys:      0.000 wall:      0.000)
 Equality constraint Jacobian.......:      0.158 (sys:      0.121 wall:      0.019)
 Inequality constraint Jacobian.....:      0.000 (sys:      0.000 wall:      0.000)
 Lagrangian Hessian.................:      0.140 (sys:      0.214 wall:      0.022)

EXIT: Optimal Solution Found.
