Total number of variables............................:     3630
                     variables with only lower bounds:     1760
                variables with lower and upper bounds:      110
                     variables with only upper bounds:        0
Total number of equality constraints.................:     3520
Total number of inequality constraints...............:      440
        inequality constraints with only lower bounds:        0
   inequality constraints with lower and upper bounds:        0
        inequality constraints with only upper bounds:      440


Number of Iterations....: 50

                                   (scaled)                 (unscaled)
Objective...............:   6.5628240993887644e+01    6.5628240993887644e+01
Dual infeasibility......:   1.7151408396682704e-07    1.7151408396682704e-07
Constraint violation....:   1.3503371760602983e-11    1.3503371760602983e-11
Variable bound violation:   7.7677852010171904e-09    7.7677852010171904e-09
Complementarity.........:   5.6427080590703432e-09    5.6427080590703432e-09
Overall NLP error.......:   5.6427080590703432e-09    1.7151408396682704e-07


Number of objective function evaluations             = 51
Number of objective gradient evaluations             = 51
Number of equality constraint evaluations            = 51
Number of inequality constraint evaluations          = 51
Number of equality constraint Jacobian evaluations   = 51
Number of inequality constraint Jacobian evaluations = 51
Number of Lagrangian Hessian evaluations             = 50
Total seconds in IPOPT (w/o function evaluations)    =      0.791
Total seconds in NLP function evaluations            =      0.013


Timing Statistics:

OverallAlgorithm....................:      0.804 (sys:      0.000 wall:      0.804)
 PrintProblemStatistics.............:      0.000 (sys:      0.000 wall:      0.000)
 InitializeIterates.................:      0.017 (sys:      0.000 wall:      0.017)
 UpdateHessian......................:      0.004 (sys:      0.000 wall:      0.004)
 OutputIteration....................:      0.002 (sys:      0.000 wall:      0.002)
 UpdateBarrierParameter.............:      0.002 (sys:      0.000 wall:      0.001)
 ComputeSearchDirection.............:      0.746 (sys:      0.000 wall:      0.746)
 ComputeAcceptableTrialPoint........:      0.018 (sys:      0.000 wall:      0.018)
 AcceptTrialPoint...................:      0.002 (sys:      0.000 wall:      0.002)
 CheckConvergence...................:      0.012 (sys:      0.000 wall:      0.012)
PDSystemSolverTotal.................:      0.743 (sys:      0.000 wall:      0.743)
 PDSystemSolverSolveOnce............:      0.726 (sys:      0.000 wall:      0.726)
 ComputeResiduals...................:      0.012 (sys:      0.000 wall:      0.012)
 StdAugSystemSolverMultiSolve.......:      0.736 (sys:      0.000 wall:      0.736)
 LinearSystemScaling................:      0.000 (sys:      0.000 wall:      0.000)
 LinearSystemSymbolicFactorization..:      0.006 (sys:      0.000 wall:      0.006)
 LinearSystemFactorization..........:      0.000 (sys:      0.000 wall:      0.000)
 LinearSystemBackSolve..............:      0.200 (sys:      0.000 wall:      0.200)
 LinearSystemStructureConverter.....:      0.000 (sys:      0.000 wall:      0.000)
  LinearSystemStructureConverterInit:      0.000 (sys:      0.000 wall:      0.000)
QualityFunctionSearch...............:      0.000 (sys:      0.000 wall:      0.000)
TryCorrector........................:      0.000 (sys:      0.000 wall:      0.000)
Task1...............................:      0.000 (sys:      0.000 wall:      0.000)
Task2...............................:      0.000 (sys:      0.000 wall:      0.000)
Task3...............................:      0.000 (sys:      0.000 wall:      0.000)
Task4...............................:      0.000 (sys:      0.000 wall:      0.000)
Task5...............................:      0.000 (sys:      0.000 wall:      0.000)
Task6...............................:      0.000 (sys:      0.000 wall:      0.000)
Function Evaluations................:      0.013 (sys:      0.000 wall:      0.013)
 Objective function.................:      0.001 (sys:      0.000 wall:      0.001)
 Objective function gradient........:      0.001 (sys:      0.000 wall:      0.001)
 Equality constraints...............:      0.005 (sys:      0.000 wall:      0.005)
 Inequality constraints.............:      0.000 (sys:      0.000 wall:      0.000)
 Equality constraint Jacobian.......:      0.001 (sys:      0.000 wall:      0.001)
 Inequality constraint Jacobian.....:      0.002 (sys:      0.000 wall:      0.002)
 Lagrangian Hessian.................:      0.003 (sys:      0.000 wall:      0.003)

EXIT: Optimal Solution Found.
