This is MadNLP version v0.8.3, running with cuDSS v0.1.0

Number of nonzeros in constraint Jacobian............:  2399894
Number of nonzeros in Lagrangian Hessian.............:  1887941

Total number of variables............................:   703978
                     variables with only lower bounds:        0
                variables with lower and upper bounds:        0
                     variables with only upper bounds:        0
Total number of equality constraints.................:   639978
Total number of inequality constraints...............:        0
        inequality constraints with only lower bounds:        0
   inequality constraints with lower and upper bounds:        0
        inequality constraints with only upper bounds:        0

iter    objective    inf_pr   inf_du lg(mu)  ||d||  lg(rg) alpha_du alpha_pr  ls
   0  2.3000000e+02 9.80e+00 7.50e-03  -1.0 0.00e+00    -  0.00e+00 0.00e+00   0
   1  2.2821886e+02 9.76e+00 2.53e+00  -1.0 1.03e+01    -  1.00e+00 4.00e-03h  1
   2  6.3467886e+02 8.65e+00 7.77e-01  -1.0 1.02e+01    -  1.00e+00 1.00e+00h  1
   3  5.8254604e+02 6.84e+00 7.56e-01  -1.0 5.15e+00   0.0 2.02e-01 2.02e-01h  1
   4  4.7160571e+02 4.47e+00 1.10e+00  -1.0 2.94e+00  -0.5 1.00e+00 1.00e+00h  1
   5  6.0179770e+02 1.14e+00 2.85e+02  -1.0 3.46e+00  -0.1 4.94e-01 1.00e+00h  1
   6  6.0466620e+02 3.51e-02 1.38e+00  -1.0 3.47e-01  -0.5 1.00e+00 1.00e+00h  1
   7  6.0211519e+02 8.31e-04 2.35e-02  -1.0 4.76e-02  -1.0 1.00e+00 1.00e+00h  1
   8  5.9621464e+02 8.32e-05 8.11e-03  -3.8 1.29e-01  -1.5 9.97e-01 1.00e+00f  1
   9  5.6616842e+02 3.28e-02 1.02e-03  -3.8 1.27e+00    -  1.00e+00 1.00e+00f  1
iter    objective    inf_pr   inf_du lg(mu)  ||d||  lg(rg) alpha_du alpha_pr  ls
  10  5.6416248e+02 5.37e-04 4.92e-06  -3.8 1.09e-01    -  1.00e+00 1.00e+00h  1
  11  5.6296273e+02 2.33e-05 1.05e-03  -5.0 3.24e-02    -  8.90e-01 1.00e+00h  1
  12  5.6260546e+02 2.27e-04 5.01e-07  -5.0 1.08e-01    -  1.00e+00 1.00e+00h  1
  13  5.6259635e+02 3.90e-05 1.84e-07  -5.0 3.69e-02    -  1.00e+00 1.00e+00h  1

Number of Iterations....: 13

                                   (scaled)                 (unscaled)
Objective...............:   5.6259635098030492e+02    5.6259635098030492e+02
Dual infeasibility......:   1.8391663094855199e-07    1.8391663094855199e-07
Constraint violation....:   3.9042778746629183e-05    3.9042778746629183e-05
Complementarity.........:   9.5674156741246781e-06    9.5674156741246781e-06
Overall NLP error.......:   3.9042778746629183e-05    3.9042778746629183e-05

Number of objective function evaluations             = 14
Number of objective gradient evaluations             = 14
Number of constraint evaluations                     = 14
Number of constraint Jacobian evaluations            = 14
Number of Lagrangian Hessian evaluations             = 13
Total wall-clock secs in solver (w/o fun. eval./lin. alg.)  =  5.793
Total wall-clock secs in linear solver                      =  0.591
Total wall-clock secs in NLP function evaluations           =  0.068
Total wall-clock secs                                       =  6.452

EXIT: Optimal Solution Found (tol = 1.0e-04).
