This is MadNLP version v0.8.3, running with cuDSS v0.1.0

Number of nonzeros in constraint Jacobian............:     6448
Number of nonzeros in Lagrangian Hessian.............:     2880

Total number of variables............................:     1980
                     variables with only lower bounds:      960
                variables with lower and upper bounds:       60
                     variables with only upper bounds:        0
Total number of equality constraints.................:     1920
Total number of inequality constraints...............:      240
        inequality constraints with only lower bounds:        0
   inequality constraints with lower and upper bounds:        0
        inequality constraints with only upper bounds:      240

iter    objective    inf_pr   inf_du lg(mu)  ||d||  lg(rg) alpha_du alpha_pr  ls
   0  4.0000000e+01 9.90e-01 4.08e+00  -1.0 0.00e+00    -  0.00e+00 0.00e+00   0
   1  3.9743679e+01 9.88e-01 6.68e+00  -1.0 1.72e+00    -  3.81e-04 2.20e-03h  1
   2  3.9450293e+01 9.85e-01 8.48e+00  -1.0 1.00e+00    -  1.28e-02 2.67e-03h  1
   3  3.8234450e+01 9.74e-01 1.46e+01  -1.0 1.00e+00    -  1.70e-02 1.11e-02h  1
   4  3.5896198e+01 9.54e-01 2.03e+01  -1.0 9.80e-01    -  2.59e-02 2.12e-02h  1
   5  3.0581848e+01 9.07e-01 1.61e+01  -1.0 9.57e-01    -  4.56e-02 4.91e-02h  1
   6  1.2442899e+01 7.10e-01 9.90e+01  -1.0 9.08e-01    -  7.56e-02 2.16e-01h  1
   7  8.3460032e+00 4.36e-01 3.66e+02  -1.0 9.40e-01    -  8.42e-02 3.87e-01h  1
   8  1.2542059e+01 3.52e-01 2.95e+02  -1.0 6.08e-01    -  1.15e-01 1.93e-01h  1
   9  2.2185173e+01 2.54e-01 1.62e+02  -1.0 9.09e-01    -  2.16e-01 2.79e-01h  1
iter    objective    inf_pr   inf_du lg(mu)  ||d||  lg(rg) alpha_du alpha_pr  ls
  10  3.7829536e+01 9.37e-02 1.66e+02  -1.0 5.21e-01    -  3.17e-01 6.30e-01h  1
  11  3.8842610e+01 3.90e-02 1.22e+02  -1.0 3.25e-01    -  5.20e-01 5.83e-01h  1
  12  4.0749480e+01 1.10e-02 2.21e+02  -1.0 1.68e-01    -  9.53e-01 7.18e-01h  1
  13  3.9389151e+01 7.44e-03 2.72e+02  -1.0 4.94e-01    -  4.69e-01 3.24e-01h  1
  14  3.9828422e+01 1.26e-04 6.44e+02  -1.0 1.19e-01    -  6.91e-01 1.00e+00h  1
  15  3.9845454e+01 1.44e-05 2.36e+00  -1.0 2.82e-02    -  1.00e+00 1.00e+00h  1
  16  3.9824989e+01 3.99e-07 5.68e-03  -1.0 4.79e-03    -  1.00e+00 1.00e+00h  1
  17  3.4031939e+01 1.44e-04 2.57e+02  -3.8 2.61e-01    -  6.44e-01 5.06e-01f  1
  18  2.9263304e+01 4.21e-04 2.09e+02  -3.8 5.48e-01    -  2.83e-01 2.95e-01h  1
  19  2.7946302e+01 3.75e-04 2.93e+02  -3.8 7.78e-01    -  3.54e-01 1.43e-01h  1
iter    objective    inf_pr   inf_du lg(mu)  ||d||  lg(rg) alpha_du alpha_pr  ls
  20  2.6128731e+01 4.58e-04 1.90e+02  -3.8 1.10e+00   0.0 1.24e-01 2.27e-01h  1
  21  2.5972248e+01 4.50e-04 2.13e+02  -3.8 1.91e+00    -  1.16e-01 2.33e-02h  1
  22  2.4542019e+01 5.98e-04 1.47e+02  -3.8 2.00e+00  -0.5 1.37e-01 2.15e-01h  1
  23  2.4397360e+01 5.80e-04 1.71e+02  -3.8 3.21e-01    -  1.81e-01 3.05e-02h  1
  24  2.3260884e+01 5.49e-04 1.06e+02  -3.8 2.84e+00    -  3.28e-02 2.04e-01h  1
  25  2.3186352e+01 5.37e-04 1.07e+02  -3.8 1.62e-01    -  3.86e-02 2.02e-02h  1
  26  2.2336435e+01 4.10e-04 7.62e+01  -3.8 1.64e-01    -  2.03e-01 2.38e-01h  1
  27  2.1300599e+01 2.62e-04 4.33e+01  -3.8 1.55e-01    -  1.82e-01 3.62e-01h  1
  28  2.0774518e+01 1.96e-04 4.46e+01  -3.8 1.31e-01    -  4.62e-01 2.54e-01h  1
  29  2.0218018e+01 1.19e-04 1.14e+02  -3.8 1.70e-01    -  1.79e-01 3.91e-01h  1
iter    objective    inf_pr   inf_du lg(mu)  ||d||  lg(rg) alpha_du alpha_pr  ls
  30  2.0033935e+01 1.13e-04 5.29e+01  -3.8 2.08e+00    -  5.74e-02 8.94e-02h  1
  31  1.9870055e+01 1.01e-04 5.95e+01  -3.8 8.27e-01    -  1.13e-01 1.08e-01h  1
  32  1.9544190e+01 1.07e-04 4.35e+01  -3.8 7.75e-01  -0.1 2.58e-01 3.12e-01h  1
  33  1.9528672e+01 1.03e-04 6.10e+01  -3.8 1.62e-01    -  2.80e-01 3.20e-02h  1
  34  1.9444258e+01 1.01e-04 4.15e+01  -3.8 2.42e+00  -0.5 1.14e-03 7.53e-02h  1
  35  1.9401082e+01 9.75e-05 5.38e+01  -3.8 1.72e+00  -0.1 1.21e-01 3.52e-02h  1
  36  1.8982134e+01 6.55e-05 1.47e+01  -3.8 2.91e-01   0.3 6.30e-01 7.64e-01h  1
  37  1.8899753e+01 8.17e-05 1.80e+01  -3.8 5.86e+00  -0.2 8.95e-03 1.93e-02h  1
  38  1.8845574e+01 5.39e-05 1.22e+01  -3.8 5.87e-02   1.2 5.23e-01 3.50e-01h  1
  39  1.8835187e+01 5.20e-05 6.08e+01  -3.8 1.66e-01   0.7 1.22e-01 3.65e-02h  1
iter    objective    inf_pr   inf_du lg(mu)  ||d||  lg(rg) alpha_du alpha_pr  ls
  40  1.8808943e+01 4.87e-05 2.42e+02  -3.8 7.23e-01    -  1.63e-01 6.74e-02h  1
  41  1.8774920e+01 3.97e-05 1.63e+01  -3.8 4.73e-01    -  3.88e-02 1.88e-01h  1
  42  1.8706352e+01 2.01e-05 5.86e+01  -3.8 1.78e-01   0.2 5.19e-01 6.48e-01h  1
  43  1.8653416e+01 1.18e-05 1.24e+00  -3.8 9.53e-02   0.6 9.86e-01 1.00e+00h  1
  44  1.8537040e+01 7.22e-05 7.68e+01  -3.8 4.20e-01   0.2 2.95e-01 5.29e-01h  1
  45  1.8474164e+01 4.79e-05 4.29e+01  -3.8 1.70e-01   0.6 1.80e-01 4.40e-01h  1
  46  1.8473400e+01 4.72e-05 7.01e+01  -3.8 4.76e-02   1.0 8.68e-01 1.47e-02h  1
  47  1.8462512e+01 2.96e-05 5.78e+01  -3.8 4.40e-01    -  1.18e-01 3.73e-01h  1
  48  1.8380422e+01 2.67e-05 4.29e+00  -3.8 1.41e-01   0.5 1.00e+00 1.00e+00h  1
  49  1.8353508e+01 2.73e-05 3.54e+01  -3.8 6.64e-01   0.1 1.86e-01 6.11e-02h  1
iter    objective    inf_pr   inf_du lg(mu)  ||d||  lg(rg) alpha_du alpha_pr  ls
  50  1.8342171e+01 2.66e-05 2.20e+02  -3.8 4.26e-01    -  1.23e-01 3.70e-02h  1
  51  1.8333338e+01 2.46e-05 2.59e+02  -3.8 1.44e-01    -  1.22e-01 8.21e-02h  1
  52  1.8275592e+01 4.54e-05 5.74e+01  -3.8 1.45e+00  -0.4 1.55e-03 9.01e-02h  1
  53  1.8275137e+01 4.50e-05 2.12e+02  -3.8 7.50e-02    -  1.33e-01 8.79e-03h  1
  54  1.8152163e+01 1.15e-04 1.21e+02  -3.8 1.01e+00   0.0 5.38e-03 2.42e-01h  1
  55  1.8151650e+01 1.15e-04 1.23e+02  -3.8 1.43e+00  -0.5 9.06e-02 4.86e-04h  1
  56  1.8019861e+01 6.63e-05 4.91e+01  -3.8 3.81e-01    -  2.28e-03 6.37e-01h  1
  57  1.7999489e+01 6.64e-05 4.71e+01  -3.8 2.26e+00  -0.0 1.18e-01 1.21e-02h  1
  58  1.7955374e+01 5.60e-05 4.74e+01  -3.8 2.73e-01   0.4 5.27e-01 1.91e-01h  1
  59  1.7950660e+01 5.54e-05 9.02e+01  -3.8 5.11e-01    -  2.51e-02 1.19e-02h  1
iter    objective    inf_pr   inf_du lg(mu)  ||d||  lg(rg) alpha_du alpha_pr  ls
  60  1.7948511e+01 5.48e-05 5.14e+02  -3.8 1.77e-01    -  5.53e-01 1.09e-02h  1
  61  1.7875724e+01 7.43e-05 7.57e+01  -3.8 1.47e+00    -  4.84e-04 9.48e-02h  1
  62  1.7875204e+01 7.39e-05 2.08e+02  -3.8 1.49e-01    -  7.23e-02 4.09e-03h  1
  63  1.7806829e+01 9.11e-05 1.82e+02  -3.8 3.05e+00  -0.1 1.17e-03 4.03e-02h  1
  64  1.7806488e+01 9.09e-05 1.82e+02  -3.8 1.58e-01    -  6.21e-02 2.20e-03h  1
  65  1.7683325e+01 5.16e-05 6.54e+01  -3.8 2.14e-01   0.3 1.98e-01 1.00e+00h  1
  66  1.7664114e+01 4.18e-05 2.47e+01  -3.8 8.96e-02   0.8 5.93e-01 2.12e-01h  1
  67  1.7548110e+01 6.30e-05 1.58e+01  -3.8 3.62e-01   0.3 4.35e-01 4.90e-01h  1
  68  1.7527481e+01 6.35e-05 2.31e+01  -3.8 3.94e+00  -0.2 2.02e-02 6.74e-03h  1
  69  1.7520391e+01 6.37e-05 2.01e+01  -3.8 2.20e+01    -  3.34e-05 3.77e-04h  1
iter    objective    inf_pr   inf_du lg(mu)  ||d||  lg(rg) alpha_du alpha_pr  ls
  70  1.7512142e+01 6.11e-05 2.76e+02  -3.8 2.18e-01    -  2.09e-01 4.19e-02h  1
  71  1.7507269e+01 5.85e-05 3.61e+02  -3.8 1.21e-01    -  1.24e-01 4.31e-02h  1
  72  1.7435952e+01 8.02e-05 1.55e+02  -3.8 6.36e+01  -0.7 1.72e-05 2.03e-03h  1
  73  1.7435569e+01 7.97e-05 1.71e+02  -3.8 6.24e-02    -  6.46e-02 5.84e-03h  1
  74  1.7431054e+01 7.93e-05 1.49e+02  -3.8 2.06e+00    -  1.63e-04 6.17e-03h  1
  75  1.7427973e+01 5.75e-05 5.08e+01  -3.8 4.49e-02    -  1.75e-01 2.75e-01h  1
  76  1.7423666e+01 5.26e-05 4.64e+01  -3.8 7.94e-02    -  4.38e-03 8.62e-02h  1
  77  1.7387159e+01 3.74e-06 1.89e+01  -3.8 6.58e-02   0.7 6.59e-01 1.00e+00h  1
  78  1.7348435e+01 1.67e-05 1.79e+01  -3.8 3.05e-01   0.2 1.95e-01 3.05e-01h  1
  79  1.7290016e+01 1.50e-05 6.16e-01  -3.8 1.07e-01   0.6 9.84e-01 1.00e+00h  1
iter    objective    inf_pr   inf_du lg(mu)  ||d||  lg(rg) alpha_du alpha_pr  ls
  80  1.7149583e+01 8.30e-05 1.56e+01  -3.8 6.63e-01   0.1 2.39e-01 3.54e-01h  1
  81  1.7120265e+01 8.05e-05 1.76e+01  -3.8 5.57e-01   0.6 1.59e-03 4.97e-02h  1
  82  1.7114959e+01 7.74e-05 1.09e+02  -3.8 8.63e-02   1.0 4.10e-01 3.95e-02h  1
  83  1.7095331e+01 7.69e-05 2.48e+02  -3.8 1.31e+00    -  2.63e-02 1.32e-02h  1
  84  1.7086133e+01 7.43e-05 2.19e+02  -3.8 2.38e-01    -  2.65e-02 3.46e-02h  1
  85  1.7061688e+01 7.01e-05 3.50e+02  -3.8 3.23e-01   0.5 1.46e-01 7.23e-02h  1
  86  1.7057817e+01 6.88e-05 3.44e+02  -3.8 5.63e-01   0.0 1.96e-02 1.84e-02h  1
  87  1.6998441e+01 9.76e-06 1.17e+01  -3.8 9.99e-02   0.5 7.65e-01 1.00e+00h  1
  88  1.6918998e+01 5.73e-05 2.18e+01  -3.8 1.12e+00  -0.0 8.58e-02 1.63e-01h  1
  89  1.6759625e+01 7.10e-05 2.48e+01  -3.8 2.33e-01   0.4 6.29e-01 1.00e+00h  1
iter    objective    inf_pr   inf_du lg(mu)  ||d||  lg(rg) alpha_du alpha_pr  ls
  90  1.6749007e+01 6.75e-05 2.42e+01  -3.8 1.56e-01   0.8 8.50e-03 5.05e-02h  1
  91  1.6802397e+01 5.64e-05 5.88e+00  -3.8 1.15e-01   0.4 8.26e-01 1.00e+00h  1
  92  1.6737580e+01 5.72e-05 1.32e+01  -3.8 7.38e-02   0.8 4.31e-01 9.78e-01h  1
  93  1.6715468e+01 5.75e-05 6.16e+01  -3.8 4.78e-01   0.3 2.43e-01 4.89e-02h  1
  94  1.6701593e+01 5.50e-05 2.59e+02  -3.8 2.55e-01    -  1.71e-01 5.93e-02h  1
  95  1.6688842e+01 4.98e-05 2.05e+02  -3.8 1.33e-01    -  8.42e-02 1.07e-01h  1
  96  1.6637641e+01 7.80e-05 1.97e+02  -3.8 8.83e-01  -0.2 1.34e-01 1.25e-01h  1
  97  1.6512685e+01 1.45e-04 9.29e+01  -3.8 3.71e-01   0.3 3.78e-01 5.61e-01h  1
  98  1.6419721e+01 1.15e-04 3.94e+01  -3.8 2.78e-01   0.7 5.22e-03 3.64e-01h  1
  99  1.6418743e+01 1.15e-04 4.64e+01  -3.8 3.66e-02   1.1 9.18e-01 8.04e-03h  1
iter    objective    inf_pr   inf_du lg(mu)  ||d||  lg(rg) alpha_du alpha_pr  ls
 100  1.6297693e+01 1.34e-05 4.87e+00  -3.8 1.08e-01   0.6 6.76e-01 1.00e+00h  1
 101  1.6263893e+01 1.54e-05 3.33e+01  -3.8 5.45e-01   0.2 2.84e-01 9.04e-02h  1
 102  1.6251201e+01 1.54e-05 2.22e+02  -3.8 5.78e-01    -  1.05e-01 2.93e-02h  1
 103  1.6239577e+01 1.42e-05 2.24e+02  -3.8 1.57e-01    -  1.11e-01 9.54e-02h  1
 104  1.6179121e+01 3.38e-05 6.09e+01  -3.8 1.11e+00  -0.3 2.95e-03 1.15e-01h  1
 105  1.6178725e+01 3.36e-05 1.89e+02  -3.8 8.09e-02    -  1.31e-01 6.63e-03h  1
 106  1.6077500e+01 7.18e-05 1.18e+02  -3.8 6.75e-01   0.1 2.45e-02 2.83e-01h  1
 107  1.6077108e+01 7.17e-05 1.18e+02  -3.8 1.18e+00    -  5.89e-02 4.58e-04h  1
 108  1.5989625e+01 6.75e-05 9.40e+01  -3.8 1.13e+00  -0.4 1.26e-03 1.66e-01h  1
 109  1.5972552e+01 6.58e-05 9.46e+01  -3.8 9.38e-01   0.1 9.20e-02 2.67e-02h  1
iter    objective    inf_pr   inf_du lg(mu)  ||d||  lg(rg) alpha_du alpha_pr  ls
 110  1.5870751e+01 3.02e-05 3.44e+01  -3.8 1.94e-01   0.5 5.90e-01 6.27e-01h  1
 111  1.5848469e+01 3.01e-05 5.02e+01  -3.8 1.05e+00  -0.0 1.23e-01 2.71e-02h  1
 112  1.5841100e+01 2.93e-05 2.39e+02  -3.8 2.89e-01    -  1.15e-01 2.91e-02h  1
 113  1.5837601e+01 2.75e-05 3.88e+02  -3.8 4.06e-02    -  1.78e-01 6.03e-02h  1
 114  1.5765386e+01 4.70e-05 7.98e+01  -3.8 1.40e+00  -0.5 9.01e-04 9.48e-02h  1
 115  1.5764967e+01 4.68e-05 2.39e+02  -3.8 1.49e-01    -  7.91e-02 3.55e-03h  1
 116  1.5727836e+01 5.03e-05 2.22e+02  -3.8 1.81e+00  -0.1 2.27e-03 3.49e-02h  1
 117  1.5726325e+01 3.91e-06 2.29e+01  -3.8 3.20e-02    -  3.80e-01 1.00e+00h  1
 118  1.5690468e+01 2.95e-05 2.66e+01  -3.8 9.02e-01   0.4 2.39e-03 6.22e-02h  1
 119  1.5661428e+01 3.45e-05 2.12e+01  -3.8 4.04e+00  -0.1 2.75e-02 1.59e-02h  1
iter    objective    inf_pr   inf_du lg(mu)  ||d||  lg(rg) alpha_du alpha_pr  ls
 120  1.5508451e+01 9.69e-05 4.29e+01  -3.8 2.80e-01   0.3 4.55e-01 9.79e-01h  1
 121  1.5463054e+01 1.01e-04 2.94e+01  -3.8 1.04e+01  -0.2 1.79e-02 5.64e-03h  1
 122  1.5447125e+01 1.00e-04 2.89e+01  -3.8 1.43e+00   0.3 5.36e-04 1.14e-02h  1
 123  1.5442938e+01 9.99e-05 1.92e+02  -3.8 9.67e-01  -0.2 3.11e-02 3.68e-03h  1
 124  1.5437607e+01 9.75e-05 4.08e+02  -3.8 2.20e-01    -  1.32e-01 2.36e-02h  1
 125  1.5383491e+01 1.05e-04 6.55e+01  -3.8 1.27e+00   0.2 3.98e-04 5.64e-02h  1
 126  1.5383132e+01 1.05e-04 1.69e+02  -3.8 4.24e-01    -  4.02e-02 7.03e-04h  1
 127  1.5373235e+01 1.03e-04 1.63e+02  -3.8 6.22e-01   0.6 3.36e-03 1.23e-02h  1
 128  1.5215058e+01 6.69e-05 6.99e+01  -3.8 3.08e-01   0.2 2.37e-01 1.00e+00h  1
 129  1.5156640e+01 6.29e-05 1.77e+01  -3.8 1.97e-01   0.6 5.69e-01 1.97e-01h  1
iter    objective    inf_pr   inf_du lg(mu)  ||d||  lg(rg) alpha_du alpha_pr  ls
 130  1.5048169e+01 7.88e-05 3.09e+01  -3.8 8.52e-01   0.1 6.26e-02 1.68e-01h  1
 131  1.5047441e+01 7.87e-05 3.09e+01  -3.8 3.55e-01   0.5 3.77e-03 1.26e-03h  1
 132  1.5022031e+01 7.43e-05 2.91e+01  -3.8 6.62e-01   0.1 6.86e-02 5.98e-02h  1
 133  1.5016013e+01 7.33e-05 1.08e+02  -3.8 6.17e-01    -  6.30e-02 1.31e-02h  1
 134  1.5004821e+01 6.66e-05 2.87e+02  -3.8 1.30e-01    -  2.29e-01 9.23e-02h  1
 135  1.4984083e+01 3.66e-05 2.07e+02  -3.8 2.60e-02    -  6.97e-02 4.51e-01h  1
 136  1.4956627e+01 3.68e-05 2.81e+02  -3.8 2.97e+00  -0.4 6.72e-03 2.28e-02h  1
 137  1.4933221e+01 3.20e-05 1.61e+02  -3.8 3.43e-01   0.0 2.39e-01 1.44e-01h  1
 138  1.4851601e+01 3.33e-05 3.57e+01  -3.8 1.72e-01   0.4 3.81e-01 9.37e-01h  1
 139  1.4724796e+01 8.48e-05 3.58e+01  -3.8 1.95e+00  -0.0 9.03e-02 1.06e-01h  1
iter    objective    inf_pr   inf_du lg(mu)  ||d||  lg(rg) alpha_du alpha_pr  ls
 140  1.4724045e+01 8.47e-05 3.58e+01  -3.8 6.08e-01   0.4 1.19e-03 9.65e-04h  1
 141  1.4654106e+01 8.21e-05 4.18e+01  -3.8 1.78e+00  -0.1 2.64e-02 7.03e-02h  1
 142  1.4636032e+01 7.79e-05 3.28e+01  -3.8 3.53e-01   0.3 2.76e-01 5.27e-02h  1
 143  1.4621488e+01 7.71e-05 1.98e+02  -3.8 1.73e+00    -  4.74e-02 1.12e-02h  1
 144  1.4605715e+01 6.98e-05 2.64e+02  -3.8 1.74e-01    -  1.53e-01 9.56e-02h  1
 145  1.4540201e+01 5.54e-05 7.63e+01  -3.8 4.94e-01  -0.1 1.72e-02 2.51e-01h  1
 146  1.4539369e+01 5.48e-05 1.54e+02  -3.8 6.59e-02    -  1.42e-01 1.11e-02h  1
 147  1.4453265e+01 3.63e-05 8.28e+01  -3.8 3.18e-01   0.3 4.67e-01 4.61e-01h  1
 148  1.4366688e+01 6.41e-05 5.63e+01  -3.8 1.80e-01   0.7 9.76e-03 5.69e-01h  1
 149  1.4365805e+01 6.34e-05 3.09e+01  -3.8 3.15e-02   1.1 8.49e-01 1.03e-02h  1
iter    objective    inf_pr   inf_du lg(mu)  ||d||  lg(rg) alpha_du alpha_pr  ls
 150  1.4275104e+01 1.09e-05 5.70e+00  -3.8 9.70e-02   0.7 6.75e-01 1.00e+00h  1
 151  1.4197507e+01 2.63e-05 4.31e+00  -3.8 5.35e-01   0.2 2.22e-01 2.19e-01h  1
 152  1.4185515e+01 2.64e-05 1.20e+02  -3.8 1.90e+00  -0.3 6.03e-02 8.12e-03h  1
 153  1.4168663e+01 2.47e-05 2.95e+02  -3.8 2.34e-01    -  1.86e-01 8.53e-02h  1
 154  1.4154036e+01 2.55e-05 2.23e+02  -3.8 4.41e+00    -  2.07e-04 6.43e-03h  1
 155  1.4098044e+01 2.85e-05 7.37e+01  -3.8 2.73e-01   0.1 2.66e-01 3.57e-01h  1
 156  1.4096044e+01 2.79e-05 9.66e+01  -3.8 1.22e-01    -  4.34e-02 2.32e-02h  1
 157  1.4027375e+01 2.90e-05 8.20e+01  -3.8 1.75e-01   0.6 1.03e-02 6.58e-01h  1
 158  1.4026702e+01 2.87e-05 9.39e+01  -3.8 3.88e-02   1.0 8.46e-01 1.17e-02h  1
 159  1.3962646e+01 1.40e-05 1.34e+01  -3.8 1.08e-01   0.5 1.59e-01 1.00e+00h  1
iter    objective    inf_pr   inf_du lg(mu)  ||d||  lg(rg) alpha_du alpha_pr  ls
 160  1.3889086e+01 3.44e-05 1.19e+01  -3.8 1.10e+00   0.0 1.29e-01 1.18e-01h  1
 161  1.3793514e+01 3.52e-05 5.01e+00  -3.8 2.23e-01   0.5 5.83e-01 5.73e-01h  1
 162  1.3782747e+01 3.17e-05 8.42e+01  -3.8 9.83e-02   0.9 5.23e-01 1.05e-01h  1
 163  1.3764388e+01 3.08e-05 3.01e+02  -3.8 4.30e-01    -  1.32e-01 4.68e-02h  1
 164  1.3742785e+01 2.95e-05 1.79e+02  -3.8 3.03e-01   0.4 1.18e-02 1.07e-01h  1
 165  1.3699603e+01 7.81e-06 1.19e+02  -3.8 5.49e-02   0.8 5.36e-01 8.14e-01h  1
 166  1.3679306e+01 4.81e-06 7.44e+00  -3.8 3.15e-02   1.3 9.33e-01 1.00e+00h  1
 167  1.3652868e+01 9.85e-06 5.27e+01  -3.8 1.49e-01   0.8 2.70e-01 1.71e-01h  1
 168  1.3579401e+01 3.41e-05 2.10e+01  -3.8 2.10e-01   0.3 3.96e-01 8.33e-01h  1
 169  1.3548536e+01 2.39e-05 9.92e+00  -3.8 9.07e-02   0.7 6.05e-01 3.80e-01h  1
iter    objective    inf_pr   inf_du lg(mu)  ||d||  lg(rg) alpha_du alpha_pr  ls
 170  1.3403131e+01 7.31e-05 2.09e+01  -3.8 4.18e-01   0.3 3.10e-01 5.29e-01h  1
 171  1.3382032e+01 6.98e-05 2.06e+01  -3.8 3.07e-01   0.7 4.34e-03 5.33e-02h  1
 172  1.3375580e+01 6.55e-05 1.18e+02  -3.8 5.81e-02   1.1 5.18e-01 6.18e-02h  1
 173  1.3353291e+01 6.38e-05 2.48e+02  -3.8 5.46e-01    -  6.47e-02 3.48e-02h  1
 174  1.3342178e+01 6.12e-05 1.67e+02  -3.8 2.18e-01    -  1.44e-02 4.34e-02h  1
 175  1.3328827e+01 5.64e-05 3.63e+02  -3.8 1.33e-01   0.6 2.78e-01 8.26e-02h  1
 176  1.3259171e+01 3.25e-05 1.96e+02  -3.8 3.13e-01   0.2 1.33e-01 5.61e-01h  1
 177  1.3241676e+01 2.72e-05 1.64e+02  -3.8 1.19e-01   0.6 3.18e-01 1.68e-01h  1
 178  1.3070667e+01 1.27e-04 9.10e+01  -3.8 7.15e-01   0.1 2.18e-01 4.20e-01h  1
 179  1.3061386e+01 1.22e-04 8.62e+01  -3.8 2.11e-01   0.5 1.60e-01 3.99e-02h  1
iter    objective    inf_pr   inf_du lg(mu)  ||d||  lg(rg) alpha_du alpha_pr  ls
 180  1.3014308e+01 1.16e-04 8.39e+01  -3.8 1.19e+00    -  4.76e-04 5.88e-02h  1
 181  1.3012272e+01 1.16e-04 1.05e+02  -3.8 7.63e-01   0.0 1.31e-01 2.88e-03h  1
 182  1.2987252e+01 1.08e-04 1.39e+02  -3.8 4.20e-01    -  8.88e-02 6.67e-02h  1
 183  1.2956306e+01 8.99e-05 8.27e+01  -3.8 1.87e-01    -  1.48e-01 1.72e-01h  1
 184  1.2892772e+01 1.41e-05 1.00e+03  -3.8 4.06e-02    -  4.57e-02 1.00e+00h  1
 185  1.2879409e+01 1.08e-05 6.01e+02  -3.8 1.30e-01   0.5 6.98e-01 2.41e-01h  1
 186  1.2742423e+01 1.30e-04 5.28e+02  -3.8 1.85e+00  -0.0 3.88e-03 1.72e-01h  1
 187  1.2729758e+01 1.24e-04 5.07e+02  -3.8 2.98e-01   0.4 2.64e-01 4.64e-02h  1
 188  1.2604950e+01 5.58e-05 1.71e+02  -3.8 2.98e-01    -  2.27e-03 6.15e-01h  1
 189  1.2588967e+01 5.43e-05 1.54e+02  -3.8 2.54e-01   0.9 3.12e-01 2.89e-02h  1
iter    objective    inf_pr   inf_du lg(mu)  ||d||  lg(rg) alpha_du alpha_pr  ls
 190  1.2561240e+01 4.80e-05 1.54e+02  -3.8 2.71e-01   0.4 5.67e-01 1.20e-01h  1
 191  1.2535197e+01 4.33e-05 1.91e+02  -3.8 2.78e-01    -  1.42e-01 1.03e-01h  1
 192  1.2520691e+01 4.20e-05 1.48e+02  -3.8 7.95e-01  -0.1 4.05e-03 3.24e-02h  1
 193  1.2454147e+01 1.87e-05 5.10e+01  -3.8 1.64e-01   0.3 4.51e-01 6.04e-01h  1
 194  1.2392180e+01 1.37e-05 9.26e+01  -3.8 1.01e-01   0.7 1.99e-01 1.00e+00h  1
 195  1.2341990e+01 1.41e-05 1.10e+01  -3.8 4.54e-02   1.2 7.98e-01 1.00e+00h  1
 196  1.2331836e+01 1.46e-05 5.24e+00  -3.8 4.70e-01   0.7 7.75e-02 1.66e-02h  1
 197  1.2203735e+01 7.31e-05 2.78e+01  -3.8 4.24e-01   0.2 2.56e-01 5.79e-01h  1
 198  1.2172297e+01 6.10e-05 1.88e+01  -3.8 1.53e-01   0.6 5.96e-01 1.88e-01h  1
 199  1.2156378e+01 6.11e-05 1.59e+01  -3.8 1.78e+00   0.2 4.76e-04 1.04e-02h  1
iter    objective    inf_pr   inf_du lg(mu)  ||d||  lg(rg) alpha_du alpha_pr  ls
 200  1.2146795e+01 5.95e-05 2.34e+02  -3.8 3.43e-01    -  1.38e-01 2.83e-02h  1
 201  1.2118779e+01 5.26e-05 1.80e+02  -3.8 2.28e-01    -  1.10e-01 1.28e-01h  1
 202  1.2104069e+01 5.28e-05 1.40e+02  -3.8 2.23e+00  -0.3 9.77e-04 1.12e-02h  1
 203  1.2061899e+01 8.01e-06 2.08e+02  -3.8 3.23e-02   1.0 4.85e-01 8.82e-01h  1
 204  1.2006939e+01 2.31e-05 1.22e+02  -3.8 2.46e-01   0.5 1.43e-01 3.84e-01h  1
 205  1.2006282e+01 2.28e-05 1.13e+02  -3.8 3.94e-02   1.0 1.00e+00 1.33e-02h  1
 206  1.1935011e+01 2.03e-05 1.28e+01  -3.8 1.30e-01   0.5 2.93e-01 1.00e+00h  1
 207  1.1811626e+01 7.26e-05 1.39e+01  -3.8 1.59e+00   0.0 1.24e-01 1.32e-01h  1
 208  1.1751230e+01 6.11e-05 2.13e+01  -3.8 2.83e-01   0.4 6.70e-02 2.34e-01h  1
 209  1.1739297e+01 5.77e-05 5.50e+01  -3.8 1.42e-01   0.9 3.82e-01 5.83e-02h  1
iter    objective    inf_pr   inf_du lg(mu)  ||d||  lg(rg) alpha_du alpha_pr  ls
 210  1.1723718e+01 5.72e-05 1.25e+02  -3.8 9.12e-01    -  2.75e-02 1.49e-02h  1
 211  1.1701224e+01 5.28e-05 1.29e+02  -3.8 2.69e-01    -  9.23e-02 8.58e-02h  1
 212  1.1665285e+01 5.14e-05 1.00e+02  -3.8 4.16e-01   0.4 4.92e-03 8.54e-02h  1
 213  1.1664047e+01 5.11e-05 4.73e+01  -3.8 4.38e-01  -0.1 1.29e-01 5.39e-03h  1
 214  1.1642101e+01 5.13e-05 8.21e+01  -3.8 4.78e+00  -0.6 1.47e-02 1.05e-02h  1
 215  1.1578304e+01 2.37e-05 1.17e+03  -3.8 7.92e-02    -  3.01e-02 9.83e-01h  1
 216  1.1562213e+01 1.27e-05 6.10e+02  -3.8 8.34e-02   0.8 7.38e-01 4.83e-01h  1
 217  1.1406401e+01 9.84e-05 1.70e+02  -3.8 3.83e-01   0.3 2.73e-01 7.29e-01h  1
 218  1.1377958e+01 9.43e-05 1.65e+02  -3.8 3.80e-01   0.7 3.75e-03 5.10e-02h  1
 219  1.1343641e+01 8.24e-05 1.44e+02  -3.8 3.73e-01   0.2 1.57e-01 1.31e-01h  1
iter    objective    inf_pr   inf_du lg(mu)  ||d||  lg(rg) alpha_du alpha_pr  ls
 220  1.1333008e+01 8.21e-05 1.43e+02  -3.8 3.06e+00  -0.2 2.11e-02 4.34e-03h  1
 221  1.1319477e+01 7.77e-05 2.34e+02  -3.8 2.55e-01    -  1.62e-01 5.51e-02h  1
 222  1.1306602e+01 6.97e-05 2.10e+02  -3.8 1.15e-01    -  1.04e-01 1.04e-01h  1
 223  1.1241922e+01 4.10e-05 8.96e+01  -3.8 2.20e-01   0.2 4.21e-01 4.58e-01h  1
 224  1.1165737e+01 1.75e-05 3.46e+01  -3.8 1.21e-01   0.6 7.20e-01 1.00e+00h  1
 225  1.1050337e+01 5.36e-05 5.16e+01  -3.8 6.30e-01   0.1 9.29e-02 2.89e-01h  1
 226  1.1049541e+01 5.35e-05 5.06e+01  -3.8 6.23e-01   0.6 3.14e-03 8.27e-04h  1
 227  1.0951653e+01 4.78e-05 6.89e+01  -3.8 6.65e-01   0.1 6.90e-02 2.49e-01h  1
 228  1.0929851e+01 4.47e-05 3.67e+01  -3.8 2.53e-01   0.5 4.11e-01 6.92e-02h  1
 229  1.0911459e+01 4.47e-05 8.99e+01  -3.8 6.10e+00    -  8.26e-03 3.72e-03h  1
iter    objective    inf_pr   inf_du lg(mu)  ||d||  lg(rg) alpha_du alpha_pr  ls
 230  1.0896575e+01 4.06e-05 3.27e+02  -3.8 1.52e-01    -  2.45e-01 9.37e-02h  1
 231  1.0833775e+01 4.00e-05 7.85e+01  -3.8 1.10e+00    -  8.69e-04 1.04e-01h  1
 232  1.0823135e+01 3.19e-05 1.91e+02  -3.8 2.94e-02    -  1.22e-01 2.03e-01h  1
 233  1.0731751e+01 4.97e-05 1.86e+02  -3.8 1.52e+00   0.0 6.10e-03 1.05e-01h  1
 234  1.0731401e+01 4.97e-05 1.87e+02  -3.8 6.88e-01    -  1.15e-01 6.60e-04h  1
 235  1.0593289e+01 6.08e-05 1.36e+02  -3.8 9.22e-01    -  8.47e-04 2.70e-01h  1
 236  1.0570638e+01 5.63e-05 1.09e+02  -3.8 2.73e-01   0.5 5.60e-01 8.31e-02h  1
 237  1.0524480e+01 5.68e-05 1.05e+02  -3.8 1.60e+00  -0.0 1.47e-02 3.41e-02h  1
 238  1.0520375e+01 5.62e-05 2.05e+02  -3.8 3.62e-01    -  7.18e-02 1.02e-02h  1
 239  1.0514775e+01 5.36e-05 4.30e+02  -3.8 7.97e-02    -  2.41e-01 4.77e-02h  1
iter    objective    inf_pr   inf_du lg(mu)  ||d||  lg(rg) alpha_du alpha_pr  ls
 240  1.0449708e+01 6.76e-05 1.47e+02  -3.8 5.65e+00    -  1.32e-04 1.98e-02h  1
 241  1.0446058e+01 6.75e-05 1.97e+02  -3.8 2.79e+00  -0.5 1.09e-02 2.03e-03h  1
 242  1.0440682e+01 5.48e-05 3.09e+02  -3.8 2.15e-01    -  3.91e-02 1.90e-01h  1
 243  1.0362481e+01 4.34e-05 1.80e+02  -3.8 1.71e-01   0.8 2.34e-01 4.44e-01h  1
 244  1.0361924e+01 4.34e-05 1.62e+02  -3.8 1.54e+00   0.4 5.68e-02 3.69e-04h  1
 245  1.0287095e+01 6.22e-06 6.95e+00  -3.8 7.60e-02   0.8 8.13e-01 1.00e+00h  1
 246  1.0169901e+01 4.66e-05 1.25e+01  -3.8 3.76e-01   0.3 3.60e-01 4.96e-01h  1
 247  1.0119021e+01 4.35e-05 2.50e+01  -3.8 2.47e-01   0.7 7.26e-03 1.91e-01h  1
 248  1.0114871e+01 4.16e-05 1.05e+02  -3.8 5.41e-02   1.2 4.37e-01 4.42e-02h  1
 249  1.0093365e+01 4.05e-05 2.94e+02  -3.8 4.81e-01    -  8.83e-02 3.63e-02h  1
iter    objective    inf_pr   inf_du lg(mu)  ||d||  lg(rg) alpha_du alpha_pr  ls
 250  1.0080960e+01 3.83e-05 2.08e+02  -3.8 2.12e-01    -  1.84e-02 5.89e-02h  1
 251  1.0008280e+01 2.41e-05 1.35e+02  -3.8 1.15e-01   0.7 3.13e-01 5.65e-01h  1
 252  1.0005268e+01 2.33e-05 2.01e+02  -3.8 6.27e-02   1.1 9.18e-01 3.58e-02h  1
 253  9.9855502e+00 1.28e-05 1.42e+02  -3.8 6.79e-02   0.6 3.29e-01 4.63e-01h  1
 254  9.9452315e+00 1.85e-05 1.23e+02  -3.8 6.34e-01   0.2 1.47e-01 1.32e-01h  1
 255  9.8579679e+00 2.35e-05 4.59e+00  -3.8 1.40e-01   0.6 8.08e-01 1.00e+00h  1
 256  9.7858604e+00 3.34e-05 2.09e+01  -3.8 7.54e-02   1.0 6.89e-01 1.00e+00h  1
 257  9.7227555e+00 5.08e-05 1.68e+01  -3.8 2.68e+00   0.5 2.23e-02 1.79e-02h  1
 258  9.7053047e+00 4.79e-05 1.03e+02  -3.8 1.34e-01   1.0 4.43e-01 7.11e-02h  1
 259  9.6807496e+00 4.74e-05 2.10e+02  -3.8 5.50e-01    -  5.30e-02 2.96e-02h  1
iter    objective    inf_pr   inf_du lg(mu)  ||d||  lg(rg) alpha_du alpha_pr  ls
 260  9.6585130e+00 4.83e-05 1.39e+02  -3.8 5.45e-01   0.5 2.21e-03 2.73e-02h  1
 261  9.6466541e+00 4.65e-05 2.58e+02  -3.8 4.47e-01  -0.0 1.81e-01 4.70e-02h  1
 262  9.6111900e+00 5.11e-05 1.93e+02  -3.8 2.31e+00  -0.5 1.78e-02 3.00e-02h  1
 263  9.5922739e+00 2.74e-05 3.85e+02  -3.8 2.85e-02    -  9.20e-02 4.65e-01h  1
 264  9.5556026e+00 4.86e-06 9.18e+00  -3.8 6.25e-02   0.8 7.03e-01 1.00e+00h  1
 265  9.4277123e+00 5.53e-05 5.51e+01  -3.8 2.72e-01   0.4 2.26e-01 7.76e-01h  1
 266  9.4266887e+00 5.51e-05 4.62e+01  -3.8 1.58e-01   0.8 2.27e-01 3.78e-03h  1
 267  9.3292208e+00 6.28e-05 4.14e+01  -3.8 6.72e+00    -  3.90e-04 2.26e-02h  1
 268  9.3094993e+00 5.94e-05 5.67e+01  -3.8 3.86e-01   0.3 2.85e-01 5.70e-02h  1
 269  9.2928530e+00 5.90e-05 1.43e+02  -3.8 2.15e+00    -  3.10e-02 9.02e-03h  1
iter    objective    inf_pr   inf_du lg(mu)  ||d||  lg(rg) alpha_du alpha_pr  ls
 270  9.2788889e+00 5.40e-05 2.57e+02  -3.8 1.48e-01    -  1.66e-01 8.46e-02h  1
 271  9.1178120e+00 9.33e-05 8.06e+01  -3.8 3.17e+00  -0.2 3.91e-04 8.40e-02h  1
 272  9.1171384e+00 9.33e-05 7.83e+01  -3.8 4.17e+00  -0.6 1.41e-02 1.81e-04h  1
 273  8.9979598e+00 9.51e-05 7.51e+01  -3.8 1.75e+00  -0.2 6.73e-04 9.23e-02h  1
 274  8.9855247e+00 9.37e-05 7.27e+01  -3.8 8.51e-01   0.2 9.24e-02 1.47e-02h  1
 275  8.7463875e+00 4.08e-05 6.62e+01  -3.8 1.90e-01   0.6 5.28e-01 1.00e+00h  1
 276  8.6207869e+00 3.07e-05 9.11e+01  -3.8 1.01e-01   1.1 2.51e-02 7.06e-01h  1
 277  8.5447607e+00 4.18e-05 6.11e+01  -3.8 4.31e+00   0.6 1.97e-02 7.70e-03h  1
 278  8.5437685e+00 4.18e-05 3.30e+01  -3.8 4.31e+00   0.1 2.98e-02 1.71e-04h  1
 279  8.4884869e+00 4.38e-05 4.20e+01  -3.8 6.52e-01   0.5 1.16e-03 6.97e-02h  1
iter    objective    inf_pr   inf_du lg(mu)  ||d||  lg(rg) alpha_du alpha_pr  ls
 280  8.4485663e+00 3.58e-05 4.71e+01  -3.8 1.23e-01   1.0 8.65e-02 2.13e-01h  1
 281  8.4213183e+00 3.67e-05 4.77e+01  -3.8 1.99e+01   0.5 6.26e-04 8.38e-04h  1
 282  8.0452673e+00 2.96e-04 8.72e+01  -3.8 2.06e-01   0.9 5.00e-01 1.00e+00h  1
 283  7.8419403e+00 1.77e-04 9.81e+01  -3.8 9.14e-02   1.3 2.87e-02 4.81e-01h  1
 284  7.7920247e+00 1.76e-04 7.62e+01  -3.8 5.95e-01   0.9 7.74e-02 1.84e-02h  1
 285  7.7061393e+00 1.50e-04 7.63e+01  -3.8 1.12e-01   1.3 6.35e-02 1.75e-01h  1
 286  7.6647839e+00 1.48e-04 7.32e+01  -3.8 5.40e-01   0.8 2.32e-02 1.74e-02h  1
 287  7.4932877e+00 5.47e-05 8.04e+01  -3.8 9.29e-02   1.2 2.21e-01 6.48e-01h  1
 288  7.3413247e+00 6.04e-05 9.58e+01  -3.8 6.16e-01   0.8 1.78e-02 6.87e-02h  1
 289  7.1722574e+00 5.82e-05 7.20e+01  -3.8 1.44e-01   1.2 2.45e-01 2.40e-01h  1
iter    objective    inf_pr   inf_du lg(mu)  ||d||  lg(rg) alpha_du alpha_pr  ls
 290  7.0815560e+00 4.51e-05 3.35e+01  -3.8 4.83e-02   1.6 4.86e-01 3.28e-01h  1
 291  7.0322503e+00 4.48e-05 2.91e+01  -3.8 1.88e-01   1.1 7.99e-02 5.13e-02h  1
 292  6.9169765e+00 4.13e-05 3.66e+01  -3.8 5.60e-02   1.6 6.80e-02 3.49e-01h  1
 293  6.8684819e+00 2.86e-05 4.02e+01  -3.8 2.02e-02   2.0 1.66e-01 3.40e-01h  1
 294  6.7874140e+00 2.94e-05 3.45e+01  -3.8 6.71e-02   1.5 1.55e-01 1.37e-01h  1
 295  6.7067385e+00 1.02e-05 1.87e+01  -3.8 1.92e-02   1.9 1.00e+00 6.70e-01h  1
 296  6.5872210e+00 1.96e-05 5.19e+01  -3.8 7.31e-02   1.5 3.09e-02 1.90e-01h  1
 297  6.4489216e+00 1.89e-05 8.71e+01  -3.8 2.41e-02   1.9 1.68e-01 5.91e-01h  1
 298  6.4106604e+00 1.92e-05 8.06e+01  -3.8 1.05e-01   1.4 5.94e-02 2.69e-02h  1
 299  6.3113874e+00 1.76e-05 5.66e+01  -3.8 3.04e-02   1.8 2.60e-01 3.33e-01h  1
iter    objective    inf_pr   inf_du lg(mu)  ||d||  lg(rg) alpha_du alpha_pr  ls
 300  6.0890624e+00 3.59e-05 8.10e+01  -3.8 1.21e-01   1.4 1.04e-02 1.15e-01h  1
 301  6.0417789e+00 3.30e-05 3.35e+01  -3.8 3.40e-02   1.8 4.04e-01 9.81e-02h  1
 302  5.8275662e+00 4.11e-05 3.11e+01  -3.8 1.38e-01   1.3 7.83e-02 7.55e-02h  1
 303  5.7674345e+00 3.75e-05 2.80e+01  -3.8 3.84e-02   1.7 1.12e-01 1.03e-01h  1
 304  5.7235847e+00 3.70e-05 9.43e+01  -3.8 1.34e-01   1.3 1.07e-01 2.09e-02h  1
 305  5.5507675e+00 2.99e-05 2.50e+01  -3.8 4.27e-02   1.7 2.58e-01 3.22e-01h  1
 306  5.2993352e+00 3.57e-05 1.75e+01  -3.8 2.05e-01   1.2 5.97e-02 9.47e-02h  1
 307  5.2196916e+00 3.33e-05 6.78e+01  -3.8 5.45e-02   1.6 5.25e-01 9.03e-02h  1
 308  4.9911296e+00 4.11e-05 5.48e+01  -3.8 2.98e-01   1.2 2.74e-03 4.06e-02h  1
 309  4.9393987e+00 3.96e-05 5.52e+01  -3.8 6.48e-02   1.6 1.35e-01 4.80e-02h  1
iter    objective    inf_pr   inf_du lg(mu)  ||d||  lg(rg) alpha_du alpha_pr  ls
 310  4.6500795e+00 4.93e-05 4.68e+01  -3.8 1.22e+00   1.1 4.57e-04 1.25e-02h  1
 311  4.5608009e+00 4.74e-05 7.45e+01  -3.8 7.57e-02   1.5 3.22e-01 5.58e-02h  1
 312  4.4207545e+00 4.85e-05 1.08e+02  -3.8 2.86e-01   1.1 7.03e-02 3.24e-02h  1
 313  4.1934510e+00 4.60e-05 5.67e+01  -3.8 7.28e-02   1.5 2.63e-02 1.59e-01h  1
 314  4.1168488e+00 4.58e-05 1.39e+02  -3.8 2.94e-01   1.0 1.19e-01 1.86e-02h  1
 315  3.6715174e+00 6.78e-05 8.77e+01  -3.8 6.29e+00   0.5 1.36e-03 8.77e-03h  1
 316  3.5122143e+00 6.80e-05 8.01e+01  -3.8 4.28e-01   1.0 1.70e-03 1.82e-02h  1
 317  3.4572763e+00 6.59e-05 9.37e+01  -3.8 8.81e-02   1.4 1.83e-01 3.25e-02h  1
 318  3.3602876e+00 6.54e-05 9.25e+01  -3.8 3.47e-01   0.9 4.23e-02 1.75e-02h  1
 319  3.1744320e+00 5.82e-05 9.87e+01  -3.8 9.71e-02   1.3 1.82e-01 1.46e-01h  1
iter    objective    inf_pr   inf_du lg(mu)  ||d||  lg(rg) alpha_du alpha_pr  ls
 320  2.9658999e+00 5.94e-05 7.81e+01  -3.8 7.25e-01   0.8 2.76e-04 1.66e-02h  1
 321  2.7865948e+00 5.60e-05 1.08e+02  -3.8 1.20e-01   1.3 4.56e-01 9.24e-02h  1
 322  2.6403767e+00 5.71e-05 2.97e+02  -3.8 1.05e+00   0.8 6.92e-02 1.03e-02h  1
 323  1.6166469e+00 1.72e-04 1.51e+02  -3.8 1.47e-01   1.2 1.65e-03 5.02e-01h  1
 324  1.5025855e+00 1.56e-04 2.52e+02  -3.8 6.62e-02   1.6 1.00e+00 9.78e-02h  1
 325  1.3288858e+00 1.51e-04 2.66e+02  -3.8 2.70e-01   1.2 1.72e-01 4.35e-02h  1
 326  1.0236228e+00 1.06e-04 2.09e+02  -3.8 7.89e-02   1.6 1.00e+00 3.16e-01h  1
 327  9.5142649e-01 1.03e-04 2.45e+02  -3.8 2.96e-01   1.1 3.35e-01 2.71e-02h  1
 328  6.7195070e-01 1.05e-04 2.92e+02  -3.8 3.94e+00   0.6 3.50e-02 8.43e-03h  1
 329  5.2700347e-01 9.69e-05 2.94e+02  -3.8 3.33e-01   1.1 7.70e-01 8.65e-02h  1
iter    objective    inf_pr   inf_du lg(mu)  ||d||  lg(rg) alpha_du alpha_pr  ls
 330  2.5216005e-01 1.05e-04 2.67e+02  -3.8 2.90e+00   0.6 5.84e-05 1.75e-02h  1
 331  2.4838715e-01 1.04e-04 2.67e+02  -3.8 1.71e-01   1.0 1.00e+00 9.10e-03h  1
 332  2.1581033e-01 7.45e-05 1.97e+02  -3.8 5.62e-02   1.4 8.78e-01 2.83e-01h  1
 333 -1.0344830e-02 3.65e-05 7.53e+01  -3.8 1.92e-01   1.0 9.74e-01 5.76e-01h  1
 334 -1.0984947e-02 3.64e-05 9.40e+01  -3.8 8.17e-02    -  4.38e-01 3.83e-03h  1
 335 -1.0973226e-02 3.44e-05 9.20e+01  -3.8 8.20e-03   1.4 1.00e+00 5.46e-02h  1
 336 -1.1110479e-02 4.43e-05 3.83e+01  -3.8 4.12e-02    -  1.86e-01 9.52e-01h  1
 337 -1.1076828e-02 1.51e-04 1.11e+01  -3.8 5.21e-02    -  7.10e-01 1.00e+00h  1
 338 -1.1083428e-02 5.22e-05 4.33e-02  -3.8 4.49e-02    -  1.00e+00 1.00e+00h  1
 339 -1.1083371e-02 8.94e-05 4.69e-01  -3.8 1.84e-01    -  1.00e+00 2.66e-01h  1
iter    objective    inf_pr   inf_du lg(mu)  ||d||  lg(rg) alpha_du alpha_pr  ls
 340 -1.1082472e-02 1.60e-04 1.22e-02  -3.8 7.07e-02    -  9.75e-01 1.00e+00h  1
 341 -1.1082988e-02 1.89e-05 3.02e-04  -3.8 1.55e-02    -  1.00e+00 1.00e+00h  1
 342 -1.9371072e-02 5.92e-09 3.05e-01  -5.0 1.13e-01    -  8.87e-01 1.00e+00h  1
 343 -1.9455795e-02 3.30e-08 2.05e-07  -5.0 7.16e-02    -  1.00e+00 1.00e+00h  1

Number of Iterations....: 343

                                   (scaled)                 (unscaled)
Objective...............:  -1.9455794978960154e-02   -1.9455794978960154e-02
Dual infeasibility......:   2.0499613579880692e-07    2.0499613579880692e-07
Constraint violation....:   3.3031174078144026e-08    3.3031174078144026e-08
Complementarity.........:   1.0535277593168429e-05    1.0535277593168429e-05
Overall NLP error.......:   1.0535277593168429e-05    1.0535277593168429e-05

Number of objective function evaluations             = 344
Number of objective gradient evaluations             = 344
Number of constraint evaluations                     = 344
Number of constraint Jacobian evaluations            = 344
Number of Lagrangian Hessian evaluations             = 343
Total wall-clock secs in solver (w/o fun. eval./lin. alg.)  =  1.315
Total wall-clock secs in linear solver                      =  1.008
Total wall-clock secs in NLP function evaluations           =  0.436
Total wall-clock secs                                       =  2.760

EXIT: Optimal Solution Found (tol = 1.0e-04).
