Total number of variables............................:     1155
                     variables with only lower bounds:      560
                variables with lower and upper bounds:       35
                     variables with only upper bounds:        0
Total number of equality constraints.................:     1120
Total number of inequality constraints...............:      140
        inequality constraints with only lower bounds:        0
   inequality constraints with lower and upper bounds:        0
        inequality constraints with only upper bounds:      140


Number of Iterations....: 473

                                   (scaled)                 (unscaled)
Objective...............:   6.4498313579473376e+01    6.4498313579473376e+01
Dual infeasibility......:   8.3333334134776340e+00    8.3333334134776340e+00
Constraint violation....:   1.1088342454383399e-06    1.1088342454383399e-06
Variable bound violation:   9.9932801573588515e-09    9.9932801573588515e-09
Complementarity.........:   2.6119775090939496e-09    2.6119775090939496e-09
Overall NLP error.......:   8.3333334134776340e+00    8.3333334134776340e+00


Number of objective function evaluations             = 922
Number of objective gradient evaluations             = 211
Number of equality constraint evaluations            = 922
Number of inequality constraint evaluations          = 922
Number of equality constraint Jacobian evaluations   = 484
Number of inequality constraint Jacobian evaluations = 484
Number of Lagrangian Hessian evaluations             = 474
Total seconds in IPOPT (w/o function evaluations)    =      4.841
Total seconds in NLP function evaluations            =      0.076


Timing Statistics:

OverallAlgorithm....................:     15.106 (sys:     11.258 wall:      4.916)
 PrintProblemStatistics.............:      0.000 (sys:      0.000 wall:      0.000)
 InitializeIterates.................:      0.007 (sys:      0.000 wall:      0.008)
 UpdateHessian......................:      0.018 (sys:      0.013 wall:      0.010)
 OutputIteration....................:      0.022 (sys:      0.021 wall:      0.009)
 UpdateBarrierParameter.............:      0.009 (sys:      0.006 wall:      0.006)
 ComputeSearchDirection.............:     11.487 (sys:      9.682 wall:      2.418)
 ComputeAcceptableTrialPoint........:      3.462 (sys:      1.442 wall:      2.416)
 AcceptTrialPoint...................:      0.015 (sys:      0.015 wall:      0.007)
 CheckConvergence...................:      0.071 (sys:      0.068 wall:      0.035)
PDSystemSolverTotal.................:     11.808 (sys:      9.866 wall:      2.549)
 PDSystemSolverSolveOnce............:     11.707 (sys:      9.810 wall:      2.507)
 ComputeResiduals...................:      0.062 (sys:      0.034 wall:      0.024)
 StdAugSystemSolverMultiSolve.......:     13.900 (sys:     10.555 wall:      4.224)
 LinearSystemScaling................:      0.000 (sys:      0.000 wall:      0.000)
 LinearSystemSymbolicFactorization..:      0.003 (sys:      0.000 wall:      0.003)
 LinearSystemFactorization..........:      0.000 (sys:      0.000 wall:      0.000)
 LinearSystemBackSolve..............:      2.017 (sys:      1.249 wall:      0.954)
 LinearSystemStructureConverter.....:      0.000 (sys:      0.000 wall:      0.000)
  LinearSystemStructureConverterInit:      0.000 (sys:      0.000 wall:      0.000)
QualityFunctionSearch...............:      0.000 (sys:      0.000 wall:      0.000)
TryCorrector........................:      0.000 (sys:      0.000 wall:      0.000)
Task1...............................:      0.000 (sys:      0.000 wall:      0.000)
Task2...............................:      0.000 (sys:      0.000 wall:      0.000)
Task3...............................:      0.000 (sys:      0.000 wall:      0.000)
Task4...............................:      0.000 (sys:      0.000 wall:      0.000)
Task5...............................:      0.000 (sys:      0.000 wall:      0.000)
Task6...............................:      0.000 (sys:      0.000 wall:      0.000)
Function Evaluations................:      0.143 (sys:      0.099 wall:      0.076)
 Objective function.................:      0.017 (sys:      0.011 wall:      0.009)
 Objective function gradient........:      0.004 (sys:      0.004 wall:      0.002)
 Equality constraints...............:      0.063 (sys:      0.045 wall:      0.030)
 Inequality constraints.............:      0.012 (sys:      0.009 wall:      0.006)
 Equality constraint Jacobian.......:      0.009 (sys:      0.006 wall:      0.005)
 Inequality constraint Jacobian.....:      0.017 (sys:      0.013 wall:      0.011)
 Lagrangian Hessian.................:      0.021 (sys:      0.011 wall:      0.013)

EXIT: Converged to a point of local infeasibility. Problem may be infeasible.
