Total number of variables............................:     7150
                     variables with only lower bounds:     3520
                variables with lower and upper bounds:      110
                     variables with only upper bounds:        0
Total number of equality constraints.................:     7040
Total number of inequality constraints...............:      880
        inequality constraints with only lower bounds:        0
   inequality constraints with lower and upper bounds:        0
        inequality constraints with only upper bounds:      880


Number of Iterations....: 89

                                   (scaled)                 (unscaled)
Objective...............:   6.2227564833712236e+01    6.2227564833712236e+01
Dual infeasibility......:   1.5524209695527702e-10    1.5524209695527702e-10
Constraint violation....:   4.0076855679568868e-16    4.0076855679568868e-16
Variable bound violation:   7.5903031524325201e-09    7.5903031524325201e-09
Complementarity.........:   2.5082449380668629e-09    2.5082449380668629e-09
Overall NLP error.......:   2.5082449380668629e-09    2.5082449380668629e-09


Number of objective function evaluations             = 92
Number of objective gradient evaluations             = 90
Number of equality constraint evaluations            = 92
Number of inequality constraint evaluations          = 92
Number of equality constraint Jacobian evaluations   = 90
Number of inequality constraint Jacobian evaluations = 90
Number of Lagrangian Hessian evaluations             = 89
Total seconds in IPOPT (w/o function evaluations)    =      7.382
Total seconds in NLP function evaluations            =      0.097


Timing Statistics:

OverallAlgorithm....................:     57.981 (sys:     57.469 wall:      7.478)
 PrintProblemStatistics.............:      0.003 (sys:      0.002 wall:      0.000)
 InitializeIterates.................:      0.117 (sys:      0.085 wall:      0.041)
 UpdateHessian......................:      0.274 (sys:      0.255 wall:      0.034)
 OutputIteration....................:      0.270 (sys:      0.291 wall:      0.038)
 UpdateBarrierParameter.............:      0.046 (sys:      0.046 wall:      0.006)
 ComputeSearchDirection.............:     55.506 (sys:     54.998 wall:      7.130)
 ComputeAcceptableTrialPoint........:      1.022 (sys:      1.116 wall:      0.138)
 AcceptTrialPoint...................:      0.092 (sys:      0.086 wall:      0.011)
 CheckConvergence...................:      0.600 (sys:      0.543 wall:      0.074)
PDSystemSolverTotal.................:     55.508 (sys:     54.984 wall:      7.129)
 PDSystemSolverSolveOnce............:     54.320 (sys:     53.829 wall:      6.979)
 ComputeResiduals...................:      0.940 (sys:      0.935 wall:      0.121)
 StdAugSystemSolverMultiSolve.......:     54.189 (sys:     53.729 wall:      6.990)
 LinearSystemScaling................:      0.000 (sys:      0.000 wall:      0.000)
 LinearSystemSymbolicFactorization..:      0.012 (sys:      0.000 wall:      0.012)
 LinearSystemFactorization..........:      0.000 (sys:      0.000 wall:      0.000)
 LinearSystemBackSolve..............:     13.896 (sys:     13.706 wall:      1.773)
 LinearSystemStructureConverter.....:      0.000 (sys:      0.000 wall:      0.000)
  LinearSystemStructureConverterInit:      0.000 (sys:      0.000 wall:      0.000)
QualityFunctionSearch...............:      0.000 (sys:      0.000 wall:      0.000)
TryCorrector........................:      0.000 (sys:      0.000 wall:      0.000)
Task1...............................:      0.000 (sys:      0.000 wall:      0.000)
Task2...............................:      0.000 (sys:      0.000 wall:      0.000)
Task3...............................:      0.000 (sys:      0.000 wall:      0.000)
Task4...............................:      0.000 (sys:      0.000 wall:      0.000)
Task5...............................:      0.000 (sys:      0.000 wall:      0.000)
Task6...............................:      0.000 (sys:      0.000 wall:      0.000)
Function Evaluations................:      0.754 (sys:      0.746 wall:      0.097)
 Objective function.................:      0.023 (sys:      0.020 wall:      0.002)
 Objective function gradient........:      0.025 (sys:      0.021 wall:      0.003)
 Equality constraints...............:      0.255 (sys:      0.279 wall:      0.035)
 Inequality constraints.............:      0.009 (sys:      0.009 wall:      0.001)
 Equality constraint Jacobian.......:      0.041 (sys:      0.038 wall:      0.005)
 Inequality constraint Jacobian.....:      0.156 (sys:      0.148 wall:      0.020)
 Lagrangian Hessian.................:      0.245 (sys:      0.231 wall:      0.031)

EXIT: Optimal Solution Found.
