This is MadNLP version v0.8.3, running with cuDSS v0.1.0

Number of nonzeros in constraint Jacobian............:    11848
Number of nonzeros in Lagrangian Hessian.............:     5280

Total number of variables............................:     3630
                     variables with only lower bounds:     1760
                variables with lower and upper bounds:      110
                     variables with only upper bounds:        0
Total number of equality constraints.................:     3520
Total number of inequality constraints...............:      440
        inequality constraints with only lower bounds:        0
   inequality constraints with lower and upper bounds:        0
        inequality constraints with only upper bounds:      440

iter    objective    inf_pr   inf_du lg(mu)  ||d||  lg(rg) alpha_du alpha_pr  ls
   0  4.0000000e+01 9.90e-01 2.02e+00  -1.0 0.00e+00    -  0.00e+00 0.00e+00   0
   1  3.9869190e+01 9.87e-01 2.02e+00  -1.0 1.12e+00    -  1.83e-03 2.49e-03h  1
   2  3.9642219e+01 9.83e-01 9.12e+00  -1.0 1.02e+00    -  1.28e-02 4.55e-03h  1
   3  3.8969962e+01 9.70e-01 1.41e+01  -1.0 9.90e-01    -  1.80e-02 1.29e-02h  1
   4  3.7501359e+01 9.45e-01 1.64e+01  -1.0 9.74e-01    -  2.79e-02 2.56e-02h  1
   5  3.3676884e+01 8.89e-01 1.21e+01  -1.0 9.48e-01    -  4.91e-02 5.94e-02h  1
   6  1.8896264e+01 6.37e-01 1.24e+02  -1.0 8.92e-01    -  8.23e-02 2.83e-01h  1
   7  2.1152655e+01 4.28e-01 2.75e+02  -1.0 9.84e-01    -  1.07e-01 3.29e-01h  1
   8  4.4462763e+01 1.90e-01 2.07e+02  -1.0 9.64e-01    -  1.54e-01 5.57e-01h  1
   9  4.9224038e+01 9.32e-02 6.09e+01  -1.0 3.12e-01    -  4.98e-01 5.08e-01h  1
iter    objective    inf_pr   inf_du lg(mu)  ||d||  lg(rg) alpha_du alpha_pr  ls
  10  4.8776031e+01 4.20e-02 3.54e+01  -1.0 4.60e-01    -  6.59e-01 5.50e-01h  1
  11  4.7863996e+01 1.70e-02 1.45e+02  -1.0 6.01e-01    -  1.00e+00 5.95e-01h  1
  12  4.7476754e+01 2.21e-03 3.39e+01  -1.0 3.93e-01    -  1.00e+00 8.70e-01h  1
  13  4.7421719e+01 1.03e-04 3.25e-01  -1.0 1.56e-01    -  1.00e+00 1.00e+00h  1
  14  3.9974313e+01 3.03e-04 3.72e+02  -1.7 2.13e-01    -  8.27e-01 1.00e+00h  1
  15  3.5039365e+01 3.43e-04 8.15e+01  -1.7 6.30e-01    -  7.96e-01 5.43e-01h  1
  16  3.1551112e+01 4.11e-04 2.97e+01  -1.7 7.10e-01    -  6.37e-01 6.25e-01h  1
  17  3.0278544e+01 1.86e-04 6.15e-01  -1.7 2.13e-01    -  1.00e+00 1.00e+00h  1
  18  3.0212543e+01 5.98e-05 2.33e-01  -1.7 1.06e-01    -  1.00e+00 1.00e+00h  1
  19  3.0190566e+01 1.98e-06 5.93e-03  -1.7 1.87e-02    -  1.00e+00 1.00e+00h  1
iter    objective    inf_pr   inf_du lg(mu)  ||d||  lg(rg) alpha_du alpha_pr  ls
  20  2.7573463e+01 1.84e-04 2.61e+01  -3.8 9.66e-01    -  3.37e-01 2.89e-01f  1
  21  2.6541211e+01 1.62e-04 4.17e+01  -3.8 9.97e-01    -  2.06e-01 1.44e-01h  1
  22  2.6320246e+01 2.51e-04 3.72e+01  -3.8 2.61e+01    -  1.13e-02 1.52e-02h  1
  23  2.5780536e+01 2.30e-04 7.02e+01  -3.8 4.75e-01    -  2.53e-01 8.58e-02h  1
  24  2.5477058e+01 2.94e-04 5.98e+01  -3.8 2.19e+01  -2.0 9.41e-03 2.72e-02h  1
  25  2.5154003e+01 2.78e-04 1.03e+02  -3.8 2.37e-01    -  3.58e-01 5.49e-02h  1
  26  2.2349877e+01 1.52e-04 2.69e+01  -3.8 5.18e-01    -  1.54e-01 4.49e-01h  1
  27  2.2178795e+01 1.62e-04 2.56e+01  -3.8 1.84e+01  -1.6 1.65e-02 2.00e-02h  1
  28  2.2085995e+01 1.61e-04 2.58e+01  -3.8 7.30e+00  -1.1 2.02e-02 1.54e-02h  1
  29  2.1609527e+01 1.40e-04 2.29e+01  -3.8 5.17e-01    -  1.39e-01 1.33e-01h  1
iter    objective    inf_pr   inf_du lg(mu)  ||d||  lg(rg) alpha_du alpha_pr  ls
  30  2.1375354e+01 2.35e-04 5.40e+01  -3.8 2.47e+01    -  4.38e-03 2.62e-02h  1
  31  2.1289118e+01 2.28e-04 7.04e+01  -3.8 1.36e-01    -  2.24e-01 2.86e-02h  1
  32  2.0890514e+01 1.98e-04 7.23e+01  -3.8 1.43e-01    -  3.04e-01 1.32e-01h  1
  33  1.9814219e+01 1.15e-04 1.03e+02  -3.8 1.55e-01    -  1.20e-01 4.20e-01h  1
  34  1.9626570e+01 1.13e-04 9.22e+01  -3.8 3.72e+00    -  3.19e-02 7.75e-02h  1
  35  1.9193559e+01 1.10e-04 7.08e+01  -3.8 1.61e+00  -0.7 2.07e-01 2.35e-01h  1
  36  1.9185352e+01 1.10e-04 7.04e+01  -3.8 1.22e+00    -  4.04e-03 5.99e-03h  1
  37  1.8863741e+01 1.24e-04 6.58e+01  -3.8 2.40e+00    -  3.35e-02 2.08e-01h  1
  38  1.8791025e+01 1.16e-04 3.71e+01  -3.8 5.83e-01  -0.3 3.73e-01 7.43e-02h  1
  39  1.8409461e+01 1.47e-04 5.41e+01  -3.8 3.76e-01   0.1 7.12e-03 4.61e-01h  1
iter    objective    inf_pr   inf_du lg(mu)  ||d||  lg(rg) alpha_du alpha_pr  ls
  40  1.8405459e+01 1.46e-04 3.01e+01  -3.8 5.53e-01  -0.3 2.67e-01 7.87e-03h  1
  41  1.8279974e+01 1.53e-04 3.11e+01  -3.8 3.63e+00  -0.8 3.60e-02 1.03e-01h  1
  42  1.8260662e+01 1.52e-04 1.06e+02  -3.8 5.84e+00  -1.3 3.51e-02 8.55e-03h  1
  43  1.8222195e+01 1.51e-04 5.94e+01  -3.8 3.70e+00  -0.9 3.98e-04 1.78e-02h  1
  44  1.8172867e+01 1.47e-04 1.57e+02  -3.8 1.95e+00  -0.4 1.76e-02 3.25e-02h  1
  45  1.8145038e+01 1.48e-04 1.60e+02  -3.8 4.55e+01  -0.0 2.54e-04 1.15e-03h  1
  46  1.8123766e+01 1.42e-04 1.43e+02  -3.8 8.50e-01  -0.5 2.16e-01 4.58e-02h  1
  47  1.7889151e+01 3.80e-05 3.79e+01  -3.8 2.73e-01  -0.1 7.00e-01 7.50e-01h  1
  48  1.7801734e+01 1.10e-04 7.49e+00  -3.8 1.69e-01   0.4 7.89e-01 1.00e+00h  1
  49  1.7751500e+01 1.45e-05 1.86e+00  -3.8 6.87e-02   0.8 7.68e-01 1.00e+00h  1
iter    objective    inf_pr   inf_du lg(mu)  ||d||  lg(rg) alpha_du alpha_pr  ls
  50  1.7694640e+01 5.20e-05 5.55e+00  -3.8 3.62e-01   0.3 3.71e-01 2.60e-01h  1
  51  1.7691483e+01 4.99e-05 1.80e+02  -3.8 8.57e-02   0.7 1.00e+00 4.24e-02h  1
  52  1.7662233e+01 1.64e-05 7.03e+01  -3.8 1.16e-01   0.2 1.00e+00 6.92e-01h  1
  53  1.7630896e+01 1.40e-05 1.10e+02  -3.8 2.96e-01  -0.2 1.24e-01 3.43e-01h  1
  54  1.7563224e+01 2.57e-04 2.56e+01  -3.8 3.56e-01   0.2 3.57e-01 6.91e-01h  1
  55  1.7516834e+01 1.74e-04 1.16e+01  -3.8 1.30e-01   0.6 8.33e-01 3.55e-01h  1
  56  1.7445475e+01 3.16e-05 1.43e+01  -3.8 1.81e-01   0.1 1.15e-01 1.00e+00h  1
  57  1.7430887e+01 2.73e-05 1.23e+02  -3.8 9.19e-02   0.6 8.36e-01 1.52e-01h  1
  58  1.7410505e+01 2.68e-05 1.17e+02  -3.8 2.19e-01   0.1 2.69e-01 2.34e-01h  1
  59  1.7381237e+01 2.69e-05 6.13e+00  -3.8 1.11e-01   0.5 1.00e+00 7.17e-01h  1
iter    objective    inf_pr   inf_du lg(mu)  ||d||  lg(rg) alpha_du alpha_pr  ls
  60  1.7309349e+01 1.22e-04 6.29e+01  -3.8 8.08e-01   0.0 1.22e-01 1.78e-01h  1
  61  1.7308619e+01 1.22e-04 6.41e+01  -3.8 2.19e+00  -0.4 4.42e-02 8.37e-04h  1
  62  1.7280373e+01 1.35e-04 6.22e+01  -3.8 4.10e+00  -0.0 3.05e-04 3.89e-02h  1
  63  1.7254601e+01 1.05e-04 6.68e+01  -3.8 1.67e-01   0.4 9.56e-01 2.29e-01h  1
  64  1.7234724e+01 1.00e-04 6.07e+01  -3.8 7.18e-01  -0.1 4.64e-02 4.93e-02h  1
  65  1.7204232e+01 7.22e-05 7.12e+01  -3.8 1.49e-01   0.4 3.55e-01 2.85e-01h  1
  66  1.7159478e+01 1.96e-05 1.94e+01  -3.8 7.10e-02   0.8 1.00e+00 8.66e-01h  1
  67  1.7113339e+01 3.39e-05 2.16e+01  -3.8 2.48e-01   0.3 3.65e-01 3.05e-01h  1
  68  1.7070320e+01 2.56e-05 6.32e+00  -3.8 9.50e-02   0.7 9.65e-01 6.59e-01h  1
  69  1.7023092e+01 1.12e-04 1.30e+01  -3.8 1.88e-01   0.3 6.44e-01 1.00e+00h  1
iter    objective    inf_pr   inf_du lg(mu)  ||d||  lg(rg) alpha_du alpha_pr  ls
  70  1.6983314e+01 4.69e-05 3.14e+00  -3.8 7.95e-02   0.7 7.51e-01 6.49e-01h  1
  71  1.6948293e+01 5.67e-05 3.99e+01  -3.8 4.58e-01   0.2 3.64e-01 1.29e-01h  1
  72  1.6928041e+01 4.38e-05 1.98e+02  -3.8 9.66e-02   0.6 7.26e-01 2.80e-01h  1
  73  1.6891676e+01 5.86e-05 1.79e+02  -3.8 7.03e-01   0.2 2.26e-02 8.53e-02h  1
  74  1.6886200e+01 5.68e-05 1.70e+02  -3.8 5.93e-01  -0.3 1.93e-01 3.38e-02h  1
  75  1.6831085e+01 2.15e-04 5.66e+01  -3.8 3.70e-01   0.1 3.20e-01 6.67e-01h  1
  76  1.6751188e+01 9.75e-05 1.71e+01  -3.8 1.38e-01   0.5 8.08e-01 6.80e-01h  1
  77  1.6713314e+01 1.09e-04 1.62e+01  -3.8 1.63e+00   0.1 4.95e-02 3.21e-02h  1
  78  1.6697059e+01 9.90e-05 7.62e+01  -3.8 1.72e-01   0.5 2.15e-01 1.05e-01h  1
  79  1.6689434e+01 9.76e-05 1.66e+02  -3.8 4.29e-01   0.0 8.78e-02 1.94e-02h  1
iter    objective    inf_pr   inf_du lg(mu)  ||d||  lg(rg) alpha_du alpha_pr  ls
  80  1.6652910e+01 3.03e-06 1.89e-01  -3.8 6.93e-02   0.4 1.00e+00 1.00e+00h  1
  81  1.6640329e+01 4.43e-06 1.38e+01  -3.8 2.40e-01  -0.0 1.36e-01 1.73e-01h  1
  82  1.6610554e+01 2.75e-05 1.13e+01  -3.8 1.21e-01   0.4 3.78e-01 8.66e-01h  1
  83  1.6585283e+01 6.75e-06 3.15e-01  -3.8 4.88e-02   0.8 1.00e+00 1.00e+00h  1
  84  1.6520269e+01 8.05e-05 4.34e+00  -3.8 2.47e-01   0.3 4.36e-01 5.51e-01h  1
  85  1.6519492e+01 8.02e-05 8.89e+00  -3.8 4.47e-01  -0.1 2.35e-01 4.11e-03h  1
  86  1.6478260e+01 6.69e-05 7.35e+00  -3.8 1.86e-01   0.3 5.96e-01 7.79e-01h  1
  87  1.6467804e+01 6.68e-05 8.02e+01  -3.8 9.87e-01  -0.2 9.30e-02 2.47e-02h  1
  88  1.6439406e+01 4.95e-05 1.23e+02  -3.8 1.69e-01   0.2 4.77e-01 3.26e-01h  1
  89  1.6401258e+01 1.41e-05 2.07e+01  -3.8 7.89e-02   0.7 8.66e-01 1.00e+00h  1
iter    objective    inf_pr   inf_du lg(mu)  ||d||  lg(rg) alpha_du alpha_pr  ls
  90  1.6319316e+01 1.11e-04 9.73e+01  -3.8 3.68e-01   0.2 2.44e-01 4.45e-01h  1
  91  1.6296294e+01 9.22e-05 7.87e+01  -3.8 1.44e-01   0.6 5.68e-01 1.99e-01h  1
  92  1.6250859e+01 1.09e-04 4.56e+01  -3.8 4.13e-01   0.1 2.35e-01 4.15e-01h  1
  93  1.6227028e+01 8.42e-05 7.05e+01  -3.8 1.15e-01   0.6 9.98e-01 2.53e-01h  1
  94  1.6204419e+01 7.99e-05 4.62e+01  -3.8 3.52e-01   0.1 8.11e-02 1.05e-01h  1
  95  1.6184760e+01 6.09e-05 6.37e+01  -3.8 1.02e-01   0.5 3.24e-01 2.57e-01h  1
  96  1.6110905e+01 1.63e-04 4.17e+01  -3.8 5.36e+00   0.0 6.02e-04 2.60e-02h  1
  97  1.6110306e+01 1.63e-04 4.16e+01  -3.8 7.21e+00  -0.5 2.05e-02 1.84e-04h  1
  98  1.6061258e+01 1.77e-04 3.90e+01  -3.8 3.05e+00  -0.0 5.69e-04 6.48e-02h  1
  99  1.6027193e+01 1.43e-04 3.10e+01  -3.8 2.04e-01   0.4 6.14e-01 1.98e-01h  1
iter    objective    inf_pr   inf_du lg(mu)  ||d||  lg(rg) alpha_du alpha_pr  ls
 100  1.6007000e+01 1.41e-04 5.74e+01  -3.8 2.10e+00  -0.1 2.49e-02 1.41e-02h  1
 101  1.5966297e+01 1.10e-04 1.18e+02  -3.8 1.84e-01   0.4 3.58e-01 2.45e-01h  1
 102  1.5898411e+01 3.66e-05 2.21e+01  -3.8 8.29e-02   0.8 1.00e+00 8.03e-01h  1
 103  1.5877783e+01 1.45e-05 7.73e+01  -3.8 9.62e-02   0.3 9.54e-01 5.83e-01h  1
 104  1.5791558e+01 1.70e-04 4.63e+01  -3.8 7.53e-01  -0.2 3.42e-02 4.35e-01h  1
 105  1.5775910e+01 1.64e-04 4.37e+01  -3.8 4.24e-01   0.2 4.45e-01 4.97e-02h  1
 106  1.5705230e+01 9.01e-05 2.95e+01  -3.8 4.26e-01  -0.2 1.09e-01 4.61e-01h  1
 107  1.5695711e+01 8.24e-05 5.35e+01  -3.8 1.53e-01   0.2 1.98e-01 9.08e-02h  1
 108  1.5681803e+01 7.98e-05 2.39e+01  -3.8 9.32e-01  -0.3 2.10e-02 4.18e-02h  1
 109  1.5653470e+01 5.10e-05 4.24e+01  -3.8 1.41e-01   0.1 2.93e-01 3.80e-01h  1
iter    objective    inf_pr   inf_du lg(mu)  ||d||  lg(rg) alpha_du alpha_pr  ls
 110  1.5615941e+01 1.88e-05 5.22e-01  -3.8 8.44e-02   0.6 1.00e+00 1.00e+00h  1
 111  1.5535329e+01 1.43e-04 8.04e+01  -3.8 6.00e-01   0.1 1.46e-01 2.86e-01h  1
 112  1.5534682e+01 1.43e-04 8.17e+01  -3.8 4.35e+00  -0.4 2.93e-02 2.95e-04h  1
 113  1.5498065e+01 1.27e-04 6.54e+01  -3.8 7.44e-01   0.0 3.88e-03 1.86e-01h  1
 114  1.5481386e+01 1.03e-04 9.21e+01  -3.8 1.28e-01   0.5 1.00e+00 1.90e-01h  1
 115  1.5460275e+01 9.18e-05 6.50e+01  -3.8 3.28e-01  -0.0 9.00e-02 1.17e-01h  1
 116  1.5419776e+01 4.09e-05 1.23e+02  -3.8 1.03e-01   0.4 2.71e-01 5.64e-01h  1
 117  1.5389597e+01 7.01e-06 3.69e-01  -3.8 5.29e-02   0.8 1.00e+00 1.00e+00h  1
 118  1.5313523e+01 7.36e-05 9.71e+01  -3.8 2.09e-01   0.4 2.97e-01 6.79e-01h  1
 119  1.5312894e+01 7.34e-05 9.95e+01  -3.8 4.50e-01  -0.1 2.08e-01 2.96e-03h  1
iter    objective    inf_pr   inf_du lg(mu)  ||d||  lg(rg) alpha_du alpha_pr  ls
 120  1.5261693e+01 9.03e-05 1.31e+01  -3.8 1.68e-01   0.3 6.53e-01 1.00e+00h  1
 121  1.5218092e+01 1.75e-05 2.48e+00  -3.8 6.62e-02   0.7 7.93e-01 8.97e-01h  1
 122  1.5197432e+01 2.06e-05 8.64e+01  -3.8 3.16e-01   0.3 4.87e-01 1.15e-01h  1
 123  1.5163169e+01 3.50e-05 7.77e+01  -3.8 1.88e+00  -0.2 2.92e-02 3.04e-02h  1
 124  1.5145531e+01 3.29e-05 2.98e+01  -3.8 2.34e-01   0.2 7.35e-02 1.16e-01h  1
 125  1.5108697e+01 3.40e-05 1.31e+01  -3.8 1.21e-01   0.6 1.00e+00 4.95e-01h  1
 126  1.5065951e+01 1.93e-05 6.10e+01  -3.8 1.54e-01   0.2 4.24e-01 1.00e+00h  1
 127  1.5048498e+01 1.42e-05 3.31e+01  -3.8 8.31e-02   0.6 7.80e-01 4.16e-01h  1
 128  1.4976980e+01 1.31e-04 2.62e+01  -3.8 7.62e-01   0.1 7.52e-02 2.18e-01h  1
 129  1.4949233e+01 1.07e-04 3.80e+01  -3.8 1.58e-01   0.5 6.26e-01 2.09e-01h  1
iter    objective    inf_pr   inf_du lg(mu)  ||d||  lg(rg) alpha_du alpha_pr  ls
 130  1.4935772e+01 1.05e-04 6.96e+01  -3.8 4.42e-01   0.1 5.31e-02 3.55e-02h  1
 131  1.4911030e+01 1.00e-04 8.74e+01  -3.8 1.15e+00  -0.4 1.26e-02 7.65e-02h  1
 132  1.4905261e+01 9.23e-05 2.05e+01  -3.8 1.36e-01   0.0 2.02e-01 8.02e-02h  1
 133  1.4856003e+01 2.79e-05 5.84e-01  -3.8 1.15e-01   0.4 1.00e+00 1.00e+00h  1
 134  1.4770398e+01 1.97e-04 6.39e+01  -3.8 4.38e+00  -0.0 2.35e-02 4.26e-02h  1
 135  1.4733921e+01 1.76e-04 5.38e+01  -3.8 2.97e-01   0.4 2.57e-01 1.42e-01h  1
 136  1.4704179e+01 4.70e-06 2.66e-01  -3.8 4.13e-02   0.8 1.00e+00 1.00e+00h  1
 137  1.4680815e+01 5.24e-06 3.56e+00  -3.8 1.23e-01   0.3 4.77e-01 4.31e-01h  1
 138  1.4670044e+01 6.07e-06 7.67e+01  -3.8 3.33e-01  -0.1 1.30e-01 6.95e-02h  1
 139  1.4648609e+01 6.51e-06 5.95e+01  -3.8 1.06e-01   0.3 2.21e-01 4.17e-01h  1
iter    objective    inf_pr   inf_du lg(mu)  ||d||  lg(rg) alpha_du alpha_pr  ls
 140  1.4623299e+01 1.06e-05 3.13e-01  -3.8 6.16e-02   0.7 1.00e+00 9.99e-01h  1
 141  1.4553869e+01 8.57e-05 5.75e+01  -3.8 3.17e-01   0.2 2.37e-01 4.47e-01h  1
 142  1.4553186e+01 8.56e-05 5.96e+01  -3.8 7.41e-01  -0.2 1.58e-01 2.12e-03h  1
 143  1.4506927e+01 9.30e-05 2.57e+01  -3.8 3.01e-01   0.2 3.12e-01 5.60e-01h  1
 144  1.4487552e+01 6.74e-05 4.54e+01  -3.8 9.03e-02   0.6 7.86e-01 2.91e-01h  1
 145  1.4470584e+01 6.20e-05 8.58e+01  -3.8 2.61e-01   0.1 1.74e-01 1.13e-01h  1
 146  1.4432603e+01 8.72e-05 9.28e+01  -3.8 2.69e+01  -0.3 3.00e-04 2.74e-03h  1
 147  1.4372751e+01 6.95e-05 4.71e+02  -3.8 2.38e-01   0.1 8.52e-02 4.02e-01h  1
 148  1.4325593e+01 6.12e-05 2.93e+02  -3.8 1.85e-01   0.5 5.48e-01 3.84e-01h  1
 149  1.4324773e+01 6.11e-05 2.92e+02  -3.8 1.13e+00   0.0 1.76e-03 2.21e-03h  1
iter    objective    inf_pr   inf_du lg(mu)  ||d||  lg(rg) alpha_du alpha_pr  ls
 150  1.4307129e+01 1.88e-05 5.67e+00  -3.8 9.18e-02   0.5 7.94e-01 1.00e+00h  1
 151  1.4235595e+01 1.09e-04 1.14e+01  -3.8 9.87e-01  -0.0 6.93e-02 1.79e-01h  1
 152  1.4209323e+01 9.75e-05 4.63e+01  -3.8 2.28e-01   0.4 5.79e-01 1.43e-01h  1
 153  1.4191182e+01 9.68e-05 3.07e+01  -3.8 7.17e-01  -0.1 2.74e-02 3.38e-02h  1
 154  1.4163921e+01 8.02e-05 6.25e+01  -3.8 1.56e-01   0.3 2.40e-01 1.99e-01h  1
 155  1.4157562e+01 8.05e-05 6.13e+01  -3.8 3.56e+00  -0.1 9.27e-04 2.38e-03h  1
 156  1.4046022e+01 9.37e-05 5.85e+01  -3.8 1.76e+00  -0.6 1.62e-02 2.47e-01h  1
 157  1.4043345e+01 9.15e-05 5.99e+01  -3.8 5.21e-02   0.7 9.55e-01 2.35e-02h  1
 158  1.4021082e+01 6.11e-05 5.23e+01  -3.8 5.73e-01    -  6.99e-02 3.36e-01h  1
 159  1.3976987e+01 1.56e-05 1.27e+01  -3.8 1.30e-01   0.2 1.00e+00 7.69e-01h  1
iter    objective    inf_pr   inf_du lg(mu)  ||d||  lg(rg) alpha_du alpha_pr  ls
 160  1.3948700e+01 1.42e-05 1.80e+01  -3.8 5.62e-01  -0.2 2.57e-02 1.69e-01h  1
 161  1.3941489e+01 1.25e-05 1.65e+02  -3.8 1.47e-01   0.2 5.60e-01 1.21e-01h  1
 162  1.3914933e+01 2.35e-05 4.09e+01  -3.8 6.08e-01  -0.3 6.38e-02 1.37e-01h  1
 163  1.3823352e+01 3.29e-04 2.98e+01  -3.8 5.57e-01   0.1 2.74e-01 5.08e-01h  1
 164  1.3776826e+01 2.55e-04 2.45e+01  -3.8 1.68e-01   0.6 3.78e-01 2.43e-01h  1
 165  1.3756734e+01 2.36e-04 2.25e+01  -3.8 5.56e-01   0.1 2.85e-02 8.02e-02h  1
 166  1.3738350e+01 1.84e-04 1.54e+02  -3.8 8.42e-02   0.5 8.38e-01 2.21e-01h  1
 167  1.3711234e+01 1.50e-04 1.10e+02  -3.8 2.61e-01   0.0 1.66e-01 1.89e-01h  1
 168  1.3633888e+01 5.11e-05 4.70e-01  -3.8 1.31e-01   0.5 1.00e+00 1.00e+00h  1
 169  1.3573972e+01 9.31e-05 5.75e+00  -3.8 1.75e+00  -0.0 5.25e-02 5.61e-02h  1
iter    objective    inf_pr   inf_du lg(mu)  ||d||  lg(rg) alpha_du alpha_pr  ls
 170  1.3572387e+01 9.04e-05 2.74e+01  -3.8 1.19e-01   0.4 6.86e-01 2.89e-02h  1
 171  1.3469147e+01 5.01e-05 2.89e+01  -3.8 3.05e-01  -0.1 1.81e-01 1.00e+00h  1
 172  1.3451490e+01 4.58e-05 7.87e+01  -3.8 2.05e-01   0.4 6.92e-01 1.40e-01h  1
 173  1.3428739e+01 4.76e-05 3.82e+01  -3.8 6.06e-01  -0.1 1.50e-02 6.16e-02h  1
 174  1.3407159e+01 3.86e-05 2.93e+01  -3.8 1.24e-01   0.3 2.27e-01 2.41e-01h  1
 175  1.3401409e+01 3.38e-05 9.62e+01  -3.8 6.88e-02   0.7 1.00e+00 1.31e-01h  1
 176  1.3376469e+01 5.65e-06 1.19e+02  -3.8 9.35e-02   0.3 3.88e-01 8.41e-01h  1
 177  1.3346682e+01 8.86e-06 8.68e+01  -3.8 4.58e-01  -0.2 1.35e-01 2.51e-01h  1
 178  1.3282028e+01 1.64e-04 2.21e+01  -3.8 2.88e-01   0.2 3.72e-01 7.70e-01h  1
 179  1.3246516e+01 1.12e-04 1.90e+01  -3.8 1.12e-01   0.6 7.20e-01 3.50e-01h  1
iter    objective    inf_pr   inf_du lg(mu)  ||d||  lg(rg) alpha_du alpha_pr  ls
 180  1.3224654e+01 1.08e-04 4.33e+01  -3.8 4.91e-01   0.2 1.03e-01 6.00e-02h  1
 181  1.3203237e+01 1.09e-04 2.44e+01  -3.8 9.89e-01  -0.3 1.33e-02 2.80e-02h  1
 182  1.3174073e+01 1.00e-04 1.16e+01  -3.8 3.06e-01   0.1 1.31e-01 1.21e-01h  1
 183  1.3150306e+01 5.96e-06 2.36e-01  -3.8 6.88e-02   0.5 1.00e+00 1.00e+00h  1
 184  1.3106578e+01 3.77e-05 1.15e+02  -3.8 3.00e-01   0.1 1.47e-01 4.05e-01h  1
 185  1.3045922e+01 4.61e-05 3.94e+01  -3.8 1.36e-01   0.5 5.10e-01 8.19e-01h  1
 186  1.2988861e+01 8.04e-05 3.86e+01  -3.8 6.14e+00   0.0 1.92e-02 1.39e-02h  1
 187  1.2985293e+01 7.56e-05 5.53e+01  -3.8 1.25e-01   0.4 8.19e-01 6.06e-02h  1
 188  1.2949993e+01 5.24e-05 2.72e+01  -3.8 2.81e-01  -0.0 2.26e-01 3.33e-01h  1
 189  1.2932711e+01 4.89e-05 5.99e+01  -3.8 4.97e-01  -0.5 4.22e-02 7.90e-02h  1
iter    objective    inf_pr   inf_du lg(mu)  ||d||  lg(rg) alpha_du alpha_pr  ls
 190  1.2921888e+01 4.49e-05 2.37e+01  -3.8 2.88e-01  -0.1 1.44e-01 8.62e-02h  1
 191  1.2841730e+01 1.45e-04 3.91e+00  -3.8 2.08e-01   0.3 9.51e-01 1.00e+00h  1
 192  1.2812524e+01 1.04e-04 4.73e+01  -3.8 9.04e-02   0.8 7.25e-01 3.15e-01h  1
 193  1.2762538e+01 1.06e-05 9.02e+00  -3.8 1.28e-01   0.3 5.42e-01 1.00e+00h  1
 194  1.2737160e+01 7.19e-06 8.21e+00  -3.8 6.14e-02   0.7 1.00e+00 6.34e-01h  1
 195  1.2716032e+01 1.16e-05 1.63e+01  -3.8 2.74e-01   0.2 2.18e-01 1.67e-01h  1
 196  1.2702408e+01 1.24e-05 1.11e+01  -3.8 4.02e-01  -0.2 6.08e-02 6.32e-02h  1
 197  1.2678612e+01 1.37e-05 5.21e+01  -3.8 1.69e-01   0.2 2.01e-01 2.73e-01h  1
 198  1.2632327e+01 3.40e-05 4.12e-01  -3.8 1.03e-01   0.6 1.00e+00 1.00e+00h  1
 199  1.2605129e+01 3.95e-05 5.49e+00  -3.8 7.17e-01   0.1 4.56e-02 5.64e-02h  1
iter    objective    inf_pr   inf_du lg(mu)  ||d||  lg(rg) alpha_du alpha_pr  ls
 200  1.2594048e+01 7.38e-06 4.73e+00  -3.8 6.44e-02   0.6 9.04e-01 1.00e+00h  1
 201  1.2518438e+01 6.98e-05 1.51e+01  -3.8 3.19e-01   0.1 1.63e-01 6.62e-01h  1
 202  1.2495291e+01 5.82e-05 2.98e+01  -3.8 1.47e-01   0.5 6.38e-01 2.16e-01h  1
 203  1.2479411e+01 5.74e-05 7.50e+01  -3.8 4.93e-01   0.0 8.43e-02 4.66e-02h  1
 204  1.2455389e+01 4.52e-05 8.05e+01  -3.8 1.16e-01   0.5 2.96e-01 2.57e-01h  1
 205  1.2412677e+01 1.11e-05 4.29e-01  -3.8 5.71e-02   0.9 1.00e+00 1.00e+00h  1
 206  1.2411265e+01 1.09e-05 9.12e+01  -3.8 8.89e-02   0.4 3.71e-01 2.06e-02h  1
 207  1.2401261e+01 7.90e-07 2.00e-01  -3.8 2.98e-02   0.8 1.00e+00 1.00e+00h  1
 208  1.2373920e+01 6.18e-06 6.06e+00  -3.8 9.98e-02   0.3 5.03e-01 1.00e+00h  1
 209  1.2357668e+01 3.93e-06 2.68e-01  -3.8 4.50e-02   0.8 1.00e+00 1.00e+00h  1
iter    objective    inf_pr   inf_du lg(mu)  ||d||  lg(rg) alpha_du alpha_pr  ls
 210  1.2278881e+01 1.28e-04 1.96e+01  -3.8 2.17e-01   0.3 2.24e-01 9.47e-01h  1
 211  1.2251029e+01 9.13e-05 2.09e+01  -3.8 9.33e-02   0.7 7.18e-01 3.11e-01h  1
 212  1.2233735e+01 8.96e-05 7.16e+01  -3.8 4.03e-01   0.2 1.02e-01 4.92e-02h  1
 213  1.2224955e+01 9.05e-05 5.14e+01  -3.8 1.20e+01  -0.2 6.29e-04 1.19e-03h  1
 214  1.2208699e+01 6.49e-05 1.22e+02  -3.8 1.32e-01   0.2 5.30e-01 2.79e-01h  1
 215  1.2189858e+01 2.86e-05 7.26e+00  -3.8 6.59e-02   0.6 1.00e+00 5.80e-01h  1
 216  1.2136755e+01 4.16e-05 1.66e+02  -3.8 2.18e-01   0.1 2.82e-01 6.25e-01h  1
 217  1.2078517e+01 3.64e-05 4.84e-01  -3.8 1.12e-01   0.6 1.00e+00 1.00e+00h  1
 218  1.2023229e+01 6.50e-05 8.97e+00  -3.8 1.37e+00   0.1 1.88e-02 5.95e-02h  1
 219  1.1981132e+01 1.96e-05 1.27e+00  -3.8 9.46e-02   0.5 1.00e+00 9.66e-01h  1
iter    objective    inf_pr   inf_du lg(mu)  ||d||  lg(rg) alpha_du alpha_pr  ls
 220  1.1974609e+01 1.90e-05 1.10e+02  -3.8 2.85e-01   0.0 2.04e-01 4.68e-02h  1
 221  1.1944123e+01 3.52e-05 3.03e+01  -3.8 1.06e+01  -0.4 6.93e-04 6.33e-03h  1
 222  1.1932633e+01 3.34e-05 3.80e+01  -3.8 2.71e-01  -0.0 1.34e-01 7.85e-02h  1
 223  1.1854606e+01 8.54e-05 2.96e+01  -3.8 1.86e-01   0.4 5.35e-01 8.46e-01h  1
 224  1.1835727e+01 6.33e-05 2.78e+01  -3.8 7.19e-02   0.8 3.97e-01 2.75e-01h  1
 225  1.1792133e+01 4.88e-05 1.16e+01  -3.8 1.38e-01   0.4 6.77e-01 1.00e+00h  1
 226  1.1748229e+01 1.32e-05 2.84e+00  -3.8 5.74e-02   0.8 7.47e-01 8.50e-01h  1
 227  1.1728932e+01 1.51e-05 8.23e+01  -3.8 2.48e-01   0.3 4.97e-01 1.34e-01h  1
 228  1.1697347e+01 2.42e-05 5.85e+01  -3.8 7.41e-01  -0.2 6.34e-02 7.10e-02h  1
 229  1.1685699e+01 2.22e-05 4.18e+01  -3.8 1.78e-01   0.3 8.82e-02 1.03e-01h  1
iter    objective    inf_pr   inf_du lg(mu)  ||d||  lg(rg) alpha_du alpha_pr  ls
 230  1.1636473e+01 4.26e-05 4.76e+00  -3.8 1.03e-01   0.7 1.00e+00 8.28e-01h  1
 231  1.1628070e+01 3.69e-05 3.45e+01  -3.8 1.67e-01   0.2 4.85e-01 1.37e-01h  1
 232  1.1600824e+01 6.52e-06 2.75e-01  -3.8 6.33e-02   0.6 1.00e+00 1.00e+00h  1
 233  1.1532915e+01 9.59e-05 1.39e+01  -3.8 4.71e-01   0.2 1.52e-01 3.42e-01h  1
 234  1.1508518e+01 7.65e-05 2.89e+01  -3.8 1.30e-01   0.6 5.85e-01 2.32e-01h  1
 235  1.1494848e+01 7.48e-05 7.03e+01  -3.8 4.11e-01   0.1 6.94e-02 4.11e-02h  1
 236  1.1462910e+01 5.16e-05 2.22e+01  -3.8 1.07e-01   0.5 3.07e-01 3.46e-01h  1
 237  1.1437379e+01 5.94e-05 1.57e+01  -3.8 9.08e+00   0.1 3.38e-04 3.95e-03h  1
 238  1.1422739e+01 9.06e-06 5.62e+00  -3.8 7.45e-02   0.5 7.23e-01 1.00e+00h  1
 239  1.1396495e+01 5.85e-06 2.50e-01  -3.8 3.07e-02   0.9 1.00e+00 1.00e+00h  1
iter    objective    inf_pr   inf_du lg(mu)  ||d||  lg(rg) alpha_du alpha_pr  ls
 240  1.1361988e+01 1.85e-05 2.36e+00  -3.8 1.40e-01   0.4 4.52e-01 5.60e-01h  1
 241  1.1331836e+01 7.50e-06 3.71e-01  -3.8 5.13e-02   0.9 1.00e+00 1.00e+00h  1
 242  1.1269634e+01 4.32e-05 6.48e+00  -3.8 2.37e-01   0.4 2.52e-01 4.33e-01h  1
 243  1.1265139e+01 3.46e-05 2.45e+01  -3.8 4.10e-02   0.8 1.00e+00 1.99e-01h  1
 244  1.1233277e+01 1.29e-05 1.91e+01  -3.8 1.20e-01   0.3 2.88e-01 6.75e-01h  1
 245  1.1221684e+01 1.18e-05 1.03e+01  -3.8 2.36e-01  -0.1 1.26e-01 1.04e-01h  1
 246  1.1190709e+01 7.66e-06 2.16e+02  -3.8 1.00e-01   0.3 2.86e-01 6.88e-01h  1
 247  1.1170940e+01 1.03e-05 3.20e-01  -3.8 6.32e-02   0.7 1.00e+00 1.00e+00h  1
 248  1.1092624e+01 8.97e-05 5.80e+01  -3.8 3.28e-01   0.2 2.20e-01 4.69e-01h  1
 249  1.1091934e+01 8.95e-05 5.89e+01  -3.8 9.88e-01  -0.2 5.21e-02 1.41e-03h  1
iter    objective    inf_pr   inf_du lg(mu)  ||d||  lg(rg) alpha_du alpha_pr  ls
 250  1.1046293e+01 6.90e-05 3.90e+01  -3.8 3.84e-01   0.2 2.09e-01 3.31e-01h  1
 251  1.1029554e+01 5.29e-05 5.22e+01  -3.8 9.49e-02   0.6 7.28e-01 2.36e-01h  1
 252  1.1011878e+01 4.74e-05 6.59e+01  -3.8 2.57e-01   0.1 1.38e-01 1.11e-01h  1
 253  1.0985018e+01 4.79e-05 9.03e+01  -3.8 2.79e+00  -0.4 2.05e-02 1.71e-02h  1
 254  1.0888652e+01 1.71e-04 6.61e+01  -3.8 1.44e+00   0.1 4.90e-03 1.23e-01h  1
 255  1.0887835e+01 1.70e-04 6.30e+01  -3.8 8.55e-02   0.5 2.78e-01 7.28e-03h  1
 256  1.0833851e+01 1.72e-04 5.82e+01  -3.8 2.63e+00   0.0 1.96e-03 4.83e-02h  1
 257  1.0809391e+01 1.45e-04 4.61e+01  -3.8 1.72e-01   0.4 4.46e-01 1.60e-01h  1
 258  1.0792928e+01 1.41e-04 6.45e+01  -3.8 7.75e-01  -0.0 5.88e-02 2.87e-02h  1
 259  1.0756117e+01 1.03e-04 9.81e+01  -3.8 1.37e-01   0.4 3.52e-01 2.72e-01h  1
iter    objective    inf_pr   inf_du lg(mu)  ||d||  lg(rg) alpha_du alpha_pr  ls
 260  1.0708696e+01 3.20e-05 8.12e+01  -3.8 7.19e-02   0.8 5.29e-01 6.99e-01h  1
 261  1.0698559e+01 3.04e-05 2.01e+02  -3.8 2.20e-01   0.3 2.38e-01 5.44e-02h  1
 262  1.0597458e+01 1.99e-04 1.12e+02  -3.8 7.43e-01  -0.1 2.48e-02 4.68e-01h  1
 263  1.0579723e+01 1.91e-04 1.04e+02  -3.8 3.68e-01   0.3 2.72e-01 4.80e-02h  1
 264  1.0570538e+01 1.91e-04 1.03e+02  -3.8 2.78e+00  -0.2 9.06e-03 3.81e-03h  1
 265  1.0525511e+01 1.74e-04 9.50e+01  -3.8 1.26e+00  -0.7 6.29e-02 1.00e-01h  1
 266  1.0501536e+01 1.58e-04 8.07e+01  -3.8 4.58e-01  -0.2 1.35e-01 9.75e-02h  1
 267  1.0476976e+01 1.25e-04 7.06e+01  -3.8 1.73e-01   0.2 4.49e-02 2.16e-01h  1
 268  1.0413140e+01 1.58e-05 1.07e+01  -3.8 7.94e-02   0.6 7.02e-01 1.00e+00h  1
 269  1.0335285e+01 8.93e-05 1.60e+01  -3.8 6.21e-01   0.1 1.43e-01 2.29e-01h  1
iter    objective    inf_pr   inf_du lg(mu)  ||d||  lg(rg) alpha_du alpha_pr  ls
 270  1.0334547e+01 8.92e-05 1.26e+01  -3.8 1.44e+00  -0.3 3.32e-02 1.06e-03h  1
 271  1.0299444e+01 8.30e-05 1.14e+01  -3.8 7.18e-01   0.1 1.04e-01 1.24e-01h  1
 272  1.0285720e+01 6.80e-05 9.84e+01  -3.8 1.08e-01   0.5 8.07e-01 1.83e-01h  1
 273  1.0263102e+01 5.78e-05 1.64e+01  -3.8 2.37e-01   0.0 7.97e-02 1.58e-01h  1
 274  1.0237889e+01 5.89e-05 5.98e+01  -3.8 2.01e+01  -0.4 9.07e-04 2.32e-03h  1
 275  1.0211596e+01 4.87e-05 1.85e+02  -3.8 2.41e-01  -0.0 7.30e-02 1.83e-01h  1
 276  1.0130105e+01 7.02e-05 5.23e+01  -3.8 2.06e-01   0.4 3.75e-01 6.75e-01h  1
 277  1.0129163e+01 6.86e-05 4.35e+01  -3.8 4.05e-02   0.8 9.91e-01 2.31e-02h  1
 278  1.0081695e+01 6.71e-06 2.04e+01  -3.8 1.05e-01   0.4 2.76e-01 1.00e+00h  1
 279  1.0055512e+01 7.81e-06 3.24e-01  -3.8 5.26e-02   0.8 1.00e+00 1.00e+00h  1
iter    objective    inf_pr   inf_du lg(mu)  ||d||  lg(rg) alpha_du alpha_pr  ls
 280  1.0015099e+01 2.33e-05 4.89e+00  -3.8 2.45e-01   0.3 2.17e-01 3.03e-01h  1
 281  1.0004470e+01 2.39e-05 8.71e+01  -3.8 1.34e+00  -0.2 4.26e-02 1.11e-02h  1
 282  9.9794240e+00 2.17e-05 8.24e+01  -3.8 1.61e-01   0.3 2.36e-01 2.19e-01h  1
 283  9.9547171e+00 1.82e-05 6.98e+01  -3.8 9.28e-02   0.7 2.44e-01 4.45e-01h  1
 284  9.9051963e+00 9.18e-05 8.73e+01  -3.8 1.98e-01   0.2 2.51e-01 1.00e+00h  1
 285  9.8717797e+00 6.56e-05 6.13e+01  -3.8 1.00e-01   0.6 6.82e-01 3.14e-01h  1
 286  9.8115010e+00 9.15e-05 5.20e+01  -3.8 6.48e-01   0.2 8.18e-02 1.52e-01h  1
 287  9.7965620e+00 8.28e-05 1.06e+02  -3.8 1.48e-01   0.6 5.53e-01 1.09e-01h  1
 288  9.7662137e+00 7.76e-05 1.47e+02  -3.8 3.26e-01   0.1 1.56e-01 1.16e-01h  1
 289  9.7379737e+00 6.98e-05 1.23e+02  -3.8 1.90e-01   0.5 1.56e-01 1.87e-01h  1
iter    objective    inf_pr   inf_du lg(mu)  ||d||  lg(rg) alpha_du alpha_pr  ls
 290  9.6342875e+00 2.53e-04 2.81e+01  -3.8 7.56e-01   0.1 5.88e-02 3.54e-01h  1
 291  9.6091791e+00 2.27e-04 2.29e+01  -3.8 2.05e-01   0.5 3.42e-01 1.11e-01h  1
 292  9.5918430e+00 2.16e-04 2.00e+01  -3.8 6.98e-01   0.0 5.95e-03 4.84e-02h  1
 293  9.5875525e+00 2.08e-04 1.97e+02  -3.8 9.24e-02   0.4 4.80e-01 3.77e-02h  1
 294  9.5515882e+00 1.76e-04 1.39e+02  -3.8 3.70e-01  -0.0 1.26e-01 1.59e-01h  1
 295  9.4285126e+00 1.12e-04 5.66e+01  -3.8 1.94e-01   0.4 6.75e-01 1.00e+00h  1
 296  9.3987208e+00 7.84e-05 1.01e+02  -3.8 7.80e-02   0.8 7.52e-01 3.34e-01h  1
 297  9.3499123e+00 1.27e-05 1.49e+01  -3.8 1.24e-01   0.3 3.62e-01 9.72e-01h  1
 298  9.3243888e+00 8.58e-06 1.62e+01  -3.8 6.09e-02   0.8 1.00e+00 4.80e-01h  1
 299  9.2938099e+00 1.58e-05 1.30e+01  -3.8 2.75e-01   0.3 2.02e-01 2.00e-01h  1
iter    objective    inf_pr   inf_du lg(mu)  ||d||  lg(rg) alpha_du alpha_pr  ls
 300  9.2818381e+00 1.71e-05 1.34e+01  -3.8 1.04e+00  -0.2 1.80e-02 1.61e-02h  1
 301  9.2617364e+00 1.57e-05 1.09e+02  -3.8 1.80e-01   0.2 2.97e-01 1.68e-01h  1
 302  9.2071075e+00 4.24e-05 3.26e+01  -3.8 1.04e-01   0.7 7.30e-01 9.52e-01h  1
 303  9.2055287e+00 4.20e-05 1.19e+02  -3.8 2.99e-01   0.2 3.24e-01 1.18e-02h  1
 304  9.1717732e+00 8.25e-06 2.82e-01  -3.8 7.05e-02   0.6 1.00e+00 1.00e+00h  1
 305  9.1048400e+00 7.91e-05 1.25e+01  -3.8 6.03e-01   0.1 1.16e-01 2.46e-01h  1
 306  9.0810482e+00 6.54e-05 7.97e+00  -3.8 1.43e-01   0.6 3.20e-01 2.07e-01h  1
 307  9.0703563e+00 6.45e-05 7.49e+01  -3.8 4.91e-01   0.1 6.53e-02 2.51e-02h  1
 308  9.0382241e+00 4.75e-05 6.58e+01  -3.8 1.17e-01   0.5 3.34e-01 3.11e-01h  1
 309  8.9918112e+00 1.37e-05 4.87e-01  -3.8 5.79e-02   0.9 1.00e+00 1.00e+00h  1
iter    objective    inf_pr   inf_du lg(mu)  ||d||  lg(rg) alpha_du alpha_pr  ls
 310  8.9888203e+00 1.35e-05 1.16e+02  -3.8 1.34e-01   0.4 3.23e-01 2.19e-02h  1
 311  8.9746138e+00 2.03e-06 2.55e-01  -3.8 3.40e-02   0.9 1.00e+00 1.00e+00h  1
 312  8.9200348e+00 4.47e-05 1.12e+01  -3.8 1.50e-01   0.4 3.55e-01 8.78e-01h  1
 313  8.8722111e+00 1.13e-05 6.14e+00  -3.8 6.27e-02   0.8 7.19e-01 1.00e+00h  1
 314  8.8306744e+00 2.94e-05 7.71e+00  -3.8 4.97e-01   0.3 1.53e-01 1.00e-01h  1
 315  8.8221233e+00 2.68e-05 1.91e+02  -3.8 8.31e-02   0.8 1.00e+00 9.91e-02h  1
 316  8.7838896e+00 1.21e-05 7.42e+00  -3.8 1.27e-01   0.3 3.25e-01 6.01e-01h  1
 317  8.7703067e+00 1.23e-05 2.75e+01  -3.8 1.36e+00  -0.2 1.05e-02 1.97e-02h  1
 318  8.7295647e+00 3.35e-05 2.16e+01  -3.8 3.44e-01   0.2 2.95e-01 2.58e-01h  1
 319  8.6601951e+00 5.17e-05 1.44e+01  -3.8 1.03e-01   0.7 5.70e-01 1.00e+00h  1
iter    objective    inf_pr   inf_du lg(mu)  ||d||  lg(rg) alpha_du alpha_pr  ls
 320  8.6236155e+00 6.10e-05 1.12e+01  -3.8 2.17e+00   0.2 3.03e-02 1.72e-02h  1
 321  8.5837050e+00 1.65e-05 1.05e+00  -3.8 8.67e-02   0.6 1.00e+00 9.65e-01h  1
 322  8.5744229e+00 1.62e-05 6.43e+01  -3.8 2.70e-01   0.1 1.24e-01 4.92e-02h  1
 323  8.5439851e+00 2.46e-05 3.04e+00  -3.8 1.09e+01  -0.3 1.76e-03 4.24e-03h  1
 324  8.5108415e+00 2.29e-05 6.91e+01  -3.8 2.26e-01   0.1 1.46e-01 2.08e-01h  1
 325  8.4567090e+00 3.28e-05 1.31e+01  -3.8 1.64e-01   0.5 6.33e-02 4.83e-01h  1
 326  8.4408246e+00 1.69e-06 1.36e+00  -3.8 3.02e-02   0.9 1.00e+00 9.63e-01h  1
 327  8.3928469e+00 2.18e-05 9.21e+00  -3.8 1.10e-01   0.5 2.90e-01 1.00e+00h  1
 328  8.3408479e+00 4.90e-05 9.10e+00  -3.8 7.43e+00  -0.0 1.26e-02 1.14e-02h  1
 329  8.3253303e+00 4.79e-05 5.56e+01  -3.8 2.72e-01   0.4 2.48e-01 6.37e-02h  1
iter    objective    inf_pr   inf_du lg(mu)  ||d||  lg(rg) alpha_du alpha_pr  ls
 330  8.3054731e+00 4.79e-05 4.23e+01  -3.8 5.14e-01  -0.1 4.15e-02 4.67e-02h  1
 331  8.2743621e+00 3.83e-05 2.11e+01  -3.8 1.38e-01   0.4 1.98e-01 2.56e-01h  1
 332  8.2724714e+00 3.69e-05 6.68e+01  -3.8 5.38e-02   0.8 5.67e-01 3.77e-02h  1
 333  8.2500741e+00 1.98e-05 1.55e+02  -3.8 1.09e-01   0.3 1.39e-01 4.86e-01h  1
 334  8.2388247e+00 9.99e-06 8.34e+01  -3.8 5.53e-02   0.7 1.00e+00 5.19e-01h  1
 335  8.1393080e+00 1.48e-04 5.02e+01  -3.8 2.82e-01   0.3 2.13e-01 7.96e-01h  1
 336  8.1073358e+00 1.15e-04 3.79e+01  -3.8 1.17e-01   0.7 1.57e-01 2.41e-01h  1
 337  8.0980448e+00 1.07e-04 5.51e+01  -3.8 2.74e-01   0.2 3.34e-01 6.91e-02h  1
 338  8.0811151e+00 9.97e-05 4.00e+01  -3.8 3.98e-01  -0.3 6.09e-02 7.40e-02h  1
 339  8.0462110e+00 6.50e-05 7.08e+01  -3.8 1.41e-01   0.2 2.40e-01 3.60e-01h  1
iter    objective    inf_pr   inf_du lg(mu)  ||d||  lg(rg) alpha_du alpha_pr  ls
 340  8.0110103e+00 2.62e-05 3.91e+01  -3.8 1.01e-01   0.6 7.98e-01 6.35e-01h  1
 341  7.9828199e+00 5.20e-06 2.66e+01  -3.8 3.61e-02   1.0 7.08e-01 1.00e+00h  1
 342  7.9177084e+00 4.30e-05 7.85e+00  -3.8 1.50e-01   0.5 3.71e-01 6.98e-01h  1
 343  7.9167437e+00 4.30e-05 7.74e+00  -3.8 4.53e+00   0.1 7.31e-03 3.61e-04h  1
 344  7.8592115e+00 3.33e-05 2.39e+00  -3.8 1.25e-01   0.5 8.68e-01 9.53e-01h  1
 345  7.8525118e+00 3.30e-05 8.66e+01  -3.8 4.50e-01   0.0 8.10e-02 2.09e-02h  1
 346  7.8312856e+00 2.49e-05 1.22e+02  -3.8 1.05e-01   0.4 3.80e-01 2.73e-01h  1
 347  7.7387682e+00 1.33e-04 7.14e+01  -3.8 3.77e+01  -0.0 5.64e-05 4.49e-03f  1
 348  7.7380260e+00 1.32e-04 7.05e+01  -3.8 1.21e-01   0.4 6.29e-02 5.96e-03h  1
 349  7.6927535e+00 5.98e-05 5.01e+01  -3.8 1.06e-01   0.8 2.58e-01 5.57e-01h  1
iter    objective    inf_pr   inf_du lg(mu)  ||d||  lg(rg) alpha_du alpha_pr  ls
 350  7.6595213e+00 4.43e-05 3.79e+01  -3.8 1.89e-01   0.3 4.53e-01 2.92e-01h  1
 351  7.6168780e+00 1.38e-05 1.58e+01  -3.8 7.43e-02   0.8 4.75e-01 7.20e-01h  1
 352  7.6098735e+00 1.32e-05 8.27e+01  -3.8 1.81e-01   0.3 1.54e-01 4.72e-02h  1
 353  7.5668918e+00 2.68e-05 2.70e+01  -3.8 2.47e+00  -0.2 9.05e-03 2.38e-02h  1
 354  7.5406818e+00 2.45e-05 8.95e+01  -3.8 1.85e-01   0.2 1.10e-01 1.71e-01h  1
 355  7.5310258e+00 7.65e-06 2.92e-01  -3.8 6.53e-02   0.7 1.00e+00 1.00e+00h  1
 356  7.4161169e+00 1.37e-04 1.71e+02  -3.8 3.39e-01   0.2 1.60e-01 6.46e-01h  1
 357  7.3811019e+00 1.12e-04 1.35e+02  -3.8 1.54e-01   0.6 1.25e-01 2.06e-01h  1
 358  7.3712206e+00 1.08e-04 1.34e+02  -3.8 4.67e-01   0.1 1.86e-01 3.72e-02h  1
 359  7.3568508e+00 1.03e-04 1.25e+02  -3.8 4.67e-01  -0.4 3.45e-02 5.01e-02h  1
iter    objective    inf_pr   inf_du lg(mu)  ||d||  lg(rg) alpha_du alpha_pr  ls
 360  7.3335889e+00 8.34e-05 1.04e+02  -3.8 1.65e-01   0.1 2.31e-01 1.95e-01h  1
 361  7.2902193e+00 4.39e-05 5.11e+01  -3.8 1.44e-01   0.5 4.74e-01 5.12e-01h  1
 362  7.2453367e+00 9.67e-06 4.14e+01  -3.8 4.68e-02   0.9 6.56e-01 1.00e+00h  1
 363  7.1872188e+00 3.58e-05 2.69e+01  -3.8 2.28e-01   0.4 2.43e-01 3.57e-01h  1
 364  7.1633526e+00 4.05e-06 3.33e-01  -3.8 4.46e-02   0.9 1.00e+00 1.00e+00h  1
 365  7.1344702e+00 1.05e-05 7.74e+00  -3.8 1.96e-01   0.4 1.48e-01 2.57e-01h  1
 366  7.1261974e+00 1.10e-05 7.38e+01  -3.8 1.09e+00  -0.1 3.47e-02 9.80e-03h  1
 367  7.1018780e+00 9.08e-06 8.47e+01  -3.8 1.27e-01   0.3 3.36e-01 2.84e-01h  1
 368  7.0618717e+00 2.07e-05 5.91e-01  -3.8 7.44e-02   0.8 1.00e+00 9.83e-01h  1
 369  6.9850055e+00 6.58e-05 8.88e+01  -3.8 3.89e-01   0.3 1.13e-01 2.39e-01h  1
iter    objective    inf_pr   inf_du lg(mu)  ||d||  lg(rg) alpha_du alpha_pr  ls
 370  6.9830338e+00 6.35e-05 5.38e+01  -3.8 7.37e-02   0.7 6.70e-01 3.51e-02h  1
 371  6.9476444e+00 6.62e-05 5.72e+01  -3.8 1.79e+00   0.2 1.20e-03 3.14e-02h  1
 372  6.9330075e+00 5.67e-05 7.93e+01  -3.8 1.07e-01   0.7 6.81e-01 1.46e-01h  1
 373  6.9086670e+00 5.04e-05 5.18e+01  -3.8 2.46e-01   0.2 8.88e-02 1.17e-01h  1
 374  6.8757949e+00 3.00e-05 4.99e+01  -3.8 8.26e-02   0.6 2.73e-01 4.11e-01h  1
 375  6.8428222e+00 7.35e-06 1.56e+01  -3.8 4.30e-02   1.0 8.58e-01 1.00e+00h  1
 376  6.7903607e+00 2.17e-05 1.16e+01  -3.8 1.58e-01   0.6 3.01e-01 3.69e-01h  1
 377  6.7882957e+00 2.17e-05 1.13e+01  -3.8 1.48e+00   0.1 3.80e-02 2.41e-03h  1
 378  6.7221626e+00 7.61e-05 1.87e+01  -3.8 1.65e-01   0.5 3.76e-01 7.21e-01h  1
 379  6.6971551e+00 5.32e-05 2.99e+01  -3.8 6.07e-02   0.9 7.81e-01 3.21e-01h  1
iter    objective    inf_pr   inf_du lg(mu)  ||d||  lg(rg) alpha_du alpha_pr  ls
 380  6.6774609e+00 4.96e-05 1.40e+02  -3.8 1.87e-01   0.5 2.80e-01 9.75e-02h  1
 381  6.6048406e+00 6.82e-05 2.02e+01  -3.8 6.44e-01  -0.0 4.86e-02 1.07e-01h  1
 382  6.6005215e+00 6.75e-05 1.93e+01  -3.8 2.83e-01   0.4 1.85e-02 1.26e-02h  1
 383  6.5713472e+00 6.90e-06 1.63e+01  -3.8 5.36e-02   0.8 6.78e-01 1.00e+00h  1
 384  6.4714061e+00 1.14e-04 6.31e+01  -3.8 3.49e-01   0.4 1.05e-01 3.80e-01h  1
 385  6.4449500e+00 9.67e-05 5.45e+01  -3.8 1.10e-01   0.8 5.13e-01 1.64e-01h  1
 386  6.4260249e+00 8.80e-05 4.78e+01  -3.8 2.71e-01   0.3 4.04e-02 9.18e-02h  1
 387  6.4136793e+00 8.53e-05 4.82e+01  -3.8 4.63e-01  -0.2 4.84e-02 3.33e-02h  1
 388  6.3894383e+00 6.94e-05 8.18e+01  -3.8 1.49e-01   0.3 2.63e-01 1.89e-01h  1
 389  6.3197371e+00 3.78e-05 1.05e+02  -3.8 1.04e-01   0.7 1.85e-01 8.76e-01h  1
iter    objective    inf_pr   inf_du lg(mu)  ||d||  lg(rg) alpha_du alpha_pr  ls
 390  6.2710566e+00 5.55e-05 1.14e+02  -3.8 1.04e+01   0.2 6.43e-03 4.39e-03h  1
 391  6.2211143e+00 1.81e-05 2.27e+01  -3.8 9.56e-02   0.6 4.63e-01 8.62e-01h  1
 392  6.1836359e+00 8.61e-06 9.15e+00  -3.8 3.85e-02   1.1 1.00e+00 7.23e-01h  1
 393  6.1679068e+00 8.62e-06 7.16e+01  -3.8 1.27e-01   0.6 3.44e-01 1.41e-01h  1
 394  6.1376733e+00 1.10e-05 2.27e+01  -3.8 2.69e-01   0.1 6.32e-02 1.31e-01h  1
 395  6.1160637e+00 1.37e-05 8.85e+00  -3.8 3.55e+00  -0.4 1.24e-02 9.38e-03h  1
 396  6.0882253e+00 1.14e-05 2.80e+01  -3.8 5.78e-02   1.0 9.92e-01 5.92e-01h  1
 397  6.0272101e+00 6.09e-05 1.80e+02  -3.8 1.27e-01   0.5 2.99e-01 1.00e+00h  1
 398  5.9970192e+00 4.14e-05 1.16e+02  -3.8 6.44e-02   0.9 6.60e-01 3.60e-01h  1
 399  5.9453932e+00 5.33e-05 1.01e+02  -3.8 3.77e-01   0.4 9.15e-02 1.33e-01h  1
iter    objective    inf_pr   inf_du lg(mu)  ||d||  lg(rg) alpha_du alpha_pr  ls
 400  5.9369381e+00 5.32e-05 1.04e+02  -3.8 9.13e-01  -0.0 2.45e-02 7.45e-03h  1
 401  5.9155452e+00 4.83e-05 1.25e+02  -3.8 1.75e-01   0.4 1.63e-01 1.10e-01h  1
 402  5.9041253e+00 4.39e-05 1.12e+02  -3.8 9.33e-02   0.8 1.09e-01 1.05e-01h  1
 403  5.8155010e+00 1.21e-04 7.06e+01  -3.8 3.70e-01   0.3 3.53e-02 3.83e-01h  1
 404  5.7992267e+00 1.13e-04 5.70e+01  -3.8 1.29e-01   0.8 4.62e-01 7.54e-02h  1
 405  5.7190385e+00 1.05e-05 8.88e+00  -3.8 4.11e-02   1.2 7.97e-01 1.00e+00h  1
 406  5.6688522e+00 1.79e-05 7.75e+00  -3.8 1.69e-01   0.7 2.62e-01 2.11e-01h  1
 407  5.6371247e+00 8.29e-06 4.38e+00  -3.8 3.91e-02   1.1 7.32e-01 1.00e+00h  1
 408  5.5638468e+00 3.30e-05 7.54e+00  -3.8 1.90e-01   0.7 2.02e-01 2.90e-01h  1
 409  5.4730248e+00 2.58e-05 1.40e+01  -3.8 5.97e-02   1.1 3.42e-01 8.55e-01h  1
iter    objective    inf_pr   inf_du lg(mu)  ||d||  lg(rg) alpha_du alpha_pr  ls
 410  5.4666764e+00 2.56e-05 9.88e+00  -3.8 3.27e-01   0.6 4.43e-02 8.59e-03h  1
 411  5.3899762e+00 2.89e-05 1.97e+01  -3.8 6.08e-02   1.0 4.89e-01 1.00e+00h  1
 412  5.3417917e+00 3.47e-05 2.02e+01  -3.8 4.33e-01   0.5 4.23e-02 5.45e-02h  1
 413  5.2278927e+00 4.36e-05 2.38e+01  -3.8 9.02e-02   1.0 1.75e-01 5.55e-01h  1
 414  5.1906118e+00 4.58e-05 2.21e+01  -3.8 1.34e+00   0.5 1.19e-02 8.68e-03h  1
 415  5.1025599e+00 4.74e-05 2.53e+01  -3.8 1.25e-01   0.9 7.89e-02 2.38e-01h  1
 416  5.0974671e+00 4.74e-05 2.23e+01  -3.8 1.65e+00   0.4 7.74e-03 1.05e-03h  1
 417  4.9594739e+00 5.42e-05 2.99e+01  -3.8 1.39e-01   0.9 8.75e-02 3.58e-01f  1
 418  4.9284880e+00 4.60e-05 2.24e+01  -3.8 4.72e-02   1.3 2.19e-01 1.69e-01h  1
 419  4.8557651e+00 4.98e-05 2.58e+01  -3.8 2.17e-01   0.8 2.30e-02 7.83e-02h  1
iter    objective    inf_pr   inf_du lg(mu)  ||d||  lg(rg) alpha_du alpha_pr  ls
 420  4.7577838e+00 5.23e-05 4.19e+01  -3.8 7.38e-02   1.2 5.05e-02 1.81e-01h  1
 421  4.5939442e+00 2.65e-05 3.56e+01  -3.8 2.14e-02   1.7 2.21e-01 7.85e-01h  1
 422  4.5366685e+00 2.69e-05 2.93e+01  -3.8 1.25e-01   1.2 1.22e-01 3.02e-02h  1
 423  4.2790205e+00 2.91e-05 6.05e+01  -3.8 2.71e-02   1.6 7.32e-02 7.95e-01h  1
 424  4.1673336e+00 2.98e-05 4.72e+01  -3.8 9.95e-02   1.1 8.98e-02 5.89e-02h  1
 425  4.1091959e+00 2.66e-05 2.63e+01  -3.8 2.97e-02   1.6 2.33e-01 1.25e-01h  1
 426  3.8562163e+00 3.60e-05 3.95e+01  -3.8 1.04e-01   1.1 7.23e-02 1.35e-01h  1
 427  3.7755010e+00 3.15e-05 6.38e+01  -3.8 3.39e-02   1.5 8.01e-01 1.52e-01h  1
 428  3.4016923e+00 4.83e-05 4.41e+01  -3.8 1.21e-01   1.0 2.06e-02 1.68e-01h  1
 429  3.3515177e+00 4.53e-05 4.05e+01  -3.8 4.25e-02   1.5 9.19e-02 6.99e-02h  1
iter    objective    inf_pr   inf_du lg(mu)  ||d||  lg(rg) alpha_du alpha_pr  ls
 430  2.9731691e+00 6.39e-05 3.90e+01  -3.8 2.24e-01   1.0 7.27e-02 8.96e-02h  1
 431  2.9211487e+00 6.06e-05 3.20e+01  -3.8 5.27e-02   1.4 1.27e-01 5.57e-02h  1
 432  2.7301089e+00 6.24e-05 2.76e+01  -3.8 2.36e-01   0.9 9.98e-02 4.02e-02h  1
 433  2.5255800e+00 6.75e-05 2.52e+01  -3.8 4.24e+00   0.5 2.00e-03 3.74e-03h  1
 434  2.4477380e+00 6.65e-05 2.83e+01  -3.8 2.08e-01   0.9 6.58e-02 2.61e-02h  1
 435  2.0810532e+00 8.12e-05 3.05e+01  -3.8 1.88e+00   0.4 5.47e-04 1.57e-02h  1
 436  1.8863131e+00 7.94e-05 2.69e+01  -3.8 2.05e-01   0.8 7.86e-02 6.90e-02h  1
 437  1.6876284e+00 8.21e-05 3.05e+01  -3.8 8.88e-01   0.4 6.87e-03 1.87e-02h  1
 438  1.5987349e+00 7.99e-05 2.91e+01  -3.8 2.01e-01   0.8 3.79e-02 3.50e-02h  1
 439  1.5193586e+00 7.96e-05 3.03e+01  -3.8 6.73e-01   0.3 5.40e-03 1.30e-02h  1
iter    objective    inf_pr   inf_du lg(mu)  ||d||  lg(rg) alpha_du alpha_pr  ls
 440  1.4822216e+00 7.86e-05 2.99e+01  -3.8 2.00e-01   0.7 1.40e-02 1.45e-02h  1
 441  1.2598406e+00 8.27e-05 5.69e+01  -3.8 2.04e+00   0.3 3.01e-03 1.28e-02h  1
 442  1.1284557e+00 8.08e-05 6.52e+01  -3.8 2.46e-01   0.7 3.28e-02 4.08e-02h  1
 443  7.8103952e-01 6.54e-05 4.05e+01  -3.8 8.79e-02   1.1 4.01e-01 3.03e-01h  1
 444  7.1020324e-01 6.47e-05 6.92e+01  -3.8 3.60e-01   0.6 9.25e-02 1.68e-02h  1
 445  6.6985216e-01 6.16e-05 7.09e+01  -3.8 8.99e-02   1.1 5.48e-02 4.82e-02h  1
 446  5.1662185e-01 6.05e-05 6.91e+01  -3.8 6.32e-01   0.6 3.08e-03 2.47e-02h  1
 447  4.3561960e-01 5.59e-05 7.82e+01  -3.8 1.24e-01   1.0 9.38e-01 7.93e-02h  1
 448  9.8546378e-02 5.92e-05 7.58e+01  -3.8 7.87e-01   0.5 4.15e-02 6.74e-02h  1
 449  7.1882103e-02 5.91e-05 5.42e+01  -3.8 5.99e+00   0.1 2.65e-02 1.22e-03h  1
iter    objective    inf_pr   inf_du lg(mu)  ||d||  lg(rg) alpha_du alpha_pr  ls
 450  4.0015749e-02 5.64e-05 4.78e+01  -3.8 3.54e-01   0.5 2.27e-03 4.87e-02h  1
 451  2.2102494e-02 4.74e-05 8.31e+01  -3.8 9.92e-02   0.9 1.00e+00 1.65e-01h  1
 452  2.7615977e-03 4.67e-05 8.01e+01  -3.8 1.21e+00    -  2.73e-03 1.57e-02h  1
 453  2.7261477e-03 4.61e-05 8.22e+01  -3.8 3.90e-01   0.4 1.60e-01 1.36e-02h  1
 454  4.1513535e-04 6.68e-05 4.06e+01  -3.8 1.21e-01    -  3.43e-03 2.55e-01h  1
 455 -1.1465448e-03 3.77e-05 2.30e+01  -3.8 1.16e-02   0.9 1.00e+00 4.59e-01h  1
 456 -4.0379920e-03 1.64e-04 4.32e+01  -3.8 6.73e-02    -  6.89e-02 9.55e-01h  1
 457 -3.7448451e-03 6.90e-05 1.08e+01  -3.8 2.86e-02    -  9.95e-01 5.44e-01h  1
 458 -3.5049511e-03 5.72e-04 4.21e-01  -3.8 1.74e-01    -  8.11e-01 9.61e-01h  1
 459 -3.5475268e-03 4.32e-05 7.85e-02  -3.8 3.84e-02    -  9.84e-01 1.00e+00h  1
iter    objective    inf_pr   inf_du lg(mu)  ||d||  lg(rg) alpha_du alpha_pr  ls
 460 -3.5475956e-03 5.15e-05 7.18e-01  -3.8 9.01e-02    -  3.08e-01 1.00e+00H  1
 461 -3.5473449e-03 4.43e-04 1.47e-01  -3.8 9.88e-02    -  1.00e+00 6.98e-01h  1
 462 -3.5480096e-03 9.97e-07 8.13e-05  -3.8 2.98e-03    -  1.00e+00 1.00e+00h  1
 463 -1.8928661e-02 5.46e-10 3.33e-01  -5.0 1.13e-01    -  8.87e-01 1.00e+00h  1
 464 -1.9001201e-02 1.45e-09 4.91e-09  -5.0 7.16e-02    -  1.00e+00 1.00e+00h  1

Number of Iterations....: 464

                                   (scaled)                 (unscaled)
Objective...............:  -1.9001200784302043e-02   -1.9001200784302043e-02
Dual infeasibility......:   4.9094846972519424e-09    4.9094846972519424e-09
Constraint violation....:   1.4494325374480239e-09    1.4494325374480239e-09
Complementarity.........:   1.0004424501990193e-05    1.0004424501990193e-05
Overall NLP error.......:   1.0004424501990193e-05    1.0004424501990193e-05

Number of objective function evaluations             = 466
Number of objective gradient evaluations             = 465
Number of constraint evaluations                     = 466
Number of constraint Jacobian evaluations            = 465
Number of Lagrangian Hessian evaluations             = 464
Total wall-clock secs in solver (w/o fun. eval./lin. alg.)  =  1.957
Total wall-clock secs in linear solver                      =  1.386
Total wall-clock secs in NLP function evaluations           =  0.572
Total wall-clock secs                                       =  3.915

EXIT: Optimal Solution Found (tol = 1.0e-04).
