Total number of variables............................:   351978
                     variables with only lower bounds:        0
                variables with lower and upper bounds:        0
                     variables with only upper bounds:        0
Total number of equality constraints.................:   319978
Total number of inequality constraints...............:        0
        inequality constraints with only lower bounds:        0
   inequality constraints with lower and upper bounds:        0
        inequality constraints with only upper bounds:        0


Number of Iterations....: 5

                                   (scaled)                 (unscaled)
Objective...............:   5.6875705574070241e+02    5.6875705574070241e+02
Dual infeasibility......:   3.7942379602253748e-11    3.7942379602253748e-11
Constraint violation....:   1.8202348309181993e-09    1.8202348309181993e-09
Variable bound violation:   0.0000000000000000e+00    0.0000000000000000e+00
Complementarity.........:   0.0000000000000000e+00    0.0000000000000000e+00
Overall NLP error.......:   1.8202348309181993e-09    1.8202348309181993e-09


Number of objective function evaluations             = 6
Number of objective gradient evaluations             = 6
Number of equality constraint evaluations            = 6
Number of inequality constraint evaluations          = 0
Number of equality constraint Jacobian evaluations   = 6
Number of inequality constraint Jacobian evaluations = 0
Number of Lagrangian Hessian evaluations             = 5
Total seconds in IPOPT (w/o function evaluations)    =     10.554
Total seconds in NLP function evaluations            =      0.414


Timing Statistics:

OverallAlgorithm....................:     22.019 (sys:     14.892 wall:     10.968)
 PrintProblemStatistics.............:      0.025 (sys:      0.020 wall:      0.004)
 InitializeIterates.................:      1.504 (sys:      0.180 wall:      1.684)
 UpdateHessian......................:      1.260 (sys:      1.266 wall:      0.160)
 OutputIteration....................:      0.010 (sys:      0.004 wall:      0.001)
 UpdateBarrierParameter.............:      0.003 (sys:      0.001 wall:      0.000)
 ComputeSearchDirection.............:     16.595 (sys:     10.702 wall:      8.783)
 ComputeAcceptableTrialPoint........:      1.103 (sys:      1.039 wall:      0.134)
 AcceptTrialPoint...................:      0.003 (sys:      0.002 wall:      0.000)
 CheckConvergence...................:      1.515 (sys:      1.677 wall:      0.202)
PDSystemSolverTotal.................:     16.554 (sys:     10.674 wall:      8.779)
 PDSystemSolverSolveOnce............:     15.104 (sys:      9.320 wall:      8.572)
 ComputeResiduals...................:      1.190 (sys:      1.079 wall:      0.172)
 StdAugSystemSolverMultiSolve.......:     16.471 (sys:      9.429 wall:     10.164)
 LinearSystemScaling................:      0.000 (sys:      0.000 wall:      0.000)
 LinearSystemSymbolicFactorization..:      0.736 (sys:      0.052 wall:      0.788)
 LinearSystemFactorization..........:      0.000 (sys:      0.000 wall:      0.000)
 LinearSystemBackSolve..............:      6.290 (sys:      4.574 wall:      1.993)
 LinearSystemStructureConverter.....:      0.000 (sys:      0.000 wall:      0.000)
  LinearSystemStructureConverterInit:      0.000 (sys:      0.000 wall:      0.000)
QualityFunctionSearch...............:      0.000 (sys:      0.000 wall:      0.000)
TryCorrector........................:      0.000 (sys:      0.000 wall:      0.000)
Task1...............................:      0.000 (sys:      0.000 wall:      0.000)
Task2...............................:      0.000 (sys:      0.000 wall:      0.000)
Task3...............................:      0.000 (sys:      0.000 wall:      0.000)
Task4...............................:      0.000 (sys:      0.000 wall:      0.000)
Task5...............................:      0.000 (sys:      0.000 wall:      0.000)
Task6...............................:      0.000 (sys:      0.000 wall:      0.000)
Function Evaluations................:      3.143 (sys:      3.249 wall:      0.414)
 Objective function.................:      0.045 (sys:      0.056 wall:      0.006)
 Objective function gradient........:      0.059 (sys:      0.044 wall:      0.007)
 Equality constraints...............:      0.851 (sys:      0.888 wall:      0.110)
 Inequality constraints.............:      0.000 (sys:      0.000 wall:      0.000)
 Equality constraint Jacobian.......:      0.930 (sys:      0.997 wall:      0.131)
 Inequality constraint Jacobian.....:      0.000 (sys:      0.000 wall:      0.000)
 Lagrangian Hessian.................:      1.257 (sys:      1.264 wall:      0.160)

EXIT: Optimal Solution Found.
