This is MadNLP version v0.8.3, running with cuDSS v0.1.0

Number of nonzeros in constraint Jacobian............:     3748
Number of nonzeros in Lagrangian Hessian.............:     1680

Total number of variables............................:     1155
                     variables with only lower bounds:      560
                variables with lower and upper bounds:       35
                     variables with only upper bounds:        0
Total number of equality constraints.................:     1120
Total number of inequality constraints...............:      140
        inequality constraints with only lower bounds:        0
   inequality constraints with lower and upper bounds:        0
        inequality constraints with only upper bounds:      140

iter    objective    inf_pr   inf_du lg(mu)  ||d||  lg(rg) alpha_du alpha_pr  ls
   0  4.0000000e+01 9.90e-01 8.33e+00  -1.0 0.00e+00    -  0.00e+00 0.00e+00   0
   1  3.9360814e+01 9.87e-01 1.53e+01  -1.0 2.15e+00    -  1.92e-04 2.62e-03h  1
   2  3.8787835e+01 9.85e-01 1.10e+01  -1.0 1.20e+00    -  1.18e-02 2.48e-03h  1
   3  3.6532392e+01 9.75e-01 1.61e+01  -1.0 1.19e+00    -  1.59e-02 1.02e-02h  1
   4  3.2557938e+01 9.56e-01 2.20e+01  -1.0 1.14e+00    -  2.47e-02 1.94e-02h  1
   5  2.4495749e+01 9.12e-01 1.93e+01  -1.0 9.72e-01    -  4.40e-02 4.60e-02h  1
   6  2.7191000e+00 7.34e-01 9.60e+01  -1.0 9.13e-01    -  7.47e-02 1.95e-01h  1
   7  2.9287760e+00 5.42e-01 2.58e+02  -1.0 9.39e-01    -  7.31e-02 2.61e-01h  1
   8  3.1220282e+00 4.68e-01 1.16e+02  -1.0 5.43e-01    -  4.95e-01 1.36e-01h  1
   9  4.6261469e+00 4.12e-01 2.25e+02  -1.0 7.05e-01    -  3.29e-02 1.20e-01h  1
iter    objective    inf_pr   inf_du lg(mu)  ||d||  lg(rg) alpha_du alpha_pr  ls
  10  6.9211149e+00 3.69e-01 1.89e+02  -1.0 1.18e+00    -  1.18e-01 1.06e-01h  1
  11  1.3452345e+01 2.69e-01 1.69e+02  -1.0 7.61e-01    -  1.45e-01 2.69e-01h  1
  12  1.7960473e+01 2.04e-01 3.27e+02  -1.0 6.50e-01    -  1.12e-01 2.43e-01h  1
  13  2.2457363e+01 1.45e-01 3.94e+02  -1.0 4.52e-01    -  1.71e-01 2.88e-01h  1
  14  2.8176663e+01 6.47e-02 6.66e+02  -1.0 3.50e-01    -  2.66e-01 5.54e-01h  1
  15  2.7834895e+01 5.53e-02 3.27e+02  -1.0 2.81e-01   2.0 2.51e-01 1.46e-01h  1
  16  2.8308726e+01 4.05e-02 2.63e+02  -1.0 3.61e-01    -  2.91e-01 2.68e-01h  1
  17  3.0538990e+01 3.63e-03 4.70e+02  -1.0 1.14e-01    -  6.00e-01 9.10e-01h  1
  18  3.1950375e+01 2.18e-05 2.26e+01  -1.0 6.10e-02    -  1.00e+00 1.00e+00h  1
  19  3.1434260e+01 3.23e-05 3.37e+00  -1.0 3.31e-02    -  1.00e+00 1.00e+00h  1
iter    objective    inf_pr   inf_du lg(mu)  ||d||  lg(rg) alpha_du alpha_pr  ls
  20  3.1457706e+01 2.26e-06 1.57e-01  -1.0 1.50e-02    -  1.00e+00 1.00e+00h  1
  21  2.8038148e+01 3.63e-05 6.43e+02  -2.5 2.05e-01    -  6.86e-01 3.83e-01f  1
  22  2.4699390e+01 7.95e-05 1.54e+02  -2.5 8.26e-02   1.5 7.23e-01 8.81e-01h  1
  23  2.2786967e+01 1.06e-04 8.19e+01  -2.5 5.68e-02   1.9 6.70e-01 8.83e-01h  1
  24  2.2266076e+01 2.62e-04 8.54e+01  -2.5 1.46e+01   1.5 4.21e-03 4.53e-03h  1
  25  2.2103581e+01 2.55e-04 5.47e+02  -2.5 8.47e-01    -  1.99e-01 2.79e-02h  1
  26  2.1777888e+01 2.73e-04 1.84e+02  -2.5 8.44e-01    -  3.32e-03 3.68e-02h  1
  27  2.1719758e+01 2.74e-04 3.76e+02  -2.5 1.35e+01   1.0 2.43e-03 3.64e-04h  1
  28  2.1135421e+01 2.33e-04 1.98e+02  -2.5 5.24e-01    -  3.77e-02 1.45e-01h  1
  29  2.0853775e+01 2.00e-04 2.29e+02  -2.5 3.28e-01    -  5.03e-01 1.43e-01h  1
iter    objective    inf_pr   inf_du lg(mu)  ||d||  lg(rg) alpha_du alpha_pr  ls
  30  2.0345564e+01 1.02e-04 3.38e+02  -2.5 1.97e-01    -  8.27e-01 4.91e-01h  1
  31  2.0207490e+01 5.85e-05 6.10e+02  -2.5 7.52e-02    -  1.00e+00 4.26e-01h  1
  32  2.0074746e+01 6.69e-07 1.50e-01  -2.5 4.08e-02    -  1.00e+00 1.00e+00h  1
  33  2.0080834e+01 3.20e-09 3.47e-03  -2.5 4.72e-04    -  1.00e+00 1.00e+00h  1
  34  1.9943223e+01 1.59e-06 1.82e+02  -3.8 1.12e-01    -  6.60e-01 4.55e-01h  1
  35  1.9786022e+01 1.04e-05 2.83e+01  -3.8 1.43e-01    -  8.29e-01 8.46e-01h  1
  36  1.9765285e+01 6.80e-06 1.12e+01  -3.8 1.64e-01    -  1.00e+00 7.93e-01h  1
  37  1.9760377e+01 7.00e-07 1.50e-04  -3.8 7.83e-02    -  1.00e+00 1.00e+00h  1
  38  1.9747621e+01 1.10e-06 3.02e+00  -5.0 1.10e-01    -  8.42e-01 7.05e-01h  1
  39  1.9742084e+01 3.93e-07 2.25e-04  -5.0 1.00e-01    -  1.00e+00 1.00e+00h  1
iter    objective    inf_pr   inf_du lg(mu)  ||d||  lg(rg) alpha_du alpha_pr  ls
  40  1.9742062e+01 5.26e-11 1.17e-07  -5.0 5.53e-04    -  1.00e+00 1.00e+00h  1

Number of Iterations....: 40

                                   (scaled)                 (unscaled)
Objective...............:   1.9742061595622598e+01    1.9742061595622598e+01
Dual infeasibility......:   1.1682285082966620e-07    1.1682285082966620e-07
Constraint violation....:   5.2567247294443495e-11    5.2567247294443495e-11
Complementarity.........:   1.0208959618357812e-05    1.0208959618357812e-05
Overall NLP error.......:   1.0208959618357812e-05    1.0208959618357812e-05

Number of objective function evaluations             = 41
Number of objective gradient evaluations             = 41
Number of constraint evaluations                     = 41
Number of constraint Jacobian evaluations            = 41
Number of Lagrangian Hessian evaluations             = 40
Total wall-clock secs in solver (w/o fun. eval./lin. alg.)  =  0.166
Total wall-clock secs in linear solver                      =  0.052
Total wall-clock secs in NLP function evaluations           =  0.051
Total wall-clock secs                                       =  0.269

EXIT: Optimal Solution Found (tol = 1.0e-04).
