Total number of variables............................:   703978
                     variables with only lower bounds:        0
                variables with lower and upper bounds:        0
                     variables with only upper bounds:        0
Total number of equality constraints.................:   639978
Total number of inequality constraints...............:        0
        inequality constraints with only lower bounds:        0
   inequality constraints with lower and upper bounds:        0
        inequality constraints with only upper bounds:        0


Number of Iterations....: 6

                                   (scaled)                 (unscaled)
Objective...............:   5.6875699053306653e+02    5.6875699053306653e+02
Dual infeasibility......:   3.6764211466810970e-15    3.6764211466810970e-15
Constraint violation....:   3.3961722323283539e-13    3.3961722323283539e-13
Variable bound violation:   0.0000000000000000e+00    0.0000000000000000e+00
Complementarity.........:   0.0000000000000000e+00    0.0000000000000000e+00
Overall NLP error.......:   3.3961722323283539e-13    3.3961722323283539e-13


Number of objective function evaluations             = 7
Number of objective gradient evaluations             = 7
Number of equality constraint evaluations            = 7
Number of inequality constraint evaluations          = 0
Number of equality constraint Jacobian evaluations   = 7
Number of inequality constraint Jacobian evaluations = 0
Number of Lagrangian Hessian evaluations             = 6
Total seconds in IPOPT (w/o function evaluations)    =     21.598
Total seconds in NLP function evaluations            =      0.982


Timing Statistics:

OverallAlgorithm....................:     39.044 (sys:     23.039 wall:     22.580)
 PrintProblemStatistics.............:      0.072 (sys:      0.012 wall:      0.007)
 InitializeIterates.................:      3.062 (sys:      0.416 wall:      3.478)
 UpdateHessian......................:      3.197 (sys:      3.043 wall:      0.397)
 OutputIteration....................:      0.013 (sys:      0.005 wall:      0.001)
 UpdateBarrierParameter.............:      0.004 (sys:      0.002 wall:      0.000)
 ComputeSearchDirection.............:     26.351 (sys:     13.605 wall:     17.899)
 ComputeAcceptableTrialPoint........:      2.658 (sys:      2.414 wall:      0.324)
 AcceptTrialPoint...................:      0.003 (sys:      0.002 wall:      0.000)
 CheckConvergence...................:      3.678 (sys:      3.538 wall:      0.471)
PDSystemSolverTotal.................:     26.256 (sys:     13.539 wall:     17.889)
 PDSystemSolverSolveOnce............:     22.874 (sys:     10.230 wall:     17.396)
 ComputeResiduals...................:      2.705 (sys:      2.573 wall:      0.403)
 StdAugSystemSolverMultiSolve.......:     25.659 (sys:     10.435 wall:     20.682)
 LinearSystemScaling................:      0.000 (sys:      0.000 wall:      0.000)
 LinearSystemSymbolicFactorization..:      1.589 (sys:      0.104 wall:      1.694)
 LinearSystemFactorization..........:      0.000 (sys:      0.000 wall:      0.000)
 LinearSystemBackSolve..............:      9.353 (sys:      5.295 wall:      4.241)
 LinearSystemStructureConverter.....:      0.000 (sys:      0.000 wall:      0.000)
  LinearSystemStructureConverterInit:      0.000 (sys:      0.000 wall:      0.000)
QualityFunctionSearch...............:      0.000 (sys:      0.000 wall:      0.000)
TryCorrector........................:      0.000 (sys:      0.000 wall:      0.000)
Task1...............................:      0.000 (sys:      0.000 wall:      0.000)
Task2...............................:      0.000 (sys:      0.000 wall:      0.000)
Task3...............................:      0.000 (sys:      0.000 wall:      0.000)
Task4...............................:      0.000 (sys:      0.000 wall:      0.000)
Task5...............................:      0.000 (sys:      0.000 wall:      0.000)
Task6...............................:      0.000 (sys:      0.000 wall:      0.000)
Function Evaluations................:      7.622 (sys:      7.369 wall:      0.982)
 Objective function.................:      0.079 (sys:      0.126 wall:      0.013)
 Objective function gradient........:      0.118 (sys:      0.127 wall:      0.017)
 Equality constraints...............:      1.981 (sys:      1.864 wall:      0.244)
 Inequality constraints.............:      0.000 (sys:      0.000 wall:      0.000)
 Equality constraint Jacobian.......:      2.250 (sys:      2.210 wall:      0.311)
 Inequality constraint Jacobian.....:      0.000 (sys:      0.000 wall:      0.000)
 Lagrangian Hessian.................:      3.194 (sys:      3.042 wall:      0.397)

EXIT: Optimal Solution Found.
