This is MadNLP version v0.8.3, running with cuDSS v0.1.0

Number of nonzeros in constraint Jacobian............:   299894
Number of nonzeros in Lagrangian Hessian.............:   235941

Total number of variables............................:    87978
                     variables with only lower bounds:        0
                variables with lower and upper bounds:        0
                     variables with only upper bounds:        0
Total number of equality constraints.................:    79978
Total number of inequality constraints...............:        0
        inequality constraints with only lower bounds:        0
   inequality constraints with lower and upper bounds:        0
        inequality constraints with only upper bounds:        0

iter    objective    inf_pr   inf_du lg(mu)  ||d||  lg(rg) alpha_du alpha_pr  ls
   0  2.3000000e+02 9.80e+00 6.00e-02  -1.0 0.00e+00    -  0.00e+00 0.00e+00   0
   1  2.2841970e+02 9.76e+00 1.07e+01  -1.0 1.03e+01    -  1.00e+00 4.00e-03h  1
   2  6.4019479e+02 9.84e+00 5.57e+00  -1.0 1.02e+01    -  1.00e+00 1.00e+00h  1
   3  6.3564727e+02 9.53e+00 2.87e+02  -1.0 2.06e+01   0.0 9.86e-01 3.09e-02h  6
   4  4.8818415e+02 6.19e+00 4.21e+02  -1.0 7.41e+00   0.4 1.00e+00 4.10e-01h  1
   5  4.8354224e+02 1.14e+01 2.17e+01  -1.0 5.21e+00  -0.1 1.00e+00 1.00e+00h  1
   6  5.0095754e+02 9.35e+00 1.70e+02  -1.0 3.51e+00   1.3 1.08e-01 1.82e-01h  1
   7  5.7045606e+02 4.43e+00 5.05e+01  -1.0 3.04e+00   0.8 6.99e-01 6.99e-01h  1
   8  6.0598554e+02 2.52e+00 3.03e+01  -1.0 2.67e+00   0.3 1.00e+00 1.00e+00h  1
   9  6.0576984e+02 4.47e-01 5.81e+00  -1.0 7.47e-01   0.7 1.00e+00 1.00e+00h  1
iter    objective    inf_pr   inf_du lg(mu)  ||d||  lg(rg) alpha_du alpha_pr  ls
  10  6.0506145e+02 3.22e-02 1.27e+00  -1.0 1.41e-01   0.3 1.00e+00 1.00e+00h  1
  11  6.0232702e+02 6.07e-05 1.00e-02  -1.0 5.35e-02  -0.2 1.00e+00 1.00e+00f  1
  12  5.6862140e+02 3.62e-01 8.47e-02  -3.8 3.87e+00    -  9.97e-01 1.00e+00f  1
  13  5.6843650e+02 1.56e-02 2.94e-04  -3.8 6.30e-01    -  1.00e+00 1.00e+00h  1
  14  5.6817955e+02 2.78e-06 2.30e-07  -3.8 1.70e-02    -  1.00e+00 1.00e+00h  1
  15  5.6802950e+02 3.89e-07 1.44e-04  -5.0 3.98e-03    -  8.90e-01 1.00e+00h  1
  16  5.6797907e+02 4.98e-06 8.15e-08  -5.0 1.45e-02    -  1.00e+00 1.00e+00h  1

Number of Iterations....: 16

                                   (scaled)                 (unscaled)
Objective...............:   5.6797907121203104e+02    5.6797907121203104e+02
Dual infeasibility......:   8.1494932777949596e-08    8.1494932777949596e-08
Constraint violation....:   4.9782858572859135e-06    4.9782858572859135e-06
Complementarity.........:   1.3179493720962798e-05    1.3179493720962798e-05
Overall NLP error.......:   1.3179493720962798e-05    1.3179493720962798e-05

Number of objective function evaluations             = 24
Number of objective gradient evaluations             = 17
Number of constraint evaluations                     = 24
Number of constraint Jacobian evaluations            = 17
Number of Lagrangian Hessian evaluations             = 16
Total wall-clock secs in solver (w/o fun. eval./lin. alg.)  =  0.668
Total wall-clock secs in linear solver                      =  0.177
Total wall-clock secs in NLP function evaluations           =  0.057
Total wall-clock secs                                       =  0.902

EXIT: Optimal Solution Found (tol = 1.0e-04).
