Total number of variables............................:   112750
                     variables with only lower bounds:    56320
                variables with lower and upper bounds:      110
                     variables with only upper bounds:        0
Total number of equality constraints.................:   112640
Total number of inequality constraints...............:    14080
        inequality constraints with only lower bounds:        0
   inequality constraints with lower and upper bounds:        0
        inequality constraints with only upper bounds:    14080


Number of Iterations....: 267

                                   (scaled)                 (unscaled)
Objective...............:   7.2572774258233295e+01    7.2572774258233295e+01
Dual infeasibility......:   7.3548125922862084e-11    7.3548125922862084e-11
Constraint violation....:   7.1853634153740131e-13    7.1853634153740131e-13
Variable bound violation:   7.4202574218087564e-09    7.4202574218087564e-09
Complementarity.........:   2.5059427232569437e-09    2.5059427232569437e-09
Overall NLP error.......:   2.5059427232569437e-09    2.5059427232569437e-09


Number of objective function evaluations             = 354
Number of objective gradient evaluations             = 268
Number of equality constraint evaluations            = 354
Number of inequality constraint evaluations          = 354
Number of equality constraint Jacobian evaluations   = 268
Number of inequality constraint Jacobian evaluations = 268
Number of Lagrangian Hessian evaluations             = 267
Total seconds in IPOPT (w/o function evaluations)    =    365.658
Total seconds in NLP function evaluations            =      3.011


Timing Statistics:

OverallAlgorithm....................:   1502.365 (sys:   1338.877 wall:    368.669)
 PrintProblemStatistics.............:      0.019 (sys:      0.010 wall:      0.002)
 InitializeIterates.................:      3.782 (sys:      2.275 wall:      1.801)
 UpdateHessian......................:      6.896 (sys:      6.686 wall:      0.865)
 OutputIteration....................:      0.224 (sys:      0.158 wall:      0.025)
 UpdateBarrierParameter.............:      0.919 (sys:      0.727 wall:      0.111)
 ComputeSearchDirection.............:   1419.854 (sys:   1261.038 wall:    354.688)
 ComputeAcceptableTrialPoint........:     53.063 (sys:     50.797 wall:      8.871)
 AcceptTrialPoint...................:      1.227 (sys:      1.012 wall:      0.151)
 CheckConvergence...................:     16.166 (sys:     15.996 wall:      2.141)
PDSystemSolverTotal.................:   1445.162 (sys:   1284.425 wall:    359.682)
 PDSystemSolverSolveOnce............:   1413.761 (sys:   1254.604 wall:    355.346)
 ComputeResiduals...................:     24.524 (sys:     23.548 wall:      3.484)
 StdAugSystemSolverMultiSolve.......:   1414.315 (sys:   1254.261 wall:    356.488)
 LinearSystemScaling................:      0.000 (sys:      0.000 wall:      0.000)
 LinearSystemSymbolicFactorization..:      1.973 (sys:      0.941 wall:      1.236)
 LinearSystemFactorization..........:      0.000 (sys:      0.000 wall:      0.000)
 LinearSystemBackSolve..............:    562.337 (sys:    550.977 wall:     82.144)
 LinearSystemStructureConverter.....:      0.000 (sys:      0.000 wall:      0.000)
  LinearSystemStructureConverterInit:      0.000 (sys:      0.000 wall:      0.000)
QualityFunctionSearch...............:      0.000 (sys:      0.000 wall:      0.000)
TryCorrector........................:      0.000 (sys:      0.000 wall:      0.000)
Task1...............................:      0.000 (sys:      0.000 wall:      0.000)
Task2...............................:      0.000 (sys:      0.000 wall:      0.000)
Task3...............................:      0.000 (sys:      0.000 wall:      0.000)
Task4...............................:      0.000 (sys:      0.000 wall:      0.000)
Task5...............................:      0.000 (sys:      0.000 wall:      0.000)
Task6...............................:      0.000 (sys:      0.000 wall:      0.000)
Function Evaluations................:     22.261 (sys:     21.909 wall:      3.011)
 Objective function.................:      0.082 (sys:      0.063 wall:      0.010)
 Objective function gradient........:      0.268 (sys:      0.240 wall:      0.034)
 Equality constraints...............:      8.443 (sys:      8.223 wall:      1.211)
 Inequality constraints.............:      0.158 (sys:      0.138 wall:      0.021)
 Equality constraint Jacobian.......:      1.758 (sys:      1.670 wall:      0.232)
 Inequality constraint Jacobian.....:      4.763 (sys:      4.958 wall:      0.648)
 Lagrangian Hessian.................:      6.789 (sys:      6.617 wall:      0.855)

EXIT: Optimal Solution Found.
