This is MadNLP version v0.8.3, running with cuDSS v0.1.0

Number of nonzeros in constraint Jacobian............:   379136
Number of nonzeros in Lagrangian Hessian.............:   168960

Total number of variables............................:   112750
                     variables with only lower bounds:    56320
                variables with lower and upper bounds:      110
                     variables with only upper bounds:        0
Total number of equality constraints.................:   112640
Total number of inequality constraints...............:    14080
        inequality constraints with only lower bounds:        0
   inequality constraints with lower and upper bounds:        0
        inequality constraints with only upper bounds:    14080

iter    objective    inf_pr   inf_du lg(mu)  ||d||  lg(rg) alpha_du alpha_pr  ls
   0  4.0000000e+01 9.90e-01 2.02e+00  -1.0 0.00e+00    -  0.00e+00 0.00e+00   0
   1  4.0067906e+01 9.87e-01 2.02e+00  -1.0 1.14e+00    -  1.81e-03 2.49e-03h  1
   2  4.0054009e+01 9.83e-01 9.14e+00  -1.0 1.30e+00    -  1.28e-02 4.51e-03h  1
   3  3.8925623e+01 9.70e-01 1.40e+01  -1.0 3.08e+00    -  1.81e-02 1.30e-02h  1
   4  3.2594715e+01 9.44e-01 1.60e+01  -1.0 4.12e+00    -  2.87e-02 2.66e-02h  1
   5  2.0482864e+01 9.03e-01 2.37e+01  -1.0 2.58e+00    -  5.46e-02 4.33e-02h  1
   6  7.0970229e+00 7.14e-01 7.49e+01  -1.0 9.06e-01    -  8.35e-02 2.10e-01h  1
   7  1.5648271e+01 5.67e-01 1.86e+02  -1.0 9.02e-01    -  3.86e-02 2.05e-01h  1
   8  5.1420123e+01 4.98e-01 1.45e+02  -1.0 3.11e+00    -  1.18e-02 1.23e-01h  1
   9  6.5164403e+01 3.67e-01 1.07e+02  -1.0 1.74e+00    -  1.02e-01 2.63e-01h  1
iter    objective    inf_pr   inf_du lg(mu)  ||d||  lg(rg) alpha_du alpha_pr  ls
  10  6.0143251e+01 3.00e-01 6.96e+01  -1.0 4.53e-01    -  4.27e-01 1.82e-01h  1
  11  5.3290297e+01 1.38e-01 1.14e+02  -1.0 3.04e-01    -  1.00e+00 5.39e-01h  1
  12  5.5091544e+01 5.23e-04 1.21e+02  -1.0 4.14e-01    -  6.00e-01 1.00e+00h  1
  13  5.5082200e+01 3.24e-04 2.07e+02  -1.0 1.70e-01    -  8.80e-01 4.13e-01h  1
  14  5.5056722e+01 3.12e-04 9.20e+00  -1.0 2.96e-01    -  1.00e+00 1.00e+00h  1
  15  5.5024707e+01 1.31e-05 4.39e-02  -1.0 4.39e-02    -  1.00e+00 1.00e+00h  1
  16  5.4598129e+01 4.21e-07 4.38e+01  -2.5 1.78e-02    -  9.86e-01 1.00e+00h  1
  17  5.1984098e+01 1.93e-05 4.26e+00  -2.5 4.20e-01    -  1.00e+00 2.97e-01f  1
  18  5.0043700e+01 3.91e-05 4.15e+00  -2.5 5.82e-01    -  1.00e+00 2.05e-01h  1
  19  4.8216563e+01 5.20e-05 2.84e+00  -2.5 4.34e-01    -  1.00e+00 2.84e-01h  1
iter    objective    inf_pr   inf_du lg(mu)  ||d||  lg(rg) alpha_du alpha_pr  ls
  20  4.6653929e+01 4.91e-05 1.99e+00  -2.5 3.30e-01    -  1.00e+00 3.64e-01h  1
  21  4.5359755e+01 3.11e-05 1.01e+00  -2.5 2.22e-01    -  1.00e+00 5.12e-01h  1
  22  4.4216325e+01 1.24e-05 1.04e-02  -2.5 1.04e-01    -  1.00e+00 1.00e+00h  1
  23  4.3406377e+01 1.08e-05 3.50e+01  -3.8 6.47e-01    -  5.10e-01 1.05e-01h  1
  24  4.1613251e+01 1.40e-04 3.62e+01  -3.8 1.54e+00    -  2.43e-01 1.08e-01h  1
  25  4.0769104e+01 2.36e-04 3.82e+01  -3.8 2.84e+00    -  1.28e-01 3.63e-02h  1
  26  3.9510525e+01 2.26e-04 3.78e+01  -3.8 2.60e+00    -  1.66e-01 6.80e-02h  1
  27  3.8853782e+01 2.21e-04 3.82e+01  -3.8 4.12e+00    -  1.02e-01 3.24e-02h  1
  28  3.8280076e+01 2.17e-04 3.85e+01  -3.8 4.78e+00    -  8.72e-02 2.84e-02h  1
  29  3.7845969e+01 2.12e-04 3.86e+01  -3.8 5.73e+00    -  7.13e-02 2.24e-02h  1
iter    objective    inf_pr   inf_du lg(mu)  ||d||  lg(rg) alpha_du alpha_pr  ls
  30  3.7383061e+01 2.08e-04 3.85e+01  -3.8 5.84e+00    -  7.12e-02 2.50e-02h  1
  31  3.6259774e+01 1.97e-04 3.68e+01  -3.8 3.25e+00    -  1.16e-01 6.67e-02h  1
  32  3.4738675e+01 2.01e-04 3.31e+01  -3.8 1.54e+00    -  8.91e-02 9.83e-02h  1
  33  3.3474514e+01 2.30e-04 3.25e+01  -3.8 2.02e+00    -  1.87e-01 8.46e-02h  1
  34  3.3188095e+01 2.25e-04 3.55e+01  -3.8 1.62e+00    -  3.42e-01 2.26e-02h  1
  35  3.1788462e+01 4.77e-04 3.12e+01  -3.8 3.95e+00  -2.0 1.07e-01 1.16e-01h  1
  36  3.1776855e+01 4.76e-04 3.28e+01  -3.8 3.50e+00  -1.6 5.91e-02 1.08e-03h  1
  37  3.0240986e+01 4.09e-04 2.97e+01  -3.8 1.59e+00    -  3.88e-01 1.40e-01h  1
  38  2.9070631e+01 3.68e-04 2.49e+01  -3.8 2.02e+00  -1.1 1.56e-01 1.60e-01h  1
  39  2.8480267e+01 3.50e-04 2.33e+01  -3.8 2.35e+00  -0.7 1.24e-01 8.79e-02h  1
iter    objective    inf_pr   inf_du lg(mu)  ||d||  lg(rg) alpha_du alpha_pr  ls
  40  2.8471372e+01 3.49e-04 2.41e+01  -3.8 2.34e+00  -1.2 9.14e-02 1.36e-03h  1
  41  2.8234683e+01 4.18e-04 2.30e+01  -3.8 3.23e+01  -1.7 8.33e-03 1.78e-02h  1
  42  2.8229502e+01 4.17e-04 2.37e+01  -3.8 2.25e+00  -1.3 9.07e-02 7.24e-04h  1
  43  2.7748887e+01 3.88e-04 2.28e+01  -3.8 8.40e-01    -  5.85e-01 7.11e-02h  1
  44  2.6736068e+01 3.25e-04 1.90e+01  -3.8 1.02e+00    -  2.76e-01 1.68e-01h  1
  45  2.6732452e+01 3.24e-04 1.92e+01  -3.8 6.25e-01  -0.8 1.22e-01 9.57e-04h  1
  46  2.5567217e+01 2.46e-04 1.49e+01  -3.8 4.46e-01    -  7.66e-01 2.40e-01h  1
  47  2.4394800e+01 1.64e-04 9.74e+00  -3.8 5.09e-01    -  2.53e-01 3.45e-01h  1
  48  2.3713998e+01 1.77e-04 6.83e+00  -3.8 1.57e+00  -1.3 2.39e-01 2.90e-01h  1
  49  2.3678250e+01 1.76e-04 6.86e+00  -3.8 2.28e+00  -0.9 6.25e-02 1.23e-02h  1
iter    objective    inf_pr   inf_du lg(mu)  ||d||  lg(rg) alpha_du alpha_pr  ls
  50  2.3516418e+01 1.56e-04 6.15e+00  -3.8 3.64e-01    -  3.60e-01 1.11e-01h  1
  51  2.3350778e+01 1.44e-04 5.40e+00  -3.8 1.35e+00    -  8.97e-02 1.17e-01h  1
  52  2.2795209e+01 1.73e-04 3.21e+00  -3.8 1.20e+00  -1.4 4.38e-01 4.10e-01h  1
  53  2.2792809e+01 1.73e-04 3.23e+00  -3.8 8.73e-01  -0.9 4.66e-02 1.68e-03h  1
  54  2.2390527e+01 2.94e-04 1.40e+00  -3.8 1.46e+00    -  6.34e-02 4.88e-01h  1
  55  2.2389596e+01 2.93e-04 1.56e+00  -3.8 2.44e+00    -  1.37e-01 8.27e-04h  1
  56  2.2111309e+01 8.10e-05 4.19e-01  -3.8 8.78e-02    -  5.58e-01 7.24e-01h  1
  57  2.2043162e+01 4.26e-05 2.08e-01  -3.8 2.06e-01    -  4.51e-01 4.95e-01h  1
  58  2.1873568e+01 6.96e-05 5.27e-01  -3.8 8.61e-01    -  1.95e-01 6.55e-01H  1
  59  2.1872724e+01 8.91e-06 8.78e-02  -3.8 8.19e-02    -  8.71e-01 9.26e-01h  1
iter    objective    inf_pr   inf_du lg(mu)  ||d||  lg(rg) alpha_du alpha_pr  ls
  60  2.1841544e+01 2.82e-05 7.07e-02  -3.8 3.20e-01    -  2.63e-01 2.42e-01h  1
  61  2.1672942e+01 2.74e-05 6.97e-01  -3.8 7.27e-01    -  1.51e-01 8.59e-01H  1
  62  2.1720270e+01 1.23e-05 2.99e-01  -3.8 1.22e-01    -  7.57e-01 1.00e+00h  1
  63  2.1683522e+01 2.30e-05 2.17e-01  -3.8 4.51e-01    -  2.74e-01 2.74e-01h  1
  64  2.1637300e+01 3.18e-05 2.02e-01  -3.8 2.41e-01    -  4.95e-01 1.00e+00h  1
  65  2.1580680e+01 3.18e-05 8.35e-02  -3.8 3.03e-01  -1.4 5.63e-01 5.39e-01h  1
  66  2.1509729e+01 2.80e-05 1.89e-02  -3.8 1.76e-01  -1.0 1.00e+00 1.00e+00h  1
  67  2.1451981e+01 2.07e-05 2.37e-02  -3.8 8.30e-02  -0.6 1.00e+00 1.00e+00h  1
  68  2.1443847e+01 2.08e-05 1.81e-01  -3.8 5.72e-01  -1.0 2.38e-01 2.32e-02h  1
  69  2.1379797e+01 2.78e-06 5.03e-01  -3.8 5.58e-01    -  2.64e-01 1.00e+00H  1
iter    objective    inf_pr   inf_du lg(mu)  ||d||  lg(rg) alpha_du alpha_pr  ls
  70  2.1343527e+01 7.10e-06 3.17e-01  -3.8 2.19e+00  -1.5 7.95e-02 4.31e-02h  1
  71  2.1384224e+01 8.46e-06 2.12e-01  -3.8 1.44e-01    -  1.00e+00 7.09e-01h  1
  72  2.1352968e+01 3.45e-05 1.42e-01  -3.8 3.10e-01    -  3.32e-01 3.30e-01h  1
  73  2.1193698e+01 2.58e-05 5.62e-01  -3.8 7.24e-01    -  2.19e-01 8.65e-01H  1
  74  2.1252060e+01 1.64e-05 2.43e-02  -3.8 1.75e-01    -  1.00e+00 1.00e+00h  1
  75  2.1203795e+01 5.07e-05 1.38e-01  -3.8 8.77e-01    -  1.26e-01 2.01e-01h  1
  76  2.1154837e+01 3.32e-05 1.85e-01  -3.8 2.46e-01    -  5.13e-01 1.00e+00h  1
  77  2.1091948e+01 6.69e-05 1.39e-01  -3.8 1.85e+00  -2.0 1.61e-01 1.32e-01h  1
  78  2.1011002e+01 1.69e-05 2.21e-02  -3.8 9.96e-02  -0.7 1.00e+00 1.00e+00h  1
  79  2.0973872e+01 2.57e-05 4.49e-02  -3.8 2.21e+00  -1.1 4.53e-02 3.10e-02h  1
iter    objective    inf_pr   inf_du lg(mu)  ||d||  lg(rg) alpha_du alpha_pr  ls
  80  2.1021217e+01 3.14e-05 8.89e-02  -3.8 1.79e-01    -  7.35e-01 1.00e+00h  1
  81  2.0960080e+01 3.51e-05 8.09e-02  -3.8 9.04e-01  -1.6 2.15e-01 1.84e-01h  1
  82  2.0849222e+01 6.66e-05 3.23e-02  -3.8 2.92e-01  -1.2 1.00e+00 1.00e+00h  1
  83  2.0823660e+01 5.85e-05 1.42e-01  -3.8 1.99e-01  -0.8 5.90e-01 1.65e-01h  1
  84  2.0855317e+01 3.50e-05 2.02e-01  -3.8 2.10e-01    -  4.78e-01 1.00e+00h  1
  85  2.0812949e+01 2.74e-05 1.61e-01  -3.8 2.73e-01  -1.2 6.50e-01 2.90e-01h  1
  86  2.0761641e+01 5.02e-05 4.02e-01  -3.8 3.47e+00  -1.7 9.98e-02 5.65e-02h  2
  87  2.0704839e+01 1.15e-05 2.09e-02  -3.8 4.97e-02  -0.4 1.00e+00 1.00e+00h  1
  88  2.0643955e+01 2.48e-05 1.04e-01  -3.8 1.95e-01  -0.9 1.00e+00 7.53e-01h  1
  89  2.0685389e+01 3.76e-05 1.09e-01  -3.8 2.16e-01    -  6.66e-01 1.00e+00h  1
iter    objective    inf_pr   inf_du lg(mu)  ||d||  lg(rg) alpha_du alpha_pr  ls
  90  2.0630467e+01 3.15e-05 4.91e-02  -3.8 3.56e-01  -1.3 4.36e-01 3.55e-01h  1
  91  2.0579081e+01 1.34e-05 1.51e-02  -3.8 1.22e-01  -0.9 1.00e+00 1.00e+00h  1
  92  2.0508663e+01 4.83e-05 2.76e-02  -3.8 1.91e+00  -1.4 1.05e-01 9.87e-02h  1
  93  2.0539257e+01 2.91e-05 1.56e-01  -3.8 1.93e-01    -  6.48e-01 1.00e+00h  1
  94  2.0483875e+01 4.19e-05 1.91e-01  -3.8 2.57e+00  -1.9 8.35e-02 6.69e-02h  1
  95  2.0381967e+01 9.98e-05 4.48e-01  -3.8 1.28e+00  -1.4 1.08e-01 2.45e-01h  1
  96  2.0451785e+01 1.96e-05 9.14e-03  -3.8 1.61e-01    -  1.00e+00 1.00e+00h  1
  97  2.0404228e+01 5.72e-05 6.32e-02  -3.8 9.03e-01    -  1.34e-01 1.79e-01h  1
  98  2.0315262e+01 1.03e-04 3.25e-01  -3.8 4.26e-01    -  4.34e-01 1.00e+00h  1
  99  2.0200949e+01 4.12e-05 2.53e-01  -3.8 2.09e-01  -1.0 6.39e-01 8.97e-01h  1
iter    objective    inf_pr   inf_du lg(mu)  ||d||  lg(rg) alpha_du alpha_pr  ls
 100  2.0280533e+01 2.55e-05 5.31e-03  -3.8 1.24e-01    -  1.00e+00 1.00e+00h  1
 101  2.0235742e+01 5.31e-05 5.44e-02  -3.8 7.17e-01    -  1.37e-01 1.73e-01h  1
 102  2.0179156e+01 6.28e-05 9.39e-02  -3.8 1.36e+00    -  1.76e-01 2.10e-01h  1
 103  2.0078641e+01 1.01e-04 7.12e-02  -3.8 2.39e+00  -1.5 1.24e-01 1.18e-01h  1
 104  2.0096753e+01 3.13e-05 2.71e-01  -3.8 1.11e-01    -  5.17e-01 1.00e+00h  1
 105  2.0039516e+01 6.30e-06 2.71e-01  -3.8 1.67e-01  -1.1 7.91e-01 3.73e-01h  1
 106  1.9901562e+01 5.14e-06 3.98e-01  -3.8 4.63e-01  -1.5 3.69e-01 1.00e+00H  1
 107  1.9874733e+01 7.43e-06 3.12e-01  -3.8 3.23e-01  -1.1 5.25e-01 2.01e-01h  1
 108  1.9923396e+01 3.70e-05 1.35e-01  -3.8 1.46e-01    -  8.17e-01 1.00e+00h  1
 109  1.9871282e+01 1.81e-05 1.02e-01  -3.8 3.71e-01  -1.6 3.06e-01 3.02e-01h  1
iter    objective    inf_pr   inf_du lg(mu)  ||d||  lg(rg) alpha_du alpha_pr  ls
 110  1.9802448e+01 2.54e-05 1.34e-02  -3.8 1.96e-01  -1.2 1.00e+00 1.00e+00h  1
 111  1.9767906e+01 7.29e-06 1.47e-02  -3.8 8.04e-02  -0.7 1.00e+00 1.00e+00h  1
 112  1.9699763e+01 3.51e-05 7.18e-02  -3.8 7.66e-01  -1.2 2.60e-01 2.09e-01h  1
 113  1.9736711e+01 3.56e-05 1.55e-01  -3.8 2.17e-01    -  6.33e-01 1.00e+00h  1
 114  1.9674897e+01 4.78e-05 1.55e-01  -3.8 1.81e+00  -1.7 8.98e-02 1.00e-01h  1
 115  1.9573896e+01 6.85e-05 1.27e-01  -3.8 4.17e-01  -1.3 7.54e-01 6.31e-01h  1
 116  1.9573446e+01 6.83e-05 2.06e-01  -3.8 6.21e-01    -  5.96e-02 2.67e-03h  1
 117  1.9522354e+01 1.58e-04 5.12e-01  -3.8 5.25e-01    -  2.52e-01 1.00e+00h  1
 118  1.9487460e+01 1.14e-04 3.66e-01  -3.8 1.35e-01  -0.8 5.56e-01 2.84e-01h  1
 119  1.9434902e+01 1.08e-04 5.74e-01  -3.8 8.07e-01  -1.3 2.90e-01 1.54e-01h  1
iter    objective    inf_pr   inf_du lg(mu)  ||d||  lg(rg) alpha_du alpha_pr  ls
 120  1.9420765e+01 3.82e-05 3.69e-01  -3.8 2.54e-01    -  4.30e-01 1.00e+00h  1
 121  1.9374801e+01 2.46e-05 3.51e-01  -3.8 9.78e-02  -0.9 8.78e-01 3.79e-01h  1
 122  1.9286307e+01 6.80e-05 1.22e-01  -3.8 3.10e-01  -1.4 7.83e-01 1.00e+00h  1
 123  1.9236311e+01 5.45e-05 7.22e-02  -3.8 2.57e-01  -0.9 5.05e-01 3.58e-01h  1
 124  1.9284634e+01 3.79e-05 2.31e-02  -3.8 1.46e-01    -  9.65e-01 1.00e+00h  1
 125  1.9222503e+01 2.81e-05 2.29e-02  -3.8 2.31e-01  -1.4 4.63e-01 5.02e-01h  1
 126  1.9169168e+01 4.01e-05 1.86e-01  -3.8 2.77e+00  -1.9 1.14e-01 7.34e-02h  2
 127  1.9116240e+01 1.04e-05 1.94e-02  -3.8 7.15e-02  -0.6 1.00e+00 1.00e+00h  1
 128  1.9052399e+01 2.90e-05 1.10e-01  -3.8 3.85e-01  -1.0 5.52e-01 3.44e-01h  1
 129  1.9074651e+01 6.95e-05 2.48e-01  -3.8 3.30e-01    -  4.67e-01 1.00e+00h  1
iter    objective    inf_pr   inf_du lg(mu)  ||d||  lg(rg) alpha_du alpha_pr  ls
 130  1.9010061e+01 7.38e-05 2.38e-01  -3.8 1.17e+00  -1.5 2.83e-01 1.39e-01h  1
 131  1.8932285e+01 7.13e-05 1.57e-01  -3.8 4.49e-01  -1.1 3.35e-01 3.36e-01h  1
 132  1.8960033e+01 4.30e-05 1.13e-01  -3.8 1.75e-01    -  7.81e-01 1.00e+00h  1
 133  1.8897352e+01 2.50e-05 1.11e-01  -3.8 5.18e-01  -1.6 2.85e-01 2.60e-01h  1
 134  1.8818064e+01 2.98e-05 1.55e-02  -3.8 2.04e-01  -1.1 1.00e+00 1.00e+00h  1
 135  1.8767098e+01 1.39e-05 1.78e-02  -3.8 9.27e-02  -0.7 1.00e+00 1.00e+00h  1
 136  1.8735051e+01 5.09e-06 2.14e-02  -3.8 4.22e-02  -0.3 1.00e+00 1.00e+00h  1
 137  1.8720565e+01 5.82e-06 1.84e-01  -3.8 1.72e-01  -0.8 7.96e-01 1.30e-01h  1
 138  1.8718109e+01 1.05e-06 2.92e-01  -3.8 4.02e-01    -  4.51e-01 1.00e+00H  1
 139  1.8662295e+01 1.03e-05 3.84e-01  -3.8 3.85e-01  -1.3 7.23e-01 3.13e-01h  1
iter    objective    inf_pr   inf_du lg(mu)  ||d||  lg(rg) alpha_du alpha_pr  ls
 140  1.8579631e+01 3.65e-05 1.70e-01  -3.8 2.37e-01  -0.8 3.35e-01 4.44e-01h  1
 141  1.8643641e+01 3.18e-05 1.46e-02  -3.8 1.24e-01    -  1.00e+00 1.00e+00h  1
 142  1.8580633e+01 2.73e-05 5.44e-03  -3.8 1.38e-01  -1.3 6.76e-01 6.63e-01h  1
 143  1.8462111e+01 5.26e-05 4.26e-01  -3.8 7.46e-01  -1.8 2.08e-01 5.51e-01H  1
 144  1.8545035e+01 1.62e-05 5.72e-03  -3.8 1.74e-01    -  1.00e+00 1.00e+00h  1
 145  1.8493528e+01 5.43e-05 6.13e-02  -3.8 8.85e-01    -  1.54e-01 1.97e-01h  1
 146  1.8422676e+01 4.94e-05 1.80e-01  -3.8 3.06e-01    -  6.03e-01 1.00e+00h  1
 147  1.8293101e+01 7.19e-05 3.23e-01  -3.8 3.71e-01  -1.4 4.29e-01 8.20e-01h  1
 148  1.8386674e+01 1.67e-05 5.83e-03  -3.8 1.81e-01    -  1.00e+00 1.00e+00h  1
 149  1.8333325e+01 5.72e-05 6.22e-02  -3.8 9.58e-01    -  1.51e-01 1.89e-01h  1
iter    objective    inf_pr   inf_du lg(mu)  ||d||  lg(rg) alpha_du alpha_pr  ls
 150  1.8264340e+01 4.73e-05 1.54e-01  -3.8 3.00e-01    -  6.36e-01 1.00e+00h  1
 151  1.8191314e+01 1.08e-05 1.52e-02  -3.8 1.12e-01  -0.9 1.00e+00 1.00e+00h  1
 152  1.8115342e+01 4.40e-05 1.92e-01  -3.8 1.22e+00  -1.4 9.49e-02 1.61e-01h  1
 153  1.8195348e+01 2.11e-05 3.58e-03  -3.8 1.05e-01    -  1.00e+00 1.00e+00h  1
 154  1.8151874e+01 4.27e-05 2.76e-02  -3.8 5.51e-01    -  1.70e-01 1.91e-01h  1
 155  1.8122715e+01 4.50e-05 1.33e-01  -3.8 2.23e+00    -  1.12e-01 6.32e-02h  2
 156  1.8043097e+01 1.42e-05 1.44e-02  -3.8 1.38e-01  -1.0 1.00e+00 1.00e+00h  1
 157  1.7958238e+01 5.86e-05 3.72e-02  -3.8 6.45e-01  -1.5 3.54e-01 3.84e-01h  1
 158  1.8014348e+01 2.73e-05 4.49e-03  -3.8 9.93e-02    -  1.00e+00 1.00e+00h  1
 159  1.7969971e+01 3.37e-05 3.17e-02  -3.8 7.74e-01    -  1.42e-01 1.61e-01h  1
iter    objective    inf_pr   inf_du lg(mu)  ||d||  lg(rg) alpha_du alpha_pr  ls
 160  1.7906963e+01 8.75e-06 1.10e-02  -3.8 1.18e-01  -1.0 1.00e+00 1.00e+00h  1
 161  1.7802320e+01 2.20e-05 3.40e-02  -3.8 4.27e-01  -1.5 7.03e-01 7.12e-01H  1
 162  1.7843693e+01 2.26e-05 2.93e-03  -3.8 1.13e-01    -  1.00e+00 1.00e+00h  1
 163  1.7799529e+01 2.00e-05 6.56e-03  -3.8 9.66e-01    -  1.43e-01 1.47e-01H  1
 164  1.7733322e+01 1.23e-05 1.14e-02  -3.8 1.37e-01  -1.1 1.00e+00 1.00e+00h  1
 165  1.7642006e+01 4.45e-05 9.44e-02  -3.8 7.94e-01  -1.6 3.92e-01 3.32e-01H  1
 166  1.7641515e+01 4.43e-05 2.51e-01  -3.8 5.14e-01    -  1.86e-01 4.16e-03h  1
 167  1.7519287e+01 5.83e-05 9.12e-01  -3.8 8.95e-01    -  6.46e-02 7.24e-01H  1
 168  1.7650216e+01 3.07e-06 1.55e-01  -3.8 5.27e-01    -  1.00e+00 9.14e-01H  1
 169  1.7606205e+01 2.01e-05 2.41e-01  -3.8 1.48e+00    -  3.70e-02 1.27e-01H  1
iter    objective    inf_pr   inf_du lg(mu)  ||d||  lg(rg) alpha_du alpha_pr  ls
 170  1.7545426e+01 1.77e-05 1.19e-02  -3.8 1.61e-01  -1.1 1.00e+00 1.00e+00h  1
 171  1.7488658e+01 1.16e-05 1.54e-02  -3.8 7.68e-02  -0.7 1.00e+00 1.00e+00h  1
 172  1.7449981e+01 1.87e-05 1.44e-01  -3.8 2.33e+00  -1.2 7.15e-02 2.79e-02h  1
 173  1.7469524e+01 4.91e-05 1.76e-01  -3.8 2.87e-01    -  6.12e-01 1.00e+00h  1
 174  1.7400116e+01 6.03e-05 1.89e-01  -3.8 1.11e+00  -1.7 1.40e-01 1.68e-01h  1
 175  1.7331372e+01 5.37e-05 2.30e-01  -3.8 3.72e-01  -1.2 6.24e-01 4.06e-01h  1
 176  1.7344645e+01 4.40e-05 1.56e-01  -3.8 2.07e-01    -  6.97e-01 1.00e+00h  1
 177  1.7285235e+01 2.68e-05 2.06e-01  -3.8 5.66e-01  -1.7 2.87e-01 2.12e-01h  1
 178  1.7202844e+01 3.36e-05 2.77e-02  -3.8 2.15e-01  -1.3 1.00e+00 1.00e+00h  1
 179  1.7135263e+01 2.46e-05 1.71e-02  -3.8 1.22e-01  -0.9 1.00e+00 9.76e-01h  1
iter    objective    inf_pr   inf_du lg(mu)  ||d||  lg(rg) alpha_du alpha_pr  ls
 180  1.7205607e+01 1.76e-05 3.44e-03  -3.8 7.52e-02    -  1.00e+00 1.00e+00h  1
 181  1.7167988e+01 2.64e-05 3.86e-03  -3.8 3.88e-01    -  2.54e-01 2.50e-01h  1
 182  1.7102901e+01 1.51e-05 7.50e-03  -3.8 1.62e-01  -1.3 1.00e+00 1.00e+00h  1
 183  1.7057280e+01 2.90e-05 1.71e-01  -3.8 2.08e+00  -1.8 1.16e-01 7.10e-02h  2
 184  1.7022259e+01 4.99e-06 1.33e-02  -3.8 4.01e-02  -0.5 1.00e+00 1.00e+00h  1
 185  1.6965643e+01 1.67e-05 9.23e-02  -3.8 2.10e-01  -1.0 7.69e-01 5.14e-01h  1
 186  1.7025852e+01 1.61e-05 3.22e-03  -3.8 1.16e-01    -  1.00e+00 1.00e+00h  1
 187  1.6980350e+01 1.88e-05 8.92e-03  -3.8 7.63e-01    -  2.13e-01 2.06e-01H  1
 188  1.6833320e+01 1.25e-05 1.08e-01  -3.8 3.85e-01  -1.4 1.00e+00 8.58e-01H  1
 189  1.6832771e+01 1.24e-05 1.77e-01  -3.8 4.06e-01  -1.9 1.30e-01 4.50e-03h  1
iter    objective    inf_pr   inf_du lg(mu)  ||d||  lg(rg) alpha_du alpha_pr  ls
 190  1.6777409e+01 1.44e-06 3.40e-01  -3.8 4.47e-01    -  4.24e-01 1.00e+00H  1
 191  1.6722920e+01 1.20e-05 3.48e-01  -3.8 4.87e-01  -1.5 5.45e-01 2.76e-01h  1
 192  1.6679601e+01 1.73e-05 4.35e-01  -3.8 3.90e-01  -1.1 2.62e-01 1.73e-01h  1
 193  1.6705721e+01 3.08e-05 1.05e-02  -3.8 1.57e-01    -  1.00e+00 1.00e+00h  1
 194  1.6660688e+01 1.55e-05 1.74e-02  -3.8 3.57e-01    -  3.54e-01 3.39e-01H  1
 195  1.6522176e+01 5.53e-06 3.26e-02  -3.8 3.45e-01  -1.5 1.00e+00 1.00e+00H  1
 196  1.6519329e+01 5.51e-06 2.07e-01  -3.8 4.51e-01  -1.1 1.92e-01 9.41e-03h  2
 197  1.6516665e+01 5.51e-06 3.15e-01  -3.8 3.59e-01    -  3.40e-01 4.36e-02h  1
 198  1.6383249e+01 5.71e-06 2.06e+00  -3.8 6.34e-01    -  9.12e-02 9.94e-01H  1
 199  1.6359489e+01 6.16e-05 2.06e+00  -3.8 6.13e-01    -  1.65e-02 2.29e-09H  1
iter    objective    inf_pr   inf_du lg(mu)  ||d||  lg(rg) alpha_du alpha_pr  ls
 200  1.6321714e+01 5.37e-05 1.79e+00  -3.8 9.10e-01  -1.6 9.71e-02 1.28e-01h  1
 201  1.6374394e+01 4.84e-05 1.61e+00  -3.8 1.51e+00    -  1.04e-03 9.87e-02h  1
 202  1.6371974e+01 4.73e-05 1.62e+00  -3.8 2.80e+00  -1.2 9.64e-02 2.30e-02h  3
 203  1.6357993e+01 1.21e-05 4.97e-01  -3.8 3.88e-02  -0.7 7.88e-01 1.00e+00h  1
 204  1.6315318e+01 1.66e-05 9.60e-01  -3.8 2.00e+00  -1.2 9.73e-02 3.65e-02h  1
 205  1.6373619e+01 1.56e-05 1.24e+00  -3.8 1.43e-01    -  4.28e-01 1.00e+00h  1
 206  1.6335263e+01 1.49e-05 1.13e+00  -3.8 7.76e-01  -1.7 2.32e-01 9.83e-02h  1
 207  1.6303447e+01 6.92e-06 4.07e-02  -3.8 9.96e-02  -1.3 1.00e+00 1.00e+00h  1
 208  1.6206620e+01 3.32e-05 1.02e-01  -3.8 5.75e-01  -1.7 4.03e-01 4.99e-01H  1
 209  1.6275840e+01 1.22e-05 3.80e-03  -3.8 1.34e-01    -  1.00e+00 1.00e+00h  1
iter    objective    inf_pr   inf_du lg(mu)  ||d||  lg(rg) alpha_du alpha_pr  ls
 210  1.6253851e+01 9.50e-06 1.46e-01  -3.8 6.16e+00    -  2.27e-02 1.09e-02h  2
 211  1.6188014e+01 3.91e-05 1.73e-01  -3.8 1.53e-01  -1.3 1.00e+00 5.49e-01h  1
 212  1.6170159e+01 2.17e-05 1.23e-01  -3.8 1.87e-01    -  6.49e-01 1.00e+00h  1
 213  1.6144733e+01 2.41e-05 3.30e-01  -3.8 1.40e+00  -1.8 1.84e-01 5.54e-02h  3
 214  1.6117968e+01 1.47e-06 8.07e-03  -3.8 2.37e-02  -0.5 1.00e+00 1.00e+00h  1
 215  1.6088451e+01 3.33e-06 7.85e-03  -3.8 6.90e-02  -0.9 1.00e+00 1.00e+00h  1
 216  1.6071526e+01 1.13e-06 9.28e-03  -3.8 3.06e-02  -0.5 1.00e+00 1.00e+00h  1
 217  1.6013097e+01 1.55e-05 8.55e-02  -3.8 1.79e-01  -1.0 9.07e-01 6.13e-01h  1
 218  1.6067857e+01 1.35e-05 1.82e-03  -3.8 9.31e-02    -  1.00e+00 1.00e+00h  1
 219  1.6036581e+01 5.67e-06 6.50e-02  -3.8 1.83e-01    -  6.16e-01 4.50e-01H  1
iter    objective    inf_pr   inf_du lg(mu)  ||d||  lg(rg) alpha_du alpha_pr  ls
 220  1.5996068e+01 7.70e-06 3.89e-03  -3.8 1.15e-01  -1.5 1.00e+00 1.00e+00h  1
 221  1.5973093e+01 1.12e-05 4.01e-01  -3.8 1.10e+00  -2.0 2.92e-01 7.24e-02h  3
 222  1.5954914e+01 1.64e-06 6.13e-03  -3.8 2.55e-02  -0.6 1.00e+00 1.00e+00h  1
 223  1.5919344e+01 6.58e-06 7.95e-03  -3.8 9.95e-02  -1.1 1.00e+00 1.00e+00h  1
 224  1.5888324e+01 3.72e-06 1.11e-02  -3.8 5.20e-02  -0.7 1.00e+00 1.00e+00h  1
 225  1.5849441e+01 9.95e-06 1.22e-01  -3.8 1.02e+00  -1.1 1.42e-01 6.14e-02h  1
 226  1.5896673e+01 1.10e-05 3.03e-03  -3.8 1.26e-01    -  1.00e+00 1.00e+00h  1
 227  1.5864621e+01 8.04e-06 6.48e-02  -3.8 1.98e-01    -  6.92e-01 5.09e-01H  1
 228  1.5765811e+01 3.06e-06 1.98e-02  -3.8 2.60e-01  -1.6 1.00e+00 1.00e+00H  1
 229  1.5710916e+01 1.53e-05 1.36e-01  -3.8 3.70e-01  -1.2 4.45e-01 2.85e-01h  1
iter    objective    inf_pr   inf_du lg(mu)  ||d||  lg(rg) alpha_du alpha_pr  ls
 230  1.5758482e+01 2.58e-05 8.37e-03  -3.8 1.06e-01    -  1.00e+00 1.00e+00h  1
 231  1.5722709e+01 4.92e-06 5.77e-02  -3.8 1.25e-01    -  5.74e-01 4.68e-01H  1
 232  1.5716777e+01 5.22e-06 2.11e-01  -3.8 2.13e+00    -  6.97e-02 1.35e-02h  5
 233  1.5701413e+01 6.05e-06 7.41e-01  -3.8 6.02e-01  -1.7 8.22e-01 8.93e-02h  4
 234  1.5693497e+01 1.81e-07 2.82e-03  -3.8 6.29e-03  -0.3 1.00e+00 1.00e+00h  1
 235  1.5692674e+01 2.86e-07 2.02e-03  -3.8 1.36e-02  -0.8 1.00e+00 1.00e+00h  1
 236  1.5681556e+01 1.02e-06 2.08e-03  -3.8 4.18e-02  -1.3 1.00e+00 1.00e+00h  1
 237  1.5669769e+01 1.94e-06 3.77e-01  -3.8 6.26e-01  -1.8 4.22e-01 6.29e-02h  4
 238  1.5664224e+01 1.29e-07 3.41e-03  -3.8 9.64e-03  -0.5 1.00e+00 1.00e+00h  1
 239  1.5654326e+01 6.03e-07 3.74e-03  -3.8 3.17e-02  -0.9 1.00e+00 1.00e+00h  1
iter    objective    inf_pr   inf_du lg(mu)  ||d||  lg(rg) alpha_du alpha_pr  ls
 240  1.5557849e+01 6.19e-06 7.36e-02  -3.8 2.65e-01  -1.4 1.00e+00 8.49e-01H  1
 241  1.5612653e+01 2.16e-05 3.12e-03  -3.8 7.80e-02    -  1.00e+00 1.00e+00h  1
 242  1.5575159e+01 6.08e-06 5.55e-02  -3.8 2.16e-01    -  4.49e-01 3.46e-01H  1
 243  1.5432662e+01 4.86e-06 3.91e-01  -3.8 5.04e-01    -  3.70e-01 9.51e-01H  1
 244  1.5432053e+01 4.87e-06 3.96e-01  -3.8 4.00e-01    -  3.64e-02 6.50e-07H  1
 245  1.5438754e+01 5.13e-06 3.66e-01  -3.8 2.38e+02    -  3.63e-08 8.73e-05f  4
 246  1.5425721e+01 4.47e-06 4.82e-01  -3.8 1.09e-01  -1.0 8.16e-01 1.91e-01h  1
 247  1.5423074e+01 1.42e-05 1.91e-01  -3.8 1.64e-01    -  7.17e-01 1.00e+00h  1
 248  1.5400011e+01 1.11e-05 2.91e-01  -3.8 1.80e-01    -  5.61e-01 3.51e-01h  1
 249  1.5380015e+01 2.18e-06 5.66e-03  -3.8 5.43e-02  -1.5 1.00e+00 1.00e+00h  1
iter    objective    inf_pr   inf_du lg(mu)  ||d||  lg(rg) alpha_du alpha_pr  ls
 250  1.5342751e+01 3.05e-07 6.48e-03  -3.8 1.37e-01  -1.9 1.00e+00 1.00e+00H  1
 251  1.5321119e+01 2.61e-06 1.70e-01  -3.8 1.04e+00  -1.5 1.37e-01 5.40e-02h  3
 252  1.5226207e+01 2.36e-06 1.51e-02  -3.8 1.62e-01  -1.1 1.00e+00 9.97e-01H  1
 253  1.5300989e+01 2.38e-08 1.18e-03  -3.8 6.71e-02    -  1.00e+00 1.00e+00H  1
 254  1.5268843e+01 1.62e-05 7.45e-02  -3.8 2.37e-01    -  4.00e-01 2.85e-01H  1
 255  1.5123552e+01 3.44e-06 2.40e-01  -3.8 5.19e-01    -  5.91e-01 9.64e-01H  1
 256  1.5230192e+01 1.97e-06 2.64e-01  -3.8 3.62e-01    -  3.55e-02 1.00e+00H  1
 257  1.5085342e+01 1.03e-05 1.52e-01  -3.8 3.80e-01  -1.6 6.23e-01 8.72e-01H  1
 258  1.5083124e+01 1.03e-05 4.98e-01  -3.8 3.16e-01  -1.1 1.00e+00 3.90e-07H  1
 259  1.5126751e+01 1.41e-06 1.35e-01  -3.8 2.81e-02    -  8.24e-01 1.00e+00h  1
iter    objective    inf_pr   inf_du lg(mu)  ||d||  lg(rg) alpha_du alpha_pr  ls
 260  1.5110016e+01 3.95e-06 1.81e-02  -3.8 9.69e-02    -  1.00e+00 1.00e+00h  1
 261  1.5085815e+01 6.87e-06 7.10e-02  -3.8 1.14e-01    -  8.08e-01 1.00e+00h  1
 262  1.5065361e+01 1.91e-06 2.69e-03  -3.8 5.65e-02  -1.6 1.00e+00 1.00e+00h  1
 263  1.5056066e+01 5.27e-07 1.83e-03  -3.8 2.79e-02  -1.2 1.00e+00 1.00e+00h  1
 264  1.4975851e+01 2.40e-06 1.89e-02  -3.8 2.20e-01  -1.7 1.00e+00 1.00e+00H  1
 265  1.4932291e+01 9.29e-06 1.11e-01  -3.8 1.64e+00  -1.2 8.26e-02 4.68e-02h  1
 266  1.4979713e+01 2.04e-05 2.79e-03  -3.8 9.48e-02    -  1.00e+00 1.00e+00h  1
 267  1.4946675e+01 3.95e-06 6.32e-02  -3.8 1.20e-01    -  6.27e-01 4.65e-01H  1
 268  1.4911871e+01 7.45e-06 2.31e-03  -3.8 1.18e-01  -1.7 1.00e+00 1.00e+00h  1
 269  1.4902565e+01 7.92e-06 3.66e-01  -3.8 8.35e-01  -2.2 3.36e-01 4.38e-02h  4
iter    objective    inf_pr   inf_du lg(mu)  ||d||  lg(rg) alpha_du alpha_pr  ls
 270  1.4892077e+01 6.40e-07 2.88e-03  -3.8 2.08e-02  -0.9 1.00e+00 1.00e+00h  1
 271  1.4869649e+01 3.52e-06 3.60e-03  -3.8 7.83e-02  -1.3 1.00e+00 1.00e+00h  1
 272  1.4849314e+01 1.73e-06 5.49e-03  -3.8 4.47e-02  -0.9 1.00e+00 1.00e+00h  1
 273  1.4811881e+01 7.76e-06 2.72e-01  -3.8 1.57e+00  -1.4 1.49e-01 5.17e-02h  2
 274  1.4777099e+01 1.16e-05 2.58e-01  -3.8 1.48e+00  -1.0 4.97e-02 2.75e-02h  2
 275  1.4742135e+01 8.07e-06 2.89e-02  -3.8 5.85e-02  -0.5 1.00e+00 6.99e-01h  1
 276  1.4809184e+01 2.99e-06 3.20e-03  -3.8 4.99e-02    -  1.00e+00 1.00e+00h  1
 277  1.4788644e+01 2.55e-06 1.15e-01  -3.8 1.34e-01    -  1.00e+00 5.41e-01H  1
 278  1.4775772e+01 4.56e-07 2.65e-03  -3.8 2.74e-02  -1.0 1.00e+00 1.00e+00h  1
 279  1.4745990e+01 1.45e-07 5.19e-03  -3.8 1.55e-01    -  1.00e+00 1.00e+00H  1
iter    objective    inf_pr   inf_du lg(mu)  ||d||  lg(rg) alpha_du alpha_pr  ls
 280  1.4639787e+01 2.04e-05 1.48e-01  -3.8 4.47e-01  -1.5 7.35e-01 5.65e-01H  1
 281  1.4638965e+01 2.00e-05 3.22e-01  -3.8 3.28e-01    -  4.72e-01 2.04e-02h  1
 282  1.4616014e+01 4.82e-07 7.28e-01  -3.8 2.67e-01    -  2.34e-01 1.00e+00H  1
 283  1.4601009e+01 1.17e-06 7.24e-01  -3.8 3.91e+00  -2.0 4.53e-02 1.36e-02h  3
 284  1.4588528e+01 1.94e-06 9.46e-01  -3.8 1.97e+00  -1.5 1.38e-01 1.85e-02h  4
 285  1.4570294e+01 3.20e-06 5.79e-01  -3.8 5.17e-01  -1.1 4.26e-01 6.17e-02h  4
 286  1.4553767e+01 1.14e-06 7.68e-03  -3.8 3.13e-02  -0.7 1.00e+00 1.00e+00h  1
 287  1.4481765e+01 9.58e-07 1.14e-02  -3.8 1.57e-01  -1.2 1.00e+00 1.00e+00H  1
 288  1.4457002e+01 3.10e-06 1.30e-01  -3.8 1.06e-01  -0.7 1.00e+00 2.97e-01h  1
 289  1.4503290e+01 8.52e-06 2.84e-03  -3.8 1.10e-01    -  1.00e+00 1.00e+00h  1
iter    objective    inf_pr   inf_du lg(mu)  ||d||  lg(rg) alpha_du alpha_pr  ls
 290  1.4475634e+01 6.84e-06 1.16e-01  -3.8 2.04e-01    -  8.40e-01 4.90e-01H  1
 291  1.4445168e+01 2.94e-06 4.04e-03  -3.8 6.67e-02  -1.2 1.00e+00 1.00e+00h  1
 292  1.4349350e+01 3.80e-06 1.30e-01  -3.8 2.75e-01  -1.7 6.95e-01 1.00e+00H  1
 293  1.4335288e+01 4.47e-06 1.80e-01  -3.8 3.79e+00  -1.3 4.68e-02 6.75e-03h  1
 294  1.4350669e+01 1.89e-05 2.33e-02  -3.8 1.95e-01    -  1.00e+00 1.00e+00h  1
 295  1.4327456e+01 2.03e-05 2.16e-01  -3.8 6.62e-01    -  2.74e-01 1.31e-01h  2
 296  1.4296949e+01 1.62e-06 3.77e-03  -3.8 2.64e-02  -0.8 1.00e+00 1.00e+00h  1
 297  1.4262240e+01 4.73e-07 8.73e-03  -3.8 1.04e-01  -1.3 1.00e+00 9.44e-01H  1
 298  1.4233986e+01 3.59e-06 8.02e-03  -3.8 6.27e-02  -0.9 1.00e+00 1.00e+00h  1
 299  1.4218086e+01 9.53e-07 9.47e-03  -3.8 2.79e-02  -0.5 1.00e+00 1.00e+00h  1
iter    objective    inf_pr   inf_du lg(mu)  ||d||  lg(rg) alpha_du alpha_pr  ls
 300  1.4156469e+01 1.55e-05 6.66e-02  -3.8 1.55e-01  -0.9 1.00e+00 7.31e-01h  1
 301  1.4222802e+01 1.31e-05 1.82e-03  -3.8 9.22e-02    -  1.00e+00 1.00e+00h  1
 302  1.4188717e+01 8.31e-06 5.56e-02  -3.8 3.30e-01    -  3.94e-01 3.16e-01H  1
 303  1.4096651e+01 1.05e-06 9.09e-03  -3.8 2.20e-01  -1.4 1.00e+00 1.00e+00H  1
 304  1.4042944e+01 1.53e-05 1.19e-02  -3.8 1.16e-01  -1.0 1.00e+00 1.00e+00h  1
 305  1.4004115e+01 1.02e-05 4.07e-02  -3.8 7.00e-02  -0.6 1.00e+00 6.61e-01h  1
 306  1.4074872e+01 7.43e-06 4.28e-03  -3.8 8.16e-02    -  1.00e+00 1.00e+00h  1
 307  1.4042258e+01 1.09e-05 3.68e-02  -3.8 5.54e-01    -  2.64e-01 2.29e-01H  1
 308  1.3993796e+01 5.44e-06 8.24e-03  -3.8 9.21e-02  -1.0 1.00e+00 1.00e+00h  1
 309  1.3897247e+01 2.55e-05 5.39e-02  -3.8 4.95e-01  -1.5 6.07e-01 5.43e-01H  1
iter    objective    inf_pr   inf_du lg(mu)  ||d||  lg(rg) alpha_du alpha_pr  ls
 310  1.3938529e+01 2.32e-05 3.05e-03  -3.8 1.40e-01    -  1.00e+00 1.00e+00h  1
 311  1.3915621e+01 1.47e-05 1.11e-01  -3.8 1.64e+00    -  8.35e-02 5.05e-02h  2
 312  1.3849301e+01 1.52e-05 1.60e-02  -3.8 1.16e-01  -1.1 1.00e+00 9.25e-01h  1
 313  1.3757435e+01 4.12e-05 2.36e-02  -3.8 8.93e-01  -1.6 2.99e-01 3.02e-01H  1
 314  1.3813250e+01 2.48e-05 1.91e-03  -3.8 1.14e-01    -  1.00e+00 1.00e+00h  1
 315  1.3791082e+01 1.16e-05 1.23e-01  -3.8 2.45e+00    -  5.30e-02 3.03e-02h  2
 316  1.3703211e+01 2.67e-05 6.79e-02  -3.8 1.90e-01  -1.2 1.00e+00 7.85e-01h  1
 317  1.3662250e+01 3.02e-05 4.77e-02  -3.8 4.05e+00  -1.6 3.02e-02 3.27e-02h  2
 318  1.3593960e+01 4.38e-05 1.06e-01  -3.8 1.63e+00  -1.2 1.04e-01 8.12e-02h  1
 319  1.3641920e+01 5.27e-05 1.31e-01  -3.8 3.01e-01    -  7.24e-01 1.00e+00h  1
iter    objective    inf_pr   inf_du lg(mu)  ||d||  lg(rg) alpha_du alpha_pr  ls
 320  1.3567222e+01 2.02e-05 1.28e-01  -3.8 9.28e-02  -0.8 9.69e-01 6.50e-01h  1
 321  1.3476654e+01 4.95e-05 1.55e-01  -3.8 6.46e-01  -1.3 2.04e-01 3.37e-01h  1
 322  1.3566890e+01 2.33e-05 3.64e-03  -3.8 9.41e-02    -  1.00e+00 1.00e+00h  1
 323  1.3503891e+01 5.01e-05 5.92e-02  -3.8 1.34e+00  -1.7 9.74e-02 1.17e-01h  1
 324  1.3370654e+01 7.66e-05 4.19e-02  -3.8 7.97e-01  -1.3 4.69e-01 4.27e-01h  1
 325  1.3370189e+01 7.65e-05 1.56e-01  -3.8 1.32e+00  -1.8 2.48e-02 7.79e-04h  1
 326  1.3350619e+01 1.74e-04 7.45e-01  -3.8 1.18e+00    -  1.20e-01 5.11e-01h  1
 327  1.3350102e+01 1.74e-04 7.64e-01  -3.8 8.38e-01    -  2.85e-01 2.04e-03h  1
 328  1.3318166e+01 6.69e-05 5.92e-01  -3.8 3.86e-01    -  2.38e-01 6.50e-01h  1
 329  1.3257123e+01 5.48e-05 4.57e-01  -3.8 7.59e-01  -1.4 2.16e-01 2.22e-01h  1
iter    objective    inf_pr   inf_du lg(mu)  ||d||  lg(rg) alpha_du alpha_pr  ls
 330  1.3144539e+01 5.68e-05 2.33e-01  -3.8 4.31e-01  -0.9 5.77e-01 4.91e-01h  1
 331  1.3144475e+01 5.67e-05 2.14e-01  -3.8 1.24e+00    -  4.14e-02 1.29e-03h  1
 332  1.3141475e+01 1.76e-04 1.00e+00  -3.8 2.49e+00    -  3.02e-02 2.39e-01h  1
 333  1.3141162e+01 1.76e-04 7.21e-01  -3.8 1.97e+01    -  1.69e-02 8.54e-05h  1
 334  1.3214427e+01 6.30e-05 9.19e-01  -3.8 2.87e-01    -  2.07e-01 6.74e-01h  1
 335  1.3172099e+01 6.06e-05 8.67e-01  -3.8 2.02e+00  -1.4 1.05e-01 8.67e-02h  1
 336  1.3044631e+01 7.92e-05 6.91e-01  -3.8 1.27e+00  -1.0 2.04e-01 2.01e-01h  1
 337  1.3044142e+01 7.92e-05 6.70e-01  -3.8 1.12e+01  -1.5 3.58e-03 1.02e-04h  1
 338  1.3020735e+01 1.67e-04 7.01e-01  -3.8 6.86e+00  -1.9 1.35e-02 8.63e-02h  1
 339  1.3020210e+01 1.67e-04 8.23e-01  -3.8 2.77e+00  -1.5 9.08e-02 6.05e-04h  1
iter    objective    inf_pr   inf_du lg(mu)  ||d||  lg(rg) alpha_du alpha_pr  ls
 340  1.3121154e+01 9.01e-05 1.06e+00  -3.8 5.26e-01    -  1.05e-01 5.46e-01h  1
 341  1.3035064e+01 8.57e-05 9.71e-01  -3.8 1.98e+00  -1.1 1.44e-01 8.29e-02h  1
 342  1.2879753e+01 8.75e-05 8.32e-01  -3.8 9.92e-01  -0.7 1.20e-01 1.72e-01h  1
 343  1.2878846e+01 8.75e-05 8.05e-01  -3.8 1.60e+00  -1.1 4.53e-02 9.50e-04h  1
 344  1.2725278e+01 1.60e-04 8.51e-01  -3.8 1.71e+01  -1.6 4.36e-03 3.33e-02h  1
 345  1.2724324e+01 1.60e-04 7.89e-01  -3.8 1.90e+00  -1.2 8.71e-02 8.48e-04h  1
 346  1.2808306e+01 9.71e-05 1.21e+00  -3.8 5.96e-01    -  8.03e-02 5.25e-01h  1
 347  1.2705944e+01 9.05e-05 1.03e+00  -3.8 1.16e+00  -0.8 1.76e-01 1.05e-01h  1
 348  1.2476260e+01 9.63e-05 7.96e-01  -3.8 5.56e-01  -0.3 1.63e-01 3.17e-01h  1
 349  1.2474820e+01 9.62e-05 7.65e-01  -3.8 1.10e+00  -0.8 1.21e-01 1.29e-03h  1
iter    objective    inf_pr   inf_du lg(mu)  ||d||  lg(rg) alpha_du alpha_pr  ls
 350  1.2169330e+01 1.76e-04 7.60e-01  -3.8 2.25e+01  -1.3 4.48e-03 2.40e-02h  1
 351  1.2167621e+01 1.76e-04 7.48e-01  -3.8 1.70e+00  -0.9 5.54e-02 8.99e-04h  1
 352  1.2039469e+01 2.14e-04 1.11e+00  -3.8 2.03e+00    -  3.39e-02 2.86e-01h  1
 353  1.2038120e+01 2.14e-04 8.55e-01  -3.8 3.73e+00  -1.3 3.72e-02 4.42e-04h  1
 354  1.2035434e+01 2.03e-04 7.97e-01  -3.8 5.22e-01    -  6.46e-02 5.23e-02h  1
 355  1.1980624e+01 1.92e-04 7.93e-01  -3.8 2.06e+00    -  2.66e-02 6.39e-02h  1
 356  1.1605995e+01 1.67e-04 6.47e-01  -3.8 2.04e+00  -0.9 1.14e-01 2.17e-01h  1
 357  1.1574387e+01 1.66e-04 6.70e-01  -3.8 2.11e+00  -0.5 3.16e-02 9.07e-03h  1
 358  1.1571793e+01 1.66e-04 6.58e-01  -3.8 1.45e+01    -  4.70e-03 3.03e-04h  1
 359  1.1270093e+01 1.56e-04 5.85e-01  -3.8 2.74e+00  -1.0 4.90e-02 1.38e-01h  1
iter    objective    inf_pr   inf_du lg(mu)  ||d||  lg(rg) alpha_du alpha_pr  ls
 360  1.1016136e+01 1.48e-04 5.25e-01  -3.8 1.70e+00  -0.5 2.84e-02 1.16e-01h  1
 361  1.1014944e+01 1.48e-04 4.81e-01  -3.8 2.91e+00  -1.0 2.70e-02 2.39e-04h  1
 362  1.0746303e+01 1.65e-04 5.71e-01  -3.8 8.38e+00  -1.5 1.50e-02 4.40e-02h  1
 363  1.0483273e+01 1.24e-04 4.71e-01  -3.8 5.63e-01  -0.2 1.39e-01 2.94e-01h  1
 364  1.0481724e+01 1.24e-04 4.10e-01  -3.8 1.18e+00  -0.6 8.19e-02 8.65e-04h  1
 365  1.0062014e+01 1.80e-04 7.83e-01  -3.8 6.04e+00  -1.1 1.33e-02 7.86e-02h  1
 366  9.9984411e+00 1.82e-04 7.82e-01  -3.8 1.08e+01  -0.7 1.30e-02 3.88e-03h  1
 367  9.9962609e+00 1.82e-04 7.79e-01  -3.8 4.28e+01    -  2.32e-03 6.15e-05h  1
 368  9.7508901e+00 1.91e-04 7.51e-01  -3.8 9.26e+00  -1.2 4.75e-03 2.94e-02h  1
 369  9.4289452e+00 1.95e-04 7.11e-01  -3.8 4.82e+00  -0.7 2.09e-02 5.36e-02h  1
iter    objective    inf_pr   inf_du lg(mu)  ||d||  lg(rg) alpha_du alpha_pr  ls
 370  9.4269492e+00 1.95e-04 7.13e-01  -3.8 5.73e-01  -0.3 1.71e-01 1.57e-03h  1
 371  8.8913575e+00 2.98e-04 5.79e-01  -3.8 2.74e+00  -0.8 1.40e-02 1.88e-01h  1
 372  8.8883839e+00 2.98e-04 5.79e-01  -3.8 9.64e-01  -0.4 1.30e-01 1.51e-03h  1
 373  8.3984080e+00 3.13e-04 4.76e-01  -3.8 2.69e+00  -0.8 4.57e-02 1.77e-01h  1
 374  8.3028886e+00 3.08e-04 4.66e-01  -3.8 2.39e+00  -0.4 6.50e-02 2.12e-02h  1
 375  8.2988617e+00 3.08e-04 4.66e-01  -3.8 5.38e+00  -0.9 2.63e-02 6.42e-04h  1
 376  7.5648242e+00 7.61e-04 7.70e-01  -3.8 1.76e+00  -0.5 5.82e-02 2.91e-01h  1
 377  7.5560465e+00 7.57e-04 4.79e-01  -3.8 6.03e-01  -0.0 3.58e-01 5.35e-03h  1
 378  6.7911466e+00 7.83e-04 4.81e-01  -3.8 4.88e+00  -0.5 2.46e-02 8.43e-02h  1
 379  6.7872301e+00 7.82e-04 5.19e-01  -3.8 6.78e-01  -0.1 2.04e-01 1.83e-03h  1
iter    objective    inf_pr   inf_du lg(mu)  ||d||  lg(rg) alpha_du alpha_pr  ls
 380  6.2565182e+00 7.78e-04 3.38e-01  -3.8 9.18e+00  -0.6 1.29e-02 3.27e-02h  1
 381  6.2535577e+00 7.77e-04 7.45e-01  -3.8 6.48e-01  -0.1 1.17e-01 1.79e-03h  1
 382  5.7196383e+00 7.11e-04 1.05e+00  -3.8 3.71e+00  -0.6 2.47e-02 1.05e-01h  1
 383  5.7165828e+00 7.10e-04 8.88e-01  -3.8 7.04e-01  -0.2 2.24e-01 1.56e-03h  1
 384  5.3879172e+00 6.73e-04 9.86e-01  -3.8 4.09e+00  -0.7 1.42e-02 5.60e-02h  1
 385  5.0797739e+00 5.99e-04 2.51e+00  -3.8 1.28e+00  -0.2 3.08e-02 1.11e-01h  1
 386  4.6961043e+00 3.78e-04 1.57e+00  -3.8 3.68e-01   0.2 3.36e-01 3.70e-01h  1
 387  4.6920127e+00 3.77e-04 1.67e+00  -3.8 1.31e+00  -0.3 3.68e-02 1.24e-03h  1
 388  4.0620656e+00 3.09e-04 1.67e+00  -3.8 3.23e-01   0.1 1.38e-01 6.83e-01h  1
 389  3.6514603e+00 4.05e-04 1.95e+00  -3.8 4.53e+00  -0.4 1.96e-02 3.00e-02h  1
iter    objective    inf_pr   inf_du lg(mu)  ||d||  lg(rg) alpha_du alpha_pr  ls
 390  3.4173538e+00 3.93e-04 2.97e+00  -3.8 6.24e-01   0.1 2.22e-02 9.40e-02h  1
 391  3.1760522e+00 2.23e-04 1.75e+00  -3.8 1.45e-01   0.5 4.04e-01 4.29e-01h  1
 392  2.2265019e+00 4.62e-04 1.94e+00  -3.8 7.01e-01   0.0 1.50e-01 2.98e-01h  1
 393  1.9314458e+00 3.93e-04 2.51e+00  -3.8 2.72e-01   0.4 1.00e+00 2.04e-01h  1
 394  1.8909131e+00 3.91e-04 4.11e+00  -3.8 1.88e+00  -0.0 6.35e-02 4.39e-03h  1
 395  7.4229403e-01 5.13e-04 6.73e-01  -3.8 2.95e-01   0.4 1.00e+00 8.20e-01h  1
 396  7.2297287e-01 5.13e-04 2.31e+00  -3.8 3.82e+00  -0.1 7.72e-02 1.21e-03h  1
 397  6.5543600e-01 4.87e-04 2.17e+00  -3.8 4.77e-01   0.3 5.52e-01 5.07e-02h  1
 398  4.9002813e-01 4.69e-04 2.01e+00  -3.8 1.79e+00  -0.1 1.40e-01 3.87e-02h  1
 399  3.4887899e-01 4.65e-04 1.99e+00  -3.8 1.24e+01    -  1.31e-02 1.12e-02h  1
iter    objective    inf_pr   inf_du lg(mu)  ||d||  lg(rg) alpha_du alpha_pr  ls
 400  1.6041533e-05 4.03e-04 1.68e+00  -3.8 2.33e+00  -0.6 2.66e-01 1.48e-01h  1
 401 -9.7585608e-04 4.02e-04 4.96e+00  -3.8 5.94e-01    -  6.46e-01 1.64e-03h  1
 402 -1.9832327e-03 1.44e-03 2.27e+00  -3.8 3.81e-01  -1.1 5.24e-03 4.80e-01h  1
 403 -2.1771190e-03 1.03e-03 1.49e+00  -3.8 9.66e-02  -0.7 1.00e+00 3.41e-01h  1
 404 -3.1192719e-03 5.77e-05 1.05e+00  -3.8 5.58e-02    -  5.42e-01 1.00e+00h  1
 405 -3.0443184e-03 8.52e-05 6.14e-01  -3.8 6.99e-02    -  1.00e+00 4.09e-01h  1
 406 -2.9364975e-03 4.96e-06 1.16e-03  -3.8 4.85e-03    -  1.00e+00 1.00e+00h  1
 407 -1.8113617e-02 4.26e-07 8.66e-02  -5.0 1.13e-01    -  8.87e-01 9.16e-01h  1
 408 -1.9001108e-02 5.64e-07 2.27e-05  -5.0 8.13e-02    -  1.00e+00 1.00e+00h  1

Number of Iterations....: 408

                                   (scaled)                 (unscaled)
Objective...............:  -1.9001108446269781e-02   -1.9001108446269781e-02
Dual infeasibility......:   2.2697985395556293e-05    2.2697985395556293e-05
Constraint violation....:   5.6420167553006631e-07    5.6420167553006631e-07
Complementarity.........:   2.1447549932408347e-05    2.1447549932408347e-05
Overall NLP error.......:   2.2697985395556293e-05    2.2697985395556293e-05

Number of objective function evaluations             = 535
Number of objective gradient evaluations             = 409
Number of constraint evaluations                     = 535
Number of constraint Jacobian evaluations            = 409
Number of Lagrangian Hessian evaluations             = 408
Total wall-clock secs in solver (w/o fun. eval./lin. alg.)  =  2.639
Total wall-clock secs in linear solver                      = 18.285
Total wall-clock secs in NLP function evaluations           =  0.886
Total wall-clock secs                                       = 21.810

EXIT: Optimal Solution Found (tol = 1.0e-04).
