Total number of variables............................:    87978
                     variables with only lower bounds:        0
                variables with lower and upper bounds:        0
                     variables with only upper bounds:        0
Total number of equality constraints.................:    79978
Total number of inequality constraints...............:        0
        inequality constraints with only lower bounds:        0
   inequality constraints with lower and upper bounds:        0
        inequality constraints with only upper bounds:        0


Number of Iterations....: 5

                                   (scaled)                 (unscaled)
Objective...............:   5.6875836054911349e+02    5.6875836054911349e+02
Dual infeasibility......:   1.1640745310600119e-10    1.1640745310600119e-10
Constraint violation....:   1.9870876888372635e-09    1.9870876888372635e-09
Variable bound violation:   0.0000000000000000e+00    0.0000000000000000e+00
Complementarity.........:   0.0000000000000000e+00    0.0000000000000000e+00
Overall NLP error.......:   1.9870876888372635e-09    1.9870876888372635e-09


Number of objective function evaluations             = 6
Number of objective gradient evaluations             = 6
Number of equality constraint evaluations            = 6
Number of inequality constraint evaluations          = 0
Number of equality constraint Jacobian evaluations   = 6
Number of inequality constraint Jacobian evaluations = 0
Number of Lagrangian Hessian evaluations             = 5
Total seconds in IPOPT (w/o function evaluations)    =      3.137
Total seconds in NLP function evaluations            =      0.490


Timing Statistics:

OverallAlgorithm....................:     12.945 (sys:     11.584 wall:      3.627)
 PrintProblemStatistics.............:      0.015 (sys:      0.005 wall:      0.002)
 InitializeIterates.................:      0.487 (sys:      0.020 wall:      0.507)
 UpdateHessian......................:      0.327 (sys:      0.283 wall:      0.130)
 OutputIteration....................:      0.005 (sys:      0.002 wall:      0.001)
 UpdateBarrierParameter.............:      0.003 (sys:      0.001 wall:      0.000)
 ComputeSearchDirection.............:      9.375 (sys:      8.643 wall:      2.601)
 ComputeAcceptableTrialPoint........:      0.243 (sys:      0.261 wall:      0.033)
 AcceptTrialPoint...................:      0.003 (sys:      0.002 wall:      0.000)
 CheckConvergence...................:      2.484 (sys:      2.366 wall:      0.353)
PDSystemSolverTotal.................:      9.363 (sys:      8.638 wall:      2.600)
 PDSystemSolverSolveOnce............:      8.975 (sys:      8.325 wall:      2.548)
 ComputeResiduals...................:      0.299 (sys:      0.266 wall:      0.044)
 StdAugSystemSolverMultiSolve.......:      9.187 (sys:      8.209 wall:      2.861)
 LinearSystemScaling................:      0.000 (sys:      0.000 wall:      0.000)
 LinearSystemSymbolicFactorization..:      0.146 (sys:      0.000 wall:      0.146)
 LinearSystemFactorization..........:      0.000 (sys:      0.000 wall:      0.000)
 LinearSystemBackSolve..............:      4.136 (sys:      4.019 wall:      0.708)
 LinearSystemStructureConverter.....:      0.000 (sys:      0.000 wall:      0.000)
  LinearSystemStructureConverterInit:      0.000 (sys:      0.000 wall:      0.000)
QualityFunctionSearch...............:      0.000 (sys:      0.000 wall:      0.000)
TryCorrector........................:      0.000 (sys:      0.000 wall:      0.000)
Task1...............................:      0.000 (sys:      0.000 wall:      0.000)
Task2...............................:      0.000 (sys:      0.000 wall:      0.000)
Task3...............................:      0.000 (sys:      0.000 wall:      0.000)
Task4...............................:      0.000 (sys:      0.000 wall:      0.000)
Task5...............................:      0.000 (sys:      0.000 wall:      0.000)
Task6...............................:      0.000 (sys:      0.000 wall:      0.000)
Function Evaluations................:      2.860 (sys:      2.693 wall:      0.490)
 Objective function.................:      1.049 (sys:      1.071 wall:      0.177)
 Objective function gradient........:      0.014 (sys:      0.011 wall:      0.002)
 Equality constraints...............:      1.226 (sys:      1.125 wall:      0.150)
 Inequality constraints.............:      0.000 (sys:      0.000 wall:      0.000)
 Equality constraint Jacobian.......:      0.246 (sys:      0.204 wall:      0.031)
 Inequality constraint Jacobian.....:      0.000 (sys:      0.000 wall:      0.000)
 Lagrangian Hessian.................:      0.324 (sys:      0.282 wall:      0.130)

EXIT: Optimal Solution Found.
