This is MadNLP version v0.8.3, running with cuDSS v0.1.0

Number of nonzeros in constraint Jacobian............:    23696
Number of nonzeros in Lagrangian Hessian.............:    10560

Total number of variables............................:     7150
                     variables with only lower bounds:     3520
                variables with lower and upper bounds:      110
                     variables with only upper bounds:        0
Total number of equality constraints.................:     7040
Total number of inequality constraints...............:      880
        inequality constraints with only lower bounds:        0
   inequality constraints with lower and upper bounds:        0
        inequality constraints with only upper bounds:      880

iter    objective    inf_pr   inf_du lg(mu)  ||d||  lg(rg) alpha_du alpha_pr  ls
   0  4.0000000e+01 9.90e-01 2.02e+00  -1.0 0.00e+00    -  0.00e+00 0.00e+00   0
   1  3.9910884e+01 9.87e-01 2.02e+00  -1.0 1.14e+00    -  1.81e-03 2.49e-03h  1
   2  3.9712196e+01 9.83e-01 9.14e+00  -1.0 1.02e+00    -  1.28e-02 4.51e-03h  1
   3  3.9075224e+01 9.70e-01 1.41e+01  -1.0 9.90e-01    -  1.80e-02 1.29e-02h  1
   4  3.7569573e+01 9.45e-01 1.64e+01  -1.0 9.74e-01    -  2.79e-02 2.56e-02h  1
   5  3.3371083e+01 8.89e-01 1.20e+01  -1.0 9.49e-01    -  4.92e-02 5.94e-02h  1
   6  1.8451953e+01 6.31e-01 1.29e+02  -1.0 8.92e-01    -  8.22e-02 2.90e-01h  1
   7  2.2701128e+01 4.34e-01 2.37e+02  -1.0 9.86e-01    -  1.12e-01 3.12e-01h  1
   8  5.1058685e+01 2.05e-01 1.30e+02  -1.0 1.09e+00    -  1.73e-01 5.29e-01h  1
   9  5.2607069e+01 1.24e-01 7.74e+01  -1.0 3.56e-01    -  3.51e-01 3.95e-01h  1
iter    objective    inf_pr   inf_du lg(mu)  ||d||  lg(rg) alpha_du alpha_pr  ls
  10  5.2468203e+01 4.70e-02 4.17e+01  -1.0 2.83e-01    -  7.62e-01 6.20e-01h  1
  11  5.3731726e+01 1.73e-04 2.79e+01  -1.0 2.22e-01    -  1.00e+00 1.00e+00h  1
  12  5.3543725e+01 2.32e-05 1.72e+00  -1.0 7.17e-02    -  1.00e+00 1.00e+00h  1
  13  5.3528435e+01 2.05e-07 7.56e-03  -1.0 1.11e-02    -  1.00e+00 1.00e+00h  1
  14  4.8008987e+01 5.33e-05 6.45e+02  -3.8 1.02e-01    -  7.96e-01 1.00e+00f  1
  15  4.3452053e+01 8.63e-05 3.88e+02  -3.8 5.97e-01    -  4.03e-01 2.65e-01h  1
  16  3.9767963e+01 2.68e-04 3.02e+02  -3.8 1.00e+00    -  2.31e-01 1.62e-01h  1
  17  3.7640501e+01 2.86e-04 2.55e+02  -3.8 3.23e+00    -  1.41e-01 8.74e-02h  1
  18  3.7146405e+01 3.52e-04 2.34e+02  -3.8 9.16e+00    -  3.03e-02 1.40e-02h  1
  19  3.5761193e+01 3.89e-04 2.14e+02  -3.8 6.28e+00    -  6.55e-02 5.31e-02h  1
iter    objective    inf_pr   inf_du lg(mu)  ||d||  lg(rg) alpha_du alpha_pr  ls
  20  3.5548086e+01 4.30e-04 1.92e+02  -3.8 1.95e+01    -  1.31e-02 4.60e-03h  1
  21  3.4222923e+01 4.31e-04 1.66e+02  -3.8 4.51e+00    -  9.78e-02 6.50e-02h  1
  22  3.2692233e+01 3.83e-04 1.26e+02  -3.8 1.10e+00   0.0 1.91e-01 1.43e-01h  1
  23  3.2584797e+01 3.83e-04 1.15e+02  -3.8 2.76e+01    -  1.12e-02 3.83e-03h  1
  24  3.1072609e+01 7.06e-04 1.11e+02  -3.8 3.52e+00  -0.5 7.59e-02 1.08e-01h  1
  25  3.1040908e+01 7.06e-04 1.03e+02  -3.8 2.45e+01    -  1.36e-02 1.55e-03h  1
  26  2.8811934e+01 5.53e-04 7.93e+01  -3.8 9.95e-01  -0.1 2.22e-01 2.50e-01h  1
  27  2.7816059e+01 4.66e-04 5.80e+01  -3.8 5.72e-01   0.4 3.41e-01 1.67e-01h  1
  28  2.6912113e+01 3.63e-04 4.09e+01  -3.8 2.31e-01   0.8 3.59e-01 2.24e-01h  1
  29  2.6504448e+01 3.44e-04 3.64e+01  -3.8 8.31e-01   0.3 1.74e-01 5.69e-02h  1
iter    objective    inf_pr   inf_du lg(mu)  ||d||  lg(rg) alpha_du alpha_pr  ls
  30  2.5337794e+01 2.45e-04 2.47e+01  -3.8 2.48e-01   0.7 3.59e-01 2.89e-01h  1
  31  2.3450708e+01 1.54e-03 1.97e+01  -3.8 1.23e+00   0.3 1.34e-01 2.46e-01h  1
  32  2.3422420e+01 1.52e-03 2.08e+01  -3.8 3.23e-01   0.7 3.99e-01 7.40e-03h  1
  33  2.2940088e+01 1.58e-03 2.10e+01  -3.8 2.41e+01   0.2 3.14e-03 8.21e-03h  1
  34  2.2918910e+01 1.57e-03 2.31e+01  -3.8 4.01e-01   0.6 2.73e-01 5.15e-03h  1
  35  2.1813046e+01 8.64e-04 1.20e+01  -3.8 1.47e-01   1.1 3.52e-01 4.49e-01h  1
  36  2.1284837e+01 7.41e-04 1.14e+01  -3.8 3.98e-01   0.6 4.64e-01 1.42e-01h  1
  37  2.1216915e+01 7.13e-04 1.27e+01  -3.8 1.31e-01   1.0 6.40e-01 3.78e-02h  1
  38  1.9940489e+01 4.11e-04 7.74e+00  -3.8 3.76e-01   0.5 7.08e-01 4.23e-01h  1
  39  1.9663454e+01 3.18e-04 1.15e+01  -3.8 1.34e-01   1.0 6.17e-01 2.27e-01h  1
iter    objective    inf_pr   inf_du lg(mu)  ||d||  lg(rg) alpha_du alpha_pr  ls
  40  1.9314456e+01 2.23e-04 2.18e+01  -3.8 2.60e-01   0.5 1.00e+00 2.99e-01h  1
  41  1.8883042e+01 5.95e-05 4.87e+00  -3.8 1.00e-01   0.9 6.05e-01 7.71e-01h  1
  42  1.8797144e+01 6.81e-05 2.15e+01  -3.8 3.07e-01   0.4 7.13e-01 1.73e-01h  1
  43  1.8788772e+01 6.76e-05 2.40e+01  -3.8 1.65e+00  -0.0 1.02e-01 8.92e-03h  1
  44  1.8589291e+01 1.11e-04 4.04e+00  -3.8 1.85e-01   0.4 9.01e-01 1.00e+00h  1
  45  1.8519032e+01 2.22e-05 8.83e-01  -3.8 7.49e-02   0.8 1.00e+00 9.35e-01h  1
  46  1.8510738e+01 2.19e-05 2.70e+01  -3.8 2.50e-01   0.3 3.14e-01 3.86e-02h  1
  47  1.8460515e+01 3.23e-05 2.55e+01  -3.8 3.21e-01  -0.1 1.18e-01 5.20e-01h  1
  48  1.8448624e+01 2.76e-05 2.33e+01  -3.8 1.25e-01   0.3 1.73e-01 1.83e-01h  1
  49  1.8430236e+01 5.96e-06 1.86e+00  -3.8 4.92e-02   0.7 8.93e-01 1.00e+00h  1
iter    objective    inf_pr   inf_du lg(mu)  ||d||  lg(rg) alpha_du alpha_pr  ls
  50  1.8364123e+01 9.76e-05 1.42e+01  -3.8 2.43e-01   0.2 3.28e-01 6.20e-01h  1
  51  1.8363492e+01 9.74e-05 1.74e+01  -3.8 5.95e-01  -0.2 3.41e-01 2.41e-03h  1
  52  1.8271087e+01 1.13e-04 1.21e+01  -3.8 2.33e+00  -0.7 1.90e-02 1.49e-01h  1
  53  1.8247525e+01 1.09e-04 1.47e+01  -3.8 1.13e+00  -0.3 1.87e-02 4.67e-02h  1
  54  1.8220270e+01 8.40e-05 2.54e+01  -3.8 1.65e-01   0.1 1.91e-01 2.36e-01h  1
  55  1.8188701e+01 3.27e-05 7.56e+01  -3.8 7.41e-02   0.6 2.17e-01 6.22e-01h  1
  56  1.8160536e+01 3.67e-05 6.97e+01  -3.8 6.75e-01   0.1 8.37e-02 7.75e-02h  1
  57  1.8075135e+01 5.87e-05 2.00e+01  -3.8 5.37e-01  -0.4 3.19e-01 6.86e-01h  1
  58  1.8016861e+01 7.15e-05 1.96e+01  -3.8 9.84e+00  -0.9 1.84e-02 1.87e-02h  1
  59  1.8005894e+01 7.12e-05 1.93e+01  -3.8 1.30e+00  -0.4 1.70e-02 1.83e-02h  1
iter    objective    inf_pr   inf_du lg(mu)  ||d||  lg(rg) alpha_du alpha_pr  ls
  60  1.7987725e+01 6.72e-05 1.83e+01  -3.8 3.54e+00    -  5.53e-02 5.11e-02h  1
  61  1.7966408e+01 6.79e-05 1.79e+01  -3.8 4.33e+00    -  1.32e-02 1.47e-02h  1
  62  1.7939515e+01 6.76e-05 4.49e+01  -3.8 3.53e+00    -  9.15e-03 2.56e-02h  1
  63  1.7909204e+01 6.86e-05 7.27e+01  -3.8 7.55e+00    -  8.99e-03 1.42e-02h  1
  64  1.7828912e+01 8.11e-05 7.20e+01  -3.8 6.00e+00  -0.9 1.13e-02 5.11e-02h  1
  65  1.7803753e+01 7.57e-05 6.69e+01  -3.8 1.01e+00  -0.5 1.81e-01 7.88e-02h  1
  66  1.7798533e+01 5.95e-05 5.12e+01  -3.8 8.10e-01    -  5.90e-02 2.13e-01h  1
  67  1.7791519e+01 5.78e-05 4.96e+01  -3.8 3.77e-01    -  4.18e-02 3.14e-02h  1
  68  1.7756107e+01 5.88e-05 4.92e+01  -3.8 1.16e+01    -  3.58e-03 1.15e-02h  1
  69  1.7726199e+01 5.74e-05 4.71e+01  -3.8 2.53e+00  -1.0 6.84e-02 3.92e-02h  1
iter    objective    inf_pr   inf_du lg(mu)  ||d||  lg(rg) alpha_du alpha_pr  ls
  70  1.7706608e+01 5.66e-05 4.54e+01  -3.8 2.85e+00    -  1.36e-02 2.08e-02h  1
  71  1.7685464e+01 5.28e-05 4.31e+01  -3.8 8.14e-01    -  3.93e-02 7.13e-02h  1
  72  1.7665764e+01 5.21e-05 7.92e+01  -3.8 3.23e+00    -  9.64e-03 2.00e-02h  1
  73  1.7599966e+01 4.66e-05 5.73e+01  -3.8 1.18e+00  -0.5 3.57e-02 2.13e-01h  1
  74  1.7599748e+01 4.64e-05 6.03e+01  -3.8 1.64e-01    -  3.03e-01 5.04e-03h  1
  75  1.7555935e+01 4.02e-05 2.78e+01  -3.8 1.85e-01    -  3.51e-02 1.00e+00h  1
  76  1.7521272e+01 4.42e-05 2.67e+01  -3.8 3.22e+00  -1.0 5.47e-02 3.74e-02h  1
  77  1.7493444e+01 4.76e-05 2.67e+01  -3.8 7.91e+01  -1.5 2.22e-03 1.11e-03h  1
  78  1.7472786e+01 4.84e-05 2.61e+01  -3.8 2.73e+00    -  2.76e-02 2.17e-02h  1
  79  1.7436891e+01 5.24e-05 7.13e+01  -3.8 2.46e+00    -  8.76e-03 4.40e-02h  1
iter    objective    inf_pr   inf_du lg(mu)  ||d||  lg(rg) alpha_du alpha_pr  ls
  80  1.7396836e+01 5.91e-05 1.03e+02  -3.8 5.29e+00  -1.1 1.12e-02 2.58e-02h  1
  81  1.7409928e+01 3.53e-06 2.17e+01  -3.8 5.89e-02    -  1.97e-01 1.00e+00h  1
  82  1.7384615e+01 1.28e-05 2.09e+01  -3.8 1.54e+00  -0.6 1.14e-02 3.36e-02h  1
  83  1.7356594e+01 1.58e-05 2.06e+01  -3.8 7.01e+00  -1.1 1.68e-02 1.62e-02h  1
  84  1.7285636e+01 3.32e-05 1.79e+01  -3.8 1.97e+00  -0.7 1.47e-01 1.33e-01h  1
  85  1.7250756e+01 3.75e-05 1.76e+01  -3.8 8.32e+00  -1.2 8.65e-03 1.27e-02h  1
  86  1.7236967e+01 3.92e-05 2.11e+01  -3.8 4.91e+00  -0.8 1.39e-03 5.65e-03h  1
  87  1.7213742e+01 3.94e-05 2.30e+01  -3.8 3.96e-01  -0.3 8.37e-02 8.89e-02h  1
  88  1.7175542e+01 5.00e-05 8.15e+01  -3.8 3.57e-01   0.1 4.58e-02 1.91e-01h  1
  89  1.7173148e+01 4.90e-05 8.23e+01  -3.8 5.18e-01  -0.4 2.37e-01 1.92e-02h  1
iter    objective    inf_pr   inf_du lg(mu)  ||d||  lg(rg) alpha_du alpha_pr  ls
  90  1.7087957e+01 7.01e-05 8.34e+01  -3.8 8.98e+00  -0.9 1.23e-02 4.06e-02h  1
  91  1.7017484e+01 6.01e-05 5.95e+01  -3.8 8.01e-01  -0.4 1.73e-01 2.82e-01h  1
  92  1.7017007e+01 5.99e-05 5.92e+01  -3.8 1.51e-01    -  4.55e-02 4.23e-03h  1
  93  1.6986001e+01 2.97e-05 3.69e+01  -3.8 1.68e-01    -  1.63e-02 5.18e-01h  1
  94  1.6975869e+01 2.95e-05 2.59e+01  -3.8 1.46e+00  -0.9 7.55e-02 1.74e-02h  1
  95  1.6957438e+01 2.86e-05 2.47e+01  -3.8 1.54e+00    -  3.43e-02 3.68e-02h  1
  96  1.6923495e+01 3.07e-05 6.85e+01  -3.8 4.61e+01    -  7.33e-04 2.67e-03h  1
  97  1.6842175e+01 5.09e-05 7.74e+01  -3.8 7.99e-01  -0.5 5.72e-02 4.02e-01h  1
  98  1.6818840e+01 5.32e-05 7.66e+01  -3.8 2.92e+02  -1.0 8.86e-04 2.60e-04h  1
  99  1.6811815e+01 1.78e-05 2.80e+01  -3.8 8.99e-02    -  9.20e-02 1.00e+00h  1
iter    objective    inf_pr   inf_du lg(mu)  ||d||  lg(rg) alpha_du alpha_pr  ls
 100  1.6782515e+01 7.47e-06 1.92e+01  -3.8 1.41e-01   0.4 4.13e-01 3.16e-01h  1
 101  1.6740374e+01 1.06e-05 8.40e+00  -3.8 2.47e-01  -0.1 5.62e-01 5.62e-01h  1
 102  1.6723135e+01 1.17e-05 8.20e+00  -3.8 2.10e+00    -  2.20e-02 2.42e-02h  1
 103  1.6677913e+01 1.88e-05 7.81e+01  -3.8 6.69e-01  -0.6 7.85e-02 2.26e-01h  1
 104  1.6618536e+01 4.45e-05 2.71e+01  -3.8 3.87e-01  -0.2 1.02e-01 5.94e-01h  1
 105  1.6618154e+01 4.45e-05 2.69e+01  -3.8 1.49e+00  -0.6 1.73e-02 4.37e-04h  1
 106  1.6546048e+01 5.35e-05 2.52e+01  -3.8 2.77e+00  -1.1 1.79e-02 1.04e-01h  1
 107  1.6522846e+01 5.17e-05 2.35e+01  -3.8 1.36e+00  -0.7 1.93e-01 5.20e-02h  1
 108  1.6495601e+01 5.25e-05 2.27e+01  -3.8 1.50e+01    -  4.05e-03 5.41e-03h  1
 109  1.6474597e+01 5.13e-05 2.07e+01  -3.8 1.78e+00    -  2.06e-02 3.22e-02h  1
iter    objective    inf_pr   inf_du lg(mu)  ||d||  lg(rg) alpha_du alpha_pr  ls
 110  1.6430506e+01 5.20e-05 8.98e+01  -3.8 2.89e+00  -1.2 1.36e-02 4.68e-02h  1
 111  1.6415631e+01 4.70e-05 8.56e+01  -3.8 2.93e-01   0.2 5.39e-02 1.03e-01h  1
 112  1.6415158e+01 4.70e-05 8.43e+01  -3.8 1.37e+01    -  2.08e-03 1.38e-04h  1
 113  1.6329391e+01 5.83e-05 2.35e+01  -3.8 4.04e-01  -0.3 1.70e-01 9.23e-01h  1
 114  1.6289678e+01 6.25e-05 2.31e+01  -3.8 3.92e+00  -0.8 9.18e-02 3.09e-02h  1
 115  1.6255597e+01 6.09e-05 2.48e+01  -3.8 6.72e-01  -0.4 2.66e-02 1.19e-01h  1
 116  1.6244703e+01 5.69e-05 2.76e+01  -3.8 1.90e-01   0.1 1.75e-01 7.60e-02h  1
 117  1.6207694e+01 3.43e-05 7.46e+01  -3.8 9.34e-02   0.5 1.47e-01 5.67e-01h  1
 118  1.6200323e+01 3.46e-05 7.28e+01  -3.8 9.55e-01   0.0 6.02e-02 1.33e-02h  1
 119  1.6136759e+01 3.64e-05 3.84e+01  -3.8 6.74e-01  -0.5 1.98e-01 4.33e-01h  1
iter    objective    inf_pr   inf_du lg(mu)  ||d||  lg(rg) alpha_du alpha_pr  ls
 120  1.6113484e+01 2.92e-05 2.95e+01  -3.8 2.59e-01  -0.0 3.91e-01 2.53e-01h  1
 121  1.6048522e+01 7.25e-05 3.04e+01  -3.8 2.47e+00  -0.5 5.62e-03 8.25e-02h  1
 122  1.6023486e+01 7.45e-05 2.84e+01  -3.8 8.35e-01  -0.1 6.69e-02 4.68e-02h  1
 123  1.6004864e+01 7.22e-05 2.80e+01  -3.8 1.54e+00    -  5.35e-02 3.61e-02h  1
 124  1.5965394e+01 5.88e-05 3.99e+01  -3.8 5.55e-01  -0.6 1.20e-01 2.24e-01h  1
 125  1.5890221e+01 7.12e-05 1.07e+02  -3.8 1.19e+01  -1.0 2.75e-03 2.43e-02h  1
 126  1.5848513e+01 6.83e-05 9.76e+01  -3.8 1.67e+00  -0.6 1.28e-01 8.37e-02h  1
 127  1.5846819e+01 6.52e-05 9.32e+01  -3.8 1.17e-01    -  5.46e-02 4.61e-02h  1
 128  1.5785204e+01 3.09e-05 2.70e+01  -3.8 3.49e-01    -  2.06e-02 6.72e-01h  1
 129  1.5775392e+01 3.11e-05 2.57e+01  -3.8 2.11e+01    -  6.38e-03 1.19e-03h  1
iter    objective    inf_pr   inf_du lg(mu)  ||d||  lg(rg) alpha_du alpha_pr  ls
 130  1.5757484e+01 3.16e-05 2.50e+01  -3.8 2.46e+00    -  1.95e-02 2.06e-02h  1
 131  1.5727199e+01 3.31e-05 6.46e+01  -3.8 1.33e+00    -  1.85e-02 6.34e-02h  1
 132  1.5694069e+01 3.80e-05 1.05e+02  -3.8 1.33e+01    -  4.02e-03 8.18e-03h  1
 133  1.5659643e+01 3.34e-05 6.92e+01  -3.8 3.93e-01  -0.2 1.72e-01 3.15e-01h  1
 134  1.5646848e+01 3.35e-05 6.71e+01  -3.8 2.02e+00  -0.7 5.11e-02 2.12e-02h  1
 135  1.5643947e+01 1.66e-05 2.75e+01  -3.8 9.54e-02    -  8.31e-02 1.00e+00h  1
 136  1.5616436e+01 1.04e-05 2.66e+01  -3.8 1.25e+00  -0.2 5.05e-02 3.23e-02h  1
 137  1.5555517e+01 2.68e-05 2.31e+01  -3.8 1.65e+00  -0.7 6.20e-02 1.33e-01h  1
 138  1.5525990e+01 2.93e-05 2.26e+01  -3.8 4.32e+00  -1.2 4.56e-02 2.02e-02h  1
 139  1.5506757e+01 2.97e-05 2.19e+01  -3.8 1.73e+00    -  2.05e-02 2.94e-02h  1
iter    objective    inf_pr   inf_du lg(mu)  ||d||  lg(rg) alpha_du alpha_pr  ls
 140  1.5475246e+01 3.41e-05 5.34e+01  -3.8 1.90e+02    -  9.48e-05 5.22e-04f  1
 141  1.5448952e+01 3.70e-05 5.94e+01  -3.8 1.51e+01  -1.7 4.69e-03 5.38e-03h  1
 142  1.5456105e+01 1.83e-05 2.19e+01  -3.8 8.08e-02    -  7.91e-02 1.00e+00h  1
 143  1.5422518e+01 7.33e-06 8.22e+00  -3.8 9.26e-02   0.6 6.92e-01 6.10e-01h  1
 144  1.5381491e+01 1.17e-05 8.65e+00  -3.8 1.71e-01   0.1 6.02e-01 1.00e+00h  1
 145  1.5312312e+01 3.17e-05 1.76e+01  -3.8 6.91e-01  -0.4 1.15e-01 3.40e-01h  1
 146  1.5284706e+01 3.13e-05 1.60e+01  -3.8 2.70e-01   0.0 9.44e-02 2.02e-01h  1
 147  1.5271849e+01 3.25e-05 1.36e+01  -3.8 2.91e+00  -0.4 1.36e-02 7.01e-03h  1
 148  1.5240116e+01 3.36e-05 4.80e+01  -3.8 2.74e-01  -0.0 8.54e-02 1.64e-01h  1
 149  1.5221651e+01 3.01e-05 4.29e+01  -3.8 1.50e-01   0.4 1.39e-01 2.15e-01h  1
iter    objective    inf_pr   inf_du lg(mu)  ||d||  lg(rg) alpha_du alpha_pr  ls
 150  1.5201286e+01 3.66e-05 6.38e+00  -3.8 2.01e-01  -0.1 7.13e-01 1.00e+00h  1
 151  1.5102032e+01 6.99e-05 2.49e+01  -3.8 1.74e+00  -0.5 6.54e-02 1.87e-01h  1
 152  1.5080358e+01 6.67e-05 2.33e+01  -3.8 6.59e-01  -0.1 2.73e-02 6.02e-02h  1
 153  1.5076078e+01 6.61e-05 2.31e+01  -3.8 1.60e+00    -  1.79e-02 8.24e-03h  1
 154  1.5048382e+01 6.53e-05 2.25e+01  -3.8 3.18e+00    -  2.36e-02 2.71e-02h  1
 155  1.5029484e+01 6.34e-05 2.26e+01  -3.8 1.47e+00    -  6.56e-02 3.44e-02h  1
 156  1.4980832e+01 5.25e-05 7.19e+01  -3.8 6.76e-01  -0.6 5.45e-02 2.24e-01h  1
 157  1.4921165e+01 2.72e-05 2.62e+01  -3.8 3.48e-01  -0.2 3.90e-01 6.01e-01h  1
 158  1.4878780e+01 3.81e-05 3.01e+01  -3.8 2.39e+01  -0.6 2.96e-04 5.45e-03h  1
 159  1.4878430e+01 3.81e-05 2.92e+01  -3.8 4.81e-01    -  4.69e-02 1.49e-03h  1
iter    objective    inf_pr   inf_du lg(mu)  ||d||  lg(rg) alpha_du alpha_pr  ls
 160  1.4825735e+01 4.37e-05 3.17e+01  -3.8 8.62e+00    -  2.87e-03 2.29e-02h  1
 161  1.4801091e+01 4.38e-05 2.91e+01  -3.8 3.97e+00  -1.1 5.98e-02 1.91e-02h  1
 162  1.4780092e+01 4.31e-05 2.80e+01  -3.8 2.17e+00    -  2.18e-02 2.63e-02h  1
 163  1.4751907e+01 4.08e-05 4.32e+01  -3.8 9.89e-01    -  3.77e-02 7.21e-02h  1
 164  1.4681305e+01 4.18e-05 1.51e+02  -3.8 1.22e+00  -0.7 2.14e-02 1.95e-01h  1
 165  1.4681131e+01 4.16e-05 1.52e+02  -3.8 1.08e-01    -  2.23e-01 6.23e-03h  1
 166  1.4640825e+01 3.34e-05 2.81e+01  -3.8 1.97e-01    -  3.45e-02 1.00e+00h  1
 167  1.4609216e+01 3.74e-05 2.79e+01  -3.8 2.02e+01  -1.2 9.62e-03 5.34e-03h  1
 168  1.4571290e+01 4.01e-05 2.62e+01  -3.8 1.86e+00  -0.8 1.21e-01 6.26e-02h  1
 169  1.4543450e+01 4.22e-05 2.58e+01  -3.8 4.81e+00    -  1.27e-02 1.56e-02h  1
iter    objective    inf_pr   inf_du lg(mu)  ||d||  lg(rg) alpha_du alpha_pr  ls
 170  1.4527081e+01 4.31e-05 3.07e+01  -3.8 7.50e+00    -  1.50e-03 4.43e-03h  1
 171  1.4497722e+01 4.33e-05 7.61e+01  -3.8 6.71e-01  -0.3 3.95e-02 7.40e-02h  1
 172  1.4456167e+01 5.24e-05 6.77e+01  -3.8 6.46e-01   0.1 5.28e-02 1.25e-01h  1
 173  1.4455404e+01 5.22e-05 6.77e+01  -3.8 7.15e-01  -0.4 1.86e-01 3.68e-03h  1
 174  1.4386770e+01 6.36e-05 6.60e+01  -3.8 1.54e+01  -0.9 8.44e-03 1.76e-02h  1
 175  1.4325138e+01 5.45e-05 4.99e+01  -3.8 8.20e-01  -0.4 1.03e-01 2.38e-01h  1
 176  1.4303129e+01 4.93e-05 4.57e+01  -3.8 3.33e-01  -0.0 4.19e-02 1.02e-01h  1
 177  1.4288190e+01 4.92e-05 4.53e+01  -3.8 4.47e+00  -0.5 7.24e-03 4.78e-03h  1
 178  1.4275819e+01 4.68e-05 4.43e+01  -3.8 2.94e-01  -0.1 8.06e-02 5.19e-02h  1
 179  1.4270450e+01 4.67e-05 4.61e+01  -3.8 6.40e+00    -  6.92e-03 3.02e-03h  1
iter    objective    inf_pr   inf_du lg(mu)  ||d||  lg(rg) alpha_du alpha_pr  ls
 180  1.4189707e+01 5.04e-05 3.30e+01  -3.8 9.48e-01  -0.5 7.50e-02 3.77e-01h  1
 181  1.4171964e+01 4.37e-05 2.82e+01  -3.8 3.24e-01  -0.1 3.68e-01 1.55e-01h  1
 182  1.4115212e+01 6.10e-05 2.61e+01  -3.8 2.63e+00  -0.6 8.28e-03 6.52e-02h  1
 183  1.4114775e+01 6.10e-05 2.61e+01  -3.8 9.78e-01    -  2.15e-02 7.25e-04h  1
 184  1.4077414e+01 6.09e-05 2.57e+01  -3.8 3.05e+00    -  1.13e-02 4.07e-02h  1
 185  1.4057006e+01 5.97e-05 2.43e+01  -3.8 1.93e+00    -  5.20e-02 2.88e-02h  1
 186  1.4033928e+01 5.75e-05 2.87e+01  -3.8 1.32e+00    -  2.11e-02 4.71e-02h  1
 187  1.3998246e+01 5.86e-05 7.24e+01  -3.8 7.01e+00    -  8.11e-03 1.62e-02h  1
 188  1.3947537e+01 3.28e-05 3.47e+01  -3.8 3.48e-01  -0.2 1.29e-01 5.31e-01h  1
 189  1.3920360e+01 3.25e-05 3.31e+01  -3.8 1.91e+00  -0.6 8.11e-02 4.70e-02h  1
iter    objective    inf_pr   inf_du lg(mu)  ||d||  lg(rg) alpha_du alpha_pr  ls
 190  1.3886965e+01 2.21e-05 2.57e+01  -3.8 1.80e-01    -  4.29e-02 1.00e+00h  1
 191  1.3864147e+01 2.19e-05 2.60e+01  -3.8 1.34e+00  -0.2 7.09e-02 2.00e-02h  1
 192  1.3824933e+01 2.50e-05 2.25e+01  -3.8 1.09e+00  -0.7 1.70e-01 1.09e-01h  1
 193  1.3801177e+01 2.64e-05 2.26e+01  -3.8 3.47e+00    -  7.72e-03 1.92e-02h  1
 194  1.3775364e+01 2.91e-05 4.41e+01  -3.8 1.52e+02    -  1.87e-04 5.25e-04f  1
 195  1.3736826e+01 3.53e-05 6.89e+01  -3.8 3.09e+02    -  2.47e-04 3.79e-04f  1
 196  1.3711813e+01 3.83e-05 7.01e+01  -3.8 3.04e+00  -0.3 5.76e-03 1.93e-02f  1
 197  1.3711277e+01 3.83e-05 6.91e+01  -3.8 1.59e+00  -0.7 4.30e-02 1.19e-03h  1
 198  1.3630459e+01 4.52e-05 2.05e+01  -3.8 5.11e-01  -0.3 2.57e-01 6.62e-01h  1
 199  1.3586837e+01 4.93e-05 1.91e+01  -3.8 2.59e+00  -0.8 8.45e-02 5.09e-02h  1
iter    objective    inf_pr   inf_du lg(mu)  ||d||  lg(rg) alpha_du alpha_pr  ls
 200  1.3566246e+01 5.07e-05 1.94e+01  -3.8 1.04e+01  -1.3 3.89e-04 4.16e-03h  1
 201  1.3555872e+01 5.11e-05 2.00e+01  -3.8 3.16e+01    -  1.01e-03 5.36e-04h  1
 202  1.3537784e+01 5.21e-05 1.86e+01  -3.8 2.07e+01  -1.7 8.46e-04 1.29e-03h  1
 203  1.3499183e+01 3.09e-05 1.05e+02  -3.8 9.46e-02   0.5 1.05e-01 5.39e-01h  1
 204  1.3490702e+01 3.25e-05 1.02e+01  -3.8 1.68e-01   0.0 6.56e-01 1.00e+00h  1
 205  1.3395591e+01 7.30e-05 2.25e+01  -3.8 1.20e+00  -0.5 1.20e-01 2.45e-01h  1
 206  1.3358423e+01 6.24e-05 1.81e+01  -3.8 3.97e-01  -0.0 4.36e-02 1.75e-01h  1
 207  1.3345966e+01 5.58e-05 1.61e+01  -3.8 1.24e-01   0.4 3.23e-01 1.07e-01h  1
 208  1.3332673e+01 5.39e-05 2.66e+01  -3.8 4.44e-01  -0.1 6.20e-02 3.78e-02h  1
 209  1.3327192e+01 5.38e-05 4.32e+01  -3.8 9.85e+00    -  5.62e-03 1.98e-03h  1
iter    objective    inf_pr   inf_du lg(mu)  ||d||  lg(rg) alpha_du alpha_pr  ls
 210  1.3234812e+01 4.87e-05 3.82e+01  -3.8 8.93e-01  -0.6 2.64e-02 4.01e-01h  1
 211  1.3222743e+01 4.47e-05 3.54e+01  -3.8 3.60e-01  -0.1 2.92e-01 9.22e-02h  1
 212  1.3166981e+01 6.14e-05 3.66e+01  -3.8 3.72e+00  -0.6 5.54e-03 4.58e-02h  1
 213  1.3166571e+01 6.13e-05 3.61e+01  -3.8 7.49e-01    -  2.79e-02 8.58e-04h  1
 214  1.3122714e+01 6.24e-05 3.63e+01  -3.8 3.69e+00    -  8.03e-03 4.07e-02h  1
 215  1.3100164e+01 6.24e-05 3.49e+01  -3.8 5.53e+00    -  2.78e-02 1.16e-02h  1
 216  1.3080733e+01 6.07e-05 3.37e+01  -3.8 1.52e+00    -  3.18e-02 3.26e-02h  1
 217  1.3053881e+01 6.10e-05 3.01e+01  -3.8 6.35e+00    -  8.02e-03 1.29e-02h  1
 218  1.3000104e+01 3.73e-05 2.08e+01  -3.8 3.89e-01  -0.2 1.65e-01 4.74e-01h  1
 219  1.2974094e+01 3.71e-05 2.03e+01  -3.8 2.32e+00  -0.7 3.54e-02 3.68e-02h  1
iter    objective    inf_pr   inf_du lg(mu)  ||d||  lg(rg) alpha_du alpha_pr  ls
 220  1.2933947e+01 2.17e-05 2.59e+01  -3.8 2.00e-01    -  4.08e-02 1.00e+00h  1
 221  1.2906809e+01 2.16e-05 2.57e+01  -3.8 3.15e+00  -0.2 3.40e-02 1.01e-02h  1
 222  1.2864057e+01 2.60e-05 2.32e+01  -3.8 1.40e+00  -0.7 1.40e-01 9.23e-02h  1
 223  1.2838453e+01 2.73e-05 2.27e+01  -3.8 2.83e+00    -  2.20e-02 2.35e-02h  1
 224  1.2784988e+01 3.71e-05 8.10e+01  -3.8 3.39e+00  -1.2 8.04e-03 4.48e-02h  1
 225  1.2752293e+01 3.25e-05 1.21e+02  -3.8 2.27e-01   0.1 9.61e-02 2.39e-01h  1
 226  1.2682307e+01 6.15e-05 2.60e+01  -3.8 3.90e-01  -0.3 1.59e-01 1.00e+00h  1
 227  1.2637672e+01 5.11e-05 1.88e+01  -3.8 2.54e-01   0.1 3.74e-01 1.83e-01h  1
 228  1.2602777e+01 4.90e-05 2.18e+01  -3.8 6.89e-01  -0.4 4.15e-02 1.23e-01h  1
 229  1.2585281e+01 4.99e-05 2.17e+01  -3.8 1.41e+01  -0.9 1.83e-03 2.06e-03h  1
iter    objective    inf_pr   inf_du lg(mu)  ||d||  lg(rg) alpha_du alpha_pr  ls
 230  1.2560118e+01 4.92e-05 3.08e+01  -3.8 7.17e-01  -0.4 3.24e-02 4.68e-02h  1
 231  1.2554814e+01 4.89e-05 2.07e+01  -3.8 2.31e+00    -  2.19e-02 8.04e-03h  1
 232  1.2446775e+01 6.69e-05 5.36e+01  -3.8 2.83e+00  -0.9 1.55e-02 1.53e-01h  1
 233  1.2423867e+01 6.35e-05 5.12e+01  -3.8 1.08e+00  -0.5 2.08e-01 6.28e-02h  1
 234  1.2399606e+01 5.59e-05 4.41e+01  -3.8 4.09e-01  -0.1 3.21e-02 1.30e-01h  1
 235  1.2360502e+01 4.44e-05 3.27e+01  -3.8 5.78e-01    -  3.16e-02 2.34e-01h  1
 236  1.2343789e+01 4.29e-05 3.20e+01  -3.8 7.99e-01    -  5.62e-02 3.65e-02h  1
 237  1.2317008e+01 3.89e-05 4.50e+01  -3.8 6.15e-01    -  5.62e-02 1.03e-01h  1
 238  1.2277058e+01 3.97e-05 1.13e+02  -3.8 6.99e+00    -  4.15e-03 1.84e-02h  1
 239  1.2219507e+01 3.97e-05 9.14e+01  -3.8 1.24e+00  -0.5 7.24e-02 1.71e-01h  1
iter    objective    inf_pr   inf_du lg(mu)  ||d||  lg(rg) alpha_du alpha_pr  ls
 240  1.2206935e+01 3.55e-05 8.23e+01  -3.8 3.60e-01  -0.1 2.37e-01 1.14e-01h  1
 241  1.2203768e+01 2.15e-05 3.13e+01  -3.8 1.25e-01    -  6.01e-02 1.00e+00h  1
 242  1.2170119e+01 9.47e-06 2.39e+01  -3.8 1.95e-01   0.3 2.71e-01 2.35e-01h  1
 243  1.2136780e+01 1.04e-05 1.63e+01  -3.8 3.12e-01  -0.2 3.84e-01 3.16e-01h  1
 244  1.2110563e+01 1.24e-05 1.61e+01  -3.8 4.20e+00    -  1.92e-02 1.68e-02h  1
 245  1.2079530e+01 1.58e-05 4.69e+01  -3.8 6.46e+00    -  2.76e-03 1.34e-02h  1
 246  1.2030547e+01 2.71e-05 1.11e+02  -3.8 1.34e+00  -0.7 3.44e-02 9.93e-02h  1
 247  1.1999326e+01 1.74e-05 9.33e+00  -3.8 6.95e-02   0.7 4.98e-01 1.00e+00h  1
 248  1.1991170e+01 1.74e-05 7.78e+00  -3.8 3.47e-01   0.2 2.53e-01 3.54e-02h  1
 249  1.1913166e+01 3.30e-05 1.50e+01  -3.8 4.63e-01  -0.3 2.63e-01 6.67e-01h  1
iter    objective    inf_pr   inf_du lg(mu)  ||d||  lg(rg) alpha_du alpha_pr  ls
 250  1.1888476e+01 3.55e-05 1.48e+01  -3.8 4.57e+00  -0.8 5.03e-03 1.22e-02h  1
 251  1.1873539e+01 3.47e-05 1.41e+01  -3.8 4.28e-01  -0.3 9.57e-02 4.99e-02h  1
 252  1.1831564e+01 3.46e-05 5.87e+01  -3.8 2.16e-01   0.1 1.12e-01 2.77e-01h  1
 253  1.1803008e+01 2.61e-05 3.19e+01  -3.8 1.09e-01   0.5 6.16e-01 4.89e-01h  1
 254  1.1786753e+01 2.76e-05 2.28e+01  -3.8 8.27e-01   0.0 1.01e-01 3.01e-02h  1
 255  1.1691105e+01 5.47e-05 2.03e+01  -3.8 7.63e-01  -0.4 9.09e-02 5.12e-01h  1
 256  1.1663442e+01 5.17e-05 1.80e+01  -3.8 3.92e-01  -0.0 5.20e-02 1.07e-01h  1
 257  1.1639070e+01 4.10e-05 1.36e+01  -3.8 1.08e-01   0.4 3.20e-01 2.46e-01h  1
 258  1.1620523e+01 4.09e-05 1.28e+01  -3.8 4.62e-01  -0.1 5.82e-02 5.31e-02h  1
 259  1.1617789e+01 4.08e-05 3.28e+01  -3.8 7.10e+00    -  9.05e-03 1.29e-03h  1
iter    objective    inf_pr   inf_du lg(mu)  ||d||  lg(rg) alpha_du alpha_pr  ls
 260  1.1534317e+01 4.44e-05 3.70e+01  -3.8 9.60e-01  -0.5 3.08e-02 3.62e-01h  1
 261  1.1520733e+01 3.98e-05 3.20e+01  -3.8 3.32e-01  -0.1 2.73e-01 1.12e-01h  1
 262  1.1469089e+01 4.86e-05 2.83e+01  -3.8 2.79e+00  -0.6 1.51e-02 5.35e-02h  1
 263  1.1468581e+01 4.86e-05 2.87e+01  -3.8 4.67e+00  -1.1 4.26e-03 2.15e-04h  1
 264  1.1428271e+01 4.90e-05 2.65e+01  -3.8 3.00e+00    -  1.87e-02 4.36e-02h  1
 265  1.1402310e+01 4.87e-05 2.62e+01  -3.8 3.17e+00    -  3.62e-02 2.15e-02h  1
 266  1.1377109e+01 4.89e-05 3.72e+01  -3.8 5.63e+00    -  2.90e-03 1.30e-02h  1
 267  1.1340148e+01 4.86e-05 5.43e+01  -3.8 2.62e+00    -  2.86e-02 3.90e-02h  1
 268  1.1278308e+01 4.94e-05 6.17e+01  -3.8 1.65e+00  -0.6 1.58e-02 1.30e-01h  1
 269  1.1278149e+01 4.90e-05 6.37e+01  -3.8 7.77e-02    -  2.90e-01 7.78e-03h  1
iter    objective    inf_pr   inf_du lg(mu)  ||d||  lg(rg) alpha_du alpha_pr  ls
 270  1.1246944e+01 1.33e-05 3.79e+01  -3.8 1.41e-01    -  4.19e-02 1.00e+00h  1
 271  1.1201999e+01 2.04e-05 3.78e+01  -3.8 4.19e+01    -  3.33e-03 3.54e-03h  1
 272  1.1182265e+01 2.14e-05 3.78e+01  -3.8 1.28e+03    -  4.22e-05 4.19e-05f  1
 273  1.1160264e+01 2.18e-05 3.66e+01  -3.8 1.56e+00    -  5.76e-02 3.23e-02f  1
 274  1.1134504e+01 2.21e-05 3.44e+01  -3.8 9.47e-01    -  3.99e-02 6.00e-02h  1
 275  1.1085742e+01 3.01e-05 5.65e+01  -3.8 7.27e+00  -1.1 4.36e-03 2.15e-02h  1
 276  1.1097902e+01 1.49e-06 2.92e+01  -3.8 3.05e-02    -  2.77e-01 1.00e+00h  1
 277  1.1079249e+01 4.87e-06 2.50e+01  -3.8 3.52e-01    -  3.62e-02 1.41e-01h  1
 278  1.1021053e+01 1.74e-05 2.46e+01  -3.8 9.68e+00  -1.6 6.92e-03 2.28e-02h  1
 279  1.0954975e+01 2.01e-05 1.48e+01  -3.8 4.78e-01  -0.3 3.62e-01 3.99e-01h  1
iter    objective    inf_pr   inf_du lg(mu)  ||d||  lg(rg) alpha_du alpha_pr  ls
 280  1.0936321e+01 2.05e-05 1.44e+01  -3.8 1.48e+00  -0.7 1.00e-02 2.41e-02h  1
 281  1.0921174e+01 2.09e-05 1.43e+01  -3.8 4.64e+00  -1.2 6.46e-03 4.90e-03h  1
 282  1.0897494e+01 2.32e-05 1.43e+01  -3.8 7.37e+00    -  4.81e-03 4.24e-03h  1
 283  1.0874839e+01 2.59e-05 1.31e+01  -3.8 4.64e-01   0.1 5.49e-02 7.86e-02h  1
 284  1.0807661e+01 2.73e-05 1.21e+01  -3.8 5.08e-01  -0.4 2.28e-01 5.94e-01h  1
 285  1.0775633e+01 2.14e-05 8.89e+00  -3.8 2.35e-01   0.1 2.61e-01 2.60e-01h  1
 286  1.0717363e+01 4.06e-05 1.72e+01  -3.8 1.34e+00  -0.4 1.98e-02 1.15e-01h  1
 287  1.0713518e+01 4.02e-05 1.70e+01  -3.8 3.77e-01   0.0 1.47e-01 1.23e-02h  1
 288  1.0675825e+01 3.96e-05 1.62e+01  -3.8 1.99e+00    -  2.30e-02 5.18e-02h  1
 289  1.0640361e+01 3.79e-05 6.15e+01  -3.8 1.18e+00    -  2.74e-02 7.32e-02h  1
iter    objective    inf_pr   inf_du lg(mu)  ||d||  lg(rg) alpha_du alpha_pr  ls
 290  1.0609019e+01 3.89e-05 8.64e+01  -3.8 9.76e+00    -  5.69e-03 9.76e-03h  1
 291  1.0552757e+01 3.64e-05 6.33e+01  -3.8 9.00e-01  -0.5 6.45e-02 2.27e-01h  1
 292  1.0530497e+01 2.86e-05 4.76e+01  -3.8 2.97e-01  -0.0 1.80e-01 2.39e-01h  1
 293  1.0517983e+01 3.20e-05 2.46e+01  -3.8 1.70e-01    -  5.76e-02 1.00e+00h  1
 294  1.0473867e+01 1.19e-05 1.69e+01  -3.8 1.72e-01   0.4 3.63e-01 3.14e-01h  1
 295  1.0440924e+01 1.45e-05 1.67e+01  -3.8 6.95e+00    -  2.31e-02 1.28e-02h  1
 296  1.0410593e+01 1.74e-05 3.00e+01  -3.8 2.80e+01    -  3.71e-04 3.15e-03h  1
 297  1.0359924e+01 2.49e-05 6.69e+01  -3.8 6.86e+00    -  1.26e-02 2.05e-02h  1
 298  1.0331721e+01 2.50e-05 5.56e+01  -3.8 4.98e-01  -0.1 2.94e-02 1.47e-01h  1
 299  1.0330694e+01 2.48e-05 5.52e+01  -3.8 6.54e-01  -0.6 6.55e-02 5.79e-03h  1
iter    objective    inf_pr   inf_du lg(mu)  ||d||  lg(rg) alpha_du alpha_pr  ls
 300  1.0241131e+01 3.88e-05 5.52e+01  -3.8 6.01e+00  -1.0 6.30e-03 5.63e-02h  1
 301  1.0209925e+01 3.74e-05 5.15e+01  -3.8 1.32e+00  -0.6 1.66e-01 6.55e-02h  1
 302  1.0185748e+01 3.66e-05 5.00e+01  -3.8 1.66e+00    -  2.51e-02 3.22e-02h  1
 303  1.0168977e+01 3.61e-05 4.79e+01  -3.8 1.76e+00    -  1.04e-02 1.94e-02h  1
 304  1.0142670e+01 3.41e-05 5.83e+01  -3.8 6.07e-01    -  3.41e-02 6.44e-02h  1
 305  1.0140977e+01 3.41e-05 4.85e+01  -3.8 2.47e+00    -  3.03e-03 9.30e-04h  1
 306  1.0069211e+01 3.91e-05 6.07e+01  -3.8 2.11e+00    -  9.70e-03 1.47e-01h  1
 307  1.0062646e+01 3.79e-05 5.93e+01  -3.8 5.04e-01  -0.2 1.74e-01 3.14e-02h  1
 308  1.0007804e+01 3.97e-05 5.48e+01  -3.8 2.26e+00  -0.7 7.50e-02 7.55e-02h  1
 309  9.9734706e+00 3.97e-05 4.94e+01  -3.8 7.80e-01  -0.2 1.52e-02 8.75e-02h  1
iter    objective    inf_pr   inf_du lg(mu)  ||d||  lg(rg) alpha_du alpha_pr  ls
 310  9.9515884e+00 3.55e-05 4.37e+01  -3.8 5.58e-01    -  6.75e-02 1.07e-01h  1
 311  9.9362738e+00 3.41e-05 4.22e+01  -3.8 6.67e-01    -  5.49e-02 4.53e-02h  1
 312  9.9066476e+00 3.09e-05 5.61e+01  -3.8 5.89e-01    -  5.44e-02 1.10e-01h  1
 313  9.8736840e+00 2.90e-05 9.23e+01  -3.8 1.28e+00  -0.7 1.58e-02 8.90e-02h  1
 314  9.8240585e+00 2.45e-05 5.93e+01  -3.8 5.72e-01  -0.3 2.42e-01 3.38e-01h  1
 315  9.7929711e+00 2.55e-05 5.83e+01  -3.8 5.59e+00  -0.8 1.14e-02 1.71e-02h  1
 316  9.7923733e+00 2.55e-05 5.81e+01  -3.8 1.09e+00    -  8.07e-03 1.56e-03h  1
 317  9.7443011e+00 2.59e-05 5.36e+01  -3.8 1.65e+00    -  2.26e-02 1.03e-01h  1
 318  9.7224066e+00 2.58e-05 5.20e+01  -3.8 3.96e+00  -1.2 3.78e-02 1.43e-02h  1
 319  9.7000649e+00 2.51e-05 4.95e+01  -3.8 1.32e+00    -  3.02e-02 3.95e-02h  1
iter    objective    inf_pr   inf_du lg(mu)  ||d||  lg(rg) alpha_du alpha_pr  ls
 320  9.6651198e+00 2.39e-05 6.74e+01  -3.8 1.12e+00    -  2.51e-02 7.47e-02h  1
 321  9.6268443e+00 2.48e-05 1.16e+02  -3.8 1.23e+01    -  3.15e-03 9.03e-03h  1
 322  9.5962530e+00 2.56e-05 1.15e+02  -3.8 1.00e+01  -0.8 7.30e-03 1.02e-02h  1
 323  9.6376869e+00 4.88e-06 2.62e+01  -3.8 6.20e-02    -  1.60e-01 1.00e+00h  1
 324  9.6132423e+00 5.90e-06 2.46e+01  -3.8 9.07e-01    -  2.31e-02 5.91e-02h  1
 325  9.5836714e+00 8.30e-06 2.45e+01  -3.8 1.82e+01    -  2.40e-03 5.73e-03h  1
 326  9.5348887e+00 1.10e-05 1.91e+01  -3.8 6.71e-01  -0.4 2.38e-01 2.22e-01h  1
 327  9.5078948e+00 1.20e-05 1.91e+01  -3.8 4.01e+01    -  3.17e-03 1.72e-03h  1
 328  9.4852603e+00 1.23e-05 1.87e+01  -3.8 2.14e+00    -  1.37e-02 2.05e-02h  1
 329  9.4637466e+00 1.34e-05 3.73e+01  -3.8 3.77e+00    -  4.16e-03 8.94e-03h  1
iter    objective    inf_pr   inf_du lg(mu)  ||d||  lg(rg) alpha_du alpha_pr  ls
 330  9.4027439e+00 3.32e-05 1.30e+02  -3.8 3.49e-01   0.0 5.81e-02 2.72e-01h  1
 331  9.3797225e+00 2.95e-05 9.66e+01  -3.8 1.58e-01   0.5 1.16e-01 2.34e-01h  1
 332  9.3559228e+00 3.20e-05 1.31e+01  -3.8 2.22e-01  -0.0 5.65e-01 1.00e+00h  1
 333  9.2992413e+00 2.26e-05 2.20e+01  -3.8 2.02e+00  -0.5 1.12e-02 6.89e-02h  1
 334  9.2708385e+00 2.43e-05 2.06e+01  -3.8 5.40e-01  -0.1 5.72e-02 6.61e-02h  1
 335  9.2562843e+00 2.46e-05 2.66e+01  -3.8 9.73e-01  -0.5 5.08e-02 1.66e-02h  1
 336  9.2311767e+00 2.56e-05 1.90e+01  -3.8 4.86e-01  -0.1 2.79e-02 5.83e-02h  1
 337  9.1396204e+00 2.47e-05 1.09e+02  -3.8 8.00e-01  -0.6 4.25e-02 3.64e-01h  1
 338  9.1236593e+00 2.38e-05 1.05e+02  -3.8 6.37e-01  -0.2 1.67e-01 4.27e-02h  1
 339  9.0665081e+00 3.44e-05 1.03e+02  -3.8 4.40e+00  -0.7 1.12e-02 3.82e-02h  1
iter    objective    inf_pr   inf_du lg(mu)  ||d||  lg(rg) alpha_du alpha_pr  ls
 340  9.0659737e+00 3.44e-05 1.02e+02  -3.8 8.28e+00  -1.1 2.13e-03 1.15e-04h  1
 341  9.0254032e+00 3.51e-05 9.82e+01  -3.8 2.62e+00    -  1.97e-02 4.90e-02h  1
 342  9.0029990e+00 3.50e-05 9.56e+01  -3.8 3.20e+00    -  3.84e-02 1.73e-02h  1
 343  8.9850005e+00 3.40e-05 9.21e+01  -3.8 1.18e+00    -  3.23e-02 3.44e-02h  1
 344  8.9545336e+00 3.40e-05 8.45e+01  -3.8 2.70e+00    -  1.53e-02 2.99e-02h  1
 345  8.8972486e+00 3.66e-05 8.18e+01  -3.8 2.10e+00  -0.7 7.64e-03 9.13e-02h  1
 346  8.8821839e+00 3.39e-05 7.60e+01  -3.8 5.95e-01  -0.3 1.36e-01 8.10e-02h  1
 347  8.8567704e+00 1.75e-05 2.11e+01  -3.8 2.37e-01    -  2.92e-02 7.95e-01h  1
 348  8.8287279e+00 1.38e-05 2.01e+01  -3.8 3.59e-01   0.1 2.16e-01 9.09e-02h  1
 349  8.7854789e+00 1.48e-05 1.54e+01  -3.8 4.79e-01  -0.3 2.38e-01 2.33e-01h  1
iter    objective    inf_pr   inf_du lg(mu)  ||d||  lg(rg) alpha_du alpha_pr  ls
 350  8.7611366e+00 1.55e-05 1.50e+01  -3.8 1.54e+00    -  2.86e-02 3.28e-02h  1
 351  8.7131744e+00 2.19e-05 8.58e+01  -3.8 1.91e+00  -0.8 1.08e-02 5.20e-02h  1
 352  8.6793874e+00 2.94e-05 1.11e+02  -3.8 1.09e+01  -0.4 2.53e-03 4.80e-03h  1
 353  8.6565014e+00 3.22e-05 1.07e+02  -3.8 9.97e-01   0.0 5.56e-02 3.52e-02h  1
 354  8.5836080e+00 2.79e-05 6.54e+01  -3.8 7.92e-01  -0.4 1.76e-01 3.66e-01h  1
 355  8.5497797e+00 2.94e-05 6.46e+01  -3.8 7.85e+00  -0.9 1.07e-02 1.12e-02h  1
 356  8.5249284e+00 2.89e-05 6.34e+01  -3.8 1.13e+00  -0.5 1.09e-02 3.27e-02h  1
 357  8.5101066e+00 2.89e-05 6.28e+01  -3.8 3.84e+00    -  9.53e-03 4.86e-03h  1
 358  8.5006343e+00 2.89e-05 6.28e+01  -3.8 4.44e+00  -1.0 2.77e-03 2.42e-03h  1
 359  8.4630783e+00 2.72e-05 5.80e+01  -3.8 1.01e+00    -  4.18e-02 1.02e-01h  1
iter    objective    inf_pr   inf_du lg(mu)  ||d||  lg(rg) alpha_du alpha_pr  ls
 360  8.4516912e+00 2.67e-05 5.94e+01  -3.8 1.32e+00  -0.5 1.27e-02 2.67e-02h  1
 361  8.4229053e+00 1.92e-05 3.69e+01  -3.8 3.30e-01  -0.1 3.30e-01 3.66e-01h  1
 362  8.3469734e+00 2.44e-05 3.32e+01  -3.8 1.80e+00  -0.6 3.05e-02 1.37e-01h  1
 363  8.3465108e+00 2.43e-05 3.30e+01  -3.8 9.45e-01    -  1.00e-02 7.40e-04h  1
 364  8.3075896e+00 2.31e-05 3.05e+01  -3.8 1.06e+00    -  9.24e-03 1.16e-01h  1
 365  8.2928835e+00 2.23e-05 2.81e+01  -3.8 8.14e-01    -  8.32e-02 3.49e-02h  1
 366  8.2761783e+00 2.15e-05 2.81e+01  -3.8 8.69e-01    -  6.07e-02 4.18e-02h  1
 367  8.2378576e+00 2.19e-05 7.62e+01  -3.8 3.09e+00    -  7.28e-03 3.42e-02h  1
 368  8.1710742e+00 2.27e-05 4.06e+01  -3.8 3.79e-01  -0.2 1.07e-01 6.57e-01h  1
 369  8.1708642e+00 2.26e-05 4.28e+01  -3.8 1.95e-01    -  1.67e-01 3.61e-03h  1
iter    objective    inf_pr   inf_du lg(mu)  ||d||  lg(rg) alpha_du alpha_pr  ls
 370  8.1610363e+00 1.10e-05 2.66e+01  -3.8 9.22e-02    -  8.27e-02 6.34e-01h  1
 371  8.1266693e+00 1.15e-05 2.50e+01  -3.8 1.86e+00    -  3.17e-02 5.82e-02h  1
 372  8.0901204e+00 1.09e-05 2.26e+01  -3.8 1.02e+00  -0.6 7.52e-02 9.56e-02h  1
 373  8.0674727e+00 1.06e-05 2.17e+01  -3.8 1.14e+00    -  7.35e-02 3.98e-02h  1
 374  8.0401854e+00 1.03e-05 2.05e+01  -3.8 9.40e-01    -  4.24e-02 5.93e-02h  1
 375  7.9920985e+00 1.40e-05 1.76e+01  -3.8 4.78e-01  -0.2 1.16e-01 3.53e-01h  1
 376  7.9877313e+00 1.36e-05 1.71e+01  -3.8 2.36e-01   0.2 5.77e-02 3.08e-02h  1
 377  7.9099518e+00 3.32e-05 1.60e+01  -3.8 9.20e-01    -  1.26e-02 3.44e-01h  1
 378  7.8950612e+00 3.27e-05 1.68e+01  -3.8 1.12e+00  -0.3 1.17e-01 1.50e-02h  1
 379  7.8502428e+00 3.58e-05 1.55e+01  -3.8 6.72e+00    -  1.03e-02 1.59e-02h  1
iter    objective    inf_pr   inf_du lg(mu)  ||d||  lg(rg) alpha_du alpha_pr  ls
 380  7.8283653e+00 3.55e-05 1.50e+01  -3.8 1.17e+00    -  3.18e-02 3.29e-02h  1
 381  7.7974045e+00 3.71e-05 4.86e+01  -3.8 3.63e+00    -  4.22e-03 1.37e-02h  1
 382  7.7303547e+00 3.14e-05 1.28e+02  -3.8 9.25e-01    -  3.84e-02 2.36e-01h  1
 383  7.7157727e+00 3.16e-05 1.27e+02  -3.8 1.37e+01  -0.7 1.08e-02 3.02e-03h  1
 384  7.6674700e+00 2.55e-05 9.63e+01  -3.8 6.91e-01  -0.3 1.60e-01 2.29e-01h  1
 385  7.6125098e+00 3.23e-05 7.58e+01  -3.8 3.94e-01   0.1 2.54e-02 2.32e-01h  1
 386  7.6117046e+00 3.23e-05 7.49e+01  -3.8 3.36e+00    -  1.94e-02 4.95e-04h  1
 387  7.5766406e+00 3.16e-05 7.12e+01  -3.8 1.66e+00    -  4.65e-02 4.96e-02h  1
 388  7.5574892e+00 2.99e-05 6.65e+01  -3.8 6.21e-01    -  5.36e-02 5.98e-02h  1
 389  7.5153583e+00 3.10e-05 7.54e+01  -3.8 4.09e+00    -  6.61e-03 2.79e-02h  1
iter    objective    inf_pr   inf_du lg(mu)  ||d||  lg(rg) alpha_du alpha_pr  ls
 390  7.4566365e+00 3.00e-05 5.20e+01  -3.8 8.15e-01  -0.4 1.14e-01 2.62e-01h  1
 391  7.4515023e+00 3.00e-05 5.19e+01  -3.8 1.02e+01  -0.8 3.68e-03 1.42e-03h  1
 392  7.4415679e+00 2.34e-05 3.62e+01  -3.8 1.71e-01    -  4.74e-02 1.00e+00h  1
 393  7.4143293e+00 1.57e-05 2.85e+01  -3.8 1.37e-01   0.5 2.82e-01 2.11e-01h  1
 394  7.3900693e+00 1.34e-05 2.58e+01  -3.8 2.44e-01   0.0 2.27e-01 9.52e-02h  1
 395  7.3562344e+00 1.54e-05 2.51e+01  -3.8 2.87e+00    -  1.00e-02 2.76e-02h  1
 396  7.3076825e+00 1.74e-05 7.28e+01  -3.8 5.48e-01  -0.5 7.56e-02 1.91e-01h  1
 397  7.2365301e+00 4.84e-05 9.70e+01  -3.8 6.38e-01  -0.0 4.04e-02 2.03e-01h  1
 398  7.2360266e+00 4.77e-05 9.83e+01  -3.8 1.01e-01   0.4 3.83e-01 1.47e-02h  1
 399  7.2075456e+00 3.51e-05 6.63e+01  -3.8 3.40e-01  -0.1 1.47e-01 3.04e-01h  1
iter    objective    inf_pr   inf_du lg(mu)  ||d||  lg(rg) alpha_du alpha_pr  ls
 400  7.1551950e+00 3.89e-05 6.61e+01  -3.8 4.16e+00  -0.6 7.92e-03 3.28e-02h  1
 401  7.1293844e+00 3.75e-05 6.14e+01  -3.8 6.83e-01  -0.1 1.06e-01 5.17e-02h  1
 402  7.1085794e+00 3.74e-05 6.04e+01  -3.8 2.47e+00  -0.6 7.73e-03 9.94e-03h  1
 403  7.0652018e+00 3.49e-05 5.79e+01  -3.8 5.09e-01  -0.2 4.51e-02 1.01e-01h  1
 404  7.0290858e+00 3.16e-05 4.91e+01  -3.8 3.87e-01   0.2 1.30e-01 1.48e-01h  1
 405  6.9712936e+00 2.76e-05 2.67e+01  -3.8 5.45e-01  -0.2 1.15e-01 4.11e-01h  1
 406  6.9489740e+00 2.41e-05 2.29e+01  -3.8 2.56e-01   0.2 5.97e-02 1.61e-01h  1
 407  6.8981266e+00 1.46e-05 7.62e+00  -3.8 8.94e-02   0.6 5.36e-01 7.49e-01h  1
 408  6.8837681e+00 1.43e-05 1.29e+01  -3.8 2.26e-01   0.1 1.42e-01 6.11e-02h  1
 409  6.8750735e+00 1.44e-05 1.18e+01  -3.8 1.29e+01    -  1.64e-03 1.88e-03h  1
iter    objective    inf_pr   inf_du lg(mu)  ||d||  lg(rg) alpha_du alpha_pr  ls
 410  6.8339217e+00 1.64e-05 9.13e+00  -3.8 1.67e+01    -  4.43e-03 6.81e-03f  1
 411  6.7460259e+00 6.54e-05 2.35e+01  -3.8 1.34e+00  -0.3 1.31e-02 2.10e-01h  1
 412  6.7452732e+00 6.52e-05 2.35e+01  -3.8 2.56e-01   0.1 1.90e-01 3.10e-03h  1
 413  6.6835197e+00 5.35e-05 1.64e+01  -3.8 6.99e-01  -0.4 1.22e-01 2.47e-01h  1
 414  6.6576946e+00 5.13e-05 1.57e+01  -3.8 1.02e+00    -  6.83e-02 4.66e-02h  1
 415  6.6314266e+00 5.08e-05 2.89e+01  -3.8 2.83e+00    -  5.93e-03 2.03e-02h  1
 416  6.5972428e+00 5.05e-05 7.58e+01  -3.8 3.06e+00    -  9.39e-03 2.14e-02h  1
 417  6.5390643e+00 4.60e-05 1.01e+02  -3.8 5.70e-01   0.0 2.30e-02 1.67e-01h  1
 418  6.5385695e+00 4.59e-05 1.01e+02  -3.8 1.57e+00  -0.4 6.46e-02 7.64e-04h  1
 419  6.4902345e+00 2.16e-05 3.14e+01  -3.8 3.05e-01  -0.0 2.39e-01 6.31e-01h  1
iter    objective    inf_pr   inf_du lg(mu)  ||d||  lg(rg) alpha_du alpha_pr  ls
 420  6.4504166e+00 2.26e-05 3.22e+01  -3.8 5.15e+00  -0.5 2.65e-03 1.64e-02h  1
 421  6.4349258e+00 2.26e-05 3.02e+01  -3.8 3.16e+00  -1.0 2.01e-02 6.37e-03h  1
 422  6.4168711e+00 2.26e-05 3.02e+01  -3.8 6.26e+00    -  3.48e-03 3.41e-03h  1
 423  6.3633425e+00 2.30e-05 8.49e+01  -3.8 1.71e-01   0.4 3.96e-02 3.96e-01h  1
 424  6.3507417e+00 1.77e-05 5.92e+01  -3.8 7.16e-02   0.8 4.55e-01 2.73e-01h  1
 425  6.3350084e+00 1.26e-05 2.82e+01  -3.8 1.52e-01   0.3 8.67e-02 7.50e-01h  1
 426  6.3150245e+00 1.02e-05 2.23e+01  -3.8 6.69e-02   0.7 4.59e-01 2.29e-01h  1
 427  6.2822833e+00 1.80e-05 1.86e+01  -3.8 3.47e-01   0.3 1.38e-01 1.64e-01h  1
 428  6.2101122e+00 3.78e-05 1.37e+01  -3.8 9.89e-02   0.7 2.88e-01 1.00e+00h  1
 429  6.1182091e+00 8.10e-05 1.28e+01  -3.8 1.25e+00   0.2 3.29e-02 6.45e-02h  1
iter    objective    inf_pr   inf_du lg(mu)  ||d||  lg(rg) alpha_du alpha_pr  ls
 430  6.1165013e+00 7.97e-05 1.43e+01  -3.8 1.23e-01   0.6 2.48e-01 1.63e-02h  1
 431  6.0374303e+00 7.73e-05 1.16e+01  -3.8 8.23e-01   0.1 3.06e-02 1.20e-01h  1
 432  5.8863566e+00 1.04e-04 9.95e+00  -3.8 1.89e-01   0.6 2.09e-01 6.57e-01h  1
 433  5.8850293e+00 1.04e-04 8.69e+00  -3.8 2.14e+00   0.1 2.97e-02 4.87e-04h  1
 434  5.7873180e+00 6.34e-05 1.98e+01  -3.8 2.04e-01   0.5 6.01e-02 4.58e-01h  1
 435  5.7648276e+00 5.19e-05 1.52e+01  -3.8 7.31e-02   0.9 3.47e-01 1.86e-01h  1
 436  5.6776623e+00 5.42e-05 1.33e+01  -3.8 3.33e-01   0.5 8.87e-02 1.58e-01h  1
 437  5.6159719e+00 4.46e-05 9.26e+00  -3.8 9.56e-02   0.9 3.03e-01 3.18e-01h  1
 438  5.4117662e+00 1.44e-04 1.17e+01  -3.8 3.75e-01   0.4 7.71e-02 3.87e-01h  1
 439  5.3716776e+00 1.29e-04 8.94e+00  -3.8 1.25e-01   0.8 2.23e-01 1.20e-01h  1
iter    objective    inf_pr   inf_du lg(mu)  ||d||  lg(rg) alpha_du alpha_pr  ls
 440  5.2665198e+00 1.41e-04 8.96e+00  -3.8 8.75e-01   0.4 2.07e-02 4.45e-02h  1
 441  5.2270911e+00 1.31e-04 8.20e+00  -3.8 1.58e-01   0.8 8.44e-02 8.34e-02h  1
 442  5.0294253e+00 1.34e-04 8.89e+00  -3.8 1.07e+00   0.3 2.87e-02 8.22e-02h  1
 443  4.9860802e+00 1.25e-04 7.10e+00  -3.8 1.93e-01   0.7 1.55e-01 7.35e-02h  1
 444  4.8441433e+00 5.54e-05 8.23e+00  -3.8 5.94e-02   1.2 3.93e-01 6.62e-01h  1
 445  4.7068082e+00 5.18e-05 5.77e+00  -3.8 2.11e-01   0.7 1.36e-01 2.04e-01h  1
 446  4.6477252e+00 4.35e-05 5.17e+00  -3.8 6.40e-02   1.1 3.62e-01 2.31e-01h  1
 447  4.5146488e+00 5.83e-05 6.57e+00  -3.8 2.94e-01   0.6 4.58e-02 9.29e-02h  1
 448  4.3394443e+00 5.73e-05 5.32e+00  -3.8 8.06e-02   1.1 2.43e-01 4.46e-01h  1
 449  4.3017237e+00 5.66e-05 4.55e+00  -3.8 3.98e-01   0.6 2.81e-02 1.74e-02h  1
iter    objective    inf_pr   inf_du lg(mu)  ||d||  lg(rg) alpha_du alpha_pr  ls
 450  4.1492753e+00 4.27e-05 8.10e+00  -3.8 8.75e-02   1.0 1.62e-01 3.43e-01h  1
 451  4.0641070e+00 4.58e-05 1.06e+01  -3.8 5.67e-01   0.5 1.42e-02 2.29e-02h  1
 452  3.8678004e+00 5.26e-05 1.38e+01  -3.8 1.08e-01   1.0 9.40e-02 2.62e-01h  1
 453  3.5927774e+00 2.93e-05 5.71e+00  -3.8 3.85e-02   1.4 6.77e-01 1.00e+00h  1
 454  3.3957445e+00 3.64e-05 5.34e+00  -3.8 1.49e-01   0.9 1.37e-01 1.40e-01h  1
 455  3.3448694e+00 3.28e-05 4.80e+00  -3.8 4.71e-02   1.3 1.74e-01 1.15e-01h  1
 456  2.5855738e+00 1.78e-04 1.28e+01  -3.8 1.79e-01   0.9 7.92e-02 4.04e-01h  1
 457  2.4621263e+00 1.55e-04 1.41e+01  -3.8 6.87e-02   1.3 9.03e-01 1.39e-01h  1
 458  2.2296226e+00 1.54e-04 1.31e+01  -3.8 3.06e-01   0.8 3.84e-02 5.42e-02h  1
 459  2.1640384e+00 1.44e-04 2.05e+01  -3.8 7.90e-02   1.2 5.05e-01 6.35e-02h  1
iter    objective    inf_pr   inf_du lg(mu)  ||d||  lg(rg) alpha_du alpha_pr  ls
 460  1.9393880e+00 1.38e-04 1.66e+01  -3.8 3.44e-01   0.8 1.79e-02 5.73e-02h  1
 461  1.5356318e+00 1.00e-04 1.28e+01  -3.8 9.46e-02   1.2 1.05e-01 4.01e-01h  1
 462  1.4993690e+00 9.97e-05 7.31e+00  -3.8 4.38e-01   0.7 8.13e-02 7.99e-03h  1
 463  1.1681559e+00 7.59e-05 1.59e+01  -3.8 1.09e-01   1.1 1.00e+00 3.11e-01h  1
 464  1.0014803e+00 7.71e-05 1.93e+01  -3.8 5.01e-01   0.7 1.11e-01 3.34e-02h  1
 465  6.3799111e-01 6.75e-05 1.24e+01  -3.8 1.28e-01   1.1 1.00e+00 3.49e-01h  1
 466  5.8704591e-01 6.66e-05 3.63e+01  -3.8 5.07e-01   0.6 3.31e-01 1.85e-02h  1
 467  2.1621179e-01 9.15e-05 2.83e+01  -3.8 2.69e+00   0.1 2.72e-02 3.31e-02h  1
 468  1.7919568e-01 9.15e-05 2.91e+01  -3.8 2.13e+01  -0.3 9.05e-05 5.88e-04h  1
 469  1.6432480e-01 9.10e-05 1.92e+01  -3.8 9.71e-01   0.1 1.49e-01 5.87e-03h  1
iter    objective    inf_pr   inf_du lg(mu)  ||d||  lg(rg) alpha_du alpha_pr  ls
 470 -1.4646318e-03 8.81e-05 1.97e+01  -3.8 2.99e+00  -0.4 8.46e-03 5.48e-02h  1
 471 -1.9389280e-03 8.79e-05 3.88e+01  -3.8 1.54e-01    -  3.80e-01 3.01e-03h  1
 472 -3.1501075e-03 1.33e-04 5.31e+00  -3.8 6.60e-02   0.0 4.16e-01 1.00e+00h  1
 473 -3.7171565e-03 5.06e-04 5.78e+00  -3.8 1.08e-01    -  4.60e-01 1.00e+00h  1
 474 -3.4978891e-03 6.85e-05 5.44e-02  -3.8 4.51e-02    -  1.00e+00 1.00e+00h  1
 475 -3.5311670e-03 8.77e-05 9.32e-03  -3.8 7.88e-02    -  1.00e+00 1.00e+00h  1
 476 -3.5299022e-03 6.47e-06 3.28e-04  -3.8 1.98e-02    -  1.00e+00 1.00e+00h  1
 477 -1.8944773e-02 5.71e-10 3.33e-01  -5.0 1.13e-01    -  8.87e-01 1.00e+00h  1
 478 -1.9001115e-02 1.37e-09 2.35e-07  -5.0 7.16e-02    -  1.00e+00 1.00e+00h  1

Number of Iterations....: 478

                                   (scaled)                 (unscaled)
Objective...............:  -1.9001114680186223e-02   -1.9001114680186223e-02
Dual infeasibility......:   2.3538570877341958e-07    2.3538570877341958e-07
Constraint violation....:   1.3687840540338740e-09    1.3687840540338740e-09
Complementarity.........:   1.0001558369410678e-05    1.0001558369410678e-05
Overall NLP error.......:   1.0001558369410678e-05    1.0001558369410678e-05

Number of objective function evaluations             = 479
Number of objective gradient evaluations             = 479
Number of constraint evaluations                     = 479
Number of constraint Jacobian evaluations            = 479
Number of Lagrangian Hessian evaluations             = 478
Total wall-clock secs in solver (w/o fun. eval./lin. alg.)  =  2.020
Total wall-clock secs in linear solver                      =  1.607
Total wall-clock secs in NLP function evaluations           =  0.745
Total wall-clock secs                                       =  4.372

EXIT: Optimal Solution Found (tol = 1.0e-04).
