This is MadNLP version v0.8.3, running with cuDSS v0.1.0

Number of nonzeros in constraint Jacobian............:  1199894
Number of nonzeros in Lagrangian Hessian.............:   943941

Total number of variables............................:   351978
                     variables with only lower bounds:        0
                variables with lower and upper bounds:        0
                     variables with only upper bounds:        0
Total number of equality constraints.................:   319978
Total number of inequality constraints...............:        0
        inequality constraints with only lower bounds:        0
   inequality constraints with lower and upper bounds:        0
        inequality constraints with only upper bounds:        0

iter    objective    inf_pr   inf_du lg(mu)  ||d||  lg(rg) alpha_du alpha_pr  ls
   0  2.3000000e+02 9.80e+00 1.50e-02  -1.0 0.00e+00    -  0.00e+00 0.00e+00   0
   1  2.2825717e+02 9.76e+00 4.29e+00  -1.0 1.03e+01    -  1.00e+00 4.00e-03h  1
   2  6.3652626e+02 9.02e+00 1.53e+00  -1.0 1.02e+01    -  1.00e+00 1.00e+00h  1
   3  5.4021711e+02 5.71e+00 2.48e+00  -1.0 5.87e+00   0.0 3.44e-01 3.44e-01h  1
   4  4.9675630e+02 4.84e+00 2.52e+00  -1.0 2.10e+00  -0.5 1.00e+00 1.00e+00h  1
   5  6.0282095e+02 1.74e+00 1.30e+01  -1.0 2.81e+00  -0.1 9.54e-01 1.00e+00h  1
   6  6.0325515e+02 2.31e-01 1.47e+00  -1.0 7.21e-01  -0.5 1.00e+00 1.00e+00h  1
   7  5.9920567e+02 2.39e-02 1.40e-01  -1.0 1.21e-01  -1.0 1.00e+00 1.00e+00h  1
   8  5.8988215e+02 4.24e-04 7.33e-03  -2.5 2.23e-01  -1.5 1.00e+00 1.00e+00f  1
   9  5.6846591e+02 1.37e-01 1.85e-02  -3.8 1.34e+00    -  9.83e-01 1.00e+00f  1
iter    objective    inf_pr   inf_du lg(mu)  ||d||  lg(rg) alpha_du alpha_pr  ls
  10  5.6599313e+02 1.45e-03 2.41e-05  -3.8 2.97e-01    -  1.00e+00 1.00e+00h  1
  11  5.6576556e+02 6.73e-06 6.69e-04  -5.0 1.81e-02    -  8.70e-01 1.00e+00h  1
  12  5.6567700e+02 6.28e-05 2.14e-07  -5.0 5.63e-02    -  1.00e+00 1.00e+00h  1

Number of Iterations....: 12

                                   (scaled)                 (unscaled)
Objective...............:   5.6567700065014321e+02    5.6567700065014321e+02
Dual infeasibility......:   2.1415889958850969e-07    2.1415889958850969e-07
Constraint violation....:   6.2802212510806952e-05    6.2802212510806952e-05
Complementarity.........:   1.4187867067062117e-05    1.4187867067062117e-05
Overall NLP error.......:   6.2802212510806952e-05    6.2802212510806952e-05

Number of objective function evaluations             = 13
Number of objective gradient evaluations             = 13
Number of constraint evaluations                     = 13
Number of constraint Jacobian evaluations            = 13
Number of Lagrangian Hessian evaluations             = 12
Total wall-clock secs in solver (w/o fun. eval./lin. alg.)  =  2.738
Total wall-clock secs in linear solver                      =  0.327
Total wall-clock secs in NLP function evaluations           =  0.112
Total wall-clock secs                                       =  3.176

EXIT: Optimal Solution Found (tol = 1.0e-04).
