This is Ipopt version 3.14.14, running with linear solver MUMPS 5.6.2.

Number of nonzeros in equality constraint Jacobian...:     3608
Number of nonzeros in inequality constraint Jacobian.:      140
Number of nonzeros in Lagrangian Hessian.............:     1680

Total number of variables............................:     1155
                     variables with only lower bounds:      560
                variables with lower and upper bounds:       35
                     variables with only upper bounds:        0
Total number of equality constraints.................:     1120
Total number of inequality constraints...............:      140
        inequality constraints with only lower bounds:        0
   inequality constraints with lower and upper bounds:        0
        inequality constraints with only upper bounds:      140

iter    objective    inf_pr   inf_du lg(mu)  ||d||  lg(rg) alpha_du alpha_pr  ls
   0  4.0000000e+01 9.90e-01 8.33e+00  -1.0 0.00e+00    -  0.00e+00 0.00e+00   0
   1  4.5821477e+00 8.38e-01 5.10e+01  -1.0 1.29e+00    -  1.10e-02 1.54e-01f  1
   2  3.2939656e+00 7.53e-01 4.73e+01  -1.0 8.38e-01    -  1.84e-01 1.02e-01f  1
   3  2.0740733e+00 4.32e-01 6.03e+01  -1.0 7.53e-01    -  9.66e-01 4.27e-01f  1
   4  2.0786907e+00 4.31e-01 5.78e+02  -1.0 5.35e-01    -  4.38e-02 1.65e-03h  1
   5  2.6060558e+00 4.18e-01 6.29e+02  -1.0 1.92e+00    -  3.11e-03 3.02e-02h  1
   6  3.0006484e+00 4.09e-01 5.82e+02  -1.0 1.96e+00    -  2.26e-02 2.06e-02h  1
   7  3.0352087e+00 4.09e-01 5.84e+02  -1.0 4.05e+00    -  3.52e-03 1.29e-03h  1
   8  4.4299665e+00 3.83e-01 6.89e+02  -1.0 1.12e+00    -  2.27e-01 6.29e-02h  1
   9  5.9894229e+00 3.60e-01 6.53e+02  -1.0 9.98e-01    -  7.05e-02 5.90e-02h  1
iter    objective    inf_pr   inf_du lg(mu)  ||d||  lg(rg) alpha_du alpha_pr  ls
  10  9.6376994e+00 3.16e-01 5.44e+02  -1.0 9.29e-01    -  2.96e-02 1.25e-01h  1
  11  1.1239240e+01 2.98e-01 5.10e+02  -1.0 8.15e-01    -  4.47e-02 5.68e-02h  1
  12  1.3328353e+01 2.77e-01 4.77e+02  -1.0 7.72e-01    -  5.16e-02 7.09e-02h  1
  13  1.5499929e+01 2.57e-01 4.33e+02  -1.0 7.29e-01    -  3.41e-02 7.02e-02h  1
  14  1.6245204e+01 2.50e-01 4.46e+02  -1.0 5.69e-01    -  6.53e-02 2.69e-02h  1
  15  1.8939051e+01 2.26e-01 3.76e+02  -1.0 6.98e-01    -  7.52e-02 9.75e-02h  1
  16  2.1426844e+01 2.04e-01 3.47e+02  -1.0 6.31e-01    -  4.92e-02 9.64e-02h  1
  17  2.6717558e+01 1.61e-01 1.21e+03  -1.0 8.06e-01    -  4.26e-02 2.09e-01h  1
  18  2.8378457e+01 1.48e-01 1.10e+03  -1.0 8.67e-01    -  5.74e-02 8.03e-02h  1
  19  3.0550527e+01 1.32e-01 7.96e+02  -1.0 4.15e-01    -  5.05e-02 1.14e-01h  1
iter    objective    inf_pr   inf_du lg(mu)  ||d||  lg(rg) alpha_du alpha_pr  ls
  20  3.5885676e+01 9.32e-02 1.74e+03  -1.0 7.26e-01    -  5.51e-02 2.92e-01h  1
  21  3.7277792e+01 8.41e-02 1.63e+03  -1.0 7.16e-01    -  1.11e-01 9.79e-02h  1
  22  3.8770087e+01 7.46e-02 1.42e+03  -1.0 5.25e-01    -  2.73e-01 1.12e-01h  1
  23  4.2688988e+01 5.37e-02 1.19e+03  -1.0 4.57e-01    -  2.47e-02 2.80e-01h  1
  24  4.3352721e+01 4.96e-02 1.11e+03  -1.0 5.86e-01    -  8.86e-02 7.61e-02h  1
  25  4.3801970e+01 4.60e-02 1.11e+03  -1.0 3.15e-01   2.0 1.41e-01 7.33e-02h  1
  26  4.4433337e+01 3.73e-02 9.10e+02  -1.0 1.24e+00   1.5 1.65e-01 1.90e-01h  1
  27  4.3784763e+01 2.00e-02 7.03e+03  -1.0 4.53e-01   1.9 4.64e-01 4.62e-01h  1
  28  4.5181579e+01 1.54e-02 5.57e+03  -1.0 4.04e-01   1.5 1.11e-01 2.30e-01h  1
  29  4.6624293e+01 1.08e-02 4.03e+03  -1.0 1.67e-01   1.9 6.20e-01 2.99e-01h  1
iter    objective    inf_pr   inf_du lg(mu)  ||d||  lg(rg) alpha_du alpha_pr  ls
  30  4.7001050e+01 1.01e-02 3.76e+03  -1.0 4.43e-01    -  2.26e-01 6.26e-02h  1
  31  4.8763484e+01 8.71e-03 3.25e+03  -1.0 1.33e+00    -  3.72e-02 1.41e-01h  1
  32  5.0004860e+01 5.76e-03 2.02e+03  -1.0 1.54e-01    -  4.08e-02 3.39e-01h  1
  33  5.0443221e+01 4.91e-03 1.73e+03  -1.0 3.16e-01    -  1.14e-01 1.47e-01h  1
  34  5.1062318e+01 4.23e-03 1.45e+03  -1.0 2.51e-01    -  3.55e-01 1.38e-01h  1
  35  5.2835599e+01 2.79e-03 9.76e+02  -1.0 4.43e-01    -  2.77e-01 3.41e-01h  1
  36  5.3310867e+01 2.35e-03 8.26e+02  -1.0 4.14e-01    -  1.51e-01 1.56e-01h  1
  37  5.5096118e+01 1.29e-03 4.65e+02  -1.0 3.48e-01    -  4.14e-01 4.53e-01h  1
  38  5.5735313e+01 6.53e-04 2.66e+03  -1.0 1.57e-01    -  1.59e-01 4.93e-01h  1
  39  5.6589578e+01 2.20e-04 7.86e+03  -1.0 2.56e-01    -  3.68e-01 6.63e-01h  1
iter    objective    inf_pr   inf_du lg(mu)  ||d||  lg(rg) alpha_du alpha_pr  ls
  40  5.6580376e+01 1.81e-04 1.98e+04  -1.0 2.55e-01    -  7.18e-01 1.77e-01h  1
  41  5.6587630e+01 1.80e-04 2.65e+05  -1.0 3.13e+00    -  5.25e-02 2.98e-03h  1
  42  5.6829219e+01 1.74e-04 4.45e+05  -1.0 1.79e+01    -  1.00e-01 3.46e-02h  1
  43  5.7126576e+01 1.71e-04 2.83e+05  -1.0 2.49e+01    -  1.10e-02 1.85e-02h  1
  44  6.0046998e+01 1.55e-04 4.09e+05  -1.0 7.45e+00    -  3.35e-01 9.60e-02h  1
  45  6.0083168e+01 1.54e-04 2.88e+06  -1.0 1.67e+01    -  2.49e-02 1.34e-03h  1
  46  6.0195154e+01 1.54e-04 6.27e+06  -1.0 8.48e+01    -  8.59e-03 4.18e-03h  1
  47  6.0316552e+01 1.54e-04 1.12e+07  -1.0 9.98e+01    -  1.66e-03 5.47e-04h  3
  48  6.0351496e+01 1.54e-04 1.19e+07  -1.0 1.07e+02    -  7.25e-04 6.75e-05h  7
  49  6.0369266e+01 1.54e-04 1.27e+07  -1.0 1.10e+02    -  1.20e-03 3.19e-05h  8
iter    objective    inf_pr   inf_du lg(mu)  ||d||  lg(rg) alpha_du alpha_pr  ls
  50r 6.0369266e+01 1.54e-04 1.00e+03  -1.0 0.00e+00    -  0.00e+00 4.61e-07R 14
  51r 6.5219632e+01 1.34e-04 3.46e+02  -1.0 1.12e-01    -  6.65e-01 8.15e-01f  1
  52  6.4507495e+01 1.44e-04 2.39e+02  -1.0 6.62e-01    -  1.22e-01 2.64e-02f  1
  53  6.2273244e+01 1.39e-04 2.39e+03  -1.0 8.19e+00    -  5.75e-01 5.38e-02f  1
  54  6.1442124e+01 1.59e-04 2.32e+04  -1.0 4.34e-01    -  4.39e-01 3.14e-01h  1
  55  6.2576317e+01 8.16e-05 4.16e+04  -1.0 7.46e-01    -  5.59e-01 4.09e-01h  1
  56  6.2818396e+01 8.27e-05 2.67e+05  -1.0 1.21e+00    -  2.64e-01 3.61e-02h  3
  57  6.3039535e+01 8.45e-05 3.14e+05  -1.0 1.32e+00    -  5.93e-02 1.59e-02h  4
  58  6.3332010e+01 8.63e-05 3.40e+05  -1.0 1.31e+00    -  4.12e-02 1.71e-02h  4
  59  6.3507938e+01 8.63e-05 4.26e+05  -1.0 1.54e+00    -  7.96e-02 9.20e-03h  5
iter    objective    inf_pr   inf_du lg(mu)  ||d||  lg(rg) alpha_du alpha_pr  ls
  60  6.3794167e+01 8.63e-05 4.96e+05  -1.0 2.33e+00    -  7.21e-02 1.11e-02h  5
  61  6.4063217e+01 8.62e-05 5.89e+05  -1.0 2.16e+00    -  8.23e-02 1.09e-02h  5
  62  6.4354392e+01 8.61e-05 7.01e+05  -1.0 2.07e+00    -  8.06e-02 1.14e-02h  5
  63  6.4694942e+01 8.59e-05 7.87e+05  -1.0 1.54e+00    -  6.07e-02 1.12e-02h  5
  64  6.5081412e+01 8.57e-05 8.82e+05  -1.0 1.22e+00    -  6.67e-02 1.12e-02h  5
  65  6.5470477e+01 8.55e-05 9.63e+05  -1.0 1.32e+00    -  5.49e-02 1.14e-02h  5
  66  7.1700510e+01 1.08e-03 7.18e+05  -1.0 1.26e+00    -  1.58e-01 1.87e-01w  1
  67  7.1854480e+01 1.06e-03 3.73e+05  -1.0 6.10e-01    -  2.35e-01 2.30e-02w  1
  68  7.1687979e+01 9.98e-04 4.74e+05  -1.0 2.25e+00    -  4.84e-02 6.03e-02w  1
  69  6.5859854e+01 8.53e-05 1.28e+06  -1.0 1.43e+00    -  1.58e-01 1.17e-02h  4
iter    objective    inf_pr   inf_du lg(mu)  ||d||  lg(rg) alpha_du alpha_pr  ls
  70  6.6223709e+01 8.52e-05 1.57e+06  -1.0 9.73e-01    -  8.90e-02 1.30e-02h  5
  71  6.6593673e+01 8.50e-05 2.11e+06  -1.0 1.04e+00    -  1.38e-01 1.31e-02h  5
  72  6.7001983e+01 8.47e-05 2.71e+06  -1.0 9.51e-01    -  1.18e-01 1.30e-02h  5
  73  6.7414228e+01 8.45e-05 3.64e+06  -1.0 8.03e-01    -  1.47e-01 1.59e-02h  4
  74  6.7735220e+01 8.41e-05 5.87e+06  -1.0 7.62e-01    -  2.61e-01 1.22e-02h  4
  75  6.8098378e+01 8.39e-05 8.82e+06  -1.0 9.13e-01    -  1.99e-01 1.70e-02h  4
  76  6.8571934e+01 8.41e-05 1.55e+07  -1.0 8.86e-01    -  3.24e-01 2.12e-02h  4
  77  6.8828971e+01 8.37e-05 2.18e+07  -1.0 9.00e-01    -  1.87e-01 1.30e-02h  5
  78  6.9115369e+01 8.32e-05 5.64e+07  -1.0 8.87e-01    -  6.76e-01 1.41e-02h  5
  79  7.3183585e+01 7.28e-04 5.02e+07  -1.0 1.03e+00    -  1.81e-01 2.30e-01w  1
iter    objective    inf_pr   inf_du lg(mu)  ||d||  lg(rg) alpha_du alpha_pr  ls
  80  7.3331601e+01 7.09e-04 4.92e+07  -1.0 7.31e-01    -  1.33e-01 2.46e-02w  1
  81  7.3333506e+01 7.09e-04 1.01e+09  -1.0 4.86e+00    -  1.73e-01 4.04e-04w  1
  82  6.9369633e+01 8.27e-05 8.26e+07  -1.0 1.68e+01    -  1.81e-01 1.44e-02h  4
  83  6.9647556e+01 8.22e-05 2.53e+08  -1.0 8.74e-01    -  8.66e-01 1.48e-02h  5
  84  6.9903861e+01 8.15e-05 3.47e+08  -1.0 9.28e-01    -  1.56e-01 1.51e-02h  5
  85  7.0164790e+01 8.08e-05 1.11e+09  -1.0 7.64e-01    -  1.00e+00 1.47e-02h  5
  86  7.0408880e+01 8.01e-05 1.48e+09  -1.0 8.35e-01    -  1.44e-01 1.52e-02h  5
  87  7.0650695e+01 7.93e-05 3.46e+09  -1.0 7.66e-01    -  6.43e-01 1.49e-02h  5
  88  7.0879896e+01 7.84e-05 4.68e+09  -1.0 8.29e-01    -  1.65e-01 1.53e-02h  5
  89  7.1105126e+01 7.76e-05 1.39e+10  -1.0 9.14e-01    -  1.00e+00 1.52e-02h  5
iter    objective    inf_pr   inf_du lg(mu)  ||d||  lg(rg) alpha_du alpha_pr  ls
  90  7.1322666e+01 7.67e-05 1.92e+10  -1.0 8.84e-01    -  1.68e-01 1.56e-02h  5
  91  7.1540301e+01 7.58e-05 3.49e+10  -1.0 9.09e-01    -  4.30e-01 1.57e-02h  5
  92  7.5083569e+01 6.80e-04 5.59e+10  -1.0 7.61e-01    -  2.39e-01 2.54e-01w  1
  93  7.5236847e+01 6.47e-04 5.38e+10  -1.0 7.55e-01    -  1.79e-01 4.52e-02w  1
  94  7.5217098e+01 6.44e-04 5.37e+10  -1.0 3.99e-01    -  1.05e-01 5.41e-03w  1
  95  7.1761756e+01 7.48e-05 5.08e+10  -1.0 5.20e-01    -  2.39e-01 1.59e-02h  4
  96  7.1978786e+01 7.39e-05 6.11e+10  -1.0 7.97e-01    -  1.34e-01 1.60e-02h  5
  97  7.2197916e+01 7.29e-05 1.13e+11  -1.0 6.94e-01    -  5.92e-01 1.62e-02h  5
  98  7.2408284e+01 7.19e-05 1.31e+11  -1.0 6.62e-01    -  9.83e-02 1.65e-02h  5
  99  7.2618730e+01 7.08e-05 3.29e+11  -1.0 5.96e-01    -  1.00e+00 1.65e-02h  5
iter    objective    inf_pr   inf_du lg(mu)  ||d||  lg(rg) alpha_du alpha_pr  ls
 100  7.2821916e+01 6.97e-05 3.95e+11  -1.0 6.36e-01    -  1.02e-01 1.68e-02h  5
 101  7.3023988e+01 6.86e-05 7.47e+11  -1.0 7.80e-01    -  5.65e-01 1.69e-02h  5
 102  7.3221638e+01 6.74e-05 8.90e+11  -1.0 8.67e-01    -  1.23e-01 1.71e-02h  5
 103  7.3415380e+01 6.62e-05 1.90e+12  -1.0 9.74e-01    -  9.79e-01 1.70e-02h  5
 104  7.3604498e+01 6.50e-05 2.38e+12  -1.0 1.05e+00    -  1.28e-01 1.70e-02h  5
 105  7.6569885e+01 7.97e-04 1.19e+13  -1.0 1.16e+00    -  5.40e-01 2.68e-01w  1
 106  7.6087753e+01 6.46e-04 8.98e+12  -1.0 2.75e-01   2.3 2.15e-01 2.50e-01w  1
 107  7.6087780e+01 6.46e-04 8.98e+12  -1.0 6.10e-04  16.2 8.12e-03 3.28e-01w  1
 108  7.3789835e+01 6.37e-05 3.84e+12  -1.0 4.99e-02  15.7 5.40e-01 1.68e-02h  4
 109  7.3970414e+01 6.25e-05 4.63e+12  -1.0 1.24e+00    -  1.62e-01 1.65e-02h  5
iter    objective    inf_pr   inf_du lg(mu)  ||d||  lg(rg) alpha_du alpha_pr  ls
 110  7.4144607e+01 6.12e-05 6.56e+12  -1.0 1.32e+00    -  1.00e+00 1.58e-02h  5
 111  7.4309420e+01 6.00e-05 7.33e+12  -1.0 1.10e+00    -  7.04e-02 1.46e-02h  5
 112  7.4479116e+01 5.89e-05 6.46e+12  -1.0 8.34e-01    -  1.84e-01 1.38e-02h  5
 113  7.4639384e+01 5.78e-05 5.74e+12  -1.0 8.10e-01    -  4.53e-02 1.29e-02h  5
 114  7.4793302e+01 5.67e-05 1.53e+12  -1.0 7.68e-01    -  1.49e-01 1.17e-02h  5
 115  7.4935816e+01 5.56e-05 1.78e+12  -1.0 8.35e-01    -  1.10e-03 1.10e-02h  5
 116  7.5183189e+01 5.20e-05 9.84e+11  -1.0 6.62e-01    -  8.89e-04 3.00e-02h  4
 117  7.5384407e+01 4.78e-05 9.43e+11  -1.0 6.28e-01    -  4.36e-02 3.37e-02h  4
 118  7.6841414e+01 2.83e-04 2.83e+12  -1.0 8.91e-01    -  1.05e-01 1.74e-01w  1
 119  7.6726704e+01 2.58e-04 2.32e+15  -1.0 5.23e-02  15.2 2.46e-02 8.69e-02w  1
iter    objective    inf_pr   inf_du lg(mu)  ||d||  lg(rg) alpha_du alpha_pr  ls
 120  7.6724903e+01 2.58e-04 2.32e+15  -1.0 5.32e-02  14.7 1.15e-01 1.43e-03w  1
 121  7.5566533e+01 4.40e-05 7.34e+11  -1.0 4.79e-02  14.3 1.05e-01 2.17e-02h  3
 122  7.5651161e+01 4.31e-05 5.86e+11  -1.0 6.19e+00    -  2.18e-02 2.03e-03h  5
 123  7.5488447e+01 3.86e-05 1.70e+14  -1.0 7.99e-02  13.8 4.61e-02 1.04e-01h  1
 124  7.5483945e+01 3.85e-05 1.69e+14  -1.0 8.80e-02  13.3 4.13e-01 1.98e-03h  1
 125  7.5401290e+01 3.70e-05 1.61e+14  -1.0 9.14e-02  12.8 1.95e-01 4.27e-02h  1
 126  7.5273923e+01 3.44e-05 1.47e+14  -1.0 1.03e-01  12.4 1.02e-01 8.32e-02h  1
 127  7.5258564e+01 3.41e-05 1.45e+14  -1.0 8.90e-02  12.8 2.52e-01 1.10e-02h  1
 128  7.5052226e+01 3.04e-05 1.24e+14  -1.0 1.21e-01  12.3 2.32e-01 1.46e-01h  1
 129  7.4849084e+01 2.64e-05 1.00e+14  -1.0 9.37e-02  12.7 2.89e-01 1.69e-01h  1
iter    objective    inf_pr   inf_du lg(mu)  ||d||  lg(rg) alpha_du alpha_pr  ls
 130  7.4779201e+01 2.27e-05 9.51e+13  -1.0 4.69e-01  12.2 1.55e-02 5.53e-02h  1
 131  7.4778615e+01 2.27e-05 9.51e+13  -1.0 9.84e-02  12.7 5.31e-01 6.42e-04h  1
 132r 7.4778615e+01 2.27e-05 1.00e+03  -1.0 0.00e+00  12.2 0.00e+00 2.92e-07R  6
 133r 7.6215579e+01 1.04e-04 6.21e+01  -1.0 1.05e-01    -  9.44e-01 1.00e+00f  1
 134r 7.8778711e+01 2.66e-04 7.02e+02  -1.0 2.37e-01    -  1.61e-01 5.31e-01f  1
 135r 7.9967149e+01 5.01e-04 1.51e+02  -1.0 7.98e-02    -  7.37e-01 1.00e+00f  1
 136r 8.3197193e+01 6.37e-04 2.37e+02  -1.0 2.15e-01    -  3.21e-01 7.83e-01f  1
 137r 8.2553595e+01 6.74e-04 9.80e+01  -1.0 1.86e-01    -  6.45e-01 7.34e-01f  1
 138r 7.4273475e+01 7.04e-04 3.34e+02  -1.0 2.08e-01    -  6.44e-01 1.00e+00f  1
 139r 6.5339038e+01 7.15e-04 9.92e+01  -1.0 1.34e-01    -  8.62e-01 1.00e+00f  1
iter    objective    inf_pr   inf_du lg(mu)  ||d||  lg(rg) alpha_du alpha_pr  ls
 140r 6.4530975e+01 7.15e-04 1.06e+01  -1.0 3.17e-01    -  1.00e+00 1.00e+00f  1
 141r 6.4748487e+01 7.14e-04 6.04e-01  -1.0 7.02e-02    -  1.00e+00 1.00e+00f  1
 142r 6.4664466e+01 3.44e-04 4.61e+01  -2.5 1.77e-01    -  5.65e-01 6.40e-01f  1
 143r 6.4541273e+01 2.65e-04 1.24e+02  -2.5 1.07e-01    -  5.27e-01 3.94e-01f  1
 144r 6.4288886e+01 3.67e-04 3.03e+01  -2.5 1.72e-02   2.0 7.66e-01 9.48e-01f  1
 145r 6.3782239e+01 2.92e-04 1.52e+00  -2.5 4.30e-02   1.5 1.00e+00 1.00e+00f  1
 146r 6.3061477e+01 1.87e-04 6.81e+01  -2.5 9.18e-02   1.0 9.97e-01 6.31e-01f  1
 147r 6.2290389e+01 2.28e-04 1.27e+00  -2.5 1.30e-01   0.6 1.00e+00 1.00e+00f  1
 148r 6.1697945e+01 9.41e-05 4.62e+01  -2.5 3.98e-02   1.0 9.05e-01 1.00e+00h  1
 149r 6.1350195e+01 8.00e-05 3.88e+00  -2.5 2.31e-02   1.4 1.00e+00 1.00e+00f  1
iter    objective    inf_pr   inf_du lg(mu)  ||d||  lg(rg) alpha_du alpha_pr  ls
 150r 6.1044721e+01 6.44e-05 2.30e+00  -2.5 4.56e-02   0.9 1.00e+00 1.00e+00f  1
 151r 6.8277482e+01 8.04e-05 1.84e-01  -2.5 1.19e-01    -  1.00e+00 1.00e+00f  1
 152r 6.8302791e+01 4.17e-05 4.60e-02  -2.5 2.63e-02    -  1.00e+00 1.00e+00h  1
 153r 7.2154962e+01 5.81e-05 2.22e+00  -3.8 1.10e-01    -  7.41e-01 7.70e-01f  1
 154r 7.1791019e+01 2.23e-05 1.17e+02  -3.8 1.46e-02   0.5 9.08e-01 6.33e-01f  1
 155r 7.1230000e+01 1.89e-05 3.96e-02  -3.8 3.66e-02  -0.0 1.00e+00 1.00e+00f  1
 156  6.4842511e+01 1.13e-04 1.80e+04  -1.0 9.94e-01    -  2.54e-01 1.04e-01f  1
 157  6.4792397e+01 1.13e-04 1.31e+06  -1.0 6.30e+00    -  8.69e-02 5.15e-03h  1
 158  6.4859258e+01 1.10e-04 6.65e+06  -1.0 8.58e+00    -  7.38e-01 1.97e-02h  1
 159  6.4813476e+01 1.10e-04 3.41e+07  -1.0 1.44e+01    -  4.90e-02 6.34e-03h  1
iter    objective    inf_pr   inf_du lg(mu)  ||d||  lg(rg) alpha_du alpha_pr  ls
 160  6.4776359e+01 1.09e-04 2.48e+08  -1.0 1.99e+01    -  3.41e-02 5.12e-03h  1
 161  6.4750995e+01 1.09e-04 1.77e+09  -1.0 2.80e+02    -  2.36e-03 3.76e-04h  1
 162  6.4684172e+01 1.09e-04 1.23e+10  -1.0 1.64e+03    -  4.06e-04 6.72e-05h  1
 163  6.4648792e+01 1.09e-04 6.22e+11  -1.0 1.46e+03    -  5.51e-04 1.31e-05h  1
 164  6.4645966e+01 1.09e-04 6.21e+11  -1.0 2.30e+02    -  8.37e-07 8.37e-07s  2
 165r 6.4645966e+01 1.09e-04 1.00e+03  -1.0 0.00e+00    -  0.00e+00 0.00e+00R  1
 166r 6.2811903e+01 4.17e-04 7.63e+02  -1.0 1.64e-01    -  3.05e-01 1.00e+00f  1
 167r 6.0630471e+01 2.41e-04 2.57e+02  -1.0 6.96e-02    -  6.61e-01 1.00e+00f  1
 168r 6.2067232e+01 3.88e-04 1.57e+02  -1.0 1.67e-01    -  7.07e-01 1.00e+00f  1
 169r 6.2279179e+01 3.52e-04 9.71e+01  -1.0 7.64e-02    -  3.86e-01 3.88e-01f  1
iter    objective    inf_pr   inf_du lg(mu)  ||d||  lg(rg) alpha_du alpha_pr  ls
 170r 6.3095849e+01 5.58e-04 2.81e+02  -1.0 1.08e-01    -  4.70e-01 1.00e+00f  1
 171r 6.2698882e+01 6.57e-04 1.39e+02  -1.0 1.15e-01    -  7.51e-01 1.00e+00f  1
 172r 6.2941189e+01 6.91e-04 1.87e+01  -1.0 1.76e-01    -  9.96e-01 1.00e+00f  1
 173r 6.3111659e+01 7.49e-04 3.14e+02  -1.0 1.45e+00    -  2.91e-01 5.01e-01f  1
 174r 6.3012643e+01 7.10e-04 3.59e+01  -1.0 4.34e-01    -  1.00e+00 1.00e+00f  1
 175r 6.3919465e+01 7.15e-04 2.10e+02  -1.0 1.15e-01    -  1.00e+00 6.44e-01h  1
 176r 6.3477086e+01 7.14e-04 5.39e-01  -1.0 3.37e-02    -  1.00e+00 1.00e+00f  1
 177r 6.2721838e+01 3.46e-04 3.71e+01  -2.5 1.76e-01    -  5.85e-01 6.39e-01f  1
 178r 6.2431291e+01 2.77e-04 3.90e+01  -2.5 1.11e-01    -  3.80e-01 3.26e-01f  1
 179r 6.2162113e+01 3.83e-04 2.91e+01  -2.5 1.88e-02   2.0 7.62e-01 9.35e-01f  1
iter    objective    inf_pr   inf_du lg(mu)  ||d||  lg(rg) alpha_du alpha_pr  ls
 180r 6.1621651e+01 3.02e-04 1.56e+00  -2.5 4.64e-02   1.5 1.00e+00 9.99e-01f  1
 181r 6.1020167e+01 2.13e-04 1.01e+02  -2.5 9.65e-02   1.0 1.00e+00 4.86e-01f  1
 182r 5.9993690e+01 3.28e-04 1.89e+00  -2.5 1.46e-01   0.6 1.00e+00 1.00e+00f  1
 183r 5.9013576e+01 8.45e-05 1.32e+01  -2.5 6.25e-02   1.0 1.00e+00 1.00e+00f  1
 184  5.1014976e+01 7.47e-05 9.60e+02  -1.0 8.11e-01    -  3.10e-01 1.41e-01f  1
 185  4.7418362e+01 8.88e-05 8.13e+03  -1.0 1.12e+00    -  8.09e-01 1.36e-01f  2
 186  4.5006672e+01 6.13e-05 2.08e+04  -1.0 2.35e-01    -  1.00e+00 4.01e-01H  1
 187  4.5259516e+01 5.62e-05 2.04e+05  -1.0 8.12e-01    -  3.55e-01 7.72e-02h  1
 188  4.5963049e+01 4.84e-05 5.07e+05  -1.0 2.80e+00    -  5.12e-01 1.39e-01h  1
 189  4.9552068e+01 5.43e-05 8.22e+04  -1.0 1.65e+00    -  8.85e-02 2.93e-01h  1
iter    objective    inf_pr   inf_du lg(mu)  ||d||  lg(rg) alpha_du alpha_pr  ls
 190  5.0516095e+01 5.17e-05 1.48e+06  -1.0 2.57e+00    -  7.04e-01 6.65e-02h  1
 191  5.0577835e+01 5.13e-05 8.65e+06  -1.0 9.00e+00    -  6.73e-02 8.09e-03h  1
 192  5.0670432e+01 5.06e-05 2.27e+07  -1.0 1.70e+01    -  3.32e-02 1.35e-02h  1
 193  5.0680663e+01 5.05e-05 9.70e+07  -1.0 1.21e+02    -  4.74e-03 1.48e-03h  1
 194  5.0680677e+01 5.05e-05 3.60e+08  -1.0 5.03e+02    -  1.09e-03 3.81e-04h  1
 195  5.0671888e+01 5.05e-05 7.11e+09  -1.0 1.24e+03    -  6.46e-04 4.80e-05h  1
 196  5.0643334e+01 5.05e-05 7.09e+09  -1.0 2.53e+02    -  4.18e-06 4.18e-06s  5
 197  5.0636059e+01 5.05e-05 7.08e+09  -1.0 2.82e+02    -  9.43e-07 9.43e-07s  5
 198  5.0635040e+01 5.05e-05 7.07e+09  -1.0 1.01e+02    -  3.68e-07 3.68e-07s  5
 199r 5.0635040e+01 5.05e-05 1.00e+03  -1.0 0.00e+00    -  0.00e+00 0.00e+00R  1
iter    objective    inf_pr   inf_du lg(mu)  ||d||  lg(rg) alpha_du alpha_pr  ls
 200r 5.3056188e+01 1.38e-04 1.98e+02  -1.0 7.45e-02    -  8.17e-01 1.00e+00f  1
 201r 5.6628294e+01 7.18e-04 4.45e+02  -1.0 2.01e-01    -  4.63e-01 1.00e+00f  1
 202r 6.0176148e+01 4.35e-04 2.55e+02  -1.0 8.15e-02    -  4.89e-01 1.00e+00f  1
 203r 6.1210041e+01 5.77e-04 2.60e+02  -1.0 9.62e-02    -  5.70e-01 9.91e-01f  1
 204r 6.1468748e+01 6.67e-04 2.73e+02  -1.0 1.43e-01    -  6.07e-01 1.00e+00f  1
 205r 6.0786763e+01 1.24e-03 8.84e+01  -1.0 3.04e-01    -  5.45e-01 8.95e-01f  1
 206r 6.1099043e+01 6.93e-04 1.08e+01  -1.0 1.83e-01    -  9.93e-01 1.00e+00f  1
 207r 6.2077479e+01 8.14e-04 3.16e+02  -1.0 1.08e+00    -  2.87e-01 4.97e-01f  1
 208r 6.1334049e+01 7.12e-04 3.97e+01  -1.0 2.37e-01    -  1.00e+00 1.00e+00f  1
 209r 6.2170991e+01 7.16e-04 1.23e+02  -1.0 8.90e-02    -  1.00e+00 7.60e-01h  1
iter    objective    inf_pr   inf_du lg(mu)  ||d||  lg(rg) alpha_du alpha_pr  ls
 210r 6.1799786e+01 7.14e-04 8.10e-01  -1.0 2.72e-02    -  1.00e+00 1.00e+00f  1
 211r 6.0239655e+01 3.62e-04 3.54e+01  -2.5 1.81e-01    -  5.81e-01 6.32e-01f  1
 212r 5.9830230e+01 2.90e-04 3.90e+01  -2.5 1.13e-01    -  3.69e-01 3.16e-01f  1
 213r 5.9563032e+01 3.97e-04 2.66e+01  -2.5 1.94e-02   2.0 7.69e-01 9.27e-01f  1
 214r 5.9004499e+01 3.12e-04 1.60e+00  -2.5 4.75e-02   1.5 1.00e+00 1.00e+00f  1
 215r 5.8452670e+01 2.30e-04 1.13e+02  -2.5 9.68e-02   1.0 1.00e+00 4.30e-01f  1
 216r 5.7283237e+01 3.46e-04 2.07e+00  -2.5 1.52e-01   0.6 1.00e+00 1.00e+00f  1
 217r 5.6378671e+01 9.64e-05 3.14e+01  -2.5 7.20e-02   1.0 8.96e-01 8.18e-01f  1
 218r 5.5987179e+01 7.61e-05 7.15e+01  -2.5 7.58e-02   0.5 1.00e+00 6.52e-01f  1
 219r 5.7376573e+01 5.19e-05 1.70e+00  -2.5 1.23e-01    -  1.00e+00 1.00e+00f  1
iter    objective    inf_pr   inf_du lg(mu)  ||d||  lg(rg) alpha_du alpha_pr  ls
 220r 5.7268924e+01 5.37e-05 3.19e-01  -2.5 1.72e-02    -  1.00e+00 1.00e+00h  1
 221r 5.7306634e+01 5.39e-05 1.39e-02  -2.5 2.29e-03    -  1.00e+00 1.00e+00h  1
 222r 5.6560612e+01 9.17e-05 3.62e-01  -3.8 9.05e-02    -  7.66e-01 7.71e-01f  1
 223r 5.7230044e+01 1.01e-04 6.03e+01  -3.8 8.93e-02    -  7.75e-01 6.35e-01f  1
 224r 5.7682096e+01 9.71e-05 2.73e-01  -3.8 7.29e-02    -  1.00e+00 1.00e+00f  1
 225r 5.7305633e+01 2.30e-05 3.06e-02  -3.8 3.21e-02    -  1.00e+00 1.00e+00h  1
 226  5.5965903e+01 2.20e-05 2.22e+04  -1.0 4.33e-01    -  2.36e-01 4.47e-02h  1
 227  5.5199798e+01 2.09e-05 3.83e+05  -1.0 2.64e+00    -  7.37e-01 5.63e-02h  1
 228  5.5536449e+01 2.07e-05 3.81e+06  -1.0 5.62e+00    -  8.55e-02 1.30e-02h  1
 229  5.6375924e+01 2.02e-05 8.33e+06  -1.0 7.88e+00    -  1.14e-01 2.50e-02h  1
iter    objective    inf_pr   inf_du lg(mu)  ||d||  lg(rg) alpha_du alpha_pr  ls
 230  5.6409853e+01 2.02e-05 1.19e+08  -1.0 1.51e+01    -  4.69e-02 2.90e-03h  1
 231  5.6428124e+01 2.01e-05 1.07e+09  -1.0 4.46e+01    -  1.56e-02 1.83e-03h  1
 232  5.6415520e+01 2.01e-05 1.16e+10  -1.0 6.75e+02    -  1.03e-03 1.05e-04h  1
 233  5.6395509e+01 2.01e-05 1.16e+10  -1.0 2.77e+03    -  1.13e-05 1.13e-05s  6
 234  5.6392530e+01 2.01e-05 1.16e+10  -1.0 5.84e+02    -  6.39e-07 6.39e-07s  6
 235  5.6392291e+01 2.01e-05 1.16e+10  -1.0 3.02e+01    -  2.82e-07 2.82e-07s  6
 236r 5.6392291e+01 2.01e-05 1.00e+03  -1.0 0.00e+00    -  0.00e+00 0.00e+00R  1
 237r 5.8509891e+01 1.30e-04 2.43e+02  -1.0 8.16e-02    -  7.78e-01 1.00e+00f  1
 238r 5.8973920e+01 2.62e-04 3.39e+02  -1.0 1.15e-01    -  3.31e-01 7.80e-01f  1
 239r 5.9661401e+01 1.38e-03 2.41e+02  -1.0 2.49e-01    -  5.81e-01 1.00e+00f  1
iter    objective    inf_pr   inf_du lg(mu)  ||d||  lg(rg) alpha_du alpha_pr  ls
 240r 6.1396251e+01 4.62e-04 9.32e+01  -1.0 2.02e-01    -  6.12e-01 6.47e-01f  1
 241r 6.2678143e+01 6.28e-04 3.85e+02  -1.0 1.72e-01    -  4.70e-01 1.00e+00f  1
 242r 6.0663068e+01 1.31e-03 9.07e+01  -1.0 3.18e-01    -  7.86e-01 1.00e+00f  1
 243r 6.2239643e+01 6.99e-04 4.16e+01  -1.0 1.80e-01    -  9.07e-01 1.00e+00f  1
 244r 6.3259767e+01 7.09e-04 6.28e+01  -1.0 6.17e+00   0.0 2.27e-02 1.45e-02f  2
 245r 6.4106805e+01 7.08e-04 1.15e+03  -1.0 2.62e-01   0.4 9.21e-01 2.57e-01f  1
 246r 6.4355254e+01 7.08e-04 2.15e+02  -1.0 2.01e-01    -  1.00e+00 5.92e-01F  1
 247r 6.2543355e+01 7.24e-04 5.70e+00  -1.0 3.97e-01    -  1.00e+00 1.00e+00f  1
 248r 6.1068003e+01 5.40e-04 1.96e+02  -1.7 2.00e-01    -  2.59e-01 6.27e-01f  1
 249r 6.0704978e+01 3.23e-04 1.91e+02  -1.7 8.17e-02    -  8.52e-01 6.58e-01f  1
iter    objective    inf_pr   inf_du lg(mu)  ||d||  lg(rg) alpha_du alpha_pr  ls
 250r 5.9609132e+01 2.98e-04 8.30e+00  -1.7 1.16e-01   0.9 1.00e+00 1.00e+00f  1
 251r 5.9858185e+01 2.35e-04 4.52e+01  -1.7 1.46e-01    -  1.00e+00 5.42e-01h  1
 252r 6.0423059e+01 1.63e-04 4.52e-01  -1.7 7.70e-02    -  1.00e+00 1.00e+00f  1
 253r 6.1003438e+01 1.51e-04 2.22e+01  -2.5 1.04e-01    -  7.56e-01 9.55e-01f  1
 254r 6.1339423e+01 1.75e-04 3.24e+01  -2.5 6.71e-02    -  8.71e-01 1.00e+00f  1
 255r 6.0424512e+01 5.41e-05 3.26e+00  -2.5 9.56e-02   0.4 1.00e+00 1.00e+00f  1
 256r 6.0152952e+01 5.19e-05 5.55e+02  -2.5 1.84e-01    -  7.79e-01 9.26e-02f  2
 257r 5.9918141e+01 4.94e-05 9.60e-01  -2.5 1.61e-02    -  1.00e+00 1.00e+00h  1
 258r 5.9821674e+01 4.90e-05 4.84e-02  -2.5 7.54e-03    -  1.00e+00 1.00e+00h  1
 259r 6.0036341e+01 9.42e-05 1.11e+00  -3.8 9.04e-02    -  7.85e-01 7.70e-01f  1
iter    objective    inf_pr   inf_du lg(mu)  ||d||  lg(rg) alpha_du alpha_pr  ls
 260r 6.0796560e+01 9.04e-05 9.79e+01  -3.8 7.59e-02    -  8.63e-01 6.36e-01f  1
 261r 6.1221352e+01 8.11e-05 3.10e-01  -3.8 6.97e-02    -  1.00e+00 1.00e+00f  1
 262r 6.0456389e+01 2.22e-05 2.18e-02  -3.8 2.43e-02    -  1.00e+00 1.00e+00h  1
 263r 6.0336931e+01 6.62e-06 6.44e-04  -3.8 5.11e-03    -  1.00e+00 1.00e+00h  1
 264  5.8148467e+01 1.34e-05 2.09e+04  -1.0 5.53e-01    -  2.35e-01 5.57e-02f  1
 265  5.7732213e+01 1.31e-05 5.37e+05  -1.0 2.54e+00    -  8.22e-01 2.36e-02f  2
 266  5.7921024e+01 1.26e-05 4.22e+06  -1.0 1.31e+00    -  3.21e-01 4.11e-02h  1
 267  5.8454971e+01 1.24e-05 1.49e+07  -1.0 7.50e+00    -  1.30e-01 1.76e-02h  1
 268  5.8486063e+01 1.23e-05 1.59e+08  -1.0 1.76e+01    -  3.90e-02 3.54e-03h  1
 269  5.8494480e+01 1.23e-05 1.63e+09  -1.0 6.20e+01    -  1.12e-02 1.18e-03h  1
iter    objective    inf_pr   inf_du lg(mu)  ||d||  lg(rg) alpha_du alpha_pr  ls
 270  5.8478356e+01 1.23e-05 1.63e+09  -1.0 1.12e+03    -  6.77e-05 6.77e-05s  9
 271  5.8466309e+01 1.23e-05 1.62e+09  -1.0 2.54e+03    -  5.69e-06 5.69e-06s  9
 272  5.8461055e+01 1.23e-05 1.61e+09  -1.0 9.28e+02    -  1.34e-06 1.34e-06s  9
 273  5.8459768e+01 1.23e-05 1.61e+09  -1.0 1.07e+02    -  5.27e-07 5.27e-07s  9
 274  5.8459590e+01 1.23e-05 1.61e+09  -1.0 2.71e+01    -  2.76e-07 2.76e-07s  9
 275r 5.8459590e+01 1.23e-05 1.00e+03  -1.0 0.00e+00    -  0.00e+00 0.00e+00R  1
 276r 6.0690656e+01 1.48e-04 2.31e+02  -1.0 9.07e-02    -  7.89e-01 1.00e+00f  1
 277r 6.0853585e+01 3.43e-04 5.18e+02  -1.0 1.44e-01    -  3.28e-01 1.00e+00f  1
 278r 5.9961543e+01 2.53e-03 3.37e+02  -1.0 4.49e-01    -  4.13e-01 8.92e-01f  1
 279r 6.1305447e+01 4.59e-04 2.76e+02  -1.0 3.06e-01    -  7.88e-02 6.53e-01f  1
iter    objective    inf_pr   inf_du lg(mu)  ||d||  lg(rg) alpha_du alpha_pr  ls
 280r 6.1892307e+01 5.60e-04 9.66e+01  -1.0 1.77e-01    -  7.86e-01 1.00e+00f  1
 281r 6.3625681e+01 6.53e-04 3.69e+02  -1.0 1.89e-01    -  5.04e-01 8.41e-01f  1
 282r 6.0435156e+01 3.15e-03 1.59e+02  -1.0 1.10e+00    -  2.91e-01 4.52e-01f  1
 283r 6.1846741e+01 1.02e-03 3.74e+01  -1.0 2.58e-01    -  9.53e-01 1.00e+00f  1
 284r 6.2171639e+01 6.91e-04 4.59e+00  -1.0 2.89e-02   2.0 1.00e+00 1.00e+00f  1
 285r 6.1343283e+01 2.29e-04 1.08e+01  -1.7 5.42e-02    -  9.69e-01 9.17e-01f  1
 286r 6.1170513e+01 1.60e-04 6.98e-01  -1.7 1.72e-01    -  1.00e+00 1.00e+00f  1
 287r 6.1923761e+01 1.60e-04 2.32e+01  -2.5 1.07e-01    -  7.40e-01 9.45e-01f  1
 288r 6.2229480e+01 1.86e-04 2.62e+01  -2.5 6.77e-02    -  8.69e-01 9.68e-01f  1
 289r 6.2098422e+01 7.78e-05 5.04e-01  -2.5 9.49e-03   1.5 1.00e+00 1.00e+00f  1
iter    objective    inf_pr   inf_du lg(mu)  ||d||  lg(rg) alpha_du alpha_pr  ls
 290r 6.1400776e+01 5.88e-05 5.30e+00  -2.5 7.04e-02    -  1.00e+00 1.00e+00f  1
 291r 6.1132274e+01 4.96e-05 3.52e+00  -2.5 2.18e-02   1.0 1.00e+00 1.00e+00h  1
 292r 6.0762583e+01 4.11e-05 3.01e+00  -2.5 4.59e-02   0.6 1.00e+00 1.00e+00f  1
 293r 6.0652029e+01 1.39e-04 1.08e+00  -2.5 5.20e-02    -  1.00e+00 1.00e+00f  1
 294r 6.0754123e+01 4.80e-05 2.38e-01  -2.5 1.01e-02    -  1.00e+00 1.00e+00h  1
 295r 6.0747310e+01 4.79e-05 6.58e-04  -2.5 4.58e-03    -  1.00e+00 1.00e+00h  1
 296r 6.1326933e+01 9.45e-05 1.17e+00  -5.7 9.55e-02    -  7.45e-01 7.30e-01f  1
 297r 6.2503184e+01 8.49e-05 6.99e+01  -5.7 1.38e-01    -  5.45e-01 3.98e-01f  1
 298r 6.2158996e+01 3.74e-05 1.65e+02  -5.7 3.31e-02   0.1 8.94e-01 5.89e-01f  1
 299r 6.1441279e+01 9.40e-05 8.28e+01  -5.7 7.39e-02  -0.4 9.48e-01 7.22e-01f  1
iter    objective    inf_pr   inf_du lg(mu)  ||d||  lg(rg) alpha_du alpha_pr  ls
 300r 6.0582406e+01 7.04e-05 2.70e+02  -5.7 3.86e-01  -0.9 7.32e-01 2.62e-01f  1
 301r 5.9842066e+01 3.97e-05 2.49e+02  -5.7 1.56e-01  -0.4 6.20e-01 4.53e-01f  1
 302r 5.9614360e+01 2.78e-05 1.59e+02  -5.7 6.35e-02  -0.0 9.93e-01 3.04e-01f  1
 303r 5.8717454e+01 1.19e-05 6.83e+01  -5.7 1.74e-01  -0.5 6.15e-01 5.78e-01f  1
 304r 5.8487271e+01 1.74e-05 6.33e+01  -5.7 5.24e-02  -1.0 1.00e+00 6.99e-01f  1
 305r 5.8081708e+01 2.38e-05 3.31e+02  -5.7 9.44e-02  -1.4 7.60e-01 3.76e-01f  1
 306r 5.7756100e+01 1.16e-05 6.32e+01  -5.7 2.61e-02  -1.0 1.00e+00 6.98e-01f  1
 307r 5.7420434e+01 4.39e-05 5.89e+01  -5.7 7.44e-02  -1.5 1.00e+00 6.31e-01f  1
 308r 5.7280305e+01 5.03e-05 6.93e+01  -5.7 1.52e-01  -2.0 1.00e+00 1.35e-01f  1
 309r 5.7567692e+01 3.13e-05 1.14e+02  -5.7 1.04e-01  -2.4 5.38e-01 4.61e-01f  1
iter    objective    inf_pr   inf_du lg(mu)  ||d||  lg(rg) alpha_du alpha_pr  ls
 310r 5.7678228e+01 1.58e-05 2.60e+02  -5.7 2.41e-02  -2.0 1.00e+00 5.56e-01f  1
 311r 5.7711195e+01 5.92e-05 1.87e+02  -5.7 2.31e-01    -  2.39e-01 3.13e-01f  1
 312r 5.7772923e+01 1.38e-05 1.48e+02  -5.7 5.51e-02  -2.5 9.88e-01 4.81e-01f  1
 313r 5.7650199e+01 3.07e-05 2.38e+01  -5.7 4.79e-02    -  7.58e-01 9.90e-01f  1
 314r 5.7835185e+01 3.61e-06 2.20e-03  -5.7 2.86e-02    -  1.00e+00 1.00e+00f  1
 315  5.7834857e+01 3.61e-06 9.88e+06  -1.0 5.22e-01    -  5.09e-01 4.24e-04h  1
 316  5.7852236e+01 3.60e-06 1.30e+07  -1.0 1.52e+01    -  4.16e-04 2.71e-04h  1
 317  5.7872908e+01 3.60e-06 2.13e+07  -1.0 1.97e+01    -  8.15e-04 3.63e-04f  2
 318  5.7896748e+01 3.60e-06 1.33e+08  -1.0 2.86e+01    -  2.96e-03 5.03e-04h  1
 319  5.7898295e+01 3.60e-06 1.80e+09  -1.0 1.38e+02    -  2.10e-03 1.28e-04h  1
iter    objective    inf_pr   inf_du lg(mu)  ||d||  lg(rg) alpha_du alpha_pr  ls
 320  5.7889779e+01 3.60e-06 1.79e+09  -1.0 1.17e+03    -  1.94e-05 1.94e-05s  7
 321  5.7885340e+01 3.60e-06 1.78e+09  -1.0 3.93e+03    -  2.57e-06 2.57e-06s  7
 322  5.7884166e+01 3.60e-06 1.78e+09  -1.0 1.68e+04    -  5.84e-07 5.84e-07s  7
 323r 5.7884166e+01 3.60e-06 1.00e+03  -1.0 0.00e+00    -  0.00e+00 0.00e+00R  1
 324r 5.9104143e+01 3.34e-04 3.68e+02  -1.0 1.69e-01    -  6.66e-01 1.00e+00f  1
 325r 5.7097813e+01 6.55e-04 3.31e+02  -1.0 2.34e-01    -  3.77e-01 1.00e+00f  1
 326r 5.9068022e+01 4.27e-04 2.65e+02  -1.0 2.07e-01    -  5.25e-01 1.00e+00f  1
 327r 5.9344880e+01 4.66e-04 1.76e+02  -1.0 7.52e-02    -  5.10e-01 1.00e+00f  1
 328r 6.0465979e+01 5.87e-04 2.66e+02  -1.0 1.27e-01    -  5.78e-01 1.00e+00f  1
 329r 6.3146609e+01 9.33e-04 2.72e+02  -1.0 6.63e-01    -  2.72e-01 4.78e-01f  1
iter    objective    inf_pr   inf_du lg(mu)  ||d||  lg(rg) alpha_du alpha_pr  ls
 330r 6.2928969e+01 6.45e-04 1.42e+02  -1.0 1.96e-01    -  6.46e-01 5.14e-01f  1
 331r 6.2802107e+01 6.93e-04 8.15e+01  -1.0 1.17e-01    -  8.62e-01 1.00e+00f  1
 332r 6.3997608e+01 7.16e-04 2.20e+02  -1.0 1.80e-01    -  5.91e-01 1.00e+00f  1
 333r 6.3900140e+01 7.14e-04 2.36e+02  -1.0 1.98e-01    -  1.00e+00 6.82e-01f  1
 334r 6.2906206e+01 7.15e-04 1.53e+00  -1.0 1.37e-01    -  1.00e+00 1.00e+00f  1
 335r 6.1956967e+01 3.43e-04 4.31e+01  -1.7 1.42e-01    -  7.04e-01 7.88e-01f  1
 336r 6.1709140e+01 2.51e-04 7.06e+01  -1.7 5.98e-02    -  6.92e-01 7.76e-01f  1
 337r 6.1692918e+01 2.95e-04 1.15e+00  -1.7 9.71e-03   2.0 1.00e+00 1.00e+00f  1
 338r 6.1399398e+01 2.43e-04 8.85e-01  -1.7 2.65e-02   1.5 1.00e+00 1.00e+00f  1
 339r 6.0569706e+01 1.83e-04 3.50e+01  -2.5 8.31e-02   1.0 8.67e-01 6.86e-01f  1
iter    objective    inf_pr   inf_du lg(mu)  ||d||  lg(rg) alpha_du alpha_pr  ls
 340r 6.0003788e+01 1.46e-04 7.18e+01  -2.5 1.17e-01   0.6 1.00e+00 5.63e-01f  1
 341r 5.9369354e+01 2.73e-04 3.21e+02  -2.5 2.73e-01   0.1 8.04e-01 3.67e-01f  1
 342r 5.8457512e+01 7.73e-05 4.74e+00  -2.5 1.10e-01   0.5 1.00e+00 9.94e-01f  1
 343r 6.2044387e+01 1.12e-04 2.26e+00  -2.5 1.23e-01    -  1.00e+00 1.00e+00f  1
 344r 6.1419426e+01 5.27e-05 1.05e+02  -2.5 9.60e-02   0.0 1.00e+00 5.91e-01h  1
 345r 6.1508466e+01 4.59e-05 3.73e+02  -2.5 3.58e-02    -  1.78e-01 1.00e+00f  1
 346r 6.1420252e+01 4.59e-05 2.79e-01  -2.5 1.12e-02    -  1.00e+00 1.00e+00h  1
 347r 6.1430609e+01 4.60e-05 1.54e-03  -2.5 3.70e-03    -  1.00e+00 1.00e+00h  1
 348r 6.2323940e+01 9.27e-05 1.25e+00  -5.7 9.54e-02    -  7.46e-01 7.30e-01f  1
 349r 6.2000608e+01 6.59e-05 1.80e+02  -5.7 7.01e-02  -0.4 7.79e-01 3.98e-01f  1
iter    objective    inf_pr   inf_du lg(mu)  ||d||  lg(rg) alpha_du alpha_pr  ls
 350r 6.1426783e+01 1.79e-04 6.03e+01  -5.7 9.22e-02  -0.9 6.39e-01 6.48e-01f  1
 351r 6.1413463e+01 1.03e-04 3.00e+01  -5.7 9.75e-02  -1.4 7.81e-01 7.22e-01f  1
 352r 6.1998246e+01 7.63e-05 6.41e+01  -5.7 8.28e-02  -1.9 9.02e-01 5.83e-01f  1
 353r 6.1607753e+01 5.17e-05 1.81e+02  -5.7 5.97e-02  -1.4 8.72e-01 4.28e-01f  1
 354r 6.1603172e+01 7.55e-05 5.51e+01  -5.7 9.25e-02  -1.9 6.28e-01 4.79e-01f  1
 355r 6.1293259e+01 4.20e-05 4.20e+01  -5.7 4.10e-02  -1.5 6.97e-01 5.44e-01f  1
 356r 6.1310121e+01 3.43e-05 1.49e+02  -5.7 7.19e-02  -2.0 1.00e+00 2.74e-01f  1
 357r 6.1728720e+01 2.69e-05 2.44e+02  -5.7 6.12e-02  -2.4 7.36e-01 4.19e-01f  1
 358r 6.2054087e+01 2.14e-05 8.45e+01  -5.7 3.82e-02  -2.0 1.00e+00 8.02e-01f  1
 359r 6.2469646e+01 1.64e-05 1.44e+02  -5.7 4.28e-02  -2.5 1.00e+00 4.12e-01f  1
iter    objective    inf_pr   inf_du lg(mu)  ||d||  lg(rg) alpha_du alpha_pr  ls
 360r 6.2643368e+01 2.85e-06 1.51e-01  -5.7 1.79e-02  -2.1 1.00e+00 1.00e+00f  1
 361  6.2652552e+01 2.85e-06 2.33e+06  -1.0 1.34e+00    -  1.23e-01 1.71e-04f  3
 362  6.2807962e+01 2.85e-06 8.79e+06  -1.0 9.06e+00    -  1.83e-02 3.91e-03h  1
 363  6.2818075e+01 2.84e-06 2.07e+08  -1.0 2.66e+01    -  2.76e-02 6.74e-04h  1
 364  6.2818703e+01 2.84e-06 2.47e+08  -1.0 7.36e+01    -  1.38e-04 4.60e-05h  1
 365  6.2835109e+01 2.84e-06 7.19e+07  -1.0 9.24e+01    -  1.53e-04 5.86e-04h  1
 366r 6.2835109e+01 2.84e-06 1.00e+03  -1.0 0.00e+00    -  0.00e+00 2.82e-07R  7
 367r 6.9268203e+01 1.30e-03 5.60e+02  -1.0 2.50e-01    -  4.83e-01 1.00e+00f  1
 368r 6.7950514e+01 7.68e-04 4.14e+02  -1.0 5.53e-01    -  2.56e-01 5.00e-01f  1
 369r 6.3235999e+01 7.23e-04 1.34e+02  -1.0 2.44e-01    -  6.92e-01 1.00e+00f  1
iter    objective    inf_pr   inf_du lg(mu)  ||d||  lg(rg) alpha_du alpha_pr  ls
 370r 6.1818668e+01 4.08e-04 2.79e+02  -1.0 1.52e-01    -  5.06e-01 9.86e-01f  1
 371r 6.3079260e+01 5.12e-04 1.99e+02  -1.0 1.14e-01    -  5.73e-01 8.34e-01f  1
 372r 6.4573941e+01 6.12e-04 4.38e+02  -1.0 1.52e-01    -  4.34e-01 6.99e-01f  1
 373r 6.3231207e+01 6.86e-04 3.15e+01  -1.0 1.42e-01    -  8.96e-01 1.00e+00f  1
 374r 6.4158058e+01 7.04e-04 6.50e+01  -1.0 3.26e-01    -  6.69e-01 5.62e-01F  1
 375r 6.3139701e+01 7.14e-04 3.18e+00  -1.0 2.79e-01    -  1.00e+00 1.00e+00f  1
 376r 6.2441161e+01 3.39e-04 2.47e+01  -1.7 1.45e-01    -  7.18e-01 7.62e-01f  1
 377r 6.2173764e+01 2.35e-04 3.53e+01  -1.7 6.82e-02    -  6.68e-01 7.07e-01f  1
 378r 6.2132691e+01 2.85e-04 1.05e+00  -1.7 1.02e-02   2.0 1.00e+00 1.00e+00f  1
 379r 6.1520076e+01 2.74e-04 5.61e+00  -2.5 4.19e-02   1.5 1.00e+00 9.54e-01f  1
iter    objective    inf_pr   inf_du lg(mu)  ||d||  lg(rg) alpha_du alpha_pr  ls
 380r 6.1007178e+01 2.06e-04 8.74e+01  -2.5 7.59e-02   1.0 1.00e+00 4.82e-01f  1
 381r 6.0027214e+01 2.59e-04 1.32e+00  -2.5 1.34e-01   0.6 1.00e+00 1.00e+00f  1
 382r 5.9890502e+01 2.62e-04 2.47e+02  -2.5 5.57e+00   0.1 7.10e-03 3.13e-03f  2
 383r 5.9452545e+01 1.07e-04 7.66e-01  -2.5 2.03e-02   1.4 1.00e+00 1.00e+00h  1
 384r 5.8970412e+01 8.32e-05 1.33e+02  -2.5 7.09e-02   0.9 8.70e-01 4.97e-01f  1
 385r 5.8727314e+01 6.51e-05 3.51e+01  -2.5 5.78e-02   0.5 1.00e+00 8.54e-01f  1
 386r 6.3017839e+01 4.07e-05 9.65e-01  -2.5 1.20e-01    -  1.00e+00 1.00e+00f  1
 387r 6.2923804e+01 4.38e-05 4.18e-02  -2.5 1.33e-02    -  1.00e+00 1.00e+00h  1
 388r 6.4514221e+01 9.18e-05 2.42e+00  -3.8 9.07e-02    -  8.03e-01 7.70e-01f  1
 389r 6.4127630e+01 3.85e-05 1.56e+02  -3.8 3.73e-02  -0.0 1.00e+00 6.37e-01f  1
iter    objective    inf_pr   inf_du lg(mu)  ||d||  lg(rg) alpha_du alpha_pr  ls
 390r 6.3265098e+01 1.58e-04 1.64e-01  -3.8 8.00e-02  -0.5 1.00e+00 1.00e+00f  1
 391r 6.3149483e+01 3.17e-05 4.41e-02  -3.8 3.45e-02  -1.0 1.00e+00 1.00e+00h  1
 392r 6.5219249e+01 1.55e-04 2.94e+00  -3.8 1.02e-01    -  9.70e-01 1.00e+00H  1
 393r 6.6058376e+01 1.14e-04 6.04e+00  -3.8 3.64e-01  -1.4 4.38e-01 4.20e-01h  2
 394r 6.6212012e+01 5.17e-06 3.80e-01  -3.8 8.23e-03  -0.1 1.00e+00 1.00e+00h  1
 395r 6.6128727e+01 4.32e-06 2.06e-02  -3.8 2.12e-02  -0.6 1.00e+00 1.00e+00h  1
 396r 6.5786375e+01 3.55e-05 2.38e+01  -3.8 3.26e-01    -  1.00e+00 2.44e-01h  2
 397r 6.5661394e+01 3.17e-05 1.65e-02  -3.8 5.09e-02    -  1.00e+00 1.00e+00h  1
 398r 6.5710087e+01 4.19e-06 1.57e-03  -3.8 1.21e-02    -  1.00e+00 1.00e+00h  1
 399r 6.6081972e+01 5.96e-05 8.80e-01  -5.7 5.69e-02    -  7.78e-01 7.83e-01f  1
iter    objective    inf_pr   inf_du lg(mu)  ||d||  lg(rg) alpha_du alpha_pr  ls
 400r 6.6503093e+01 5.64e-05 3.14e+01  -5.7 9.09e-02    -  5.46e-01 3.34e-01f  1
 401r 6.5927281e+01 3.52e-05 1.64e+02  -5.7 3.47e-02  -1.1 2.07e-01 5.10e-01f  1
 402r 6.5829150e+01 3.23e-05 3.16e+02  -5.7 6.39e-02  -1.5 8.93e-01 8.47e-02f  1
 403r 6.5072197e+01 1.53e-05 1.86e+01  -5.7 3.09e-02  -1.1 1.00e+00 9.26e-01f  1
 404r 6.4998626e+01 1.31e-05 7.93e+02  -5.7 1.72e-02  -1.6 1.00e+00 1.44e-01f  1
 405r 6.4833457e+01 1.39e-05 5.55e+02  -5.7 3.30e-02  -2.1 1.00e+00 4.01e-01f  1
 406r 6.4660860e+01 4.66e-05 4.18e+02  -5.7 5.09e-01  -2.5 2.96e-01 1.67e-01f  1
 407r 6.4689597e+01 7.45e-06 2.34e-01  -5.7 3.22e-02  -2.1 1.00e+00 1.00e+00f  1
 408r 6.4529356e+01 7.77e-06 8.59e+00  -5.7 6.64e-02    -  1.00e+00 4.00e-01h  2
 409r 6.4370276e+01 4.41e-06 1.04e-03  -5.7 2.79e-02    -  1.00e+00 1.00e+00h  1
iter    objective    inf_pr   inf_du lg(mu)  ||d||  lg(rg) alpha_du alpha_pr  ls
 410r 6.4393269e+01 1.09e-06 3.84e-06  -5.7 2.41e-03    -  1.00e+00 1.00e+00h  1
 411  6.4388118e+01 1.09e-06 9.60e+06  -1.0 4.55e-01    -  5.06e-01 3.38e-04h  2
 412  6.4434288e+01 1.09e-06 5.13e+07  -1.0 8.23e+00    -  1.87e-02 1.38e-03h  1
 413  6.4440790e+01 1.08e-06 2.21e+09  -1.0 2.71e+01    -  2.78e-02 6.80e-04h  1
 414  6.4439579e+01 1.08e-06 3.26e+10  -1.0 4.20e+02    -  1.72e-03 6.13e-05h  2
 415  6.4438996e+01 1.08e-06 3.38e+11  -1.0 9.91e+02    -  7.20e-04 7.09e-05h  1
 416r 6.4438996e+01 1.08e-06 1.00e+03  -1.0 0.00e+00    -  0.00e+00 4.16e-07R  3
 417r 6.9183033e+01 3.77e-04 3.85e+02  -1.0 1.99e-01    -  6.48e-01 1.00e+00f  1
 418r 7.1357370e+01 7.63e-04 3.73e+02  -1.0 2.33e-01    -  5.76e-01 1.00e+00f  1
 419r 7.0725476e+01 3.47e-04 2.92e+02  -1.0 3.08e-02   2.0 5.21e-01 1.00e+00f  1
iter    objective    inf_pr   inf_du lg(mu)  ||d||  lg(rg) alpha_du alpha_pr  ls
 420r 6.8506075e+01 4.27e-04 1.39e+02  -1.0 1.32e-01    -  5.27e-01 5.08e-01f  1
 421r 6.5169977e+01 5.89e-04 2.22e+02  -1.0 1.36e-01    -  5.15e-01 1.00e+00f  1
 422r 6.2044551e+01 9.58e-04 1.73e+02  -1.0 2.57e-01    -  7.15e-01 1.00e+00f  1
 423r 6.3423270e+01 7.14e-04 2.78e+02  -1.0 1.41e-01    -  7.81e-01 1.00e+00f  1
 424r 6.3817193e+01 6.95e-04 1.56e+02  -1.0 1.72e-01    -  6.29e-01 1.00e+00f  1
 425r 6.4098240e+01 7.01e-04 2.70e+00  -1.0 2.73e-02   1.5 1.00e+00 1.00e+00f  1
 426r 6.3103235e+01 2.80e-04 1.54e+01  -1.7 1.25e-01    -  8.25e-01 8.38e-01f  1
 427r 6.2390683e+01 2.43e-04 4.35e+00  -1.7 7.67e-02   1.0 1.00e+00 1.00e+00f  1
 428r 6.2181531e+01 1.97e-04 3.34e+01  -1.7 9.82e-02    -  1.00e+00 5.73e-01f  1
 429r 6.2108253e+01 1.53e-04 2.54e-01  -1.7 1.10e-01    -  1.00e+00 1.00e+00f  1
iter    objective    inf_pr   inf_du lg(mu)  ||d||  lg(rg) alpha_du alpha_pr  ls
 430r 6.3983211e+01 1.67e-04 2.13e+01  -2.5 9.98e-02    -  7.64e-01 9.72e-01f  1
 431r 6.4847432e+01 1.49e-04 4.46e-01  -2.5 6.55e-02    -  1.00e+00 1.00e+00f  1
 432r 6.4154568e+01 5.34e-05 1.13e+01  -2.5 4.95e-02   0.6 1.00e+00 1.00e+00h  1
 433r 6.3949705e+01 4.82e-05 7.12e+01  -2.5 3.21e-02   1.0 1.00e+00 4.96e-01f  2
 434r 6.3636606e+01 4.63e-05 3.15e+02  -2.5 6.98e-01    -  2.03e-01 5.53e-02f  2
 435r 6.3447872e+01 4.98e-05 3.58e-01  -2.5 2.98e-02    -  1.00e+00 1.00e+00h  1
 436r 6.3427731e+01 4.35e-05 4.34e-02  -2.5 3.55e-02    -  1.00e+00 1.00e+00h  1
 437r 6.5256046e+01 9.24e-05 2.17e+00  -3.8 9.04e-02    -  7.99e-01 7.70e-01f  1
 438r 6.4999640e+01 3.38e-05 1.30e+02  -3.8 1.55e-02   0.5 9.38e-01 6.36e-01f  1
 439r 6.4490631e+01 2.68e-05 4.92e-02  -3.8 4.00e-02   0.0 1.00e+00 1.00e+00f  1
iter    objective    inf_pr   inf_du lg(mu)  ||d||  lg(rg) alpha_du alpha_pr  ls
 440r 6.3768367e+01 1.18e-04 1.40e+00  -3.8 7.37e-02  -0.4 1.00e+00 9.73e-01h  1
 441r 6.3672087e+01 1.18e-04 6.35e+02  -3.8 3.74e-01  -0.9 4.70e-03 1.49e-02H  1
 442r 6.3578456e+01 4.70e-05 1.82e+02  -3.8 1.44e-02   1.3 5.58e-02 6.03e-01f  1
 443r 6.3586280e+01 4.22e-05 6.93e+02  -3.8 9.34e-02   0.8 1.35e-02 1.18e-01h  1
 444r 6.3431313e+01 4.13e-05 6.19e+02  -3.8 1.12e+00   0.4 4.48e-04 3.08e-02f  1
 445r 6.3371628e+01 2.33e-05 3.20e+02  -3.8 2.01e-02  -0.1 5.75e-01 5.26e-01f  1
 446r 6.3251787e+01 1.49e-05 4.99e+02  -3.8 2.66e-02  -0.6 1.00e+00 3.75e-01f  1
 447r 6.4091880e+01 9.91e-06 6.42e+02  -3.8 6.62e-02    -  4.31e-02 3.31e-01f  1
 448r 6.6311666e+01 5.57e-05 2.74e+00  -3.8 6.00e-02    -  1.00e+00 1.00e+00f  1
 449r 6.6120093e+01 5.05e-06 7.04e-01  -3.8 2.07e-02    -  1.00e+00 1.00e+00h  1
iter    objective    inf_pr   inf_du lg(mu)  ||d||  lg(rg) alpha_du alpha_pr  ls
 450r 6.6470691e+01 1.89e-05 1.30e-01  -3.8 2.58e-02    -  1.00e+00 1.00e+00h  1
 451r 6.6832621e+01 2.50e-04 4.72e-01  -3.8 6.62e-02    -  1.00e+00 1.00e+00h  1
 452r 6.6619135e+01 6.95e-05 1.20e-01  -3.8 3.58e-02    -  1.00e+00 1.00e+00h  1
 453r 6.6570100e+01 7.59e-06 5.52e-02  -3.8 1.28e-02    -  1.00e+00 1.00e+00h  1
 454r 6.6643550e+01 4.01e-06 8.83e-04  -3.8 7.62e-03    -  1.00e+00 1.00e+00h  1
 455r 6.7190905e+01 6.23e-05 3.30e+00  -5.7 6.10e-02    -  7.64e-01 7.83e-01f  1
 456r 6.7487973e+01 5.49e-05 4.02e+01  -5.7 7.78e-02    -  5.84e-01 3.09e-01h  1
 457r 6.6945009e+01 3.52e-05 1.25e+02  -5.7 3.29e-02  -1.1 2.51e-01 4.75e-01f  1
 458r 6.6849503e+01 3.24e-05 3.16e+02  -5.7 5.68e-02  -1.5 8.80e-01 8.13e-02f  1
 459r 6.6059564e+01 1.82e-05 1.34e+01  -5.7 3.01e-02  -1.1 1.00e+00 9.26e-01f  1
iter    objective    inf_pr   inf_du lg(mu)  ||d||  lg(rg) alpha_du alpha_pr  ls
 460r 6.6000873e+01 1.64e-05 8.32e+02  -5.7 1.71e-02  -1.6 1.00e+00 1.01e-01f  1
 461r 6.5823726e+01 1.44e-05 6.44e+02  -5.7 3.53e-02  -2.1 1.00e+00 3.49e-01f  1
 462r 6.5741388e+01 1.43e-06 7.15e+01  -5.7 7.20e-03  -1.6 1.00e+00 9.04e-01f  1
 463r 6.5514959e+01 5.67e-06 4.43e+01  -5.7 6.93e-02    -  1.00e+00 6.21e-01f  1
 464r 6.5331355e+01 1.09e-06 1.62e-02  -5.7 1.63e-02    -  1.00e+00 1.00e+00f  1
 465r 6.5360096e+01 1.09e-06 7.71e-05  -5.7 4.90e-03    -  1.00e+00 1.00e+00h  1
 466r 6.4996973e+01 1.75e-06 1.03e+02  -8.6 2.46e-02    -  8.74e-01 5.86e-01f  1
 467r 6.5004076e+01 1.10e-06 2.11e+02  -8.6 4.07e-03  -2.1 9.58e-01 5.08e-01h  1
 468r 6.5013420e+01 1.11e-06 7.04e+01  -8.6 1.13e-02  -2.6 9.80e-01 8.17e-01f  1
 469r 6.5004353e+01 1.11e-06 4.14e+01  -8.6 1.60e-02  -3.1 1.00e+00 4.45e-01f  1
iter    objective    inf_pr   inf_du lg(mu)  ||d||  lg(rg) alpha_du alpha_pr  ls
 470r 6.4982988e+01 1.11e-06 2.92e+01  -8.6 2.84e-02  -3.6 1.00e+00 2.91e-01f  1
 471r 6.4751691e+01 6.78e-06 1.79e+01  -8.6 5.07e-02    -  1.00e+00 3.85e-01f  1
 472r 6.4514769e+01 1.11e-06 1.01e+00  -8.6 1.28e-02    -  1.00e+00 9.43e-01f  1
 473r 6.4498005e+01 1.11e-06 1.90e-06  -8.6 5.15e-03    -  1.00e+00 1.00e+00f  1

Number of Iterations....: 473

                                   (scaled)                 (unscaled)
Objective...............:   6.4498314628216548e+01    6.4498314628216548e+01
Dual infeasibility......:   8.3333334134777441e+00    8.3333334134777441e+00
Constraint violation....:   1.1088342454398501e-06    1.1088342454398501e-06
Variable bound violation:   9.9932801573589789e-09    9.9932801573589789e-09
Complementarity.........:   2.6119775349020959e-09    2.6119775349020959e-09
Overall NLP error.......:   8.3333334134777441e+00    8.3333334134777441e+00


Number of objective function evaluations             = 921
Number of objective gradient evaluations             = 211
Number of equality constraint evaluations            = 921
Number of inequality constraint evaluations          = 921
Number of equality constraint Jacobian evaluations   = 484
Number of inequality constraint Jacobian evaluations = 484
Number of Lagrangian Hessian evaluations             = 474
Total seconds in IPOPT (w/o function evaluations)    =      4.793
Total seconds in NLP function evaluations            =      0.590


Timing Statistics:

OverallAlgorithm....................:     15.571 (sys:     11.944 wall:      5.383)
 PrintProblemStatistics.............:      0.000 (sys:      0.000 wall:      0.000)
 InitializeIterates.................:      0.007 (sys:      0.000 wall:      0.007)
 UpdateHessian......................:      0.285 (sys:      0.236 wall:      0.147)
 OutputIteration....................:      0.065 (sys:      0.088 wall:      0.022)
 UpdateBarrierParameter.............:      0.012 (sys:      0.007 wall:      0.006)
 ComputeSearchDirection.............:     11.154 (sys:      9.942 wall:      2.393)
 ComputeAcceptableTrialPoint........:      3.913 (sys:      1.535 wall:      2.736)
 AcceptTrialPoint...................:      0.014 (sys:      0.017 wall:      0.008)
 CheckConvergence...................:      0.103 (sys:      0.107 wall:      0.056)
PDSystemSolverTotal.................:     11.378 (sys:     10.108 wall:      2.520)
 PDSystemSolverSolveOnce............:     11.266 (sys:     10.066 wall:      2.480)
 ComputeResiduals...................:      0.069 (sys:      0.024 wall:      0.024)
 StdAugSystemSolverMultiSolve.......:     13.412 (sys:     10.689 wall:      4.170)
 LinearSystemScaling................:      0.000 (sys:      0.000 wall:      0.000)
 LinearSystemSymbolicFactorization..:      0.003 (sys:      0.000 wall:      0.003)
 LinearSystemFactorization..........:      0.000 (sys:      0.000 wall:      0.000)
 LinearSystemBackSolve..............:      1.869 (sys:      1.212 wall:      0.948)
 LinearSystemStructureConverter.....:      0.000 (sys:      0.000 wall:      0.000)
  LinearSystemStructureConverterInit:      0.000 (sys:      0.000 wall:      0.000)
QualityFunctionSearch...............:      0.000 (sys:      0.000 wall:      0.000)
TryCorrector........................:      0.000 (sys:      0.000 wall:      0.000)
Task1...............................:      0.000 (sys:      0.000 wall:      0.000)
Task2...............................:      0.000 (sys:      0.000 wall:      0.000)
Task3...............................:      0.000 (sys:      0.000 wall:      0.000)
Task4...............................:      0.000 (sys:      0.000 wall:      0.000)
Task5...............................:      0.000 (sys:      0.000 wall:      0.000)
Task6...............................:      0.000 (sys:      0.000 wall:      0.000)
Function Evaluations................:      1.061 (sys:      0.684 wall:      0.590)
 Objective function.................:      0.022 (sys:      0.010 wall:      0.010)
 Objective function gradient........:      0.004 (sys:      0.004 wall:      0.002)
 Equality constraints...............:      0.447 (sys:      0.302 wall:      0.209)
 Inequality constraints.............:      0.011 (sys:      0.004 wall:      0.006)
 Equality constraint Jacobian.......:      0.008 (sys:      0.005 wall:      0.005)
 Inequality constraint Jacobian.....:      0.083 (sys:      0.062 wall:      0.053)
 Lagrangian Hessian.................:      0.487 (sys:      0.296 wall:      0.303)

EXIT: Converged to a point of local infeasibility. Problem may be infeasible.
